
===========================================================================
report_checks -path_delay min (Hold)
============================================================================
======================= Fastest Corner ===================================

Startpoint: A[6] (input port clocked by __VIRTUAL_CLK__)
Endpoint: out[6] (output port clocked by __VIRTUAL_CLK__)
Path Group: __VIRTUAL_CLK__
Path Type: min
Corner: Fastest

Fanout     Cap    Slew   Delay    Time   Description
-----------------------------------------------------------------------------
                  0.00    0.00    0.00   clock __VIRTUAL_CLK__ (rise edge)
                          0.00    0.00   clock network delay (ideal)
                          2.00    2.00 ^ input external delay
     1    0.00    0.01    0.01    2.01 ^ A[6] (in)
                                         A[6] (net)
                  0.01    0.00    2.01 ^ input7/A (sky130_fd_sc_hd__clkbuf_2)
     6    0.02    0.10    0.10    2.11 ^ input7/X (sky130_fd_sc_hd__clkbuf_2)
                                         net7 (net)
                  0.10    0.00    2.11 ^ _274_/A1 (sky130_fd_sc_hd__a22oi_1)
     1    0.00    0.03    0.05    2.16 v _274_/Y (sky130_fd_sc_hd__a22oi_1)
                                         net26 (net)
                  0.03    0.00    2.16 v output26/A (sky130_fd_sc_hd__buf_2)
     1    0.03    0.06    0.11    2.27 v output26/X (sky130_fd_sc_hd__buf_2)
                                         out[6] (net)
                  0.06    0.00    2.27 v out[6] (out)
                                  2.27   data arrival time

                  0.00    0.00    0.00   clock __VIRTUAL_CLK__ (rise edge)
                          0.00    0.00   clock network delay (ideal)
                          0.25    0.25   clock uncertainty
                          0.00    0.25   clock reconvergence pessimism
                         -2.00   -1.75   output external delay
                                 -1.75   data required time
-----------------------------------------------------------------------------
                                 -1.75   data required time
                                 -2.27   data arrival time
-----------------------------------------------------------------------------
                                  4.02   slack (MET)


Startpoint: A[5] (input port clocked by __VIRTUAL_CLK__)
Endpoint: out[5] (output port clocked by __VIRTUAL_CLK__)
Path Group: __VIRTUAL_CLK__
Path Type: min
Corner: Fastest

Fanout     Cap    Slew   Delay    Time   Description
-----------------------------------------------------------------------------
                  0.00    0.00    0.00   clock __VIRTUAL_CLK__ (rise edge)
                          0.00    0.00   clock network delay (ideal)
                          2.00    2.00 ^ input external delay
     1    0.00    0.01    0.01    2.01 ^ A[5] (in)
                                         A[5] (net)
                  0.01    0.00    2.01 ^ input6/A (sky130_fd_sc_hd__dlymetal6s2s_1)
     6    0.02    0.15    0.13    2.13 ^ input6/X (sky130_fd_sc_hd__dlymetal6s2s_1)
                                         net6 (net)
                  0.15    0.00    2.13 ^ _254_/A1 (sky130_fd_sc_hd__a22oi_1)
     1    0.00    0.03    0.06    2.19 v _254_/Y (sky130_fd_sc_hd__a22oi_1)
                                         net25 (net)
                  0.03    0.00    2.19 v output25/A (sky130_fd_sc_hd__buf_2)
     1    0.03    0.06    0.11    2.30 v output25/X (sky130_fd_sc_hd__buf_2)
                                         out[5] (net)
                  0.06    0.00    2.30 v out[5] (out)
                                  2.30   data arrival time

                  0.00    0.00    0.00   clock __VIRTUAL_CLK__ (rise edge)
                          0.00    0.00   clock network delay (ideal)
                          0.25    0.25   clock uncertainty
                          0.00    0.25   clock reconvergence pessimism
                         -2.00   -1.75   output external delay
                                 -1.75   data required time
-----------------------------------------------------------------------------
                                 -1.75   data required time
                                 -2.30   data arrival time
-----------------------------------------------------------------------------
                                  4.05   slack (MET)


Startpoint: A[0] (input port clocked by __VIRTUAL_CLK__)
Endpoint: out[0] (output port clocked by __VIRTUAL_CLK__)
Path Group: __VIRTUAL_CLK__
Path Type: min
Corner: Fastest

Fanout     Cap    Slew   Delay    Time   Description
-----------------------------------------------------------------------------
                  0.00    0.00    0.00   clock __VIRTUAL_CLK__ (rise edge)
                          0.00    0.00   clock network delay (ideal)
                          2.00    2.00 v input external delay
     1    0.00    0.00    0.00    2.00 v A[0] (in)
                                         A[0] (net)
                  0.00    0.00    2.00 v input1/A (sky130_fd_sc_hd__buf_1)
     2    0.01    0.03    0.06    2.06 v input1/X (sky130_fd_sc_hd__buf_1)
                                         net1 (net)
                  0.03    0.00    2.06 v _237_/A (sky130_fd_sc_hd__inv_2)
     3    0.01    0.05    0.05    2.11 ^ _237_/Y (sky130_fd_sc_hd__inv_2)
                                         _004_ (net)
                  0.05    0.00    2.11 ^ _293_/A1 (sky130_fd_sc_hd__a21o_1)
     1    0.00    0.03    0.07    2.18 ^ _293_/X (sky130_fd_sc_hd__a21o_1)
                                         net20 (net)
                  0.03    0.00    2.18 ^ output20/A (sky130_fd_sc_hd__buf_2)
     1    0.03    0.13    0.13    2.30 ^ output20/X (sky130_fd_sc_hd__buf_2)
                                         out[0] (net)
                  0.13    0.00    2.31 ^ out[0] (out)
                                  2.31   data arrival time

                  0.00    0.00    0.00   clock __VIRTUAL_CLK__ (rise edge)
                          0.00    0.00   clock network delay (ideal)
                          0.25    0.25   clock uncertainty
                          0.00    0.25   clock reconvergence pessimism
                         -2.00   -1.75   output external delay
                                 -1.75   data required time
-----------------------------------------------------------------------------
                                 -1.75   data required time
                                 -2.31   data arrival time
-----------------------------------------------------------------------------
                                  4.06   slack (MET)


Startpoint: A[4] (input port clocked by __VIRTUAL_CLK__)
Endpoint: out[4] (output port clocked by __VIRTUAL_CLK__)
Path Group: __VIRTUAL_CLK__
Path Type: min
Corner: Fastest

Fanout     Cap    Slew   Delay    Time   Description
-----------------------------------------------------------------------------
                  0.00    0.00    0.00   clock __VIRTUAL_CLK__ (rise edge)
                          0.00    0.00   clock network delay (ideal)
                          2.00    2.00 ^ input external delay
     1    0.00    0.01    0.01    2.01 ^ A[4] (in)
                                         A[4] (net)
                  0.01    0.00    2.01 ^ input5/A (sky130_fd_sc_hd__dlymetal6s2s_1)
     6    0.02    0.17    0.14    2.15 ^ input5/X (sky130_fd_sc_hd__dlymetal6s2s_1)
                                         net5 (net)
                  0.17    0.00    2.15 ^ _329_/A1 (sky130_fd_sc_hd__a21oi_1)
     1    0.00    0.02    0.05    2.20 v _329_/Y (sky130_fd_sc_hd__a21oi_1)
                                         net24 (net)
                  0.02    0.00    2.20 v output24/A (sky130_fd_sc_hd__buf_2)
     1    0.03    0.06    0.11    2.31 v output24/X (sky130_fd_sc_hd__buf_2)
                                         out[4] (net)
                  0.06    0.00    2.31 v out[4] (out)
                                  2.31   data arrival time

                  0.00    0.00    0.00   clock __VIRTUAL_CLK__ (rise edge)
                          0.00    0.00   clock network delay (ideal)
                          0.25    0.25   clock uncertainty
                          0.00    0.25   clock reconvergence pessimism
                         -2.00   -1.75   output external delay
                                 -1.75   data required time
-----------------------------------------------------------------------------
                                 -1.75   data required time
                                 -2.31   data arrival time
-----------------------------------------------------------------------------
                                  4.06   slack (MET)


Startpoint: A[7] (input port clocked by __VIRTUAL_CLK__)
Endpoint: out[7] (output port clocked by __VIRTUAL_CLK__)
Path Group: __VIRTUAL_CLK__
Path Type: min
Corner: Fastest

Fanout     Cap    Slew   Delay    Time   Description
-----------------------------------------------------------------------------
                  0.00    0.00    0.00   clock __VIRTUAL_CLK__ (rise edge)
                          0.00    0.00   clock network delay (ideal)
                          2.00    2.00 v input external delay
     1    0.00    0.00    0.00    2.00 v A[7] (in)
                                         A[7] (net)
                  0.00    0.00    2.00 v input8/A (sky130_fd_sc_hd__buf_1)
     4    0.01    0.06    0.08    2.08 v input8/X (sky130_fd_sc_hd__buf_1)
                                         net8 (net)
                  0.06    0.00    2.08 v _288_/A (sky130_fd_sc_hd__nand2_1)
     1    0.00    0.03    0.05    2.13 ^ _288_/Y (sky130_fd_sc_hd__nand2_1)
                                         _053_ (net)
                  0.03    0.00    2.13 ^ _289_/B1 (sky130_fd_sc_hd__o31a_1)
     1    0.00    0.04    0.06    2.19 ^ _289_/X (sky130_fd_sc_hd__o31a_1)
                                         net27 (net)
                  0.04    0.00    2.19 ^ output27/A (sky130_fd_sc_hd__buf_2)
     1    0.03    0.13    0.13    2.32 ^ output27/X (sky130_fd_sc_hd__buf_2)
                                         out[7] (net)
                  0.13    0.00    2.32 ^ out[7] (out)
                                  2.32   data arrival time

                  0.00    0.00    0.00   clock __VIRTUAL_CLK__ (rise edge)
                          0.00    0.00   clock network delay (ideal)
                          0.25    0.25   clock uncertainty
                          0.00    0.25   clock reconvergence pessimism
                         -2.00   -1.75   output external delay
                                 -1.75   data required time
-----------------------------------------------------------------------------
                                 -1.75   data required time
                                 -2.32   data arrival time
-----------------------------------------------------------------------------
                                  4.07   slack (MET)


Startpoint: A[1] (input port clocked by __VIRTUAL_CLK__)
Endpoint: out[1] (output port clocked by __VIRTUAL_CLK__)
Path Group: __VIRTUAL_CLK__
Path Type: min
Corner: Fastest

Fanout     Cap    Slew   Delay    Time   Description
-----------------------------------------------------------------------------
                  0.00    0.00    0.00   clock __VIRTUAL_CLK__ (rise edge)
                          0.00    0.00   clock network delay (ideal)
                          2.00    2.00 ^ input external delay
     1    0.00    0.01    0.01    2.01 ^ A[1] (in)
                                         A[1] (net)
                  0.01    0.00    2.01 ^ input2/A (sky130_fd_sc_hd__buf_2)
    10    0.04    0.14    0.13    2.14 ^ input2/X (sky130_fd_sc_hd__buf_2)
                                         net2 (net)
                  0.14    0.00    2.14 ^ _302_/A1_N (sky130_fd_sc_hd__o2bb2a_1)
     1    0.00    0.03    0.13    2.27 v _302_/X (sky130_fd_sc_hd__o2bb2a_1)
                                         net21 (net)
                  0.03    0.00    2.27 v output21/A (sky130_fd_sc_hd__buf_2)
     1    0.03    0.06    0.11    2.39 v output21/X (sky130_fd_sc_hd__buf_2)
                                         out[1] (net)
                  0.06    0.00    2.39 v out[1] (out)
                                  2.39   data arrival time

                  0.00    0.00    0.00   clock __VIRTUAL_CLK__ (rise edge)
                          0.00    0.00   clock network delay (ideal)
                          0.25    0.25   clock uncertainty
                          0.00    0.25   clock reconvergence pessimism
                         -2.00   -1.75   output external delay
                                 -1.75   data required time
-----------------------------------------------------------------------------
                                 -1.75   data required time
                                 -2.39   data arrival time
-----------------------------------------------------------------------------
                                  4.14   slack (MET)


Startpoint: A[3] (input port clocked by __VIRTUAL_CLK__)
Endpoint: out[3] (output port clocked by __VIRTUAL_CLK__)
Path Group: __VIRTUAL_CLK__
Path Type: min
Corner: Fastest

Fanout     Cap    Slew   Delay    Time   Description
-----------------------------------------------------------------------------
                  0.00    0.00    0.00   clock __VIRTUAL_CLK__ (rise edge)
                          0.00    0.00   clock network delay (ideal)
                          2.00    2.00 ^ input external delay
     1    0.00    0.01    0.01    2.01 ^ A[3] (in)
                                         A[3] (net)
                  0.01    0.00    2.01 ^ input4/A (sky130_fd_sc_hd__buf_1)
     4    0.01    0.13    0.11    2.12 ^ input4/X (sky130_fd_sc_hd__buf_1)
                                         net4 (net)
                  0.13    0.00    2.12 ^ _175_/A (sky130_fd_sc_hd__buf_2)
    10    0.03    0.12    0.15    2.27 ^ _175_/X (sky130_fd_sc_hd__buf_2)
                                         _103_ (net)
                  0.12    0.00    2.27 ^ _320_/A1 (sky130_fd_sc_hd__a21oi_1)
     1    0.01    0.03    0.06    2.33 v _320_/Y (sky130_fd_sc_hd__a21oi_1)
                                         net23 (net)
                  0.03    0.00    2.33 v output23/A (sky130_fd_sc_hd__clkbuf_4)
     1    0.03    0.06    0.11    2.44 v output23/X (sky130_fd_sc_hd__clkbuf_4)
                                         out[3] (net)
                  0.06    0.00    2.45 v out[3] (out)
                                  2.45   data arrival time

                  0.00    0.00    0.00   clock __VIRTUAL_CLK__ (rise edge)
                          0.00    0.00   clock network delay (ideal)
                          0.25    0.25   clock uncertainty
                          0.00    0.25   clock reconvergence pessimism
                         -2.00   -1.75   output external delay
                                 -1.75   data required time
-----------------------------------------------------------------------------
                                 -1.75   data required time
                                 -2.45   data arrival time
-----------------------------------------------------------------------------
                                  4.20   slack (MET)


Startpoint: A[2] (input port clocked by __VIRTUAL_CLK__)
Endpoint: out[2] (output port clocked by __VIRTUAL_CLK__)
Path Group: __VIRTUAL_CLK__
Path Type: min
Corner: Fastest

Fanout     Cap    Slew   Delay    Time   Description
-----------------------------------------------------------------------------
                  0.00    0.00    0.00   clock __VIRTUAL_CLK__ (rise edge)
                          0.00    0.00   clock network delay (ideal)
                          2.00    2.00 v input external delay
     1    0.00    0.00    0.00    2.00 v A[2] (in)
                                         A[2] (net)
                  0.00    0.00    2.00 v input3/A (sky130_fd_sc_hd__buf_1)
     4    0.01    0.06    0.08    2.08 v input3/X (sky130_fd_sc_hd__buf_1)
                                         net3 (net)
                  0.06    0.00    2.08 v _173_/A (sky130_fd_sc_hd__buf_2)
    10    0.04    0.07    0.13    2.21 v _173_/X (sky130_fd_sc_hd__buf_2)
                                         _101_ (net)
                  0.07    0.00    2.21 v _310_/A1_N (sky130_fd_sc_hd__o2bb2a_1)
     1    0.00    0.04    0.15    2.36 ^ _310_/X (sky130_fd_sc_hd__o2bb2a_1)
                                         net22 (net)
                  0.04    0.00    2.36 ^ output22/A (sky130_fd_sc_hd__buf_2)
     1    0.03    0.13    0.13    2.49 ^ output22/X (sky130_fd_sc_hd__buf_2)
                                         out[2] (net)
                  0.13    0.00    2.49 ^ out[2] (out)
                                  2.49   data arrival time

                  0.00    0.00    0.00   clock __VIRTUAL_CLK__ (rise edge)
                          0.00    0.00   clock network delay (ideal)
                          0.25    0.25   clock uncertainty
                          0.00    0.25   clock reconvergence pessimism
                         -2.00   -1.75   output external delay
                                 -1.75   data required time
-----------------------------------------------------------------------------
                                 -1.75   data required time
                                 -2.49   data arrival time
-----------------------------------------------------------------------------
                                  4.24   slack (MET)



worst slack corner Fastest: 4.0225
======================= Slowest Corner ===================================

Startpoint: A[0] (input port clocked by __VIRTUAL_CLK__)
Endpoint: out[0] (output port clocked by __VIRTUAL_CLK__)
Path Group: __VIRTUAL_CLK__
Path Type: min
Corner: Slowest

Fanout     Cap    Slew   Delay    Time   Description
-----------------------------------------------------------------------------
                  0.00    0.00    0.00   clock __VIRTUAL_CLK__ (rise edge)
                          0.00    0.00   clock network delay (ideal)
                          2.00    2.00 v input external delay
     1    0.00    0.02    0.01    2.01 v A[0] (in)
                                         A[0] (net)
                  0.02    0.00    2.01 v input1/A (sky130_fd_sc_hd__buf_1)
     2    0.01    0.09    0.16    2.17 v input1/X (sky130_fd_sc_hd__buf_1)
                                         net1 (net)
                  0.09    0.00    2.17 v _237_/A (sky130_fd_sc_hd__inv_2)
     3    0.01    0.10    0.12    2.29 ^ _237_/Y (sky130_fd_sc_hd__inv_2)
                                         _004_ (net)
                  0.10    0.00    2.29 ^ _293_/A1 (sky130_fd_sc_hd__a21o_1)
     1    0.00    0.06    0.21    2.50 ^ _293_/X (sky130_fd_sc_hd__a21o_1)
                                         net20 (net)
                  0.06    0.00    2.50 ^ output20/A (sky130_fd_sc_hd__buf_2)
     1    0.03    0.27    0.32    2.83 ^ output20/X (sky130_fd_sc_hd__buf_2)
                                         out[0] (net)
                  0.27    0.00    2.83 ^ out[0] (out)
                                  2.83   data arrival time

                  0.00    0.00    0.00   clock __VIRTUAL_CLK__ (rise edge)
                          0.00    0.00   clock network delay (ideal)
                          0.25    0.25   clock uncertainty
                          0.00    0.25   clock reconvergence pessimism
                         -2.00   -1.75   output external delay
                                 -1.75   data required time
-----------------------------------------------------------------------------
                                 -1.75   data required time
                                 -2.83   data arrival time
-----------------------------------------------------------------------------
                                  4.58   slack (MET)


Startpoint: A[6] (input port clocked by __VIRTUAL_CLK__)
Endpoint: out[6] (output port clocked by __VIRTUAL_CLK__)
Path Group: __VIRTUAL_CLK__
Path Type: min
Corner: Slowest

Fanout     Cap    Slew   Delay    Time   Description
-----------------------------------------------------------------------------
                  0.00    0.00    0.00   clock __VIRTUAL_CLK__ (rise edge)
                          0.00    0.00   clock network delay (ideal)
                          2.00    2.00 ^ input external delay
     1    0.00    0.03    0.02    2.02 ^ A[6] (in)
                                         A[6] (net)
                  0.03    0.00    2.02 ^ input7/A (sky130_fd_sc_hd__clkbuf_2)
     6    0.02    0.20    0.25    2.27 ^ input7/X (sky130_fd_sc_hd__clkbuf_2)
                                         net7 (net)
                  0.20    0.00    2.27 ^ _274_/A1 (sky130_fd_sc_hd__a22oi_1)
     1    0.00    0.13    0.21    2.48 v _274_/Y (sky130_fd_sc_hd__a22oi_1)
                                         net26 (net)
                  0.13    0.00    2.48 v output26/A (sky130_fd_sc_hd__buf_2)
     1    0.03    0.17    0.35    2.83 v output26/X (sky130_fd_sc_hd__buf_2)
                                         out[6] (net)
                  0.17    0.00    2.83 v out[6] (out)
                                  2.83   data arrival time

                  0.00    0.00    0.00   clock __VIRTUAL_CLK__ (rise edge)
                          0.00    0.00   clock network delay (ideal)
                          0.25    0.25   clock uncertainty
                          0.00    0.25   clock reconvergence pessimism
                         -2.00   -1.75   output external delay
                                 -1.75   data required time
-----------------------------------------------------------------------------
                                 -1.75   data required time
                                 -2.83   data arrival time
-----------------------------------------------------------------------------
                                  4.58   slack (MET)


Startpoint: A[4] (input port clocked by __VIRTUAL_CLK__)
Endpoint: out[4] (output port clocked by __VIRTUAL_CLK__)
Path Group: __VIRTUAL_CLK__
Path Type: min
Corner: Slowest

Fanout     Cap    Slew   Delay    Time   Description
-----------------------------------------------------------------------------
                  0.00    0.00    0.00   clock __VIRTUAL_CLK__ (rise edge)
                          0.00    0.00   clock network delay (ideal)
                          2.00    2.00 ^ input external delay
     1    0.00    0.03    0.01    2.01 ^ A[4] (in)
                                         A[4] (net)
                  0.03    0.00    2.01 ^ input5/A (sky130_fd_sc_hd__dlymetal6s2s_1)
     6    0.02    0.33    0.32    2.33 ^ input5/X (sky130_fd_sc_hd__dlymetal6s2s_1)
                                         net5 (net)
                  0.33    0.00    2.33 ^ _329_/A1 (sky130_fd_sc_hd__a21oi_1)
     1    0.00    0.07    0.22    2.56 v _329_/Y (sky130_fd_sc_hd__a21oi_1)
                                         net24 (net)
                  0.07    0.00    2.56 v output24/A (sky130_fd_sc_hd__buf_2)
     1    0.03    0.17    0.33    2.88 v output24/X (sky130_fd_sc_hd__buf_2)
                                         out[4] (net)
                  0.17    0.00    2.89 v out[4] (out)
                                  2.89   data arrival time

                  0.00    0.00    0.00   clock __VIRTUAL_CLK__ (rise edge)
                          0.00    0.00   clock network delay (ideal)
                          0.25    0.25   clock uncertainty
                          0.00    0.25   clock reconvergence pessimism
                         -2.00   -1.75   output external delay
                                 -1.75   data required time
-----------------------------------------------------------------------------
                                 -1.75   data required time
                                 -2.89   data arrival time
-----------------------------------------------------------------------------
                                  4.64   slack (MET)


Startpoint: A[5] (input port clocked by __VIRTUAL_CLK__)
Endpoint: out[5] (output port clocked by __VIRTUAL_CLK__)
Path Group: __VIRTUAL_CLK__
Path Type: min
Corner: Slowest

Fanout     Cap    Slew   Delay    Time   Description
-----------------------------------------------------------------------------
                  0.00    0.00    0.00   clock __VIRTUAL_CLK__ (rise edge)
                          0.00    0.00   clock network delay (ideal)
                          2.00    2.00 ^ input external delay
     1    0.00    0.03    0.01    2.01 ^ A[5] (in)
                                         A[5] (net)
                  0.03    0.00    2.01 ^ input6/A (sky130_fd_sc_hd__dlymetal6s2s_1)
     6    0.02    0.29    0.29    2.30 ^ input6/X (sky130_fd_sc_hd__dlymetal6s2s_1)
                                         net6 (net)
                  0.29    0.00    2.30 ^ _254_/A1 (sky130_fd_sc_hd__a22oi_1)
     1    0.00    0.13    0.25    2.55 v _254_/Y (sky130_fd_sc_hd__a22oi_1)
                                         net25 (net)
                  0.13    0.00    2.55 v output25/A (sky130_fd_sc_hd__buf_2)
     1    0.03    0.16    0.35    2.91 v output25/X (sky130_fd_sc_hd__buf_2)
                                         out[5] (net)
                  0.16    0.00    2.91 v out[5] (out)
                                  2.91   data arrival time

                  0.00    0.00    0.00   clock __VIRTUAL_CLK__ (rise edge)
                          0.00    0.00   clock network delay (ideal)
                          0.25    0.25   clock uncertainty
                          0.00    0.25   clock reconvergence pessimism
                         -2.00   -1.75   output external delay
                                 -1.75   data required time
-----------------------------------------------------------------------------
                                 -1.75   data required time
                                 -2.91   data arrival time
-----------------------------------------------------------------------------
                                  4.66   slack (MET)


Startpoint: A[7] (input port clocked by __VIRTUAL_CLK__)
Endpoint: out[7] (output port clocked by __VIRTUAL_CLK__)
Path Group: __VIRTUAL_CLK__
Path Type: min
Corner: Slowest

Fanout     Cap    Slew   Delay    Time   Description
-----------------------------------------------------------------------------
                  0.00    0.00    0.00   clock __VIRTUAL_CLK__ (rise edge)
                          0.00    0.00   clock network delay (ideal)
                          2.00    2.00 v input external delay
     1    0.00    0.02    0.01    2.01 v A[7] (in)
                                         A[7] (net)
                  0.02    0.00    2.01 v input8/A (sky130_fd_sc_hd__buf_1)
     4    0.01    0.17    0.22    2.23 v input8/X (sky130_fd_sc_hd__buf_1)
                                         net8 (net)
                  0.17    0.00    2.23 v _288_/A (sky130_fd_sc_hd__nand2_1)
     1    0.00    0.08    0.13    2.36 ^ _288_/Y (sky130_fd_sc_hd__nand2_1)
                                         _053_ (net)
                  0.08    0.00    2.36 ^ _289_/B1 (sky130_fd_sc_hd__o31a_1)
     1    0.00    0.08    0.24    2.59 ^ _289_/X (sky130_fd_sc_hd__o31a_1)
                                         net27 (net)
                  0.08    0.00    2.59 ^ output27/A (sky130_fd_sc_hd__buf_2)
     1    0.03    0.27    0.33    2.92 ^ output27/X (sky130_fd_sc_hd__buf_2)
                                         out[7] (net)
                  0.27    0.00    2.93 ^ out[7] (out)
                                  2.93   data arrival time

                  0.00    0.00    0.00   clock __VIRTUAL_CLK__ (rise edge)
                          0.00    0.00   clock network delay (ideal)
                          0.25    0.25   clock uncertainty
                          0.00    0.25   clock reconvergence pessimism
                         -2.00   -1.75   output external delay
                                 -1.75   data required time
-----------------------------------------------------------------------------
                                 -1.75   data required time
                                 -2.93   data arrival time
-----------------------------------------------------------------------------
                                  4.68   slack (MET)


Startpoint: A[1] (input port clocked by __VIRTUAL_CLK__)
Endpoint: out[1] (output port clocked by __VIRTUAL_CLK__)
Path Group: __VIRTUAL_CLK__
Path Type: min
Corner: Slowest

Fanout     Cap    Slew   Delay    Time   Description
-----------------------------------------------------------------------------
                  0.00    0.00    0.00   clock __VIRTUAL_CLK__ (rise edge)
                          0.00    0.00   clock network delay (ideal)
                          2.00    2.00 v input external delay
     1    0.00    0.02    0.01    2.01 v A[1] (in)
                                         A[1] (net)
                  0.02    0.00    2.01 v input2/A (sky130_fd_sc_hd__buf_2)
    10    0.04    0.17    0.31    2.31 v input2/X (sky130_fd_sc_hd__buf_2)
                                         net2 (net)
                  0.17    0.00    2.32 v _302_/A1_N (sky130_fd_sc_hd__o2bb2a_1)
     1    0.00    0.09    0.50    2.81 ^ _302_/X (sky130_fd_sc_hd__o2bb2a_1)
                                         net21 (net)
                  0.09    0.00    2.81 ^ output21/A (sky130_fd_sc_hd__buf_2)
     1    0.03    0.27    0.34    3.15 ^ output21/X (sky130_fd_sc_hd__buf_2)
                                         out[1] (net)
                  0.27    0.00    3.15 ^ out[1] (out)
                                  3.15   data arrival time

                  0.00    0.00    0.00   clock __VIRTUAL_CLK__ (rise edge)
                          0.00    0.00   clock network delay (ideal)
                          0.25    0.25   clock uncertainty
                          0.00    0.25   clock reconvergence pessimism
                         -2.00   -1.75   output external delay
                                 -1.75   data required time
-----------------------------------------------------------------------------
                                 -1.75   data required time
                                 -3.15   data arrival time
-----------------------------------------------------------------------------
                                  4.90   slack (MET)


Startpoint: A[3] (input port clocked by __VIRTUAL_CLK__)
Endpoint: out[3] (output port clocked by __VIRTUAL_CLK__)
Path Group: __VIRTUAL_CLK__
Path Type: min
Corner: Slowest

Fanout     Cap    Slew   Delay    Time   Description
-----------------------------------------------------------------------------
                  0.00    0.00    0.00   clock __VIRTUAL_CLK__ (rise edge)
                          0.00    0.00   clock network delay (ideal)
                          2.00    2.00 ^ input external delay
     1    0.00    0.03    0.01    2.01 ^ A[3] (in)
                                         A[3] (net)
                  0.03    0.00    2.01 ^ input4/A (sky130_fd_sc_hd__buf_1)
     4    0.01    0.28    0.27    2.28 ^ input4/X (sky130_fd_sc_hd__buf_1)
                                         net4 (net)
                  0.28    0.00    2.28 ^ _175_/A (sky130_fd_sc_hd__buf_2)
    10    0.03    0.26    0.41    2.69 ^ _175_/X (sky130_fd_sc_hd__buf_2)
                                         _103_ (net)
                  0.26    0.00    2.69 ^ _320_/A1 (sky130_fd_sc_hd__a21oi_1)
     1    0.01    0.07    0.23    2.92 v _320_/Y (sky130_fd_sc_hd__a21oi_1)
                                         net23 (net)
                  0.07    0.00    2.92 v output23/A (sky130_fd_sc_hd__clkbuf_4)
     1    0.03    0.14    0.31    3.23 v output23/X (sky130_fd_sc_hd__clkbuf_4)
                                         out[3] (net)
                  0.14    0.00    3.23 v out[3] (out)
                                  3.23   data arrival time

                  0.00    0.00    0.00   clock __VIRTUAL_CLK__ (rise edge)
                          0.00    0.00   clock network delay (ideal)
                          0.25    0.25   clock uncertainty
                          0.00    0.25   clock reconvergence pessimism
                         -2.00   -1.75   output external delay
                                 -1.75   data required time
-----------------------------------------------------------------------------
                                 -1.75   data required time
                                 -3.23   data arrival time
-----------------------------------------------------------------------------
                                  4.98   slack (MET)


Startpoint: A[2] (input port clocked by __VIRTUAL_CLK__)
Endpoint: out[2] (output port clocked by __VIRTUAL_CLK__)
Path Group: __VIRTUAL_CLK__
Path Type: min
Corner: Slowest

Fanout     Cap    Slew   Delay    Time   Description
-----------------------------------------------------------------------------
                  0.00    0.00    0.00   clock __VIRTUAL_CLK__ (rise edge)
                          0.00    0.00   clock network delay (ideal)
                          2.00    2.00 v input external delay
     1    0.00    0.02    0.01    2.01 v A[2] (in)
                                         A[2] (net)
                  0.02    0.00    2.01 v input3/A (sky130_fd_sc_hd__buf_1)
     4    0.01    0.17    0.22    2.23 v input3/X (sky130_fd_sc_hd__buf_1)
                                         net3 (net)
                  0.17    0.00    2.23 v _173_/A (sky130_fd_sc_hd__buf_2)
    10    0.04    0.18    0.38    2.61 v _173_/X (sky130_fd_sc_hd__buf_2)
                                         _101_ (net)
                  0.18    0.00    2.61 v _310_/A1_N (sky130_fd_sc_hd__o2bb2a_1)
     1    0.00    0.09    0.50    3.11 ^ _310_/X (sky130_fd_sc_hd__o2bb2a_1)
                                         net22 (net)
                  0.09    0.00    3.11 ^ output22/A (sky130_fd_sc_hd__buf_2)
     1    0.03    0.27    0.33    3.45 ^ output22/X (sky130_fd_sc_hd__buf_2)
                                         out[2] (net)
                  0.27    0.00    3.45 ^ out[2] (out)
                                  3.45   data arrival time

                  0.00    0.00    0.00   clock __VIRTUAL_CLK__ (rise edge)
                          0.00    0.00   clock network delay (ideal)
                          0.25    0.25   clock uncertainty
                          0.00    0.25   clock reconvergence pessimism
                         -2.00   -1.75   output external delay
                                 -1.75   data required time
-----------------------------------------------------------------------------
                                 -1.75   data required time
                                 -3.45   data arrival time
-----------------------------------------------------------------------------
                                  5.20   slack (MET)



worst slack corner Slowest: 4.5774
======================= Typical Corner ===================================

Startpoint: A[6] (input port clocked by __VIRTUAL_CLK__)
Endpoint: out[6] (output port clocked by __VIRTUAL_CLK__)
Path Group: __VIRTUAL_CLK__
Path Type: min
Corner: Typical

Fanout     Cap    Slew   Delay    Time   Description
-----------------------------------------------------------------------------
                  0.00    0.00    0.00   clock __VIRTUAL_CLK__ (rise edge)
                          0.00    0.00   clock network delay (ideal)
                          2.00    2.00 ^ input external delay
     1    0.00    0.02    0.01    2.01 ^ A[6] (in)
                                         A[6] (net)
                  0.02    0.00    2.01 ^ input7/A (sky130_fd_sc_hd__clkbuf_2)
     6    0.02    0.12    0.15    2.16 ^ input7/X (sky130_fd_sc_hd__clkbuf_2)
                                         net7 (net)
                  0.12    0.00    2.16 ^ _274_/A1 (sky130_fd_sc_hd__a22oi_1)
     1    0.00    0.05    0.10    2.25 v _274_/Y (sky130_fd_sc_hd__a22oi_1)
                                         net26 (net)
                  0.05    0.00    2.26 v output26/A (sky130_fd_sc_hd__buf_2)
     1    0.03    0.09    0.17    2.43 v output26/X (sky130_fd_sc_hd__buf_2)
                                         out[6] (net)
                  0.09    0.00    2.43 v out[6] (out)
                                  2.43   data arrival time

                  0.00    0.00    0.00   clock __VIRTUAL_CLK__ (rise edge)
                          0.00    0.00   clock network delay (ideal)
                          0.25    0.25   clock uncertainty
                          0.00    0.25   clock reconvergence pessimism
                         -2.00   -1.75   output external delay
                                 -1.75   data required time
-----------------------------------------------------------------------------
                                 -1.75   data required time
                                 -2.43   data arrival time
-----------------------------------------------------------------------------
                                  4.18   slack (MET)


Startpoint: A[0] (input port clocked by __VIRTUAL_CLK__)
Endpoint: out[0] (output port clocked by __VIRTUAL_CLK__)
Path Group: __VIRTUAL_CLK__
Path Type: min
Corner: Typical

Fanout     Cap    Slew   Delay    Time   Description
-----------------------------------------------------------------------------
                  0.00    0.00    0.00   clock __VIRTUAL_CLK__ (rise edge)
                          0.00    0.00   clock network delay (ideal)
                          2.00    2.00 v input external delay
     1    0.00    0.01    0.00    2.00 v A[0] (in)
                                         A[0] (net)
                  0.01    0.00    2.00 v input1/A (sky130_fd_sc_hd__buf_1)
     2    0.01    0.05    0.09    2.09 v input1/X (sky130_fd_sc_hd__buf_1)
                                         net1 (net)
                  0.05    0.00    2.09 v _237_/A (sky130_fd_sc_hd__inv_2)
     3    0.01    0.06    0.07    2.16 ^ _237_/Y (sky130_fd_sc_hd__inv_2)
                                         _004_ (net)
                  0.06    0.00    2.16 ^ _293_/A1 (sky130_fd_sc_hd__a21o_1)
     1    0.00    0.04    0.10    2.26 ^ _293_/X (sky130_fd_sc_hd__a21o_1)
                                         net20 (net)
                  0.04    0.00    2.26 ^ output20/A (sky130_fd_sc_hd__buf_2)
     1    0.03    0.17    0.18    2.45 ^ output20/X (sky130_fd_sc_hd__buf_2)
                                         out[0] (net)
                  0.17    0.00    2.45 ^ out[0] (out)
                                  2.45   data arrival time

                  0.00    0.00    0.00   clock __VIRTUAL_CLK__ (rise edge)
                          0.00    0.00   clock network delay (ideal)
                          0.25    0.25   clock uncertainty
                          0.00    0.25   clock reconvergence pessimism
                         -2.00   -1.75   output external delay
                                 -1.75   data required time
-----------------------------------------------------------------------------
                                 -1.75   data required time
                                 -2.45   data arrival time
-----------------------------------------------------------------------------
                                  4.20   slack (MET)


Startpoint: A[4] (input port clocked by __VIRTUAL_CLK__)
Endpoint: out[4] (output port clocked by __VIRTUAL_CLK__)
Path Group: __VIRTUAL_CLK__
Path Type: min
Corner: Typical

Fanout     Cap    Slew   Delay    Time   Description
-----------------------------------------------------------------------------
                  0.00    0.00    0.00   clock __VIRTUAL_CLK__ (rise edge)
                          0.00    0.00   clock network delay (ideal)
                          2.00    2.00 ^ input external delay
     1    0.00    0.02    0.01    2.01 ^ A[4] (in)
                                         A[4] (net)
                  0.02    0.00    2.01 ^ input5/A (sky130_fd_sc_hd__dlymetal6s2s_1)
     6    0.02    0.22    0.19    2.20 ^ input5/X (sky130_fd_sc_hd__dlymetal6s2s_1)
                                         net5 (net)
                  0.22    0.00    2.20 ^ _329_/A1 (sky130_fd_sc_hd__a21oi_1)
     1    0.00    0.04    0.10    2.30 v _329_/Y (sky130_fd_sc_hd__a21oi_1)
                                         net24 (net)
                  0.04    0.00    2.30 v output24/A (sky130_fd_sc_hd__buf_2)
     1    0.03    0.09    0.17    2.47 v output24/X (sky130_fd_sc_hd__buf_2)
                                         out[4] (net)
                  0.09    0.00    2.48 v out[4] (out)
                                  2.48   data arrival time

                  0.00    0.00    0.00   clock __VIRTUAL_CLK__ (rise edge)
                          0.00    0.00   clock network delay (ideal)
                          0.25    0.25   clock uncertainty
                          0.00    0.25   clock reconvergence pessimism
                         -2.00   -1.75   output external delay
                                 -1.75   data required time
-----------------------------------------------------------------------------
                                 -1.75   data required time
                                 -2.48   data arrival time
-----------------------------------------------------------------------------
                                  4.23   slack (MET)


Startpoint: A[5] (input port clocked by __VIRTUAL_CLK__)
Endpoint: out[5] (output port clocked by __VIRTUAL_CLK__)
Path Group: __VIRTUAL_CLK__
Path Type: min
Corner: Typical

Fanout     Cap    Slew   Delay    Time   Description
-----------------------------------------------------------------------------
                  0.00    0.00    0.00   clock __VIRTUAL_CLK__ (rise edge)
                          0.00    0.00   clock network delay (ideal)
                          2.00    2.00 ^ input external delay
     1    0.00    0.02    0.01    2.01 ^ A[5] (in)
                                         A[5] (net)
                  0.02    0.00    2.01 ^ input6/A (sky130_fd_sc_hd__dlymetal6s2s_1)
     6    0.02    0.19    0.17    2.18 ^ input6/X (sky130_fd_sc_hd__dlymetal6s2s_1)
                                         net6 (net)
                  0.19    0.00    2.18 ^ _254_/A1 (sky130_fd_sc_hd__a22oi_1)
     1    0.00    0.06    0.12    2.30 v _254_/Y (sky130_fd_sc_hd__a22oi_1)
                                         net25 (net)
                  0.06    0.00    2.30 v output25/A (sky130_fd_sc_hd__buf_2)
     1    0.03    0.09    0.18    2.48 v output25/X (sky130_fd_sc_hd__buf_2)
                                         out[5] (net)
                  0.09    0.00    2.48 v out[5] (out)
                                  2.48   data arrival time

                  0.00    0.00    0.00   clock __VIRTUAL_CLK__ (rise edge)
                          0.00    0.00   clock network delay (ideal)
                          0.25    0.25   clock uncertainty
                          0.00    0.25   clock reconvergence pessimism
                         -2.00   -1.75   output external delay
                                 -1.75   data required time
-----------------------------------------------------------------------------
                                 -1.75   data required time
                                 -2.48   data arrival time
-----------------------------------------------------------------------------
                                  4.23   slack (MET)


Startpoint: A[7] (input port clocked by __VIRTUAL_CLK__)
Endpoint: out[7] (output port clocked by __VIRTUAL_CLK__)
Path Group: __VIRTUAL_CLK__
Path Type: min
Corner: Typical

Fanout     Cap    Slew   Delay    Time   Description
-----------------------------------------------------------------------------
                  0.00    0.00    0.00   clock __VIRTUAL_CLK__ (rise edge)
                          0.00    0.00   clock network delay (ideal)
                          2.00    2.00 v input external delay
     1    0.00    0.01    0.00    2.00 v A[7] (in)
                                         A[7] (net)
                  0.01    0.00    2.00 v input8/A (sky130_fd_sc_hd__buf_1)
     4    0.01    0.09    0.12    2.12 v input8/X (sky130_fd_sc_hd__buf_1)
                                         net8 (net)
                  0.09    0.00    2.12 v _288_/A (sky130_fd_sc_hd__nand2_1)
     1    0.00    0.05    0.07    2.19 ^ _288_/Y (sky130_fd_sc_hd__nand2_1)
                                         _053_ (net)
                  0.05    0.00    2.19 ^ _289_/B1 (sky130_fd_sc_hd__o31a_1)
     1    0.00    0.05    0.12    2.31 ^ _289_/X (sky130_fd_sc_hd__o31a_1)
                                         net27 (net)
                  0.05    0.00    2.31 ^ output27/A (sky130_fd_sc_hd__buf_2)
     1    0.03    0.17    0.19    2.50 ^ output27/X (sky130_fd_sc_hd__buf_2)
                                         out[7] (net)
                  0.17    0.00    2.50 ^ out[7] (out)
                                  2.50   data arrival time

                  0.00    0.00    0.00   clock __VIRTUAL_CLK__ (rise edge)
                          0.00    0.00   clock network delay (ideal)
                          0.25    0.25   clock uncertainty
                          0.00    0.25   clock reconvergence pessimism
                         -2.00   -1.75   output external delay
                                 -1.75   data required time
-----------------------------------------------------------------------------
                                 -1.75   data required time
                                 -2.50   data arrival time
-----------------------------------------------------------------------------
                                  4.25   slack (MET)


Startpoint: A[1] (input port clocked by __VIRTUAL_CLK__)
Endpoint: out[1] (output port clocked by __VIRTUAL_CLK__)
Path Group: __VIRTUAL_CLK__
Path Type: min
Corner: Typical

Fanout     Cap    Slew   Delay    Time   Description
-----------------------------------------------------------------------------
                  0.00    0.00    0.00   clock __VIRTUAL_CLK__ (rise edge)
                          0.00    0.00   clock network delay (ideal)
                          2.00    2.00 ^ input external delay
     1    0.00    0.02    0.01    2.01 ^ A[1] (in)
                                         A[1] (net)
                  0.02    0.00    2.01 ^ input2/A (sky130_fd_sc_hd__buf_2)
    10    0.04    0.18    0.18    2.19 ^ input2/X (sky130_fd_sc_hd__buf_2)
                                         net2 (net)
                  0.18    0.00    2.20 ^ _302_/A1_N (sky130_fd_sc_hd__o2bb2a_1)
     1    0.00    0.05    0.23    2.43 v _302_/X (sky130_fd_sc_hd__o2bb2a_1)
                                         net21 (net)
                  0.05    0.00    2.43 v output21/A (sky130_fd_sc_hd__buf_2)
     1    0.03    0.09    0.17    2.60 v output21/X (sky130_fd_sc_hd__buf_2)
                                         out[1] (net)
                  0.09    0.00    2.60 v out[1] (out)
                                  2.60   data arrival time

                  0.00    0.00    0.00   clock __VIRTUAL_CLK__ (rise edge)
                          0.00    0.00   clock network delay (ideal)
                          0.25    0.25   clock uncertainty
                          0.00    0.25   clock reconvergence pessimism
                         -2.00   -1.75   output external delay
                                 -1.75   data required time
-----------------------------------------------------------------------------
                                 -1.75   data required time
                                 -2.60   data arrival time
-----------------------------------------------------------------------------
                                  4.35   slack (MET)


Startpoint: A[3] (input port clocked by __VIRTUAL_CLK__)
Endpoint: out[3] (output port clocked by __VIRTUAL_CLK__)
Path Group: __VIRTUAL_CLK__
Path Type: min
Corner: Typical

Fanout     Cap    Slew   Delay    Time   Description
-----------------------------------------------------------------------------
                  0.00    0.00    0.00   clock __VIRTUAL_CLK__ (rise edge)
                          0.00    0.00   clock network delay (ideal)
                          2.00    2.00 ^ input external delay
     1    0.00    0.02    0.01    2.01 ^ A[3] (in)
                                         A[3] (net)
                  0.02    0.00    2.01 ^ input4/A (sky130_fd_sc_hd__buf_1)
     4    0.01    0.18    0.16    2.17 ^ input4/X (sky130_fd_sc_hd__buf_1)
                                         net4 (net)
                  0.18    0.00    2.17 ^ _175_/A (sky130_fd_sc_hd__buf_2)
    10    0.03    0.16    0.22    2.39 ^ _175_/X (sky130_fd_sc_hd__buf_2)
                                         _103_ (net)
                  0.16    0.00    2.39 ^ _320_/A1 (sky130_fd_sc_hd__a21oi_1)
     1    0.01    0.04    0.10    2.50 v _320_/Y (sky130_fd_sc_hd__a21oi_1)
                                         net23 (net)
                  0.04    0.00    2.50 v output23/A (sky130_fd_sc_hd__clkbuf_4)
     1    0.03    0.08    0.17    2.67 v output23/X (sky130_fd_sc_hd__clkbuf_4)
                                         out[3] (net)
                  0.08    0.00    2.67 v out[3] (out)
                                  2.67   data arrival time

                  0.00    0.00    0.00   clock __VIRTUAL_CLK__ (rise edge)
                          0.00    0.00   clock network delay (ideal)
                          0.25    0.25   clock uncertainty
                          0.00    0.25   clock reconvergence pessimism
                         -2.00   -1.75   output external delay
                                 -1.75   data required time
-----------------------------------------------------------------------------
                                 -1.75   data required time
                                 -2.67   data arrival time
-----------------------------------------------------------------------------
                                  4.42   slack (MET)


Startpoint: A[2] (input port clocked by __VIRTUAL_CLK__)
Endpoint: out[2] (output port clocked by __VIRTUAL_CLK__)
Path Group: __VIRTUAL_CLK__
Path Type: min
Corner: Typical

Fanout     Cap    Slew   Delay    Time   Description
-----------------------------------------------------------------------------
                  0.00    0.00    0.00   clock __VIRTUAL_CLK__ (rise edge)
                          0.00    0.00   clock network delay (ideal)
                          2.00    2.00 v input external delay
     1    0.00    0.01    0.00    2.00 v A[2] (in)
                                         A[2] (net)
                  0.01    0.00    2.00 v input3/A (sky130_fd_sc_hd__buf_1)
     4    0.01    0.09    0.11    2.12 v input3/X (sky130_fd_sc_hd__buf_1)
                                         net3 (net)
                  0.09    0.00    2.12 v _173_/A (sky130_fd_sc_hd__buf_2)
    10    0.04    0.09    0.19    2.31 v _173_/X (sky130_fd_sc_hd__buf_2)
                                         _101_ (net)
                  0.10    0.00    2.32 v _310_/A1_N (sky130_fd_sc_hd__o2bb2a_1)
     1    0.00    0.05    0.25    2.57 ^ _310_/X (sky130_fd_sc_hd__o2bb2a_1)
                                         net22 (net)
                  0.05    0.00    2.57 ^ output22/A (sky130_fd_sc_hd__buf_2)
     1    0.03    0.17    0.19    2.76 ^ output22/X (sky130_fd_sc_hd__buf_2)
                                         out[2] (net)
                  0.17    0.00    2.76 ^ out[2] (out)
                                  2.76   data arrival time

                  0.00    0.00    0.00   clock __VIRTUAL_CLK__ (rise edge)
                          0.00    0.00   clock network delay (ideal)
                          0.25    0.25   clock uncertainty
                          0.00    0.25   clock reconvergence pessimism
                         -2.00   -1.75   output external delay
                                 -1.75   data required time
-----------------------------------------------------------------------------
                                 -1.75   data required time
                                 -2.76   data arrival time
-----------------------------------------------------------------------------
                                  4.51   slack (MET)



worst slack corner Typical: 4.1807
