
===========================================================================
 report_power
============================================================================
======================= Fastest Corner ===================================

Group                  Internal  Switching    Leakage      Total
                          Power      Power      Power      Power (Watts)
----------------------------------------------------------------
Sequential             0.00e+00   0.00e+00   0.00e+00   0.00e+00   0.0%
Combinational          4.16e-05   6.82e-05   1.20e-09   1.10e-04 100.0%
Clock                  4.92e-10   0.00e+00   5.20e-10   1.01e-09   0.0%
Macro                  0.00e+00   0.00e+00   0.00e+00   0.00e+00   0.0%
Pad                    0.00e+00   0.00e+00   0.00e+00   0.00e+00   0.0%
----------------------------------------------------------------
Total                  4.16e-05   6.82e-05   1.72e-09   1.10e-04 100.0%
                          37.9%      62.1%       0.0%

======================= Slowest Corner ===================================

Group                  Internal  Switching    Leakage      Total
                          Power      Power      Power      Power (Watts)
----------------------------------------------------------------
Sequential             0.00e+00   0.00e+00   0.00e+00   0.00e+00   0.0%
Combinational          3.15e-05   4.53e-05   8.63e-07   7.77e-05 100.0%
Clock                 -3.00e-10   0.00e+00   5.21e-10   2.22e-10   0.0%
Macro                  0.00e+00   0.00e+00   0.00e+00   0.00e+00   0.0%
Pad                    0.00e+00   0.00e+00   0.00e+00   0.00e+00   0.0%
----------------------------------------------------------------
Total                  3.15e-05   4.53e-05   8.63e-07   7.77e-05 100.0%
                          40.5%      58.4%       1.1%

======================= Typical Corner ===================================

Group                  Internal  Switching    Leakage      Total
                          Power      Power      Power      Power (Watts)
----------------------------------------------------------------
Sequential             0.00e+00   0.00e+00   0.00e+00   0.00e+00   0.0%
Combinational          3.84e-05   5.77e-05   6.87e-10   9.62e-05 100.0%
Clock                 -7.51e-12   0.00e+00   5.20e-10   5.12e-10   0.0%
Macro                  0.00e+00   0.00e+00   0.00e+00   0.00e+00   0.0%
Pad                    0.00e+00   0.00e+00   0.00e+00   0.00e+00   0.0%
----------------------------------------------------------------
Total                  3.84e-05   5.77e-05   1.21e-09   9.62e-05 100.0%
                          40.0%      60.0%       0.0%

