
===========================================================================
 report_power
============================================================================
======================= Fastest Corner ===================================

Group                  Internal  Switching    Leakage      Total
                          Power      Power      Power      Power (Watts)
----------------------------------------------------------------
Sequential             6.02e-03   8.16e-04   1.49e-08   6.83e-03  37.2%
Combinational          2.80e-03   3.16e-03   2.87e-08   5.96e-03  32.5%
Clock                  2.87e-03   2.69e-03   1.43e-07   5.56e-03  30.3%
Macro                  0.00e+00   0.00e+00   0.00e+00   0.00e+00   0.0%
Pad                    0.00e+00   0.00e+00   0.00e+00   0.00e+00   0.0%
----------------------------------------------------------------
Total                  1.17e-02   6.66e-03   1.86e-07   1.84e-02 100.0%
                          63.7%      36.3%       0.0%

======================= Slowest Corner ===================================

Group                  Internal  Switching    Leakage      Total
                          Power      Power      Power      Power (Watts)
----------------------------------------------------------------
Sequential             4.08e-03   5.20e-04   1.48e-05   4.61e-03  36.7%
Combinational          1.98e-03   2.11e-03   3.10e-05   4.12e-03  32.8%
Clock                  2.07e-03   1.76e-03   3.25e-06   3.83e-03  30.5%
Macro                  0.00e+00   0.00e+00   0.00e+00   0.00e+00   0.0%
Pad                    0.00e+00   0.00e+00   0.00e+00   0.00e+00   0.0%
----------------------------------------------------------------
Total                  8.13e-03   4.39e-03   4.91e-05   1.26e-02 100.0%
                          64.7%      34.9%       0.4%

======================= Typical Corner ===================================

Group                  Internal  Switching    Leakage      Total
                          Power      Power      Power      Power (Watts)
----------------------------------------------------------------
Sequential             5.21e-03   6.75e-04   8.57e-09   5.88e-03  37.1%
Combinational          2.50e-03   2.68e-03   2.00e-08   5.18e-03  32.7%
Clock                  2.52e-03   2.27e-03   1.35e-07   4.80e-03  30.2%
Macro                  0.00e+00   0.00e+00   0.00e+00   0.00e+00   0.0%
Pad                    0.00e+00   0.00e+00   0.00e+00   0.00e+00   0.0%
----------------------------------------------------------------
Total                  1.02e-02   5.63e-03   1.64e-07   1.59e-02 100.0%
                          64.5%      35.5%       0.0%

