
===========================================================================
report_checks -unconstrained
===========================================================================
======================= Fastest Corner ===================================

Startpoint: _2816_ (rising edge-triggered flip-flop clocked by core_clock)
Endpoint: _2812_ (rising edge-triggered flip-flop clocked by core_clock)
Path Group: core_clock
Path Type: max
Corner: Fastest

Fanout     Cap    Slew   Delay    Time   Description
-----------------------------------------------------------------------------
                          0.00    0.00   clock core_clock (rise edge)
                          0.00    0.00   clock source latency
     2    0.12    0.00    0.00    0.00 ^ clk (in)
                                         clk (net)
                  0.01    0.01    0.01 ^ clkbuf_0_clk/A (sky130_fd_sc_hd__clkbuf_16)
    32    0.23    0.19    0.19    0.20 ^ clkbuf_0_clk/X (sky130_fd_sc_hd__clkbuf_16)
                                         clknet_0_clk (net)
                  0.19    0.01    0.20 ^ clkbuf_4_10_0_clk/A (sky130_fd_sc_hd__clkbuf_8)
    22    0.06    0.09    0.16    0.36 ^ clkbuf_4_10_0_clk/X (sky130_fd_sc_hd__clkbuf_8)
                                         clknet_4_10_0_clk (net)
                  0.09    0.00    0.36 ^ _2816_/CLK (sky130_fd_sc_hd__dfrtp_4)
     7    0.02    0.06    0.33    0.69 v _2816_/Q (sky130_fd_sc_hd__dfrtp_4)
                                         imem.pc[3] (net)
                  0.06    0.00    0.69 v _1412_/A (sky130_fd_sc_hd__or3_4)
     5    0.02    0.07    0.27    0.96 v _1412_/X (sky130_fd_sc_hd__or3_4)
                                         _0219_ (net)
                  0.07    0.00    0.97 v _1413_/B (sky130_fd_sc_hd__or2_4)
     6    0.04    0.06    0.19    1.15 v _1413_/X (sky130_fd_sc_hd__or2_4)
                                         _0220_ (net)
                  0.06    0.00    1.15 v clone20/A (sky130_fd_sc_hd__clkbuf_16)
     5    0.01    0.02    0.11    1.26 v clone20/X (sky130_fd_sc_hd__clkbuf_16)
                                         net33 (net)
                  0.02    0.00    1.26 v rebuffer24/A (sky130_fd_sc_hd__dlygate4sd1_1)
     1    0.00    0.02    0.14    1.40 v rebuffer24/X (sky130_fd_sc_hd__dlygate4sd1_1)
                                         net39 (net)
                  0.02    0.00    1.40 v _1433_/A (sky130_fd_sc_hd__clkbuf_4)
    20    0.07    0.10    0.16    1.56 v _1433_/X (sky130_fd_sc_hd__clkbuf_4)
                                         _0240_ (net)
                  0.10    0.00    1.56 v _1434_/A (sky130_fd_sc_hd__clkbuf_8)
    20    0.11    0.09    0.18    1.74 v _1434_/X (sky130_fd_sc_hd__clkbuf_8)
                                         _0241_ (net)
                  0.09    0.00    1.74 v _1622_/B (sky130_fd_sc_hd__nand2_1)
     2    0.01    0.06    0.08    1.83 ^ _1622_/Y (sky130_fd_sc_hd__nand2_1)
                                         _0428_ (net)
                  0.06    0.00    1.83 ^ _1690_/A (sky130_fd_sc_hd__buf_4)
    20    0.09    0.19    0.19    2.02 ^ _1690_/X (sky130_fd_sc_hd__buf_4)
                                         _0493_ (net)
                  0.19    0.00    2.02 ^ _1891_/S (sky130_fd_sc_hd__mux2_1)
     1    0.00    0.04    0.19    2.21 v _1891_/X (sky130_fd_sc_hd__mux2_1)
                                         _0657_ (net)
                  0.04    0.00    2.21 v _1892_/A1 (sky130_fd_sc_hd__mux2_1)
     4    0.02    0.10    0.22    2.44 v _1892_/X (sky130_fd_sc_hd__mux2_1)
                                         _0658_ (net)
                  0.10    0.00    2.44 v _1896_/A (sky130_fd_sc_hd__and3_1)
     4    0.01    0.05    0.15    2.58 v _1896_/X (sky130_fd_sc_hd__and3_1)
                                         _0662_ (net)
                  0.05    0.00    2.58 v _2016_/A (sky130_fd_sc_hd__or4_4)
     2    0.01    0.06    0.33    2.91 v _2016_/X (sky130_fd_sc_hd__or4_4)
                                         _0782_ (net)
                  0.06    0.00    2.91 v _2019_/B (sky130_fd_sc_hd__or4b_4)
     1    0.01    0.06    0.31    3.23 v _2019_/X (sky130_fd_sc_hd__or4b_4)
                                         _0785_ (net)
                  0.06    0.00    3.23 v _2020_/C1 (sky130_fd_sc_hd__a211o_4)
     4    0.02    0.06    0.16    3.39 v _2020_/X (sky130_fd_sc_hd__a211o_4)
                                         _0786_ (net)
                  0.06    0.00    3.39 v _2265_/A1 (sky130_fd_sc_hd__a2111o_1)
     4    0.02    0.10    0.28    3.67 v _2265_/X (sky130_fd_sc_hd__a2111o_1)
                                         _1031_ (net)
                  0.10    0.00    3.68 v _2300_/A1 (sky130_fd_sc_hd__a211o_4)
     5    0.02    0.05    0.24    3.92 v _2300_/X (sky130_fd_sc_hd__a211o_4)
                                         _1066_ (net)
                  0.05    0.00    3.92 v _2357_/A1 (sky130_fd_sc_hd__a311o_1)
     3    0.01    0.07    0.20    4.12 v _2357_/X (sky130_fd_sc_hd__a311o_1)
                                         _1123_ (net)
                  0.07    0.00    4.12 v _2372_/A1 (sky130_fd_sc_hd__a21oi_2)
     3    0.01    0.11    0.13    4.25 ^ _2372_/Y (sky130_fd_sc_hd__a21oi_2)
                                         _1138_ (net)
                  0.11    0.00    4.25 ^ _2384_/A2 (sky130_fd_sc_hd__o21ai_1)
     1    0.00    0.05    0.05    4.30 v _2384_/Y (sky130_fd_sc_hd__o21ai_1)
                                         _1150_ (net)
                  0.05    0.00    4.30 v _2391_/A1 (sky130_fd_sc_hd__a21bo_1)
     1    0.01    0.03    0.12    4.42 v _2391_/X (sky130_fd_sc_hd__a21bo_1)
                                         _1157_ (net)
                  0.03    0.00    4.42 v _2650_/A0 (sky130_fd_sc_hd__mux2_4)
     1    0.01    0.04    0.15    4.57 v _2650_/X (sky130_fd_sc_hd__mux2_4)
                                         _1289_ (net)
                  0.04    0.00    4.57 v _1322_/A (sky130_fd_sc_hd__clkbuf_1)
     1    0.00    0.02    0.07    4.64 v _1322_/X (sky130_fd_sc_hd__clkbuf_1)
                                         _0166_ (net)
                  0.02    0.00    4.64 v _2812_/D (sky130_fd_sc_hd__dfxtp_1)
                                  4.64   data arrival time

                         10.00   10.00   clock core_clock (rise edge)
                          0.00   10.00   clock source latency
     2    0.12    0.00    0.00   10.00 ^ clk (in)
                                         clk (net)
                  0.01    0.01   10.01 ^ clkbuf_0_clk/A (sky130_fd_sc_hd__clkbuf_16)
    32    0.23    0.19    0.19   10.20 ^ clkbuf_0_clk/X (sky130_fd_sc_hd__clkbuf_16)
                                         clknet_0_clk (net)
                  0.19    0.01   10.20 ^ clkbuf_4_0_0_clk/A (sky130_fd_sc_hd__clkbuf_8)
    22    0.06    0.09    0.16   10.37 ^ clkbuf_4_0_0_clk/X (sky130_fd_sc_hd__clkbuf_8)
                                         clknet_4_0_0_clk (net)
                  0.09    0.00   10.37 ^ _2812_/CLK (sky130_fd_sc_hd__dfxtp_1)
                          0.00   10.37   clock reconvergence pessimism
                         -0.06   10.31   library setup time
                                 10.31   data required time
-----------------------------------------------------------------------------
                                 10.31   data required time
                                 -4.64   data arrival time
-----------------------------------------------------------------------------
                                  5.67   slack (MET)



======================= Slowest Corner ===================================

Startpoint: _2816_ (rising edge-triggered flip-flop clocked by core_clock)
Endpoint: _2810_ (rising edge-triggered flip-flop clocked by core_clock)
Path Group: core_clock
Path Type: max
Corner: Slowest

Fanout     Cap    Slew   Delay    Time   Description
-----------------------------------------------------------------------------
                          0.00    0.00   clock core_clock (rise edge)
                          0.00    0.00   clock source latency
     2    0.12    0.00    0.00    0.00 ^ clk (in)
                                         clk (net)
                  0.01    0.01    0.01 ^ clkbuf_0_clk/A (sky130_fd_sc_hd__clkbuf_16)
    32    0.23    0.36    0.43    0.44 ^ clkbuf_0_clk/X (sky130_fd_sc_hd__clkbuf_16)
                                         clknet_0_clk (net)
                  0.36    0.01    0.44 ^ clkbuf_4_10_0_clk/A (sky130_fd_sc_hd__clkbuf_8)
    22    0.06    0.18    0.44    0.89 ^ clkbuf_4_10_0_clk/X (sky130_fd_sc_hd__clkbuf_8)
                                         clknet_4_10_0_clk (net)
                  0.18    0.00    0.89 ^ _2816_/CLK (sky130_fd_sc_hd__dfrtp_4)
     7    0.02    0.16    1.10    1.99 v _2816_/Q (sky130_fd_sc_hd__dfrtp_4)
                                         imem.pc[3] (net)
                  0.16    0.00    1.99 v _1412_/A (sky130_fd_sc_hd__or3_4)
     5    0.02    0.17    0.88    2.87 v _1412_/X (sky130_fd_sc_hd__or3_4)
                                         _0219_ (net)
                  0.17    0.00    2.87 v _1416_/B (sky130_fd_sc_hd__nor2_2)
     6    0.02    0.30    0.32    3.19 ^ _1416_/Y (sky130_fd_sc_hd__nor2_2)
                                         _0223_ (net)
                  0.30    0.00    3.19 ^ _1471_/A (sky130_fd_sc_hd__clkbuf_4)
    20    0.07    0.35    0.56    3.75 ^ _1471_/X (sky130_fd_sc_hd__clkbuf_4)
                                         _0278_ (net)
                  0.35    0.01    3.76 ^ _1472_/A (sky130_fd_sc_hd__clkbuf_4)
    20    0.06    0.31    0.55    4.31 ^ _1472_/X (sky130_fd_sc_hd__clkbuf_4)
                                         _0279_ (net)
                  0.31    0.00    4.32 ^ _1516_/A (sky130_fd_sc_hd__buf_6)
    20    0.10    0.31    0.45    4.77 ^ _1516_/X (sky130_fd_sc_hd__buf_6)
                                         _0323_ (net)
                  0.31    0.01    4.78 ^ _1558_/S (sky130_fd_sc_hd__mux2_1)
     1    0.00    0.13    0.81    5.59 v _1558_/X (sky130_fd_sc_hd__mux2_1)
                                         _0365_ (net)
                  0.13    0.00    5.59 v _1560_/A0 (sky130_fd_sc_hd__mux2_1)
     3    0.02    0.24    0.82    6.41 v _1560_/X (sky130_fd_sc_hd__mux2_1)
                                         _0367_ (net)
                  0.24    0.00    6.41 v _1571_/A (sky130_fd_sc_hd__or4_1)
     1    0.01    0.21    1.32    7.73 v _1571_/X (sky130_fd_sc_hd__or4_1)
                                         _0378_ (net)
                  0.21    0.00    7.73 v _1572_/D (sky130_fd_sc_hd__nor4_2)
     1    0.01    0.44    0.38    8.11 ^ _1572_/Y (sky130_fd_sc_hd__nor4_2)
                                         _0379_ (net)
                  0.44    0.00    8.11 ^ _1573_/A (sky130_fd_sc_hd__and4_2)
     6    0.03    0.33    0.79    8.90 ^ _1573_/X (sky130_fd_sc_hd__and4_2)
                                         _0380_ (net)
                  0.33    0.00    8.90 ^ _1574_/A (sky130_fd_sc_hd__clkbuf_4)
    21    0.08    0.37    0.59    9.49 ^ _1574_/X (sky130_fd_sc_hd__clkbuf_4)
                                         _0381_ (net)
                  0.37    0.00    9.49 ^ _1665_/A (sky130_fd_sc_hd__clkbuf_4)
    20    0.08    0.37    0.60   10.09 ^ _1665_/X (sky130_fd_sc_hd__clkbuf_4)
                                         _0469_ (net)
                  0.37    0.01   10.10 ^ _1671_/A (sky130_fd_sc_hd__nand2_1)
     2    0.01    0.22    0.32   10.42 v _1671_/Y (sky130_fd_sc_hd__nand2_1)
                                         _0475_ (net)
                  0.22    0.00   10.42 v _1728_/A0 (sky130_fd_sc_hd__mux2_1)
     2    0.01    0.14    0.73   11.14 v _1728_/X (sky130_fd_sc_hd__mux2_1)
                                         _0530_ (net)
                  0.14    0.00   11.14 v _1730_/A1 (sky130_fd_sc_hd__mux2_1)
     3    0.01    0.21    0.81   11.96 v _1730_/X (sky130_fd_sc_hd__mux2_1)
                                         _0532_ (net)
                  0.21    0.00   11.96 v _1963_/A1 (sky130_fd_sc_hd__mux2_1)
     1    0.00    0.10    0.68   12.64 v _1963_/X (sky130_fd_sc_hd__mux2_1)
                                         _0729_ (net)
                  0.10    0.00   12.64 v _1964_/B (sky130_fd_sc_hd__or2_2)
     4    0.03    0.25    0.82   13.46 v _1964_/X (sky130_fd_sc_hd__or2_2)
                                         _0730_ (net)
                  0.25    0.00   13.46 v _2362_/A2 (sky130_fd_sc_hd__a221o_1)
     3    0.02    0.23    0.86   14.33 v _2362_/X (sky130_fd_sc_hd__a221o_1)
                                         _1128_ (net)
                  0.23    0.00   14.33 v _2363_/B1_N (sky130_fd_sc_hd__a21bo_1)
     1    0.00    0.08    0.42   14.75 ^ _2363_/X (sky130_fd_sc_hd__a21bo_1)
                                         _1129_ (net)
                  0.08    0.00   14.75 ^ _2646_/A0 (sky130_fd_sc_hd__mux2_1)
     1    0.01    0.11    0.26   15.01 ^ _2646_/X (sky130_fd_sc_hd__mux2_1)
                                         _1287_ (net)
                  0.11    0.00   15.01 ^ _2647_/A (sky130_fd_sc_hd__clkbuf_1)
     1    0.00    0.08    0.17   15.18 ^ _2647_/X (sky130_fd_sc_hd__clkbuf_1)
                                         _0164_ (net)
                  0.08    0.00   15.18 ^ _2810_/D (sky130_fd_sc_hd__dfxtp_1)
                                 15.18   data arrival time

                         10.00   10.00   clock core_clock (rise edge)
                          0.00   10.00   clock source latency
     2    0.12    0.00    0.00   10.00 ^ clk (in)
                                         clk (net)
                  0.01    0.01   10.01 ^ clkbuf_0_clk/A (sky130_fd_sc_hd__clkbuf_16)
    32    0.23    0.36    0.43   10.44 ^ clkbuf_0_clk/X (sky130_fd_sc_hd__clkbuf_16)
                                         clknet_0_clk (net)
                  0.36    0.01   10.44 ^ clkbuf_4_3_0_clk/A (sky130_fd_sc_hd__clkbuf_8)
    26    0.07    0.21    0.46   10.91 ^ clkbuf_4_3_0_clk/X (sky130_fd_sc_hd__clkbuf_8)
                                         clknet_4_3_0_clk (net)
                  0.21    0.00   10.91 ^ _2810_/CLK (sky130_fd_sc_hd__dfxtp_1)
                          0.00   10.91   clock reconvergence pessimism
                         -0.11   10.80   library setup time
                                 10.80   data required time
-----------------------------------------------------------------------------
                                 10.80   data required time
                                -15.18   data arrival time
-----------------------------------------------------------------------------
                                 -4.38   slack (VIOLATED)



======================= Typical Corner ===================================

Startpoint: _2816_ (rising edge-triggered flip-flop clocked by core_clock)
Endpoint: _2810_ (rising edge-triggered flip-flop clocked by core_clock)
Path Group: core_clock
Path Type: max
Corner: Typical

Fanout     Cap    Slew   Delay    Time   Description
-----------------------------------------------------------------------------
                          0.00    0.00   clock core_clock (rise edge)
                          0.00    0.00   clock source latency
     2    0.12    0.00    0.00    0.00 ^ clk (in)
                                         clk (net)
                  0.01    0.01    0.01 ^ clkbuf_0_clk/A (sky130_fd_sc_hd__clkbuf_16)
    32    0.23    0.24    0.26    0.27 ^ clkbuf_0_clk/X (sky130_fd_sc_hd__clkbuf_16)
                                         clknet_0_clk (net)
                  0.24    0.01    0.28 ^ clkbuf_4_10_0_clk/A (sky130_fd_sc_hd__clkbuf_8)
    22    0.06    0.12    0.25    0.52 ^ clkbuf_4_10_0_clk/X (sky130_fd_sc_hd__clkbuf_8)
                                         clknet_4_10_0_clk (net)
                  0.12    0.00    0.52 ^ _2816_/CLK (sky130_fd_sc_hd__dfrtp_4)
     7    0.02    0.08    0.53    1.05 v _2816_/Q (sky130_fd_sc_hd__dfrtp_4)
                                         imem.pc[3] (net)
                  0.08    0.00    1.05 v _1412_/A (sky130_fd_sc_hd__or3_4)
     5    0.02    0.10    0.44    1.49 v _1412_/X (sky130_fd_sc_hd__or3_4)
                                         _0219_ (net)
                  0.10    0.00    1.49 v _1416_/B (sky130_fd_sc_hd__nor2_2)
     6    0.02    0.19    0.19    1.68 ^ _1416_/Y (sky130_fd_sc_hd__nor2_2)
                                         _0223_ (net)
                  0.19    0.00    1.68 ^ _1471_/A (sky130_fd_sc_hd__clkbuf_4)
    20    0.07    0.22    0.31    1.99 ^ _1471_/X (sky130_fd_sc_hd__clkbuf_4)
                                         _0278_ (net)
                  0.22    0.01    2.00 ^ _1472_/A (sky130_fd_sc_hd__clkbuf_4)
    20    0.06    0.20    0.31    2.31 ^ _1472_/X (sky130_fd_sc_hd__clkbuf_4)
                                         _0279_ (net)
                  0.20    0.00    2.31 ^ _1516_/A (sky130_fd_sc_hd__buf_6)
    20    0.10    0.20    0.24    2.56 ^ _1516_/X (sky130_fd_sc_hd__buf_6)
                                         _0323_ (net)
                  0.20    0.01    2.57 ^ _1558_/S (sky130_fd_sc_hd__mux2_1)
     1    0.00    0.07    0.36    2.92 v _1558_/X (sky130_fd_sc_hd__mux2_1)
                                         _0365_ (net)
                  0.07    0.00    2.92 v _1560_/A0 (sky130_fd_sc_hd__mux2_1)
     3    0.02    0.13    0.37    3.29 v _1560_/X (sky130_fd_sc_hd__mux2_1)
                                         _0367_ (net)
                  0.13    0.00    3.29 v _1571_/A (sky130_fd_sc_hd__or4_1)
     1    0.01    0.10    0.56    3.85 v _1571_/X (sky130_fd_sc_hd__or4_1)
                                         _0378_ (net)
                  0.10    0.00    3.86 v _1572_/D (sky130_fd_sc_hd__nor4_2)
     1    0.01    0.27    0.21    4.06 ^ _1572_/Y (sky130_fd_sc_hd__nor4_2)
                                         _0379_ (net)
                  0.27    0.00    4.06 ^ _1573_/A (sky130_fd_sc_hd__and4_2)
     6    0.03    0.20    0.39    4.46 ^ _1573_/X (sky130_fd_sc_hd__and4_2)
                                         _0380_ (net)
                  0.20    0.00    4.46 ^ _1574_/A (sky130_fd_sc_hd__clkbuf_4)
    21    0.08    0.23    0.32    4.78 ^ _1574_/X (sky130_fd_sc_hd__clkbuf_4)
                                         _0381_ (net)
                  0.23    0.00    4.78 ^ _1665_/A (sky130_fd_sc_hd__clkbuf_4)
    20    0.08    0.23    0.34    5.12 ^ _1665_/X (sky130_fd_sc_hd__clkbuf_4)
                                         _0469_ (net)
                  0.23    0.01    5.13 ^ _1671_/A (sky130_fd_sc_hd__nand2_1)
     2    0.01    0.11    0.14    5.27 v _1671_/Y (sky130_fd_sc_hd__nand2_1)
                                         _0475_ (net)
                  0.11    0.00    5.27 v _1728_/A0 (sky130_fd_sc_hd__mux2_1)
     2    0.01    0.07    0.32    5.59 v _1728_/X (sky130_fd_sc_hd__mux2_1)
                                         _0530_ (net)
                  0.07    0.00    5.59 v _1730_/A1 (sky130_fd_sc_hd__mux2_1)
     3    0.01    0.11    0.36    5.95 v _1730_/X (sky130_fd_sc_hd__mux2_1)
                                         _0532_ (net)
                  0.11    0.00    5.95 v _1963_/A1 (sky130_fd_sc_hd__mux2_1)
     1    0.00    0.05    0.30    6.25 v _1963_/X (sky130_fd_sc_hd__mux2_1)
                                         _0729_ (net)
                  0.05    0.00    6.25 v _1964_/B (sky130_fd_sc_hd__or2_2)
     4    0.03    0.13    0.37    6.62 v _1964_/X (sky130_fd_sc_hd__or2_2)
                                         _0730_ (net)
                  0.13    0.00    6.62 v _2362_/A2 (sky130_fd_sc_hd__a221o_1)
     3    0.02    0.13    0.46    7.08 v _2362_/X (sky130_fd_sc_hd__a221o_1)
                                         _1128_ (net)
                  0.13    0.00    7.08 v _2363_/B1_N (sky130_fd_sc_hd__a21bo_1)
     1    0.00    0.05    0.21    7.29 ^ _2363_/X (sky130_fd_sc_hd__a21bo_1)
                                         _1129_ (net)
                  0.05    0.00    7.29 ^ _2646_/A0 (sky130_fd_sc_hd__mux2_1)
     1    0.01    0.06    0.13    7.43 ^ _2646_/X (sky130_fd_sc_hd__mux2_1)
                                         _1287_ (net)
                  0.06    0.00    7.43 ^ _2647_/A (sky130_fd_sc_hd__clkbuf_1)
     1    0.00    0.05    0.09    7.52 ^ _2647_/X (sky130_fd_sc_hd__clkbuf_1)
                                         _0164_ (net)
                  0.05    0.00    7.52 ^ _2810_/D (sky130_fd_sc_hd__dfxtp_1)
                                  7.52   data arrival time

                         10.00   10.00   clock core_clock (rise edge)
                          0.00   10.00   clock source latency
     2    0.12    0.00    0.00   10.00 ^ clk (in)
                                         clk (net)
                  0.01    0.01   10.01 ^ clkbuf_0_clk/A (sky130_fd_sc_hd__clkbuf_16)
    32    0.23    0.24    0.26   10.27 ^ clkbuf_0_clk/X (sky130_fd_sc_hd__clkbuf_16)
                                         clknet_0_clk (net)
                  0.24    0.01   10.27 ^ clkbuf_4_3_0_clk/A (sky130_fd_sc_hd__clkbuf_8)
    26    0.07    0.13    0.26   10.54 ^ clkbuf_4_3_0_clk/X (sky130_fd_sc_hd__clkbuf_8)
                                         clknet_4_3_0_clk (net)
                  0.13    0.00   10.54 ^ _2810_/CLK (sky130_fd_sc_hd__dfxtp_1)
                          0.00   10.54   clock reconvergence pessimism
                         -0.04   10.49   library setup time
                                 10.49   data required time
-----------------------------------------------------------------------------
                                 10.49   data required time
                                 -7.52   data arrival time
-----------------------------------------------------------------------------
                                  2.98   slack (MET)




===========================================================================
report_checks --slack_max -0.01
============================================================================
======================= Fastest Corner ===================================

No paths found.

======================= Slowest Corner ===================================

Startpoint: _2816_ (rising edge-triggered flip-flop clocked by core_clock)
Endpoint: _2810_ (rising edge-triggered flip-flop clocked by core_clock)
Path Group: core_clock
Path Type: max
Corner: Slowest

Fanout     Cap    Slew   Delay    Time   Description
-----------------------------------------------------------------------------
                          0.00    0.00   clock core_clock (rise edge)
                          0.00    0.00   clock source latency
     2    0.12    0.00    0.00    0.00 ^ clk (in)
                                         clk (net)
                  0.01    0.01    0.01 ^ clkbuf_0_clk/A (sky130_fd_sc_hd__clkbuf_16)
    32    0.23    0.36    0.43    0.44 ^ clkbuf_0_clk/X (sky130_fd_sc_hd__clkbuf_16)
                                         clknet_0_clk (net)
                  0.36    0.01    0.44 ^ clkbuf_4_10_0_clk/A (sky130_fd_sc_hd__clkbuf_8)
    22    0.06    0.18    0.44    0.89 ^ clkbuf_4_10_0_clk/X (sky130_fd_sc_hd__clkbuf_8)
                                         clknet_4_10_0_clk (net)
                  0.18    0.00    0.89 ^ _2816_/CLK (sky130_fd_sc_hd__dfrtp_4)
     7    0.02    0.16    1.10    1.99 v _2816_/Q (sky130_fd_sc_hd__dfrtp_4)
                                         imem.pc[3] (net)
                  0.16    0.00    1.99 v _1412_/A (sky130_fd_sc_hd__or3_4)
     5    0.02    0.17    0.88    2.87 v _1412_/X (sky130_fd_sc_hd__or3_4)
                                         _0219_ (net)
                  0.17    0.00    2.87 v _1416_/B (sky130_fd_sc_hd__nor2_2)
     6    0.02    0.30    0.32    3.19 ^ _1416_/Y (sky130_fd_sc_hd__nor2_2)
                                         _0223_ (net)
                  0.30    0.00    3.19 ^ _1471_/A (sky130_fd_sc_hd__clkbuf_4)
    20    0.07    0.35    0.56    3.75 ^ _1471_/X (sky130_fd_sc_hd__clkbuf_4)
                                         _0278_ (net)
                  0.35    0.01    3.76 ^ _1472_/A (sky130_fd_sc_hd__clkbuf_4)
    20    0.06    0.31    0.55    4.31 ^ _1472_/X (sky130_fd_sc_hd__clkbuf_4)
                                         _0279_ (net)
                  0.31    0.00    4.32 ^ _1516_/A (sky130_fd_sc_hd__buf_6)
    20    0.10    0.31    0.45    4.77 ^ _1516_/X (sky130_fd_sc_hd__buf_6)
                                         _0323_ (net)
                  0.31    0.01    4.78 ^ _1558_/S (sky130_fd_sc_hd__mux2_1)
     1    0.00    0.13    0.81    5.59 v _1558_/X (sky130_fd_sc_hd__mux2_1)
                                         _0365_ (net)
                  0.13    0.00    5.59 v _1560_/A0 (sky130_fd_sc_hd__mux2_1)
     3    0.02    0.24    0.82    6.41 v _1560_/X (sky130_fd_sc_hd__mux2_1)
                                         _0367_ (net)
                  0.24    0.00    6.41 v _1571_/A (sky130_fd_sc_hd__or4_1)
     1    0.01    0.21    1.32    7.73 v _1571_/X (sky130_fd_sc_hd__or4_1)
                                         _0378_ (net)
                  0.21    0.00    7.73 v _1572_/D (sky130_fd_sc_hd__nor4_2)
     1    0.01    0.44    0.38    8.11 ^ _1572_/Y (sky130_fd_sc_hd__nor4_2)
                                         _0379_ (net)
                  0.44    0.00    8.11 ^ _1573_/A (sky130_fd_sc_hd__and4_2)
     6    0.03    0.33    0.79    8.90 ^ _1573_/X (sky130_fd_sc_hd__and4_2)
                                         _0380_ (net)
                  0.33    0.00    8.90 ^ _1574_/A (sky130_fd_sc_hd__clkbuf_4)
    21    0.08    0.37    0.59    9.49 ^ _1574_/X (sky130_fd_sc_hd__clkbuf_4)
                                         _0381_ (net)
                  0.37    0.00    9.49 ^ _1665_/A (sky130_fd_sc_hd__clkbuf_4)
    20    0.08    0.37    0.60   10.09 ^ _1665_/X (sky130_fd_sc_hd__clkbuf_4)
                                         _0469_ (net)
                  0.37    0.01   10.10 ^ _1671_/A (sky130_fd_sc_hd__nand2_1)
     2    0.01    0.22    0.32   10.42 v _1671_/Y (sky130_fd_sc_hd__nand2_1)
                                         _0475_ (net)
                  0.22    0.00   10.42 v _1728_/A0 (sky130_fd_sc_hd__mux2_1)
     2    0.01    0.14    0.73   11.14 v _1728_/X (sky130_fd_sc_hd__mux2_1)
                                         _0530_ (net)
                  0.14    0.00   11.14 v _1730_/A1 (sky130_fd_sc_hd__mux2_1)
     3    0.01    0.21    0.81   11.96 v _1730_/X (sky130_fd_sc_hd__mux2_1)
                                         _0532_ (net)
                  0.21    0.00   11.96 v _1963_/A1 (sky130_fd_sc_hd__mux2_1)
     1    0.00    0.10    0.68   12.64 v _1963_/X (sky130_fd_sc_hd__mux2_1)
                                         _0729_ (net)
                  0.10    0.00   12.64 v _1964_/B (sky130_fd_sc_hd__or2_2)
     4    0.03    0.25    0.82   13.46 v _1964_/X (sky130_fd_sc_hd__or2_2)
                                         _0730_ (net)
                  0.25    0.00   13.46 v _2362_/A2 (sky130_fd_sc_hd__a221o_1)
     3    0.02    0.23    0.86   14.33 v _2362_/X (sky130_fd_sc_hd__a221o_1)
                                         _1128_ (net)
                  0.23    0.00   14.33 v _2363_/B1_N (sky130_fd_sc_hd__a21bo_1)
     1    0.00    0.08    0.42   14.75 ^ _2363_/X (sky130_fd_sc_hd__a21bo_1)
                                         _1129_ (net)
                  0.08    0.00   14.75 ^ _2646_/A0 (sky130_fd_sc_hd__mux2_1)
     1    0.01    0.11    0.26   15.01 ^ _2646_/X (sky130_fd_sc_hd__mux2_1)
                                         _1287_ (net)
                  0.11    0.00   15.01 ^ _2647_/A (sky130_fd_sc_hd__clkbuf_1)
     1    0.00    0.08    0.17   15.18 ^ _2647_/X (sky130_fd_sc_hd__clkbuf_1)
                                         _0164_ (net)
                  0.08    0.00   15.18 ^ _2810_/D (sky130_fd_sc_hd__dfxtp_1)
                                 15.18   data arrival time

                         10.00   10.00   clock core_clock (rise edge)
                          0.00   10.00   clock source latency
     2    0.12    0.00    0.00   10.00 ^ clk (in)
                                         clk (net)
                  0.01    0.01   10.01 ^ clkbuf_0_clk/A (sky130_fd_sc_hd__clkbuf_16)
    32    0.23    0.36    0.43   10.44 ^ clkbuf_0_clk/X (sky130_fd_sc_hd__clkbuf_16)
                                         clknet_0_clk (net)
                  0.36    0.01   10.44 ^ clkbuf_4_3_0_clk/A (sky130_fd_sc_hd__clkbuf_8)
    26    0.07    0.21    0.46   10.91 ^ clkbuf_4_3_0_clk/X (sky130_fd_sc_hd__clkbuf_8)
                                         clknet_4_3_0_clk (net)
                  0.21    0.00   10.91 ^ _2810_/CLK (sky130_fd_sc_hd__dfxtp_1)
                          0.00   10.91   clock reconvergence pessimism
                         -0.11   10.80   library setup time
                                 10.80   data required time
-----------------------------------------------------------------------------
                                 10.80   data required time
                                -15.18   data arrival time
-----------------------------------------------------------------------------
                                 -4.38   slack (VIOLATED)



======================= Typical Corner ===================================

No paths found.


===========================================================================
 report_check_types -max_slew -max_cap -max_fanout -violators
============================================================================
======================= Fastest Corner ===================================


max slew violations count Fastest: 0
max fanout violations count Fastest: 0
max cap violations count Fastest: 0
======================= Slowest Corner ===================================


max slew violations count Slowest: 0
max fanout violations count Slowest: 0
max cap violations count Slowest: 0
======================= Typical Corner ===================================


max slew violations count Typical: 0
max fanout violations count Typical: 0
max cap violations count Typical: 0

===========================================================================
report_parasitic_annotation -report_unannotated
============================================================================
Found 19 unannotated drivers.
 TopCPU_10/HI
 TopCPU_11/HI
 TopCPU_12/HI
 TopCPU_13/HI
 clkload0/Y
 clkload1/Y
 clkload10/Y
 clkload11/Y
 clkload12/Y
 clkload13/Y
 clkload14/Y
 clkload2/X
 clkload3/Y
 clkload4/Y
 clkload5/Y
 clkload6/Y
 clkload7/Y
 clkload8/Y
 clkload9/Y
Found 0 partially unannotated drivers.

===========================================================================
max slew violation count 0
max fanout violation count 0
max cap violation count 0
============================================================================

===========================================================================
check_setup -verbose -unconstrained_endpoints -multiple_clock -no_clock -no_input_delay -loops -generated_clocks
===========================================================================
Warning: There are 2 input ports missing set_input_delay.
  control
  reset
Warning: There are 11 unconstrained endpoints.
  an[0]
  an[1]
  an[2]
  an[3]
  seg[0]
  seg[1]
  seg[2]
  seg[3]
  seg[4]
  seg[5]
  seg[6]
