
===========================================================================
 report_power
============================================================================
======================= Fastest Corner ===================================

Group                  Internal  Switching    Leakage      Total
                          Power      Power      Power      Power (Watts)
----------------------------------------------------------------
Sequential             1.02e-03   7.99e-05   2.89e-08   1.10e-03  22.7%
Combinational          1.14e-03   1.85e-03   6.99e-09   2.99e-03  62.0%
Clock                  2.40e-04   4.99e-04   1.30e-07   7.39e-04  15.3%
Macro                  0.00e+00   0.00e+00   0.00e+00   0.00e+00   0.0%
Pad                    0.00e+00   0.00e+00   0.00e+00   0.00e+00   0.0%
----------------------------------------------------------------
Total                  2.40e-03   2.43e-03   1.66e-07   4.83e-03 100.0%
                          49.7%      50.3%       0.0%

======================= Slowest Corner ===================================

Group                  Internal  Switching    Leakage      Total
                          Power      Power      Power      Power (Watts)
----------------------------------------------------------------
Sequential             6.79e-04   5.26e-05   2.74e-06   7.35e-04  22.1%
Combinational          8.37e-04   1.24e-03   6.80e-06   2.08e-03  62.6%
Clock                  1.71e-04   3.35e-04   4.12e-07   5.07e-04  15.3%
Macro                  0.00e+00   0.00e+00   0.00e+00   0.00e+00   0.0%
Pad                    0.00e+00   0.00e+00   0.00e+00   0.00e+00   0.0%
----------------------------------------------------------------
Total                  1.69e-03   1.63e-03   9.96e-06   3.32e-03 100.0%
                          50.8%      48.9%       0.3%

======================= Typical Corner ===================================

Group                  Internal  Switching    Leakage      Total
                          Power      Power      Power      Power (Watts)
----------------------------------------------------------------
Sequential             8.76e-04   6.71e-05   2.76e-08   9.43e-04  22.6%
Combinational          1.02e-03   1.57e-03   4.64e-09   2.59e-03  62.1%
Clock                  2.10e-04   4.27e-04   1.29e-07   6.38e-04  15.3%
Macro                  0.00e+00   0.00e+00   0.00e+00   0.00e+00   0.0%
Pad                    0.00e+00   0.00e+00   0.00e+00   0.00e+00   0.0%
----------------------------------------------------------------
Total                  2.11e-03   2.06e-03   1.62e-07   4.17e-03 100.0%
                          50.5%      49.4%       0.0%

