
===========================================================================
report_checks -path_delay max (Setup)
============================================================================
======================= Typical Corner ===================================

Startpoint: opcode[0] (input port clocked by __VIRTUAL_CLK__)
Endpoint: out[5] (output port clocked by __VIRTUAL_CLK__)
Path Group: __VIRTUAL_CLK__
Path Type: max

Fanout     Cap    Slew   Delay    Time   Description
-----------------------------------------------------------------------------
                  0.00    0.00    0.00   clock __VIRTUAL_CLK__ (rise edge)
                          0.00    0.00   clock network delay (ideal)
                          2.00    2.00 v input external delay
     5    0.01    0.03    0.02    2.02 v opcode[0] (in)
                                         opcode[0] (net)
                  0.03    0.00    2.02 v _222_/A_N (sky130_fd_sc_hd__nand3b_2)
     8    0.03    0.19    0.31    2.33 v _222_/Y (sky130_fd_sc_hd__nand3b_2)
                                         _150_ (net)
                  0.19    0.00    2.33 v _234_/C (sky130_fd_sc_hd__and3_2)
     2    0.01    0.05    0.30    2.63 v _234_/X (sky130_fd_sc_hd__and3_2)
                                         _001_ (net)
                  0.05    0.00    2.63 v _236_/A1 (sky130_fd_sc_hd__o21a_2)
     4    0.01    0.06    0.25    2.88 v _236_/X (sky130_fd_sc_hd__o21a_2)
                                         _003_ (net)
                  0.06    0.00    2.88 v _239_/B1 (sky130_fd_sc_hd__a211oi_2)
     3    0.01    0.24    0.27    3.15 ^ _239_/Y (sky130_fd_sc_hd__a211oi_2)
                                         _006_ (net)
                  0.24    0.00    3.15 ^ _241_/A2 (sky130_fd_sc_hd__o21ai_2)
     5    0.02    0.09    0.13    3.28 v _241_/Y (sky130_fd_sc_hd__o21ai_2)
                                         _008_ (net)
                  0.09    0.00    3.28 v _248_/A2 (sky130_fd_sc_hd__a311o_2)
     5    0.02    0.09    0.45    3.73 v _248_/X (sky130_fd_sc_hd__a311o_2)
                                         _015_ (net)
                  0.09    0.00    3.73 v _249_/C (sky130_fd_sc_hd__and3_2)
     1    0.00    0.03    0.23    3.96 v _249_/X (sky130_fd_sc_hd__and3_2)
                                         _016_ (net)
                  0.03    0.00    3.96 v _253_/A (sky130_fd_sc_hd__or3_2)
     1    0.00    0.08    0.50    4.45 v _253_/X (sky130_fd_sc_hd__or3_2)
                                         _020_ (net)
                  0.08    0.00    4.45 v _254_/B2 (sky130_fd_sc_hd__a22oi_2)
     1    0.04    0.46    0.43    4.88 ^ _254_/Y (sky130_fd_sc_hd__a22oi_2)
                                         out[5] (net)
                  0.46    0.00    4.88 ^ out[5] (out)
                                  4.88   data arrival time

                  0.00   10.00   10.00   clock __VIRTUAL_CLK__ (rise edge)
                          0.00   10.00   clock network delay (ideal)
                         -0.25    9.75   clock uncertainty
                          0.00    9.75   clock reconvergence pessimism
                         -2.00    7.75   output external delay
                                  7.75   data required time
-----------------------------------------------------------------------------
                                  7.75   data required time
                                 -4.88   data arrival time
-----------------------------------------------------------------------------
                                  2.87   slack (MET)


Startpoint: opcode[0] (input port clocked by __VIRTUAL_CLK__)
Endpoint: out[6] (output port clocked by __VIRTUAL_CLK__)
Path Group: __VIRTUAL_CLK__
Path Type: max

Fanout     Cap    Slew   Delay    Time   Description
-----------------------------------------------------------------------------
                  0.00    0.00    0.00   clock __VIRTUAL_CLK__ (rise edge)
                          0.00    0.00   clock network delay (ideal)
                          2.00    2.00 v input external delay
     5    0.01    0.03    0.02    2.02 v opcode[0] (in)
                                         opcode[0] (net)
                  0.03    0.00    2.02 v _222_/A_N (sky130_fd_sc_hd__nand3b_2)
     8    0.03    0.19    0.31    2.33 v _222_/Y (sky130_fd_sc_hd__nand3b_2)
                                         _150_ (net)
                  0.19    0.00    2.33 v _234_/C (sky130_fd_sc_hd__and3_2)
     2    0.01    0.05    0.30    2.63 v _234_/X (sky130_fd_sc_hd__and3_2)
                                         _001_ (net)
                  0.05    0.00    2.63 v _236_/A1 (sky130_fd_sc_hd__o21a_2)
     4    0.01    0.06    0.25    2.88 v _236_/X (sky130_fd_sc_hd__o21a_2)
                                         _003_ (net)
                  0.06    0.00    2.88 v _239_/B1 (sky130_fd_sc_hd__a211oi_2)
     3    0.01    0.24    0.27    3.15 ^ _239_/Y (sky130_fd_sc_hd__a211oi_2)
                                         _006_ (net)
                  0.24    0.00    3.15 ^ _241_/A2 (sky130_fd_sc_hd__o21ai_2)
     5    0.02    0.09    0.13    3.28 v _241_/Y (sky130_fd_sc_hd__o21ai_2)
                                         _008_ (net)
                  0.09    0.00    3.28 v _248_/A2 (sky130_fd_sc_hd__a311o_2)
     5    0.02    0.09    0.45    3.73 v _248_/X (sky130_fd_sc_hd__a311o_2)
                                         _015_ (net)
                  0.09    0.00    3.73 v _261_/A3 (sky130_fd_sc_hd__a31o_2)
     1    0.00    0.04    0.27    4.00 v _261_/X (sky130_fd_sc_hd__a31o_2)
                                         _027_ (net)
                  0.04    0.00    4.00 v _262_/A2 (sky130_fd_sc_hd__a21o_2)
     1    0.00    0.03    0.20    4.20 v _262_/X (sky130_fd_sc_hd__a21o_2)
                                         _028_ (net)
                  0.03    0.00    4.20 v _263_/B (sky130_fd_sc_hd__or2_2)
     1    0.00    0.06    0.29    4.49 v _263_/X (sky130_fd_sc_hd__or2_2)
                                         _029_ (net)
                  0.06    0.00    4.49 v _274_/B1 (sky130_fd_sc_hd__a22oi_2)
     1    0.04    0.46    0.39    4.88 ^ _274_/Y (sky130_fd_sc_hd__a22oi_2)
                                         out[6] (net)
                  0.46    0.00    4.88 ^ out[6] (out)
                                  4.88   data arrival time

                  0.00   10.00   10.00   clock __VIRTUAL_CLK__ (rise edge)
                          0.00   10.00   clock network delay (ideal)
                         -0.25    9.75   clock uncertainty
                          0.00    9.75   clock reconvergence pessimism
                         -2.00    7.75   output external delay
                                  7.75   data required time
-----------------------------------------------------------------------------
                                  7.75   data required time
                                 -4.88   data arrival time
-----------------------------------------------------------------------------
                                  2.87   slack (MET)


Startpoint: B[1] (input port clocked by __VIRTUAL_CLK__)
Endpoint: out[7] (output port clocked by __VIRTUAL_CLK__)
Path Group: __VIRTUAL_CLK__
Path Type: max

Fanout     Cap    Slew   Delay    Time   Description
-----------------------------------------------------------------------------
                  0.00    0.00    0.00   clock __VIRTUAL_CLK__ (rise edge)
                          0.00    0.00   clock network delay (ideal)
                          2.00    2.00 v input external delay
     3    0.01    0.02    0.01    2.01 v B[1] (in)
                                         B[1] (net)
                  0.02    0.00    2.01 v _169_/A (sky130_fd_sc_hd__buf_1)
    10    0.03    0.20    0.22    2.24 v _169_/X (sky130_fd_sc_hd__buf_1)
                                         _097_ (net)
                  0.20    0.00    2.24 v _223_/A2 (sky130_fd_sc_hd__o41a_2)
     3    0.02    0.10    0.60    2.84 v _223_/X (sky130_fd_sc_hd__o41a_2)
                                         _151_ (net)
                  0.10    0.00    2.84 v _229_/B (sky130_fd_sc_hd__xnor2_2)
     2    0.01    0.05    0.16    3.00 v _229_/Y (sky130_fd_sc_hd__xnor2_2)
                                         _157_ (net)
                  0.05    0.00    3.00 v _246_/B (sky130_fd_sc_hd__or2_2)
     1    0.00    0.06    0.29    3.29 v _246_/X (sky130_fd_sc_hd__or2_2)
                                         _013_ (net)
                  0.06    0.00    3.29 v _247_/B (sky130_fd_sc_hd__nand2_2)
     2    0.01    0.06    0.08    3.38 ^ _247_/Y (sky130_fd_sc_hd__nand2_2)
                                         _014_ (net)
                  0.06    0.00    3.38 ^ _248_/C1 (sky130_fd_sc_hd__a311o_2)
     5    0.02    0.11    0.17    3.54 ^ _248_/X (sky130_fd_sc_hd__a311o_2)
                                         _015_ (net)
                  0.11    0.00    3.54 ^ _260_/A3 (sky130_fd_sc_hd__a311oi_2)
     3    0.01    0.10    0.14    3.68 v _260_/Y (sky130_fd_sc_hd__a311oi_2)
                                         _026_ (net)
                  0.10    0.00    3.68 v _281_/B (sky130_fd_sc_hd__or3_2)
     1    0.00    0.07    0.47    4.15 v _281_/X (sky130_fd_sc_hd__or3_2)
                                         _046_ (net)
                  0.07    0.00    4.15 v _282_/C (sky130_fd_sc_hd__and3_2)
     1    0.00    0.04    0.22    4.38 v _282_/X (sky130_fd_sc_hd__and3_2)
                                         _047_ (net)
                  0.04    0.00    4.38 v _289_/A2 (sky130_fd_sc_hd__o31a_2)
     1    0.04    0.12    0.43    4.81 v _289_/X (sky130_fd_sc_hd__o31a_2)
                                         out[7] (net)
                  0.12    0.00    4.81 v out[7] (out)
                                  4.81   data arrival time

                  0.00   10.00   10.00   clock __VIRTUAL_CLK__ (rise edge)
                          0.00   10.00   clock network delay (ideal)
                         -0.25    9.75   clock uncertainty
                          0.00    9.75   clock reconvergence pessimism
                         -2.00    7.75   output external delay
                                  7.75   data required time
-----------------------------------------------------------------------------
                                  7.75   data required time
                                 -4.81   data arrival time
-----------------------------------------------------------------------------
                                  2.94   slack (MET)


Startpoint: B[1] (input port clocked by __VIRTUAL_CLK__)
Endpoint: out[4] (output port clocked by __VIRTUAL_CLK__)
Path Group: __VIRTUAL_CLK__
Path Type: max

Fanout     Cap    Slew   Delay    Time   Description
-----------------------------------------------------------------------------
                  0.00    0.00    0.00   clock __VIRTUAL_CLK__ (rise edge)
                          0.00    0.00   clock network delay (ideal)
                          2.00    2.00 ^ input external delay
     3    0.01    0.04    0.03    2.03 ^ B[1] (in)
                                         B[1] (net)
                  0.04    0.00    2.03 ^ _169_/A (sky130_fd_sc_hd__buf_1)
    10    0.04    0.44    0.38    2.40 ^ _169_/X (sky130_fd_sc_hd__buf_1)
                                         _097_ (net)
                  0.44    0.00    2.40 ^ _170_/A1 (sky130_fd_sc_hd__a22oi_2)
     2    0.00    0.10    0.15    2.56 v _170_/Y (sky130_fd_sc_hd__a22oi_2)
                                         _098_ (net)
                  0.10    0.00    2.56 v _172_/B_N (sky130_fd_sc_hd__and4bb_2)
     3    0.01    0.10    0.38    2.93 ^ _172_/X (sky130_fd_sc_hd__and4bb_2)
                                         _100_ (net)
                  0.10    0.00    2.93 ^ _185_/A (sky130_fd_sc_hd__nor2_2)
     2    0.01    0.04    0.07    3.00 v _185_/Y (sky130_fd_sc_hd__nor2_2)
                                         _113_ (net)
                  0.04    0.00    3.00 v _191_/A (sky130_fd_sc_hd__xnor2_2)
     2    0.01    0.20    0.21    3.22 ^ _191_/Y (sky130_fd_sc_hd__xnor2_2)
                                         _119_ (net)
                  0.20    0.00    3.22 ^ _193_/A3 (sky130_fd_sc_hd__a31o_2)
     2    0.01    0.10    0.24    3.46 ^ _193_/X (sky130_fd_sc_hd__a31o_2)
                                         _121_ (net)
                  0.10    0.00    3.46 ^ _194_/B (sky130_fd_sc_hd__xor2_2)
     2    0.01    0.22    0.23    3.69 ^ _194_/X (sky130_fd_sc_hd__xor2_2)
                                         _122_ (net)
                  0.22    0.00    3.69 ^ _321_/A (sky130_fd_sc_hd__xor2_2)
     1    0.01    0.15    0.20    3.89 ^ _321_/X (sky130_fd_sc_hd__xor2_2)
                                         _081_ (net)
                  0.15    0.00    3.89 ^ _328_/A2 (sky130_fd_sc_hd__a21oi_2)
     1    0.00    0.09    0.08    3.97 v _328_/Y (sky130_fd_sc_hd__a21oi_2)
                                         _088_ (net)
                  0.09    0.00    3.97 v _329_/B1 (sky130_fd_sc_hd__a21oi_2)
     1    0.04    0.43    0.38    4.35 ^ _329_/Y (sky130_fd_sc_hd__a21oi_2)
                                         out[4] (net)
                  0.43    0.00    4.35 ^ out[4] (out)
                                  4.35   data arrival time

                  0.00   10.00   10.00   clock __VIRTUAL_CLK__ (rise edge)
                          0.00   10.00   clock network delay (ideal)
                         -0.25    9.75   clock uncertainty
                          0.00    9.75   clock reconvergence pessimism
                         -2.00    7.75   output external delay
                                  7.75   data required time
-----------------------------------------------------------------------------
                                  7.75   data required time
                                 -4.35   data arrival time
-----------------------------------------------------------------------------
                                  3.40   slack (MET)


Startpoint: A[2] (input port clocked by __VIRTUAL_CLK__)
Endpoint: out[3] (output port clocked by __VIRTUAL_CLK__)
Path Group: __VIRTUAL_CLK__
Path Type: max

Fanout     Cap    Slew   Delay    Time   Description
-----------------------------------------------------------------------------
                  0.00    0.00    0.00   clock __VIRTUAL_CLK__ (rise edge)
                          0.00    0.00   clock network delay (ideal)
                          2.00    2.00 ^ input external delay
     4    0.01    0.07    0.05    2.05 ^ A[2] (in)
                                         A[2] (net)
                  0.07    0.00    2.05 ^ _173_/A (sky130_fd_sc_hd__buf_1)
    10    0.04    0.48    0.41    2.46 ^ _173_/X (sky130_fd_sc_hd__buf_1)
                                         _101_ (net)
                  0.48    0.00    2.46 ^ _189_/B (sky130_fd_sc_hd__and3_2)
     2    0.01    0.07    0.30    2.76 ^ _189_/X (sky130_fd_sc_hd__and3_2)
                                         _117_ (net)
                  0.07    0.00    2.76 ^ _196_/A_N (sky130_fd_sc_hd__and2b_2)
     1    0.01    0.05    0.24    3.00 v _196_/X (sky130_fd_sc_hd__and2b_2)
                                         _124_ (net)
                  0.05    0.00    3.00 v _197_/B (sky130_fd_sc_hd__xnor2_2)
     2    0.00    0.05    0.13    3.13 v _197_/Y (sky130_fd_sc_hd__xnor2_2)
                                         _125_ (net)
                  0.05    0.00    3.13 v _198_/D (sky130_fd_sc_hd__and4_2)
     3    0.01    0.06    0.26    3.39 v _198_/X (sky130_fd_sc_hd__and4_2)
                                         _126_ (net)
                  0.06    0.00    3.39 v _201_/A (sky130_fd_sc_hd__and2_2)
     3    0.02    0.07    0.22    3.61 v _201_/X (sky130_fd_sc_hd__and2_2)
                                         _129_ (net)
                  0.07    0.00    3.61 v _319_/A1 (sky130_fd_sc_hd__o21ba_2)
     1    0.00    0.04    0.23    3.84 v _319_/X (sky130_fd_sc_hd__o21ba_2)
                                         _080_ (net)
                  0.04    0.00    3.84 v _320_/B1 (sky130_fd_sc_hd__a21oi_2)
     1    0.04    0.45    0.37    4.21 ^ _320_/Y (sky130_fd_sc_hd__a21oi_2)
                                         out[3] (net)
                  0.45    0.00    4.21 ^ out[3] (out)
                                  4.21   data arrival time

                  0.00   10.00   10.00   clock __VIRTUAL_CLK__ (rise edge)
                          0.00   10.00   clock network delay (ideal)
                         -0.25    9.75   clock uncertainty
                          0.00    9.75   clock reconvergence pessimism
                         -2.00    7.75   output external delay
                                  7.75   data required time
-----------------------------------------------------------------------------
                                  7.75   data required time
                                 -4.21   data arrival time
-----------------------------------------------------------------------------
                                  3.54   slack (MET)


Startpoint: opcode[0] (input port clocked by __VIRTUAL_CLK__)
Endpoint: out[1] (output port clocked by __VIRTUAL_CLK__)
Path Group: __VIRTUAL_CLK__
Path Type: max

Fanout     Cap    Slew   Delay    Time   Description
-----------------------------------------------------------------------------
                  0.00    0.00    0.00   clock __VIRTUAL_CLK__ (rise edge)
                          0.00    0.00   clock network delay (ideal)
                          2.00    2.00 v input external delay
     5    0.01    0.03    0.02    2.02 v opcode[0] (in)
                                         opcode[0] (net)
                  0.03    0.00    2.02 v _222_/A_N (sky130_fd_sc_hd__nand3b_2)
     8    0.03    0.19    0.31    2.33 v _222_/Y (sky130_fd_sc_hd__nand3b_2)
                                         _150_ (net)
                  0.19    0.00    2.33 v _234_/C (sky130_fd_sc_hd__and3_2)
     2    0.01    0.05    0.30    2.63 v _234_/X (sky130_fd_sc_hd__and3_2)
                                         _001_ (net)
                  0.05    0.00    2.63 v _236_/A1 (sky130_fd_sc_hd__o21a_2)
     4    0.01    0.06    0.25    2.88 v _236_/X (sky130_fd_sc_hd__o21a_2)
                                         _003_ (net)
                  0.06    0.00    2.88 v _239_/B1 (sky130_fd_sc_hd__a211oi_2)
     3    0.01    0.24    0.27    3.15 ^ _239_/Y (sky130_fd_sc_hd__a211oi_2)
                                         _006_ (net)
                  0.24    0.00    3.15 ^ _300_/A (sky130_fd_sc_hd__or3_2)
     1    0.00    0.03    0.17    3.32 ^ _300_/X (sky130_fd_sc_hd__or3_2)
                                         _063_ (net)
                  0.03    0.00    3.32 ^ _301_/C_N (sky130_fd_sc_hd__or3b_2)
     1    0.00    0.07    0.44    3.76 v _301_/X (sky130_fd_sc_hd__or3b_2)
                                         _064_ (net)
                  0.07    0.00    3.76 v _302_/B2 (sky130_fd_sc_hd__o2bb2a_2)
     1    0.03    0.12    0.36    4.12 v _302_/X (sky130_fd_sc_hd__o2bb2a_2)
                                         out[1] (net)
                  0.12    0.00    4.12 v out[1] (out)
                                  4.12   data arrival time

                  0.00   10.00   10.00   clock __VIRTUAL_CLK__ (rise edge)
                          0.00   10.00   clock network delay (ideal)
                         -0.25    9.75   clock uncertainty
                          0.00    9.75   clock reconvergence pessimism
                         -2.00    7.75   output external delay
                                  7.75   data required time
-----------------------------------------------------------------------------
                                  7.75   data required time
                                 -4.12   data arrival time
-----------------------------------------------------------------------------
                                  3.63   slack (MET)


Startpoint: A[2] (input port clocked by __VIRTUAL_CLK__)
Endpoint: out[2] (output port clocked by __VIRTUAL_CLK__)
Path Group: __VIRTUAL_CLK__
Path Type: max

Fanout     Cap    Slew   Delay    Time   Description
-----------------------------------------------------------------------------
                  0.00    0.00    0.00   clock __VIRTUAL_CLK__ (rise edge)
                          0.00    0.00   clock network delay (ideal)
                          2.00    2.00 ^ input external delay
     4    0.01    0.07    0.05    2.05 ^ A[2] (in)
                                         A[2] (net)
                  0.07    0.00    2.05 ^ _173_/A (sky130_fd_sc_hd__buf_1)
    10    0.04    0.48    0.41    2.46 ^ _173_/X (sky130_fd_sc_hd__buf_1)
                                         _101_ (net)
                  0.48    0.00    2.46 ^ _189_/B (sky130_fd_sc_hd__and3_2)
     2    0.01    0.07    0.30    2.76 ^ _189_/X (sky130_fd_sc_hd__and3_2)
                                         _117_ (net)
                  0.07    0.00    2.76 ^ _196_/A_N (sky130_fd_sc_hd__and2b_2)
     1    0.01    0.05    0.24    3.00 v _196_/X (sky130_fd_sc_hd__and2b_2)
                                         _124_ (net)
                  0.05    0.00    3.00 v _197_/B (sky130_fd_sc_hd__xnor2_2)
     2    0.00    0.05    0.13    3.13 v _197_/Y (sky130_fd_sc_hd__xnor2_2)
                                         _125_ (net)
                  0.05    0.00    3.13 v _303_/A (sky130_fd_sc_hd__or2b_2)
     1    0.00    0.05    0.29    3.42 v _303_/X (sky130_fd_sc_hd__or2b_2)
                                         _065_ (net)
                  0.05    0.00    3.42 v _304_/C (sky130_fd_sc_hd__and3b_2)
     1    0.00    0.04    0.22    3.64 v _304_/X (sky130_fd_sc_hd__and3b_2)
                                         _066_ (net)
                  0.04    0.00    3.64 v _310_/B1 (sky130_fd_sc_hd__o2bb2a_2)
     1    0.03    0.11    0.36    4.00 v _310_/X (sky130_fd_sc_hd__o2bb2a_2)
                                         out[2] (net)
                  0.11    0.00    4.00 v out[2] (out)
                                  4.00   data arrival time

                  0.00   10.00   10.00   clock __VIRTUAL_CLK__ (rise edge)
                          0.00   10.00   clock network delay (ideal)
                         -0.25    9.75   clock uncertainty
                          0.00    9.75   clock reconvergence pessimism
                         -2.00    7.75   output external delay
                                  7.75   data required time
-----------------------------------------------------------------------------
                                  7.75   data required time
                                 -4.00   data arrival time
-----------------------------------------------------------------------------
                                  3.75   slack (MET)


Startpoint: opcode[0] (input port clocked by __VIRTUAL_CLK__)
Endpoint: out[0] (output port clocked by __VIRTUAL_CLK__)
Path Group: __VIRTUAL_CLK__
Path Type: max

Fanout     Cap    Slew   Delay    Time   Description
-----------------------------------------------------------------------------
                  0.00    0.00    0.00   clock __VIRTUAL_CLK__ (rise edge)
                          0.00    0.00   clock network delay (ideal)
                          2.00    2.00 v input external delay
     5    0.01    0.03    0.02    2.02 v opcode[0] (in)
                                         opcode[0] (net)
                  0.03    0.00    2.02 v _161_/A (sky130_fd_sc_hd__or2_2)
     3    0.01    0.08    0.33    2.35 v _161_/X (sky130_fd_sc_hd__or2_2)
                                         _089_ (net)
                  0.08    0.00    2.35 v _250_/C (sky130_fd_sc_hd__and3_2)
     4    0.02    0.07    0.27    2.62 v _250_/X (sky130_fd_sc_hd__and3_2)
                                         _017_ (net)
                  0.07    0.00    2.62 v _251_/A (sky130_fd_sc_hd__inv_2)
     5    0.02    0.09    0.10    2.72 ^ _251_/Y (sky130_fd_sc_hd__inv_2)
                                         _018_ (net)
                  0.09    0.00    2.72 ^ _290_/B1 (sky130_fd_sc_hd__a22oi_2)
     1    0.00    0.10    0.05    2.78 v _290_/Y (sky130_fd_sc_hd__a22oi_2)
                                         _054_ (net)
                  0.10    0.00    2.78 v _292_/A2 (sky130_fd_sc_hd__o32a_2)
     1    0.00    0.05    0.39    3.17 v _292_/X (sky130_fd_sc_hd__o32a_2)
                                         _056_ (net)
                  0.05    0.00    3.17 v _293_/B1 (sky130_fd_sc_hd__a21o_2)
     1    0.03    0.11    0.28    3.45 v _293_/X (sky130_fd_sc_hd__a21o_2)
                                         out[0] (net)
                  0.11    0.00    3.45 v out[0] (out)
                                  3.45   data arrival time

                  0.00   10.00   10.00   clock __VIRTUAL_CLK__ (rise edge)
                          0.00   10.00   clock network delay (ideal)
                         -0.25    9.75   clock uncertainty
                          0.00    9.75   clock reconvergence pessimism
                         -2.00    7.75   output external delay
                                  7.75   data required time
-----------------------------------------------------------------------------
                                  7.75   data required time
                                 -3.45   data arrival time
-----------------------------------------------------------------------------
                                  4.30   slack (MET)



worst slack corner Typical: 2.8682
