Sun Apr 27 19:58:19 +0000 2025 - Executing "{openroad -exit -no_init -python /openlane/scripts/odbpy/lefutil.py get_metal_layers -o /openlane/designs/twos_complement/runs/RUN_2025.04.27_19.58.19/tmp/layers.list /root/.volare/sky130A/libs.ref/sky130_fd_sc_hd/techlef/sky130_fd_sc_hd__nom.tlef}"

Sun Apr 27 19:58:19 +0000 2025 - Executing "{/openlane/scripts/mergeLef.py -o /openlane/designs/twos_complement/runs/RUN_2025.04.27_19.58.19/tmp/merged.nom.lef -i /root/.volare/sky130A/libs.ref/sky130_fd_sc_hd/techlef/sky130_fd_sc_hd__nom.tlef {/root/.volare/sky130A/libs.ref/sky130_fd_sc_hd/lef/sky130_ef_sc_hd.lef /root/.volare/sky130A/libs.ref/sky130_fd_sc_hd/lef/sky130_fd_sc_hd.lef} |& tee /dev/null}"

Sun Apr 27 19:58:19 +0000 2025 - Executing "{/openlane/scripts/mergeLef.py -o /openlane/designs/twos_complement/runs/RUN_2025.04.27_19.58.19/tmp/merged.min.lef -i /root/.volare/sky130A/libs.ref/sky130_fd_sc_hd/techlef/sky130_fd_sc_hd__min.tlef {/root/.volare/sky130A/libs.ref/sky130_fd_sc_hd/lef/sky130_ef_sc_hd.lef /root/.volare/sky130A/libs.ref/sky130_fd_sc_hd/lef/sky130_fd_sc_hd.lef} |& tee /dev/null}"

Sun Apr 27 19:58:19 +0000 2025 - Executing "{/openlane/scripts/mergeLef.py -o /openlane/designs/twos_complement/runs/RUN_2025.04.27_19.58.19/tmp/merged.max.lef -i /root/.volare/sky130A/libs.ref/sky130_fd_sc_hd/techlef/sky130_fd_sc_hd__max.tlef {/root/.volare/sky130A/libs.ref/sky130_fd_sc_hd/lef/sky130_ef_sc_hd.lef /root/.volare/sky130A/libs.ref/sky130_fd_sc_hd/lef/sky130_fd_sc_hd.lef} |& tee /dev/null}"

Sun Apr 27 19:58:19 +0000 2025 - Executing "{python3 /openlane/scripts/mergeLib.py --output /openlane/designs/twos_complement/runs/RUN_2025.04.27_19.58.19/tmp/synthesis/merged.lib --name sky130A_merged /root/.volare/sky130A/libs.ref/sky130_fd_sc_hd/lib/sky130_fd_sc_hd__tt_025C_1v80.lib}"

Sun Apr 27 19:58:20 +0000 2025 - Executing "{python3 /openlane/scripts/libtrim.py --cell-file /openlane/designs/twos_complement/runs/RUN_2025.04.27_19.58.19/tmp/synthesis/trimmed.lib.exclude.list --output /openlane/designs/twos_complement/runs/RUN_2025.04.27_19.58.19/tmp/synthesis/trimmed.lib /openlane/designs/twos_complement/runs/RUN_2025.04.27_19.58.19/tmp/synthesis/merged.lib}"

Sun Apr 27 19:58:20 +0000 2025 - Executing "{python3 /openlane/scripts/libtrim.py --cell-file /openlane/designs/twos_complement/runs/RUN_2025.04.27_19.58.19/tmp/cts/cts.lib.exclude.list --output /openlane/designs/twos_complement/runs/RUN_2025.04.27_19.58.19/tmp/cts/cts.lib /root/.volare/sky130A/libs.ref/sky130_fd_sc_hd/lib/sky130_fd_sc_hd__tt_025C_1v80.lib}"

Sun Apr 27 19:58:20 +0000 2025 - Executing "{python3 /openlane/scripts/libtrim.py --cell-file /openlane/designs/twos_complement/runs/RUN_2025.04.27_19.58.19/tmp/cts/cts-fastest.lib.exclude.list --output /openlane/designs/twos_complement/runs/RUN_2025.04.27_19.58.19/tmp/cts/cts-fastest.lib /root/.volare/sky130A/libs.ref/sky130_fd_sc_hd/lib/sky130_fd_sc_hd__ff_n40C_1v95.lib}"

Sun Apr 27 19:58:20 +0000 2025 - Executing "{python3 /openlane/scripts/libtrim.py --cell-file /openlane/designs/twos_complement/runs/RUN_2025.04.27_19.58.19/tmp/cts/cts-slowest.lib.exclude.list --output /openlane/designs/twos_complement/runs/RUN_2025.04.27_19.58.19/tmp/cts/cts-slowest.lib /root/.volare/sky130A/libs.ref/sky130_fd_sc_hd/lib/sky130_fd_sc_hd__ss_100C_1v60.lib}"

Sun Apr 27 19:58:20 +0000 2025 - Executing "{python3 /openlane/scripts/new_tracks.py -i /root/.volare/sky130A/libs.tech/openlane/sky130_fd_sc_hd/tracks.info -o /openlane/designs/twos_complement/runs/RUN_2025.04.27_19.58.19/tmp/routing/config.tracks}"

Sun Apr 27 19:58:20 +0000 2025 - Executing "{echo {OpenLane e73fb3c57e687a0023fcd4dcfd1566ecd478362a} > /openlane/designs/twos_complement/runs/RUN_2025.04.27_19.58.19/OPENLANE_COMMIT}"

Sun Apr 27 19:58:20 +0000 2025 - Executing "{yosys -c /openlane/scripts/yosys/blackbox.tcl}"

Sun Apr 27 19:58:21 +0000 2025 - Executing "{verilator -Wall --lint-only --Wno-DECLFILENAME --top-module twos_complement /openlane/designs/twos_complement/runs/RUN_2025.04.27_19.58.19/tmp/synthesis/blackbox/sky130_fd_sc_hd__blackbox.v /openlane/designs/twos_complement/twos_complement.v -Wno-fatal --relative-includes |& tee /openlane/designs/twos_complement/runs/RUN_2025.04.27_19.58.19/logs/synthesis/linter.log /dev/null}"

Sun Apr 27 19:58:19 +0000 2025 - Executing "{sed -E {s/^([[:space:]]+)pg_pin(.*)/\1pin\2\n\1    direction : "inout";/g} /root/.volare/sky130A/libs.ref/sky130_fd_sc_hd/lib/sky130_fd_sc_hd__tt_025C_1v80.lib > /openlane/designs/twos_complement/runs/RUN_2025.04.27_19.58.19/tmp/synthesis/1-sky130_fd_sc_hd__tt_025C_1v80.no_pg.lib}"

Sun Apr 27 19:58:19 +0000 2025 - Executing "{sed -E {s/^([[:space:]]+)pg_pin(.*)/\1pin\2\n\1    direction : "inout";/g} /openlane/designs/twos_complement/runs/RUN_2025.04.27_19.58.19/tmp/synthesis/trimmed.lib > /openlane/designs/twos_complement/runs/RUN_2025.04.27_19.58.19/tmp/synthesis/1-trimmed.no_pg.lib}"

Sun Apr 27 19:58:19 +0000 2025 - Executing "yosys -c /openlane/scripts/yosys/synth.tcl |& tee /dev/null /openlane/designs/twos_complement/runs/RUN_2025.04.27_19.58.19/logs/synthesis/1-synthesis.log"

Sun Apr 27 19:58:19 +0000 2025 - Executing "{yosys -c /openlane/scripts/yosys/synth.tcl |& tee /dev/null /openlane/designs/twos_complement/runs/RUN_2025.04.27_19.58.19/logs/synthesis/1-synthesis.log}"

Sun Apr 27 19:58:19 +0000 2025 - Executing "{sed -i.bak -e {s/\(set ::env(CURRENT_NETLIST)\).*/\1 \/openlane\/designs\/twos_complement\/runs\/RUN_2025.04.27_19.58.19\/results\/synthesis\/twos_complement.v/} /openlane/designs/twos_complement/runs/RUN_2025.04.27_19.58.19/config.tcl}"

Sun Apr 27 19:58:19 +0000 2025 - Executing "{sed -i.bak /defparam/d /openlane/designs/twos_complement/runs/RUN_2025.04.27_19.58.19/results/synthesis/twos_complement.v}"

Sun Apr 27 19:58:19 +0000 2025 - Executing "sta -exit -no_init /openlane/scripts/openroad/sta/multi_corner.tcl |& tee /dev/null /openlane/designs/twos_complement/runs/RUN_2025.04.27_19.58.19/logs/synthesis/2-sta.log"

Sun Apr 27 19:58:19 +0000 2025 - Executing "{sta -exit -no_init /openlane/scripts/openroad/sta/multi_corner.tcl |& tee /dev/null /openlane/designs/twos_complement/runs/RUN_2025.04.27_19.58.19/logs/synthesis/2-sta.log}"

Sun Apr 27 19:58:20 +0000 2025 - Executing "openroad -exit /openlane/scripts/openroad/floorplan.tcl |& tee /dev/null /openlane/designs/twos_complement/runs/RUN_2025.04.27_19.58.19/logs/floorplan/3-initial_fp.log"

Sun Apr 27 19:58:20 +0000 2025 - Executing "{openroad -exit /openlane/scripts/openroad/floorplan.tcl |& tee /dev/null /openlane/designs/twos_complement/runs/RUN_2025.04.27_19.58.19/logs/floorplan/3-initial_fp.log}"

Sun Apr 27 19:58:20 +0000 2025 - Executing "{openroad -exit -no_init -python /openlane/scripts/odbpy/snap_to_grid.py --output /openlane/designs/twos_complement/runs/RUN_2025.04.27_19.58.19/tmp/floorplan/3-minimized_pdn.txt --input-lef /openlane/designs/twos_complement/runs/RUN_2025.04.27_19.58.19/tmp/merged.nom.lef 1.38 1.36 2.76 2.72}"

Sun Apr 27 19:58:21 +0000 2025 - Executing "{openroad -exit -no_init -python /openlane/scripts/odbpy/defutil.py extract_core_dims --output-data /openlane/designs/twos_complement/runs/RUN_2025.04.27_19.58.19/tmp/dimensions.txt --input-lef /openlane/designs/twos_complement/runs/RUN_2025.04.27_19.58.19/tmp/merged.nom.lef /openlane/designs/twos_complement/runs/RUN_2025.04.27_19.58.19/tmp/floorplan/3-initial_fp.def}"

Sun Apr 27 19:58:21 +0000 2025 - Executing "openroad -exit /openlane/scripts/openroad/ioplacer.tcl |& tee /dev/null /openlane/designs/twos_complement/runs/RUN_2025.04.27_19.58.19/logs/floorplan/4-io.log"

Sun Apr 27 19:58:21 +0000 2025 - Executing "{openroad -exit /openlane/scripts/openroad/ioplacer.tcl |& tee /dev/null /openlane/designs/twos_complement/runs/RUN_2025.04.27_19.58.19/logs/floorplan/4-io.log}"

Sun Apr 27 19:58:21 +0000 2025 - Executing "openroad -exit /openlane/scripts/openroad/tapcell.tcl |& tee /dev/null /openlane/designs/twos_complement/runs/RUN_2025.04.27_19.58.19/logs/floorplan/5-tap.log"

Sun Apr 27 19:58:21 +0000 2025 - Executing "{openroad -exit /openlane/scripts/openroad/tapcell.tcl |& tee /dev/null /openlane/designs/twos_complement/runs/RUN_2025.04.27_19.58.19/logs/floorplan/5-tap.log}"

Sun Apr 27 19:58:22 +0000 2025 - Executing "openroad -exit /openlane/scripts/openroad/pdn.tcl |& tee /dev/null /openlane/designs/twos_complement/runs/RUN_2025.04.27_19.58.19/logs/floorplan/6-pdn.log"

Sun Apr 27 19:58:22 +0000 2025 - Executing "{openroad -exit /openlane/scripts/openroad/pdn.tcl |& tee /dev/null /openlane/designs/twos_complement/runs/RUN_2025.04.27_19.58.19/logs/floorplan/6-pdn.log}"

Sun Apr 27 19:58:22 +0000 2025 - Executing "{python3 /openlane/scripts/write_runtime.py --conclude --seconds --time-in 1745783902 {flow failed}}"

Sun Apr 27 19:58:22 +0000 2025 - Executing "{python3 /openlane/scripts/generate_reports.py -d /openlane/designs/twos_complement --design_name twos_complement --tag RUN_2025.04.27_19.58.19 --output_file /openlane/designs/twos_complement/runs/RUN_2025.04.27_19.58.19/reports/metrics.csv --man_report /openlane/designs/twos_complement/runs/RUN_2025.04.27_19.58.19/reports/manufacturability.rpt --run_path /openlane/designs/twos_complement/runs/RUN_2025.04.27_19.58.19}"

