
65. Printing statistics.

=== register_alu ===

   Number of wires:               4849
   Number of wire bits:           4986
   Number of public wires:        1034
   Number of public wire bits:    1171
   Number of memories:               0
   Number of memory bits:            0
   Number of processes:              0
   Number of cells:               4935
     sky130_fd_sc_hd__a2111o_2       1
     sky130_fd_sc_hd__a2111oi_2      1
     sky130_fd_sc_hd__a211o_2       11
     sky130_fd_sc_hd__a21bo_2        2
     sky130_fd_sc_hd__a21boi_2       1
     sky130_fd_sc_hd__a21o_2        56
     sky130_fd_sc_hd__a21oi_2       39
     sky130_fd_sc_hd__a221o_2       16
     sky130_fd_sc_hd__a221oi_2       1
     sky130_fd_sc_hd__a22o_2         3
     sky130_fd_sc_hd__a2bb2o_2      16
     sky130_fd_sc_hd__a311o_2        1
     sky130_fd_sc_hd__a311oi_2       2
     sky130_fd_sc_hd__a31o_2        20
     sky130_fd_sc_hd__a32o_2         5
     sky130_fd_sc_hd__a41o_2         2
     sky130_fd_sc_hd__and2_2        21
     sky130_fd_sc_hd__and2b_2        4
     sky130_fd_sc_hd__and3_2         8
     sky130_fd_sc_hd__and3b_2        4
     sky130_fd_sc_hd__and4_2         1
     sky130_fd_sc_hd__and4b_2        1
     sky130_fd_sc_hd__buf_1       1425
     sky130_fd_sc_hd__dfxtp_2     1024
     sky130_fd_sc_hd__inv_2         56
     sky130_fd_sc_hd__mux2_2      1247
     sky130_fd_sc_hd__mux4_2       532
     sky130_fd_sc_hd__nand2_2       73
     sky130_fd_sc_hd__nand2b_2       2
     sky130_fd_sc_hd__nand3_2        7
     sky130_fd_sc_hd__nand3b_2       1
     sky130_fd_sc_hd__nand4_2        2
     sky130_fd_sc_hd__nor2_2        62
     sky130_fd_sc_hd__nor2b_2        2
     sky130_fd_sc_hd__nor3_2         1
     sky130_fd_sc_hd__nor4_2         3
     sky130_fd_sc_hd__o211a_2       32
     sky130_fd_sc_hd__o211ai_2       2
     sky130_fd_sc_hd__o21a_2        39
     sky130_fd_sc_hd__o21ai_2       36
     sky130_fd_sc_hd__o21ba_2        1
     sky130_fd_sc_hd__o21bai_2       2
     sky130_fd_sc_hd__o221a_2        8
     sky130_fd_sc_hd__o22a_2        14
     sky130_fd_sc_hd__o2bb2a_2       8
     sky130_fd_sc_hd__o311ai_2       1
     sky130_fd_sc_hd__o31a_2         6
     sky130_fd_sc_hd__o31ai_2        4
     sky130_fd_sc_hd__o41a_2         2
     sky130_fd_sc_hd__or2_2         53
     sky130_fd_sc_hd__or2b_2         5
     sky130_fd_sc_hd__or3_2          8
     sky130_fd_sc_hd__or3b_2         5
     sky130_fd_sc_hd__or4_2          4
     sky130_fd_sc_hd__or4b_2         1
     sky130_fd_sc_hd__xnor2_2       41
     sky130_fd_sc_hd__xor2_2        10

   Chip area for module '\register_alu': 59273.097600

