
===========================================================================
report_checks -unconstrained
===========================================================================
======================= Typical Corner ===================================

Startpoint: _8276_ (rising edge-triggered flip-flop clocked by core_clock)
Endpoint: _8276_ (rising edge-triggered flip-flop clocked by core_clock)
Path Group: core_clock
Path Type: max

Fanout     Cap    Slew   Delay    Time   Description
-----------------------------------------------------------------------------
                  0.00    0.00    0.00   clock core_clock (rise edge)
                          0.00    0.00   clock network delay (ideal)
                  0.00    0.00    0.00 ^ _8276_/CLK (sky130_fd_sc_hd__dfxtp_2)
     3    0.01    0.03    0.29    0.29 v _8276_/Q (sky130_fd_sc_hd__dfxtp_2)
                                         rf.registers[28][0] (net)
                  0.03    0.00    0.29 v _6543_/A1 (sky130_fd_sc_hd__mux2_2)
     1    0.00    0.05    0.25    0.54 v _6543_/X (sky130_fd_sc_hd__mux2_2)
                                         _3284_ (net)
                  0.05    0.00    0.54 v _6544_/A (sky130_fd_sc_hd__buf_1)
     1    0.00    0.02    0.08    0.62 v _6544_/X (sky130_fd_sc_hd__buf_1)
                                         _0550_ (net)
                  0.02    0.00    0.62 v _8276_/D (sky130_fd_sc_hd__dfxtp_2)
                                  0.62   data arrival time

                  0.00   10.00   10.00   clock core_clock (rise edge)
                          0.00   10.00   clock network delay (ideal)
                          0.00   10.00   clock reconvergence pessimism
                                 10.00 ^ _8276_/CLK (sky130_fd_sc_hd__dfxtp_2)
                         -0.11    9.89   library setup time
                                  9.89   data required time
-----------------------------------------------------------------------------
                                  9.89   data required time
                                 -0.62   data arrival time
-----------------------------------------------------------------------------
                                  9.27   slack (MET)




===========================================================================
report_checks --slack_max -0.01
============================================================================
======================= Typical Corner ===================================

No paths found.


===========================================================================
 report_check_types -max_slew -max_cap -max_fanout -violators
============================================================================
======================= Typical Corner ===================================


max slew violations count Typical: 0
max fanout violations count Typical: 0
max cap violations count Typical: 0

===========================================================================
report_parasitic_annotation -report_unannotated
============================================================================
Found 4986 unannotated drivers.
 a1[0]
 a1[1]
 a1[2]
 a1[3]
 a1[4]
 a2[0]
 a2[1]
 a2[2]
 a2[3]
 a2[4]
 a3[0]
 a3[1]
 a3[2]
 a3[3]
 a3[4]
 clk
 opcode[0]
 opcode[1]
 wd3[0]
 wd3[10]
 wd3[11]
 wd3[12]
 wd3[13]
 wd3[14]
 wd3[15]
 wd3[16]
 wd3[17]
 wd3[18]
 wd3[19]
 wd3[1]
 wd3[20]
 wd3[21]
 wd3[22]
 wd3[23]
 wd3[24]
 wd3[25]
 wd3[26]
 wd3[27]
 wd3[28]
 wd3[29]
 wd3[2]
 wd3[30]
 wd3[31]
 wd3[3]
 wd3[4]
 wd3[5]
 wd3[6]
 wd3[7]
 wd3[8]
 wd3[9]
 we3
 _3815_/Y
 _3816_/X
 _3817_/X
 _3818_/X
 _3819_/Y
 _3820_/X
 _3821_/X
 _3822_/X
 _3823_/Y
 _3824_/X
 _3825_/X
 _3826_/X
 _3827_/Y
 _3828_/X
 _3829_/X
 _3830_/X
 _3831_/Y
 _3832_/X
 _3833_/Y
 _3834_/X
 _3835_/X
 _3836_/X
 _3837_/X
 _3838_/X
 _3839_/X
 _3840_/X
 _3841_/X
 _3842_/X
 _3843_/X
 _3844_/X
 _3845_/X
 _3846_/X
 _3847_/X
 _3848_/X
 _3849_/X
 _3850_/X
 _3851_/X
 _3852_/X
 _3853_/X
 _3854_/X
 _3855_/X
 _3856_/X
 _3857_/X
 _3858_/X
 _3859_/X
 _3860_/X
 _3861_/X
 _3862_/X
 _3863_/X
 _3864_/X
 _3865_/X
 _3866_/X
 _3867_/X
 _3868_/X
 _3869_/X
 _3870_/X
 _3871_/X
 _3872_/X
 _3873_/X
 _3874_/X
 _3875_/X
 _3876_/X
 _3877_/X
 _3878_/X
 _3879_/X
 _3880_/X
 _3881_/X
 _3882_/X
 _3883_/X
 _3884_/X
 _3885_/X
 _3886_/X
 _3887_/X
 _3888_/X
 _3889_/X
 _3890_/X
 _3891_/X
 _3892_/X
 _3893_/X
 _3894_/X
 _3895_/X
 _3896_/X
 _3897_/X
 _3898_/Y
 _3899_/X
 _3900_/X
 _3901_/X
 _3902_/X
 _3903_/X
 _3904_/X
 _3905_/X
 _3906_/Y
 _3907_/X
 _3908_/Y
 _3909_/X
 _3910_/X
 _3911_/X
 _3912_/X
 _3913_/X
 _3914_/X
 _3915_/X
 _3916_/X
 _3917_/X
 _3918_/X
 _3919_/X
 _3920_/X
 _3921_/X
 _3922_/X
 _3923_/X
 _3924_/Y
 _3925_/Y
 _3926_/X
 _3927_/X
 _3928_/X
 _3929_/X
 _3930_/X
 _3931_/X
 _3932_/X
 _3933_/X
 _3934_/X
 _3935_/X
 _3936_/X
 _3937_/X
 _3938_/X
 _3939_/X
 _3940_/X
 _3941_/X
 _3942_/X
 _3943_/X
 _3944_/X
 _3945_/X
 _3946_/X
 _3947_/X
 _3948_/Y
 _3949_/Y
 _3950_/X
 _3951_/X
 _3952_/X
 _3953_/X
 _3954_/X
 _3955_/X
 _3956_/X
 _3957_/X
 _3958_/X
 _3959_/X
 _3960_/X
 _3961_/X
 _3962_/X
 _3963_/X
 _3964_/X
 _3965_/Y
 _3966_/Y
 _3967_/X
 _3968_/X
 _3969_/X
 _3970_/X
 _3971_/X
 _3972_/X
 _3973_/X
 _3974_/X
 _3975_/X
 _3976_/X
 _3977_/Y
 _3978_/X
 _3979_/X
 _3980_/X
 _3981_/Y
 _3982_/X
 _3983_/Y
 _3984_/X
 _3985_/X
 _3986_/X
 _3987_/Y
 _3988_/X
 _3989_/X
 _3990_/X
 _3991_/Y
 _3992_/X
 _3993_/X
 _3994_/X
 _3995_/Y
 _3996_/X
 _3997_/X
 _3998_/X
 _3999_/Y
 _4000_/X
 _4001_/Y
 _4002_/X
 _4003_/X
 _4004_/X
 _4005_/X
 _4006_/X
 _4007_/X
 _4008_/X
 _4009_/X
 _4010_/X
 _4011_/X
 _4012_/X
 _4013_/X
 _4014_/X
 _4015_/X
 _4016_/X
 _4017_/X
 _4018_/X
 _4019_/X
 _4020_/X
 _4021_/X
 _4022_/X
 _4023_/X
 _4024_/X
 _4025_/X
 _4026_/X
 _4027_/X
 _4028_/X
 _4029_/X
 _4030_/X
 _4031_/X
 _4032_/X
 _4033_/X
 _4034_/X
 _4035_/X
 _4036_/X
 _4037_/X
 _4038_/X
 _4039_/X
 _4040_/X
 _4041_/X
 _4042_/X
 _4043_/X
 _4044_/X
 _4045_/X
 _4046_/X
 _4047_/X
 _4048_/X
 _4049_/X
 _4050_/X
 _4051_/X
 _4052_/X
 _4053_/X
 _4054_/X
 _4055_/X
 _4056_/X
 _4057_/X
 _4058_/X
 _4059_/X
 _4060_/X
 _4061_/X
 _4062_/X
 _4063_/X
 _4064_/X
 _4065_/X
 _4066_/X
 _4067_/X
 _4068_/X
 _4069_/X
 _4070_/X
 _4071_/X
 _4072_/X
 _4073_/X
 _4074_/X
 _4075_/X
 _4076_/X
 _4077_/X
 _4078_/X
 _4079_/X
 _4080_/X
 _4081_/X
 _4082_/X
 _4083_/X
 _4084_/X
 _4085_/X
 _4086_/X
 _4087_/X
 _4088_/X
 _4089_/X
 _4090_/X
 _4091_/X
 _4092_/X
 _4093_/X
 _4094_/X
 _4095_/X
 _4096_/X
 _4097_/X
 _4098_/X
 _4099_/X
 _4100_/X
 _4101_/X
 _4102_/X
 _4103_/X
 _4104_/X
 _4105_/X
 _4106_/X
 _4107_/X
 _4108_/X
 _4109_/X
 _4110_/X
 _4111_/X
 _4112_/X
 _4113_/X
 _4114_/X
 _4115_/X
 _4116_/X
 _4117_/X
 _4118_/X
 _4119_/X
 _4120_/X
 _4121_/X
 _4122_/X
 _4123_/X
 _4124_/X
 _4125_/X
 _4126_/X
 _4127_/X
 _4128_/X
 _4129_/X
 _4130_/X
 _4131_/X
 _4132_/X
 _4133_/X
 _4134_/X
 _4135_/X
 _4136_/X
 _4137_/X
 _4138_/X
 _4139_/X
 _4140_/X
 _4141_/X
 _4142_/X
 _4143_/X
 _4144_/X
 _4145_/X
 _4146_/X
 _4147_/X
 _4148_/X
 _4149_/X
 _4150_/X
 _4151_/X
 _4152_/X
 _4153_/X
 _4154_/X
 _4155_/X
 _4156_/X
 _4157_/X
 _4158_/X
 _4159_/X
 _4160_/X
 _4161_/X
 _4162_/X
 _4163_/X
 _4164_/X
 _4165_/X
 _4166_/X
 _4167_/X
 _4168_/X
 _4169_/X
 _4170_/X
 _4171_/X
 _4172_/X
 _4173_/X
 _4174_/X
 _4175_/X
 _4176_/X
 _4177_/X
 _4178_/X
 _4179_/X
 _4180_/X
 _4181_/Y
 _4182_/X
 _4183_/X
 _4184_/X
 _4185_/X
 _4186_/Y
 _4187_/X
 _4188_/Y
 _4189_/X
 _4190_/X
 _4191_/X
 _4192_/X
 _4193_/X
 _4194_/X
 _4195_/X
 _4196_/X
 _4197_/X
 _4198_/X
 _4199_/X
 _4200_/X
 _4201_/X
 _4202_/X
 _4203_/X
 _4204_/X
 _4205_/X
 _4206_/X
 _4207_/X
 _4208_/X
 _4209_/X
 _4210_/X
 _4211_/X
 _4212_/X
 _4213_/X
 _4214_/X
 _4215_/X
 _4216_/X
 _4217_/Y
 _4218_/X
 _4219_/X
 _4220_/X
 _4221_/Y
 _4222_/X
 _4223_/Y
 _4224_/X
 _4225_/X
 _4226_/X
 _4227_/X
 _4228_/X
 _4229_/X
 _4230_/X
 _4231_/X
 _4232_/X
 _4233_/X
 _4234_/Y
 _4235_/X
 _4236_/X
 _4237_/X
 _4238_/Y
 _4239_/X
 _4240_/Y
 _4241_/X
 _4242_/X
 _4243_/X
 _4244_/X
 _4245_/X
 _4246_/X
 _4247_/X
 _4248_/X
 _4249_/X
 _4250_/X
 _4251_/X
 _4252_/X
 _4253_/X
 _4254_/Y
 _4255_/Y
 _4256_/Y
 _4257_/X
 _4258_/X
 _4259_/X
 _4260_/X
 _4261_/X
 _4262_/X
 _4263_/X
 _4264_/Y
 _4265_/X
 _4266_/X
 _4267_/X
 _4268_/X
 _4269_/X
 _4270_/X
 _4271_/X
 _4272_/X
 _4273_/X
 _4274_/X
 _4275_/X
 _4276_/X
 _4277_/X
 _4278_/X
 _4279_/X
 _4280_/X
 _4281_/X
 _4282_/X
 _4283_/Y
 _4284_/X
 _4285_/Y
 _4286_/Y
 _4287_/X
 _4288_/X
 _4289_/X
 _4290_/X
 _4291_/X
 _4292_/X
 _4293_/X
 _4294_/X
 _4295_/X
 _4296_/X
 _4297_/X
 _4298_/X
 _4299_/X
 _4300_/X
 _4301_/X
 _4302_/Y
 _4303_/X
 _4304_/X
 _4305_/X
 _4306_/X
 _4307_/X
 _4308_/Y
 _4309_/X
 _4310_/Y
 _4311_/X
 _4312_/X
 _4313_/X
 _4314_/X
 _4315_/X
 _4316_/X
 _4317_/X
 _4318_/X
 _4319_/X
 _4320_/X
 _4321_/X
 _4322_/X
 _4323_/X
 _4324_/X
 _4325_/X
 _4326_/X
 _4327_/X
 _4328_/X
 _4329_/X
 _4330_/X
 _4331_/X
 _4332_/X
 _4333_/X
 _4334_/X
 _4335_/X
 _4336_/X
 _4337_/X
 _4338_/X
 _4339_/X
 _4340_/X
 _4341_/X
 _4342_/X
 _4343_/X
 _4344_/X
 _4345_/X
 _4346_/X
 _4347_/X
 _4348_/X
 _4349_/X
 _4350_/X
 _4351_/X
 _4352_/X
 _4353_/X
 _4354_/X
 _4355_/X
 _4356_/X
 _4357_/X
 _4358_/X
 _4359_/X
 _4360_/X
 _4361_/X
 _4362_/X
 _4363_/Y
 _4364_/X
 _4365_/X
 _4366_/X
 _4367_/Y
 _4368_/X
 _4369_/Y
 _4370_/X
 _4371_/X
 _4372_/X
 _4373_/X
 _4374_/X
 _4375_/X
 _4376_/X
 _4377_/X
 _4378_/X
 _4379_/X
 _4380_/X
 _4381_/X
 _4382_/Y
 _4383_/X
 _4384_/X
 _4385_/X
 _4386_/Y
 _4387_/X
 _4388_/Y
 _4389_/X
 _4390_/X
 _4391_/X
 _4392_/X
 _4393_/X
 _4394_/X
 _4395_/X
 _4396_/X
 _4397_/X
 _4398_/X
 _4399_/X
 _4400_/X
 _4401_/Y
 _4402_/X
 _4403_/X
 _4404_/X
 _4405_/X
 _4406_/X
 _4407_/X
 _4408_/X
 _4409_/Y
 _4410_/X
 _4411_/Y
 _4412_/X
 _4413_/X
 _4414_/X
 _4415_/X
 _4416_/X
 _4417_/X
 _4418_/X
 _4419_/X
 _4420_/X
 _4421_/X
 _4422_/X
 _4423_/X
 _4424_/X
 _4425_/X
 _4426_/X
 _4427_/X
 _4428_/X
 _4429_/X
 _4430_/X
 _4431_/X
 _4432_/X
 _4433_/X
 _4434_/X
 _4435_/X
 _4436_/X
 _4437_/X
 _4438_/X
 _4439_/X
 _4440_/X
 _4441_/X
 _4442_/X
 _4443_/X
 _4444_/Y
 _4445_/X
 _4446_/X
 _4447_/X
 _4448_/X
 _4449_/Y
 _4450_/X
 _4451_/Y
 _4452_/X
 _4453_/X
 _4454_/X
 _4455_/X
 _4456_/X
 _4457_/X
 _4458_/X
 _4459_/X
 _4460_/X
 _4461_/X
 _4462_/X
 _4463_/X
 _4464_/X
 _4465_/X
 _4466_/X
 _4467_/X
 _4468_/X
 _4469_/X
 _4470_/X
 _4471_/X
 _4472_/X
 _4473_/X
 _4474_/X
 _4475_/X
 _4476_/X
 _4477_/X
 _4478_/X
 _4479_/X
 _4480_/X
 _4481_/X
 _4482_/X
 _4483_/Y
 _4484_/Y
 _4485_/X
 _4486_/X
 _4487_/X
 _4488_/X
 _4489_/X
 _4490_/X
 _4491_/X
 _4492_/X
 _4493_/X
 _4494_/X
 _4495_/Y
 _4496_/X
 _4497_/X
 _4498_/X
 _4499_/Y
 _4500_/X
 _4501_/Y
 _4502_/X
 _4503_/X
 _4504_/X
 _4505_/X
 _4506_/X
 _4507_/X
 _4508_/X
 _4509_/X
 _4510_/X
 _4511_/X
 _4512_/X
 _4513_/X
 _4514_/X
 _4515_/X
 _4516_/X
 _4517_/X
 _4518_/Y
 _4519_/X
 _4520_/X
 _4521_/X
 _4522_/X
 _4523_/X
 _4524_/Y
 _4525_/X
 _4526_/Y
 _4527_/X
 _4528_/X
 _4529_/X
 _4530_/X
 _4531_/X
 _4532_/X
 _4533_/X
 _4534_/X
 _4535_/X
 _4536_/X
 _4537_/X
 _4538_/Y
 _4539_/X
 _4540_/X
 _4541_/X
 _4542_/X
 _4543_/X
 _4544_/Y
 _4545_/X
 _4546_/Y
 _4547_/X
 _4548_/X
 _4549_/X
 _4550_/X
 _4551_/X
 _4552_/X
 _4553_/X
 _4554_/X
 _4555_/X
 _4556_/X
 _4557_/X
 _4558_/X
 _4559_/X
 _4560_/X
 _4561_/X
 _4562_/Y
 _4563_/Y
 _4564_/X
 _4565_/X
 _4566_/X
 _4567_/X
 _4568_/X
 _4569_/X
 _4570_/X
 _4571_/X
 _4572_/X
 _4573_/X
 _4574_/Y
 _4575_/X
 _4576_/X
 _4577_/X
 _4578_/Y
 _4579_/X
 _4580_/Y
 _4581_/X
 _4582_/X
 _4583_/X
 _4584_/X
 _4585_/X
 _4586_/X
 _4587_/X
 _4588_/X
 _4589_/X
 _4590_/X
 _4591_/X
 _4592_/X
 _4593_/X
 _4594_/X
 _4595_/X
 _4596_/X
 _4597_/X
 _4598_/X
 _4599_/X
 _4600_/X
 _4601_/X
 _4602_/X
 _4603_/X
 _4604_/X
 _4605_/X
 _4606_/X
 _4607_/X
 _4608_/X
 _4609_/X
 _4610_/X
 _4611_/X
 _4612_/X
 _4613_/X
 _4614_/X
 _4615_/X
 _4616_/X
 _4617_/X
 _4618_/X
 _4619_/X
 _4620_/X
 _4621_/X
 _4622_/Y
 _4623_/X
 _4624_/X
 _4625_/X
 _4626_/Y
 _4627_/X
 _4628_/Y
 _4629_/X
 _4630_/X
 _4631_/X
 _4632_/X
 _4633_/X
 _4634_/X
 _4635_/X
 _4636_/X
 _4637_/X
 _4638_/X
 _4639_/Y
 _4640_/X
 _4641_/X
 _4642_/X
 _4643_/Y
 _4644_/X
 _4645_/Y
 _4646_/X
 _4647_/X
 _4648_/X
 _4649_/X
 _4650_/X
 _4651_/X
 _4652_/X
 _4653_/X
 _4654_/X
 _4655_/X
 _4656_/X
 _4657_/X
 _4658_/X
 _4659_/Y
 _4660_/X
 _4661_/X
 _4662_/X
 _4663_/Y
 _4664_/X
 _4665_/Y
 _4666_/X
 _4667_/X
 _4668_/X
 _4669_/X
 _4670_/X
 _4671_/X
 _4672_/X
 _4673_/X
 _4674_/X
 _4675_/X
 _4676_/X
 _4677_/X
 _4678_/X
 _4679_/X
 _4680_/X
 _4681_/X
 _4682_/X
 _4683_/X
 _4684_/X
 _4685_/X
 _4686_/X
 _4687_/X
 _4688_/X
 _4689_/X
 _4690_/X
 _4691_/X
 _4692_/X
 _4693_/X
 _4694_/X
 _4695_/X
 _4696_/X
 _4697_/X
 _4698_/X
 _4699_/X
 _4700_/X
 _4701_/X
 _4702_/X
 _4703_/X
 _4704_/X
 _4705_/X
 _4706_/X
 _4707_/X
 _4708_/X
 _4709_/X
 _4710_/X
 _4711_/X
 _4712_/X
 _4713_/X
 _4714_/X
 _4715_/X
 _4716_/X
 _4717_/X
 _4718_/X
 _4719_/X
 _4720_/X
 _4721_/X
 _4722_/X
 _4723_/X
 _4724_/X
 _4725_/X
 _4726_/X
 _4727_/X
 _4728_/X
 _4729_/X
 _4730_/X
 _4731_/X
 _4732_/X
 _4733_/X
 _4734_/X
 _4735_/X
 _4736_/X
 _4737_/X
 _4738_/X
 _4739_/Y
 _4740_/Y
 _4741_/X
 _4742_/X
 _4743_/X
 _4744_/X
 _4745_/X
 _4746_/X
 _4747_/X
 _4748_/X
 _4749_/X
 _4750_/X
 _4751_/Y
 _4752_/X
 _4753_/X
 _4754_/X
 _4755_/Y
 _4756_/X
 _4757_/Y
 _4758_/X
 _4759_/X
 _4760_/X
 _4761_/X
 _4762_/X
 _4763_/X
 _4764_/X
 _4765_/X
 _4766_/X
 _4767_/X
 _4768_/Y
 _4769_/X
 _4770_/X
 _4771_/X
 _4772_/Y
 _4773_/X
 _4774_/Y
 _4775_/X
 _4776_/X
 _4777_/X
 _4778_/X
 _4779_/X
 _4780_/X
 _4781_/X
 _4782_/X
 _4783_/X
 _4784_/X
 _4785_/Y
 _4786_/X
 _4787_/X
 _4788_/X
 _4789_/Y
 _4790_/X
 _4791_/Y
 _4792_/X
 _4793_/X
 _4794_/X
 _4795_/X
 _4796_/X
 _4797_/X
 _4798_/X
 _4799_/X
 _4800_/X
 _4801_/X
 _4802_/X
 _4803_/X
 _4804_/X
 _4805_/X
 _4806_/X
 _4807_/X
 _4808_/X
 _4809_/X
 _4810_/X
 _4811_/X
 _4812_/X
 _4813_/X
 _4814_/X
 _4815_/X
 _4816_/X
 _4817_/X
 _4818_/X
 _4819_/X
 _4820_/X
 _4821_/X
 _4822_/X
 _4823_/Y
 _4824_/X
 _4825_/X
 _4826_/X
 _4827_/X
 _4828_/X
 _4829_/Y
 _4830_/X
 _4831_/Y
 _4832_/X
 _4833_/X
 _4834_/X
 _4835_/X
 _4836_/X
 _4837_/X
 _4838_/X
 _4839_/X
 _4840_/Y
 _4841_/X
 _4842_/X
 _4843_/X
 _4844_/Y
 _4845_/X
 _4846_/Y
 _4847_/X
 _4848_/X
 _4849_/X
 _4850_/X
 _4851_/X
 _4852_/X
 _4853_/X
 _4854_/X
 _4855_/X
 _4856_/X
 _4857_/X
 _4858_/X
 _4859_/X
 _4860_/Y
 _4861_/Y
 _4862_/X
 _4863_/X
 _4864_/Y
 _4865_/X
 _4866_/X
 _4867_/X
 _4868_/X
 _4869_/X
 _4870_/Y
 _4871_/Y
 _4872_/Y
 _4873_/Y
 _4874_/Y
 _4875_/Y
 _4876_/Y
 _4877_/X
 _4878_/X
 _4879_/X
 _4880_/Y
 _4881_/X
 _4882_/X
 _4883_/X
 _4884_/X
 _4885_/Y
 _4886_/X
 _4887_/Y
 _4888_/Y
 _4889_/Y
 _4890_/X
 _4891_/X
 _4892_/Y
 _4893_/X
 _4894_/X
 _4895_/X
 _4896_/X
 _4897_/Y
 _4898_/Y
 _4899_/X
 _4900_/X
 _4901_/Y
 _4902_/Y
 _4903_/X
 _4904_/X
 _4905_/Y
 _4906_/X
 _4907_/X
 _4908_/X
 _4909_/Y
 _4910_/X
 _4911_/Y
 _4912_/X
 _4913_/Y
 _4914_/X
 _4915_/Y
 _4916_/X
 _4917_/X
 _4918_/X
 _4919_/X
 _4920_/X
 _4921_/Y
 _4922_/X
 _4923_/X
 _4924_/Y
 _4925_/Y
 _4926_/X
 _4927_/Y
 _4928_/Y
 _4929_/X
 _4930_/X
 _4931_/Y
 _4932_/X
 _4933_/Y
 _4934_/Y
 _4935_/X
 _4936_/Y
 _4937_/Y
 _4938_/Y
 _4939_/X
 _4940_/Y
 _4941_/X
 _4942_/Y
 _4943_/X
 _4944_/X
 _4945_/Y
 _4946_/Y
 _4947_/X
 _4948_/X
 _4949_/X
 _4950_/X
 _4951_/Y
 _4952_/X
 _4953_/X
 _4954_/Y
 _4955_/X
 _4956_/X
 _4957_/X
 _4958_/X
 _4959_/Y
 _4960_/Y
 _4961_/X
 _4962_/Y
 _4963_/Y
 _4964_/X
 _4965_/Y
 _4966_/Y
 _4967_/X
 _4968_/Y
 _4969_/Y
 _4970_/Y
 _4971_/Y
 _4972_/X
 _4973_/Y
 _4974_/X
 _4975_/X
 _4976_/X
 _4977_/Y
 _4978_/X
 _4979_/Y
 _4980_/X
 _4981_/X
 _4982_/Y
 _4983_/Y
 _4984_/Y
 _4985_/X
 _4986_/Y
 _4987_/Y
 _4988_/Y
 _4989_/Y
 _4990_/Y
 _4991_/Y
 _4992_/Y
 _4993_/X
 _4994_/X
 _4995_/X
 _4996_/Y
 _4997_/X
 _4998_/Y
 _4999_/Y
 _5000_/Y
 _5001_/Y
 _5002_/Y
 _5003_/Y
 _5004_/X
 _5005_/X
 _5006_/X
 _5007_/X
 _5008_/X
 _5009_/Y
 _5010_/X
 _5011_/Y
 _5012_/Y
 _5013_/Y
 _5014_/Y
 _5015_/X
 _5016_/Y
 _5017_/X
 _5018_/X
 _5019_/Y
 _5020_/Y
 _5021_/X
 _5022_/X
 _5023_/X
 _5024_/Y
 _5025_/X
 _5026_/X
 _5027_/Y
 _5028_/X
 _5029_/Y
 _5030_/Y
 _5031_/X
 _5032_/Y
 _5033_/X
 _5034_/Y
 _5035_/Y
 _5036_/X
 _5037_/X
 _5038_/Y
 _5039_/Y
 _5040_/Y
 _5041_/Y
 _5042_/Y
 _5043_/X
 _5044_/Y
 _5045_/X
 _5046_/X
 _5047_/Y
 _5048_/X
 _5049_/X
 _5050_/Y
 _5051_/Y
 _5052_/Y
 _5053_/Y
 _5054_/Y
 _5055_/X
 _5056_/Y
 _5057_/Y
 _5058_/X
 _5059_/X
 _5060_/Y
 _5061_/Y
 _5062_/X
 _5063_/Y
 _5064_/X
 _5065_/Y
 _5066_/Y
 _5067_/X
 _5068_/X
 _5069_/Y
 _5070_/X
 _5071_/Y
 _5072_/X
 _5073_/Y
 _5074_/X
 _5075_/X
 _5076_/X
 _5077_/X
 _5078_/X
 _5079_/Y
 _5080_/X
 _5081_/Y
 _5082_/X
 _5083_/Y
 _5084_/X
 _5085_/X
 _5086_/X
 _5087_/X
 _5088_/Y
 _5089_/X
 _5090_/Y
 _5091_/X
 _5092_/Y
 _5093_/Y
 _5094_/X
 _5095_/X
 _5096_/X
 _5097_/Y
 _5098_/Y
 _5099_/X
 _5100_/X
 _5101_/X
 _5102_/X
 _5103_/X
 _5104_/Y
 _5105_/X
 _5106_/Y
 _5107_/X
 _5108_/Y
 _5109_/X
 _5110_/Y
 _5111_/X
 _5112_/X
 _5113_/X
 _5114_/X
 _5115_/X
 _5116_/X
 _5117_/X
 _5118_/X
 _5119_/Y
 _5120_/Y
 _5121_/X
 _5122_/Y
 _5123_/X
 _5124_/X
 _5125_/X
 _5126_/Y
 _5127_/X
 _5128_/X
 _5129_/X
 _5130_/X
 _5131_/Y
 _5132_/Y
 _5133_/X
 _5134_/Y
 _5135_/X
 _5136_/X
 _5137_/X
 _5138_/Y
 _5139_/Y
 _5140_/X
 _5141_/X
 _5142_/Y
 _5143_/X
 _5144_/Y
 _5145_/Y
 _5146_/X
 _5147_/X
 _5148_/X
 _5149_/Y
 _5150_/Y
 _5151_/X
 _5152_/X
 _5153_/Y
 _5154_/X
 _5155_/X
 _5156_/Y
 _5157_/X
 _5158_/X
 _5159_/X
 _5160_/X
 _5161_/Y
 _5162_/Y
 _5163_/X
 _5164_/Y
 _5165_/Y
 _5166_/Y
 _5167_/X
 _5168_/X
 _5169_/X
 _5170_/Y
 _5171_/X
 _5172_/Y
 _5173_/Y
 _5174_/Y
 _5175_/X
 _5176_/Y
 _5177_/Y
 _5178_/Y
 _5179_/Y
 _5180_/Y
 _5181_/X
 _5182_/X
 _5183_/Y
 _5184_/Y
 _5185_/X
 _5186_/Y
 _5187_/X
 _5188_/X
 _5189_/X
 _5190_/X
 _5191_/Y
 _5192_/X
 _5193_/X
 _5194_/X
 _5195_/Y
 _5196_/X
 _5197_/X
 _5198_/Y
 _5199_/Y
 _5200_/Y
 _5201_/Y
 _5202_/X
 _5203_/X
 _5204_/Y
 _5205_/X
 _5206_/X
 _5207_/X
 _5208_/X
 _5209_/X
 _5210_/X
 _5211_/X
 _5212_/Y
 _5213_/X
 _5214_/Y
 _5215_/X
 _5216_/Y
 _5217_/Y
 _5218_/Y
 _5219_/X
 _5220_/X
 _5221_/X
 _5222_/X
 _5223_/X
 _5224_/Y
 _5225_/X
 _5226_/Y
 _5227_/Y
 _5228_/X
 _5229_/X
 _5230_/Y
 _5231_/Y
 _5232_/X
 _5233_/X
 _5234_/Y
 _5235_/Y
 _5236_/X
 _5237_/Y
 _5238_/X
 _5239_/Y
 _5240_/X
 _5241_/Y
 _5242_/X
 _5243_/Y
 _5244_/Y
 _5245_/X
 _5246_/X
 _5247_/Y
 _5248_/Y
 _5249_/Y
 _5250_/X
 _5251_/X
 _5252_/Y
 _5253_/X
 _5254_/Y
 _5255_/Y
 _5256_/X
 _5257_/X
 _5258_/X
 _5259_/X
 _5260_/Y
 _5261_/X
 _5262_/Y
 _5263_/X
 _5264_/X
 _5265_/X
 _5266_/X
 _5267_/X
 _5268_/X
 _5269_/X
 _5270_/X
 _5271_/X
 _5272_/X
 _5273_/X
 _5274_/X
 _5275_/X
 _5276_/X
 _5277_/X
 _5278_/X
 _5279_/X
 _5280_/X
 _5281_/X
 _5282_/Y
 _5283_/X
 _5284_/Y
 _5285_/X
 _5286_/X
 _5287_/X
 _5288_/X
 _5289_/X
 _5290_/X
 _5291_/X
 _5292_/X
 _5293_/X
 _5294_/X
 _5295_/X
 _5296_/X
 _5297_/X
 _5298_/X
 _5299_/X
 _5300_/X
 _5301_/X
 _5302_/X
 _5303_/X
 _5304_/X
 _5305_/X
 _5306_/X
 _5307_/X
 _5308_/X
 _5309_/X
 _5310_/X
 _5311_/X
 _5312_/X
 _5313_/X
 _5314_/X
 _5315_/X
 _5316_/X
 _5317_/X
 _5318_/X
 _5319_/X
 _5320_/X
 _5321_/X
 _5322_/X
 _5323_/X
 _5324_/X
 _5325_/X
 _5326_/X
 _5327_/X
 _5328_/X
 _5329_/X
 _5330_/X
 _5331_/X
 _5332_/X
 _5333_/X
 _5334_/X
 _5335_/X
 _5336_/X
 _5337_/X
 _5338_/X
 _5339_/X
 _5340_/X
 _5341_/X
 _5342_/X
 _5343_/X
 _5344_/X
 _5345_/X
 _5346_/X
 _5347_/X
 _5348_/X
 _5349_/X
 _5350_/X
 _5351_/X
 _5352_/X
 _5353_/X
 _5354_/X
 _5355_/X
 _5356_/X
 _5357_/X
 _5358_/X
 _5359_/X
 _5360_/X
 _5361_/X
 _5362_/X
 _5363_/X
 _5364_/X
 _5365_/X
 _5366_/X
 _5367_/X
 _5368_/X
 _5369_/X
 _5370_/X
 _5371_/X
 _5372_/X
 _5373_/X
 _5374_/X
 _5375_/X
 _5376_/X
 _5377_/X
 _5378_/X
 _5379_/X
 _5380_/X
 _5381_/X
 _5382_/X
 _5383_/X
 _5384_/X
 _5385_/Y
 _5386_/Y
 _5387_/X
 _5388_/X
 _5389_/X
 _5390_/X
 _5391_/X
 _5392_/X
 _5393_/X
 _5394_/X
 _5395_/X
 _5396_/X
 _5397_/X
 _5398_/X
 _5399_/X
 _5400_/X
 _5401_/X
 _5402_/X
 _5403_/X
 _5404_/X
 _5405_/X
 _5406_/X
 _5407_/X
 _5408_/X
 _5409_/X
 _5410_/X
 _5411_/X
 _5412_/X
 _5413_/X
 _5414_/X
 _5415_/X
 _5416_/X
 _5417_/X
 _5418_/X
 _5419_/X
 _5420_/X
 _5421_/X
 _5422_/X
 _5423_/X
 _5424_/X
 _5425_/X
 _5426_/X
 _5427_/X
 _5428_/X
 _5429_/X
 _5430_/X
 _5431_/X
 _5432_/X
 _5433_/X
 _5434_/X
 _5435_/X
 _5436_/X
 _5437_/X
 _5438_/X
 _5439_/X
 _5440_/X
 _5441_/X
 _5442_/X
 _5443_/X
 _5444_/X
 _5445_/X
 _5446_/X
 _5447_/X
 _5448_/X
 _5449_/X
 _5450_/X
 _5451_/X
 _5452_/X
 _5453_/X
 _5454_/X
 _5455_/X
 _5456_/X
 _5457_/X
 _5458_/X
 _5459_/X
 _5460_/X
 _5461_/X
 _5462_/X
 _5463_/X
 _5464_/X
 _5465_/X
 _5466_/X
 _5467_/X
 _5468_/X
 _5469_/X
 _5470_/X
 _5471_/X
 _5472_/X
 _5473_/X
 _5474_/X
 _5475_/X
 _5476_/X
 _5477_/X
 _5478_/X
 _5479_/X
 _5480_/X
 _5481_/X
 _5482_/Y
 _5483_/X
 _5484_/X
 _5485_/X
 _5486_/X
 _5487_/X
 _5488_/X
 _5489_/X
 _5490_/X
 _5491_/X
 _5492_/X
 _5493_/X
 _5494_/X
 _5495_/X
 _5496_/X
 _5497_/X
 _5498_/X
 _5499_/X
 _5500_/X
 _5501_/X
 _5502_/X
 _5503_/X
 _5504_/X
 _5505_/X
 _5506_/X
 _5507_/X
 _5508_/X
 _5509_/X
 _5510_/X
 _5511_/X
 _5512_/X
 _5513_/X
 _5514_/X
 _5515_/X
 _5516_/X
 _5517_/X
 _5518_/X
 _5519_/X
 _5520_/X
 _5521_/X
 _5522_/X
 _5523_/X
 _5524_/X
 _5525_/X
 _5526_/X
 _5527_/X
 _5528_/X
 _5529_/X
 _5530_/X
 _5531_/X
 _5532_/X
 _5533_/X
 _5534_/X
 _5535_/X
 _5536_/X
 _5537_/X
 _5538_/X
 _5539_/X
 _5540_/X
 _5541_/X
 _5542_/X
 _5543_/X
 _5544_/X
 _5545_/X
 _5546_/X
 _5547_/X
 _5548_/X
 _5549_/X
 _5550_/X
 _5551_/X
 _5552_/Y
 _5553_/X
 _5554_/X
 _5555_/X
 _5556_/X
 _5557_/X
 _5558_/X
 _5559_/X
 _5560_/X
 _5561_/X
 _5562_/X
 _5563_/X
 _5564_/X
 _5565_/X
 _5566_/X
 _5567_/X
 _5568_/X
 _5569_/X
 _5570_/X
 _5571_/X
 _5572_/X
 _5573_/X
 _5574_/X
 _5575_/X
 _5576_/X
 _5577_/X
 _5578_/X
 _5579_/X
 _5580_/X
 _5581_/X
 _5582_/X
 _5583_/X
 _5584_/X
 _5585_/X
 _5586_/X
 _5587_/X
 _5588_/X
 _5589_/X
 _5590_/X
 _5591_/X
 _5592_/X
 _5593_/X
 _5594_/X
 _5595_/X
 _5596_/X
 _5597_/X
 _5598_/X
 _5599_/X
 _5600_/X
 _5601_/X
 _5602_/X
 _5603_/X
 _5604_/X
 _5605_/X
 _5606_/X
 _5607_/X
 _5608_/X
 _5609_/X
 _5610_/X
 _5611_/X
 _5612_/X
 _5613_/X
 _5614_/X
 _5615_/X
 _5616_/X
 _5617_/X
 _5618_/X
 _5619_/X
 _5620_/Y
 _5621_/X
 _5622_/X
 _5623_/X
 _5624_/X
 _5625_/X
 _5626_/X
 _5627_/X
 _5628_/X
 _5629_/X
 _5630_/X
 _5631_/X
 _5632_/X
 _5633_/X
 _5634_/X
 _5635_/X
 _5636_/X
 _5637_/X
 _5638_/X
 _5639_/X
 _5640_/X
 _5641_/X
 _5642_/X
 _5643_/X
 _5644_/X
 _5645_/X
 _5646_/X
 _5647_/X
 _5648_/X
 _5649_/X
 _5650_/X
 _5651_/X
 _5652_/X
 _5653_/X
 _5654_/X
 _5655_/X
 _5656_/X
 _5657_/X
 _5658_/X
 _5659_/X
 _5660_/X
 _5661_/X
 _5662_/X
 _5663_/X
 _5664_/X
 _5665_/X
 _5666_/X
 _5667_/X
 _5668_/X
 _5669_/X
 _5670_/X
 _5671_/X
 _5672_/X
 _5673_/X
 _5674_/X
 _5675_/X
 _5676_/X
 _5677_/X
 _5678_/X
 _5679_/X
 _5680_/X
 _5681_/X
 _5682_/X
 _5683_/X
 _5684_/X
 _5685_/X
 _5686_/X
 _5687_/X
 _5688_/Y
 _5689_/X
 _5690_/X
 _5691_/X
 _5692_/X
 _5693_/X
 _5694_/X
 _5695_/X
 _5696_/X
 _5697_/X
 _5698_/X
 _5699_/X
 _5700_/X
 _5701_/X
 _5702_/X
 _5703_/X
 _5704_/X
 _5705_/X
 _5706_/X
 _5707_/X
 _5708_/X
 _5709_/X
 _5710_/X
 _5711_/X
 _5712_/X
 _5713_/X
 _5714_/X
 _5715_/X
 _5716_/X
 _5717_/X
 _5718_/X
 _5719_/X
 _5720_/X
 _5721_/X
 _5722_/X
 _5723_/X
 _5724_/X
 _5725_/X
 _5726_/X
 _5727_/X
 _5728_/X
 _5729_/X
 _5730_/X
 _5731_/X
 _5732_/X
 _5733_/X
 _5734_/X
 _5735_/X
 _5736_/X
 _5737_/X
 _5738_/X
 _5739_/X
 _5740_/X
 _5741_/X
 _5742_/X
 _5743_/X
 _5744_/X
 _5745_/X
 _5746_/X
 _5747_/X
 _5748_/X
 _5749_/X
 _5750_/X
 _5751_/X
 _5752_/X
 _5753_/X
 _5754_/X
 _5755_/X
 _5756_/X
 _5757_/Y
 _5758_/X
 _5759_/X
 _5760_/X
 _5761_/X
 _5762_/X
 _5763_/X
 _5764_/X
 _5765_/X
 _5766_/X
 _5767_/X
 _5768_/X
 _5769_/X
 _5770_/X
 _5771_/X
 _5772_/X
 _5773_/X
 _5774_/X
 _5775_/X
 _5776_/X
 _5777_/X
 _5778_/X
 _5779_/X
 _5780_/X
 _5781_/X
 _5782_/X
 _5783_/X
 _5784_/X
 _5785_/X
 _5786_/X
 _5787_/X
 _5788_/X
 _5789_/X
 _5790_/X
 _5791_/X
 _5792_/X
 _5793_/X
 _5794_/X
 _5795_/X
 _5796_/X
 _5797_/X
 _5798_/X
 _5799_/X
 _5800_/X
 _5801_/X
 _5802_/X
 _5803_/X
 _5804_/X
 _5805_/X
 _5806_/X
 _5807_/X
 _5808_/X
 _5809_/X
 _5810_/X
 _5811_/X
 _5812_/X
 _5813_/X
 _5814_/X
 _5815_/X
 _5816_/X
 _5817_/X
 _5818_/X
 _5819_/X
 _5820_/X
 _5821_/X
 _5822_/X
 _5823_/X
 _5824_/X
 _5825_/Y
 _5826_/X
 _5827_/X
 _5828_/X
 _5829_/X
 _5830_/X
 _5831_/X
 _5832_/X
 _5833_/X
 _5834_/X
 _5835_/X
 _5836_/X
 _5837_/X
 _5838_/X
 _5839_/X
 _5840_/X
 _5841_/X
 _5842_/X
 _5843_/X
 _5844_/X
 _5845_/X
 _5846_/X
 _5847_/X
 _5848_/X
 _5849_/X
 _5850_/X
 _5851_/X
 _5852_/X
 _5853_/X
 _5854_/X
 _5855_/X
 _5856_/X
 _5857_/X
 _5858_/X
 _5859_/X
 _5860_/X
 _5861_/X
 _5862_/X
 _5863_/X
 _5864_/X
 _5865_/X
 _5866_/X
 _5867_/X
 _5868_/X
 _5869_/X
 _5870_/X
 _5871_/X
 _5872_/X
 _5873_/X
 _5874_/X
 _5875_/X
 _5876_/X
 _5877_/X
 _5878_/X
 _5879_/X
 _5880_/X
 _5881_/X
 _5882_/X
 _5883_/X
 _5884_/X
 _5885_/X
 _5886_/X
 _5887_/X
 _5888_/X
 _5889_/X
 _5890_/X
 _5891_/X
 _5892_/X
 _5893_/Y
 _5894_/X
 _5895_/X
 _5896_/X
 _5897_/X
 _5898_/X
 _5899_/X
 _5900_/X
 _5901_/X
 _5902_/X
 _5903_/X
 _5904_/X
 _5905_/X
 _5906_/X
 _5907_/X
 _5908_/X
 _5909_/X
 _5910_/X
 _5911_/X
 _5912_/X
 _5913_/X
 _5914_/X
 _5915_/X
 _5916_/X
 _5917_/X
 _5918_/X
 _5919_/X
 _5920_/X
 _5921_/X
 _5922_/X
 _5923_/X
 _5924_/X
 _5925_/X
 _5926_/X
 _5927_/X
 _5928_/X
 _5929_/X
 _5930_/X
 _5931_/X
 _5932_/X
 _5933_/X
 _5934_/X
 _5935_/X
 _5936_/X
 _5937_/X
 _5938_/X
 _5939_/X
 _5940_/X
 _5941_/X
 _5942_/X
 _5943_/X
 _5944_/X
 _5945_/X
 _5946_/X
 _5947_/X
 _5948_/X
 _5949_/X
 _5950_/X
 _5951_/X
 _5952_/X
 _5953_/X
 _5954_/X
 _5955_/X
 _5956_/X
 _5957_/X
 _5958_/X
 _5959_/X
 _5960_/X
 _5961_/Y
 _5962_/Y
 _5963_/X
 _5964_/X
 _5965_/X
 _5966_/X
 _5967_/X
 _5968_/X
 _5969_/X
 _5970_/X
 _5971_/X
 _5972_/X
 _5973_/X
 _5974_/X
 _5975_/X
 _5976_/X
 _5977_/X
 _5978_/X
 _5979_/X
 _5980_/X
 _5981_/X
 _5982_/X
 _5983_/X
 _5984_/X
 _5985_/X
 _5986_/X
 _5987_/X
 _5988_/X
 _5989_/X
 _5990_/X
 _5991_/X
 _5992_/X
 _5993_/X
 _5994_/X
 _5995_/X
 _5996_/X
 _5997_/X
 _5998_/X
 _5999_/X
 _6000_/X
 _6001_/X
 _6002_/X
 _6003_/X
 _6004_/X
 _6005_/X
 _6006_/X
 _6007_/X
 _6008_/X
 _6009_/X
 _6010_/X
 _6011_/X
 _6012_/X
 _6013_/X
 _6014_/X
 _6015_/X
 _6016_/X
 _6017_/X
 _6018_/X
 _6019_/X
 _6020_/X
 _6021_/X
 _6022_/X
 _6023_/X
 _6024_/X
 _6025_/X
 _6026_/X
 _6027_/X
 _6028_/X
 _6029_/X
 _6030_/X
 _6031_/X
 _6032_/X
 _6033_/X
 _6034_/X
 _6035_/X
 _6036_/X
 _6037_/Y
 _6038_/X
 _6039_/X
 _6040_/X
 _6041_/X
 _6042_/X
 _6043_/X
 _6044_/X
 _6045_/X
 _6046_/X
 _6047_/X
 _6048_/X
 _6049_/X
 _6050_/X
 _6051_/X
 _6052_/X
 _6053_/X
 _6054_/X
 _6055_/X
 _6056_/X
 _6057_/X
 _6058_/X
 _6059_/X
 _6060_/X
 _6061_/X
 _6062_/X
 _6063_/X
 _6064_/X
 _6065_/X
 _6066_/X
 _6067_/X
 _6068_/X
 _6069_/X
 _6070_/X
 _6071_/X
 _6072_/X
 _6073_/X
 _6074_/X
 _6075_/X
 _6076_/X
 _6077_/X
 _6078_/X
 _6079_/X
 _6080_/X
 _6081_/X
 _6082_/X
 _6083_/X
 _6084_/X
 _6085_/X
 _6086_/X
 _6087_/X
 _6088_/X
 _6089_/X
 _6090_/X
 _6091_/X
 _6092_/X
 _6093_/X
 _6094_/X
 _6095_/X
 _6096_/X
 _6097_/X
 _6098_/X
 _6099_/X
 _6100_/X
 _6101_/X
 _6102_/X
 _6103_/X
 _6104_/X
 _6105_/X
 _6106_/X
 _6107_/X
 _6108_/X
 _6109_/X
 _6110_/X
 _6111_/X
 _6112_/X
 _6113_/X
 _6114_/X
 _6115_/X
 _6116_/X
 _6117_/X
 _6118_/X
 _6119_/X
 _6120_/X
 _6121_/X
 _6122_/X
 _6123_/X
 _6124_/X
 _6125_/X
 _6126_/X
 _6127_/X
 _6128_/X
 _6129_/X
 _6130_/Y
 _6131_/X
 _6132_/X
 _6133_/X
 _6134_/X
 _6135_/X
 _6136_/X
 _6137_/X
 _6138_/X
 _6139_/X
 _6140_/X
 _6141_/X
 _6142_/X
 _6143_/X
 _6144_/X
 _6145_/X
 _6146_/X
 _6147_/X
 _6148_/X
 _6149_/X
 _6150_/X
 _6151_/X
 _6152_/X
 _6153_/X
 _6154_/X
 _6155_/X
 _6156_/X
 _6157_/X
 _6158_/X
 _6159_/X
 _6160_/X
 _6161_/X
 _6162_/X
 _6163_/X
 _6164_/X
 _6165_/X
 _6166_/X
 _6167_/X
 _6168_/X
 _6169_/X
 _6170_/X
 _6171_/X
 _6172_/X
 _6173_/X
 _6174_/X
 _6175_/X
 _6176_/X
 _6177_/X
 _6178_/X
 _6179_/X
 _6180_/X
 _6181_/X
 _6182_/X
 _6183_/X
 _6184_/X
 _6185_/X
 _6186_/X
 _6187_/X
 _6188_/X
 _6189_/X
 _6190_/X
 _6191_/X
 _6192_/X
 _6193_/X
 _6194_/X
 _6195_/X
 _6196_/X
 _6197_/X
 _6198_/X
 _6199_/X
 _6200_/Y
 _6201_/X
 _6202_/X
 _6203_/X
 _6204_/X
 _6205_/X
 _6206_/X
 _6207_/X
 _6208_/X
 _6209_/X
 _6210_/X
 _6211_/X
 _6212_/X
 _6213_/X
 _6214_/X
 _6215_/X
 _6216_/X
 _6217_/X
 _6218_/X
 _6219_/X
 _6220_/X
 _6221_/X
 _6222_/X
 _6223_/X
 _6224_/X
 _6225_/X
 _6226_/X
 _6227_/X
 _6228_/X
 _6229_/X
 _6230_/X
 _6231_/X
 _6232_/X
 _6233_/X
 _6234_/X
 _6235_/X
 _6236_/X
 _6237_/X
 _6238_/X
 _6239_/X
 _6240_/X
 _6241_/X
 _6242_/X
 _6243_/X
 _6244_/X
 _6245_/X
 _6246_/X
 _6247_/X
 _6248_/X
 _6249_/X
 _6250_/X
 _6251_/X
 _6252_/X
 _6253_/X
 _6254_/X
 _6255_/X
 _6256_/X
 _6257_/X
 _6258_/X
 _6259_/X
 _6260_/X
 _6261_/X
 _6262_/X
 _6263_/X
 _6264_/X
 _6265_/X
 _6266_/X
 _6267_/X
 _6268_/Y
 _6269_/X
 _6270_/X
 _6271_/X
 _6272_/X
 _6273_/X
 _6274_/X
 _6275_/X
 _6276_/X
 _6277_/X
 _6278_/X
 _6279_/X
 _6280_/X
 _6281_/X
 _6282_/X
 _6283_/X
 _6284_/X
 _6285_/X
 _6286_/X
 _6287_/X
 _6288_/X
 _6289_/X
 _6290_/X
 _6291_/X
 _6292_/X
 _6293_/X
 _6294_/X
 _6295_/X
 _6296_/X
 _6297_/X
 _6298_/X
 _6299_/X
 _6300_/X
 _6301_/X
 _6302_/X
 _6303_/X
 _6304_/X
 _6305_/X
 _6306_/X
 _6307_/X
 _6308_/X
 _6309_/X
 _6310_/X
 _6311_/X
 _6312_/X
 _6313_/X
 _6314_/X
 _6315_/X
 _6316_/X
 _6317_/X
 _6318_/X
 _6319_/X
 _6320_/X
 _6321_/X
 _6322_/X
 _6323_/X
 _6324_/X
 _6325_/X
 _6326_/X
 _6327_/X
 _6328_/X
 _6329_/X
 _6330_/X
 _6331_/X
 _6332_/X
 _6333_/X
 _6334_/X
 _6335_/X
 _6336_/X
 _6337_/Y
 _6338_/X
 _6339_/X
 _6340_/X
 _6341_/X
 _6342_/X
 _6343_/X
 _6344_/X
 _6345_/X
 _6346_/X
 _6347_/X
 _6348_/X
 _6349_/X
 _6350_/X
 _6351_/X
 _6352_/X
 _6353_/X
 _6354_/X
 _6355_/X
 _6356_/X
 _6357_/X
 _6358_/X
 _6359_/X
 _6360_/X
 _6361_/X
 _6362_/X
 _6363_/X
 _6364_/X
 _6365_/X
 _6366_/X
 _6367_/X
 _6368_/X
 _6369_/X
 _6370_/X
 _6371_/X
 _6372_/X
 _6373_/X
 _6374_/X
 _6375_/X
 _6376_/X
 _6377_/X
 _6378_/X
 _6379_/X
 _6380_/X
 _6381_/X
 _6382_/X
 _6383_/X
 _6384_/X
 _6385_/X
 _6386_/X
 _6387_/X
 _6388_/X
 _6389_/X
 _6390_/X
 _6391_/X
 _6392_/X
 _6393_/X
 _6394_/X
 _6395_/X
 _6396_/X
 _6397_/X
 _6398_/X
 _6399_/X
 _6400_/X
 _6401_/X
 _6402_/X
 _6403_/X
 _6404_/X
 _6405_/Y
 _6406_/X
 _6407_/X
 _6408_/X
 _6409_/X
 _6410_/X
 _6411_/X
 _6412_/X
 _6413_/X
 _6414_/X
 _6415_/X
 _6416_/X
 _6417_/X
 _6418_/X
 _6419_/X
 _6420_/X
 _6421_/X
 _6422_/X
 _6423_/X
 _6424_/X
 _6425_/X
 _6426_/X
 _6427_/X
 _6428_/X
 _6429_/X
 _6430_/X
 _6431_/X
 _6432_/X
 _6433_/X
 _6434_/X
 _6435_/X
 _6436_/X
 _6437_/X
 _6438_/X
 _6439_/X
 _6440_/X
 _6441_/X
 _6442_/X
 _6443_/X
 _6444_/X
 _6445_/X
 _6446_/X
 _6447_/X
 _6448_/X
 _6449_/X
 _6450_/X
 _6451_/X
 _6452_/X
 _6453_/X
 _6454_/X
 _6455_/X
 _6456_/X
 _6457_/X
 _6458_/X
 _6459_/X
 _6460_/X
 _6461_/X
 _6462_/X
 _6463_/X
 _6464_/X
 _6465_/X
 _6466_/X
 _6467_/X
 _6468_/X
 _6469_/X
 _6470_/X
 _6471_/X
 _6472_/X
 _6473_/Y
 _6474_/X
 _6475_/X
 _6476_/X
 _6477_/X
 _6478_/X
 _6479_/X
 _6480_/X
 _6481_/X
 _6482_/X
 _6483_/X
 _6484_/X
 _6485_/X
 _6486_/X
 _6487_/X
 _6488_/X
 _6489_/X
 _6490_/X
 _6491_/X
 _6492_/X
 _6493_/X
 _6494_/X
 _6495_/X
 _6496_/X
 _6497_/X
 _6498_/X
 _6499_/X
 _6500_/X
 _6501_/X
 _6502_/X
 _6503_/X
 _6504_/X
 _6505_/X
 _6506_/X
 _6507_/X
 _6508_/X
 _6509_/X
 _6510_/X
 _6511_/X
 _6512_/X
 _6513_/X
 _6514_/X
 _6515_/X
 _6516_/X
 _6517_/X
 _6518_/X
 _6519_/X
 _6520_/X
 _6521_/X
 _6522_/X
 _6523_/X
 _6524_/X
 _6525_/X
 _6526_/X
 _6527_/X
 _6528_/X
 _6529_/X
 _6530_/X
 _6531_/X
 _6532_/X
 _6533_/X
 _6534_/X
 _6535_/X
 _6536_/X
 _6537_/X
 _6538_/X
 _6539_/X
 _6540_/X
 _6541_/Y
 _6542_/X
 _6543_/X
 _6544_/X
 _6545_/X
 _6546_/X
 _6547_/X
 _6548_/X
 _6549_/X
 _6550_/X
 _6551_/X
 _6552_/X
 _6553_/X
 _6554_/X
 _6555_/X
 _6556_/X
 _6557_/X
 _6558_/X
 _6559_/X
 _6560_/X
 _6561_/X
 _6562_/X
 _6563_/X
 _6564_/X
 _6565_/X
 _6566_/X
 _6567_/X
 _6568_/X
 _6569_/X
 _6570_/X
 _6571_/X
 _6572_/X
 _6573_/X
 _6574_/X
 _6575_/X
 _6576_/X
 _6577_/X
 _6578_/X
 _6579_/X
 _6580_/X
 _6581_/X
 _6582_/X
 _6583_/X
 _6584_/X
 _6585_/X
 _6586_/X
 _6587_/X
 _6588_/X
 _6589_/X
 _6590_/X
 _6591_/X
 _6592_/X
 _6593_/X
 _6594_/X
 _6595_/X
 _6596_/X
 _6597_/X
 _6598_/X
 _6599_/X
 _6600_/X
 _6601_/X
 _6602_/X
 _6603_/X
 _6604_/X
 _6605_/X
 _6606_/X
 _6607_/X
 _6608_/X
 _6609_/Y
 _6610_/X
 _6611_/X
 _6612_/X
 _6613_/X
 _6614_/X
 _6615_/X
 _6616_/X
 _6617_/X
 _6618_/X
 _6619_/X
 _6620_/X
 _6621_/X
 _6622_/X
 _6623_/X
 _6624_/X
 _6625_/X
 _6626_/X
 _6627_/X
 _6628_/X
 _6629_/X
 _6630_/X
 _6631_/X
 _6632_/X
 _6633_/X
 _6634_/X
 _6635_/X
 _6636_/X
 _6637_/X
 _6638_/X
 _6639_/X
 _6640_/X
 _6641_/X
 _6642_/X
 _6643_/X
 _6644_/X
 _6645_/X
 _6646_/X
 _6647_/X
 _6648_/X
 _6649_/X
 _6650_/X
 _6651_/X
 _6652_/X
 _6653_/X
 _6654_/X
 _6655_/X
 _6656_/X
 _6657_/X
 _6658_/X
 _6659_/X
 _6660_/X
 _6661_/X
 _6662_/X
 _6663_/X
 _6664_/X
 _6665_/X
 _6666_/X
 _6667_/X
 _6668_/X
 _6669_/X
 _6670_/X
 _6671_/X
 _6672_/X
 _6673_/X
 _6674_/X
 _6675_/X
 _6676_/X
 _6677_/Y
 _6678_/X
 _6679_/X
 _6680_/X
 _6681_/X
 _6682_/X
 _6683_/X
 _6684_/X
 _6685_/X
 _6686_/X
 _6687_/X
 _6688_/X
 _6689_/X
 _6690_/X
 _6691_/X
 _6692_/X
 _6693_/X
 _6694_/X
 _6695_/X
 _6696_/X
 _6697_/X
 _6698_/X
 _6699_/X
 _6700_/X
 _6701_/X
 _6702_/X
 _6703_/X
 _6704_/X
 _6705_/X
 _6706_/X
 _6707_/X
 _6708_/X
 _6709_/X
 _6710_/X
 _6711_/X
 _6712_/X
 _6713_/X
 _6714_/X
 _6715_/X
 _6716_/X
 _6717_/X
 _6718_/X
 _6719_/X
 _6720_/X
 _6721_/X
 _6722_/X
 _6723_/X
 _6724_/X
 _6725_/X
 _6726_/X
 _6727_/X
 _6728_/X
 _6729_/X
 _6730_/X
 _6731_/X
 _6732_/X
 _6733_/X
 _6734_/X
 _6735_/X
 _6736_/X
 _6737_/X
 _6738_/X
 _6739_/X
 _6740_/X
 _6741_/X
 _6742_/X
 _6743_/X
 _6744_/X
 _6745_/Y
 _6746_/X
 _6747_/X
 _6748_/X
 _6749_/X
 _6750_/X
 _6751_/X
 _6752_/X
 _6753_/X
 _6754_/X
 _6755_/X
 _6756_/X
 _6757_/X
 _6758_/X
 _6759_/X
 _6760_/X
 _6761_/X
 _6762_/X
 _6763_/X
 _6764_/X
 _6765_/X
 _6766_/X
 _6767_/X
 _6768_/X
 _6769_/X
 _6770_/X
 _6771_/X
 _6772_/X
 _6773_/X
 _6774_/X
 _6775_/X
 _6776_/X
 _6777_/X
 _6778_/X
 _6779_/X
 _6780_/X
 _6781_/X
 _6782_/X
 _6783_/X
 _6784_/X
 _6785_/X
 _6786_/X
 _6787_/X
 _6788_/X
 _6789_/X
 _6790_/X
 _6791_/X
 _6792_/X
 _6793_/X
 _6794_/X
 _6795_/X
 _6796_/X
 _6797_/X
 _6798_/X
 _6799_/X
 _6800_/X
 _6801_/X
 _6802_/X
 _6803_/X
 _6804_/X
 _6805_/X
 _6806_/X
 _6807_/X
 _6808_/X
 _6809_/X
 _6810_/X
 _6811_/X
 _6812_/X
 _6813_/Y
 _6814_/X
 _6815_/X
 _6816_/X
 _6817_/X
 _6818_/X
 _6819_/X
 _6820_/X
 _6821_/X
 _6822_/X
 _6823_/X
 _6824_/X
 _6825_/X
 _6826_/X
 _6827_/X
 _6828_/X
 _6829_/X
 _6830_/X
 _6831_/X
 _6832_/X
 _6833_/X
 _6834_/X
 _6835_/X
 _6836_/X
 _6837_/X
 _6838_/X
 _6839_/X
 _6840_/X
 _6841_/X
 _6842_/X
 _6843_/X
 _6844_/X
 _6845_/X
 _6846_/X
 _6847_/X
 _6848_/X
 _6849_/X
 _6850_/X
 _6851_/X
 _6852_/X
 _6853_/X
 _6854_/X
 _6855_/X
 _6856_/X
 _6857_/X
 _6858_/X
 _6859_/X
 _6860_/X
 _6861_/X
 _6862_/X
 _6863_/X
 _6864_/X
 _6865_/X
 _6866_/X
 _6867_/X
 _6868_/X
 _6869_/X
 _6870_/X
 _6871_/X
 _6872_/X
 _6873_/X
 _6874_/X
 _6875_/X
 _6876_/X
 _6877_/X
 _6878_/X
 _6879_/X
 _6880_/X
 _6881_/Y
 _6882_/X
 _6883_/X
 _6884_/X
 _6885_/X
 _6886_/X
 _6887_/X
 _6888_/X
 _6889_/X
 _6890_/X
 _6891_/X
 _6892_/X
 _6893_/X
 _6894_/X
 _6895_/X
 _6896_/X
 _6897_/X
 _6898_/X
 _6899_/X
 _6900_/X
 _6901_/X
 _6902_/X
 _6903_/X
 _6904_/X
 _6905_/X
 _6906_/X
 _6907_/X
 _6908_/X
 _6909_/X
 _6910_/X
 _6911_/X
 _6912_/X
 _6913_/X
 _6914_/X
 _6915_/X
 _6916_/X
 _6917_/X
 _6918_/X
 _6919_/X
 _6920_/X
 _6921_/X
 _6922_/X
 _6923_/X
 _6924_/X
 _6925_/X
 _6926_/X
 _6927_/X
 _6928_/X
 _6929_/X
 _6930_/X
 _6931_/X
 _6932_/X
 _6933_/X
 _6934_/X
 _6935_/X
 _6936_/X
 _6937_/X
 _6938_/X
 _6939_/X
 _6940_/X
 _6941_/X
 _6942_/X
 _6943_/X
 _6944_/X
 _6945_/X
 _6946_/X
 _6947_/X
 _6948_/X
 _6949_/Y
 _6950_/X
 _6951_/X
 _6952_/X
 _6953_/X
 _6954_/X
 _6955_/X
 _6956_/X
 _6957_/X
 _6958_/X
 _6959_/X
 _6960_/X
 _6961_/X
 _6962_/X
 _6963_/X
 _6964_/X
 _6965_/X
 _6966_/X
 _6967_/X
 _6968_/X
 _6969_/X
 _6970_/X
 _6971_/X
 _6972_/X
 _6973_/X
 _6974_/X
 _6975_/X
 _6976_/X
 _6977_/X
 _6978_/X
 _6979_/X
 _6980_/X
 _6981_/X
 _6982_/X
 _6983_/X
 _6984_/X
 _6985_/X
 _6986_/X
 _6987_/X
 _6988_/X
 _6989_/X
 _6990_/X
 _6991_/X
 _6992_/X
 _6993_/X
 _6994_/X
 _6995_/X
 _6996_/X
 _6997_/X
 _6998_/X
 _6999_/X
 _7000_/X
 _7001_/X
 _7002_/X
 _7003_/X
 _7004_/X
 _7005_/X
 _7006_/X
 _7007_/X
 _7008_/X
 _7009_/X
 _7010_/X
 _7011_/X
 _7012_/X
 _7013_/X
 _7014_/X
 _7015_/X
 _7016_/X
 _7017_/Y
 _7018_/Y
 _7019_/X
 _7020_/X
 _7021_/X
 _7022_/X
 _7023_/X
 _7024_/X
 _7025_/X
 _7026_/X
 _7027_/X
 _7028_/X
 _7029_/X
 _7030_/X
 _7031_/X
 _7032_/X
 _7033_/X
 _7034_/X
 _7035_/X
 _7036_/X
 _7037_/X
 _7038_/X
 _7039_/X
 _7040_/X
 _7041_/X
 _7042_/X
 _7043_/X
 _7044_/X
 _7045_/X
 _7046_/X
 _7047_/X
 _7048_/X
 _7049_/X
 _7050_/X
 _7051_/X
 _7052_/X
 _7053_/X
 _7054_/X
 _7055_/X
 _7056_/X
 _7057_/X
 _7058_/X
 _7059_/X
 _7060_/X
 _7061_/X
 _7062_/X
 _7063_/X
 _7064_/X
 _7065_/X
 _7066_/X
 _7067_/X
 _7068_/X
 _7069_/X
 _7070_/X
 _7071_/X
 _7072_/X
 _7073_/X
 _7074_/X
 _7075_/X
 _7076_/X
 _7077_/X
 _7078_/X
 _7079_/X
 _7080_/X
 _7081_/X
 _7082_/X
 _7083_/X
 _7084_/X
 _7085_/X
 _7086_/Y
 _7087_/X
 _7088_/X
 _7089_/X
 _7090_/X
 _7091_/X
 _7092_/X
 _7093_/X
 _7094_/X
 _7095_/X
 _7096_/X
 _7097_/X
 _7098_/X
 _7099_/X
 _7100_/X
 _7101_/X
 _7102_/X
 _7103_/X
 _7104_/X
 _7105_/X
 _7106_/X
 _7107_/X
 _7108_/X
 _7109_/X
 _7110_/X
 _7111_/X
 _7112_/X
 _7113_/X
 _7114_/X
 _7115_/X
 _7116_/X
 _7117_/X
 _7118_/X
 _7119_/X
 _7120_/X
 _7121_/X
 _7122_/X
 _7123_/X
 _7124_/X
 _7125_/X
 _7126_/X
 _7127_/X
 _7128_/X
 _7129_/X
 _7130_/X
 _7131_/X
 _7132_/X
 _7133_/X
 _7134_/X
 _7135_/X
 _7136_/X
 _7137_/X
 _7138_/X
 _7139_/X
 _7140_/X
 _7141_/X
 _7142_/X
 _7143_/X
 _7144_/X
 _7145_/X
 _7146_/X
 _7147_/X
 _7148_/X
 _7149_/X
 _7150_/X
 _7151_/X
 _7152_/X
 _7153_/X
 _7154_/Y
 _7155_/X
 _7156_/X
 _7157_/X
 _7158_/X
 _7159_/X
 _7160_/X
 _7161_/X
 _7162_/X
 _7163_/X
 _7164_/X
 _7165_/X
 _7166_/X
 _7167_/X
 _7168_/X
 _7169_/X
 _7170_/X
 _7171_/X
 _7172_/X
 _7173_/X
 _7174_/X
 _7175_/X
 _7176_/X
 _7177_/X
 _7178_/X
 _7179_/X
 _7180_/X
 _7181_/X
 _7182_/X
 _7183_/X
 _7184_/X
 _7185_/X
 _7186_/X
 _7187_/X
 _7188_/X
 _7189_/X
 _7190_/X
 _7191_/X
 _7192_/X
 _7193_/X
 _7194_/X
 _7195_/X
 _7196_/X
 _7197_/X
 _7198_/X
 _7199_/X
 _7200_/X
 _7201_/X
 _7202_/X
 _7203_/X
 _7204_/X
 _7205_/X
 _7206_/X
 _7207_/X
 _7208_/X
 _7209_/X
 _7210_/X
 _7211_/X
 _7212_/X
 _7213_/X
 _7214_/X
 _7215_/X
 _7216_/X
 _7217_/X
 _7218_/X
 _7219_/X
 _7220_/X
 _7221_/X
 _7222_/Y
 _7223_/X
 _7224_/X
 _7225_/X
 _7226_/X
 _7227_/X
 _7228_/X
 _7229_/X
 _7230_/X
 _7231_/X
 _7232_/X
 _7233_/X
 _7234_/X
 _7235_/X
 _7236_/X
 _7237_/X
 _7238_/X
 _7239_/X
 _7240_/X
 _7241_/X
 _7242_/X
 _7243_/X
 _7244_/X
 _7245_/X
 _7246_/X
 _7247_/X
 _7248_/X
 _7249_/X
 _7250_/X
 _7251_/X
 _7252_/X
 _7253_/X
 _7254_/X
 _7255_/X
 _7256_/X
 _7257_/X
 _7258_/X
 _7259_/X
 _7260_/X
 _7261_/X
 _7262_/X
 _7263_/X
 _7264_/X
 _7265_/X
 _7266_/X
 _7267_/X
 _7268_/X
 _7269_/X
 _7270_/X
 _7271_/X
 _7272_/X
 _7273_/X
 _7274_/X
 _7275_/X
 _7276_/X
 _7277_/X
 _7278_/X
 _7279_/X
 _7280_/X
 _7281_/X
 _7282_/X
 _7283_/X
 _7284_/X
 _7285_/X
 _7286_/X
 _7287_/X
 _7288_/X
 _7289_/X
 _7290_/Y
 _7291_/X
 _7292_/X
 _7293_/X
 _7294_/X
 _7295_/X
 _7296_/X
 _7297_/X
 _7298_/X
 _7299_/X
 _7300_/X
 _7301_/X
 _7302_/X
 _7303_/X
 _7304_/X
 _7305_/X
 _7306_/X
 _7307_/X
 _7308_/X
 _7309_/X
 _7310_/X
 _7311_/X
 _7312_/X
 _7313_/X
 _7314_/X
 _7315_/X
 _7316_/X
 _7317_/X
 _7318_/X
 _7319_/X
 _7320_/X
 _7321_/X
 _7322_/X
 _7323_/X
 _7324_/X
 _7325_/X
 _7326_/X
 _7327_/X
 _7328_/X
 _7329_/X
 _7330_/X
 _7331_/X
 _7332_/X
 _7333_/X
 _7334_/X
 _7335_/X
 _7336_/X
 _7337_/X
 _7338_/X
 _7339_/X
 _7340_/X
 _7341_/X
 _7342_/X
 _7343_/X
 _7344_/X
 _7345_/X
 _7346_/X
 _7347_/X
 _7348_/X
 _7349_/X
 _7350_/X
 _7351_/X
 _7352_/X
 _7353_/X
 _7354_/X
 _7355_/X
 _7356_/X
 _7357_/X
 _7358_/Y
 _7359_/X
 _7360_/X
 _7361_/X
 _7362_/X
 _7363_/X
 _7364_/X
 _7365_/X
 _7366_/X
 _7367_/X
 _7368_/X
 _7369_/X
 _7370_/X
 _7371_/X
 _7372_/X
 _7373_/X
 _7374_/X
 _7375_/X
 _7376_/X
 _7377_/X
 _7378_/X
 _7379_/X
 _7380_/X
 _7381_/X
 _7382_/X
 _7383_/X
 _7384_/X
 _7385_/X
 _7386_/X
 _7387_/X
 _7388_/X
 _7389_/X
 _7390_/X
 _7391_/X
 _7392_/X
 _7393_/X
 _7394_/X
 _7395_/X
 _7396_/X
 _7397_/X
 _7398_/X
 _7399_/X
 _7400_/X
 _7401_/X
 _7402_/X
 _7403_/X
 _7404_/X
 _7405_/X
 _7406_/X
 _7407_/X
 _7408_/X
 _7409_/X
 _7410_/X
 _7411_/X
 _7412_/X
 _7413_/X
 _7414_/X
 _7415_/X
 _7416_/X
 _7417_/X
 _7418_/X
 _7419_/X
 _7420_/X
 _7421_/X
 _7422_/X
 _7423_/X
 _7424_/X
 _7425_/X
 _7426_/Y
 _7427_/X
 _7428_/X
 _7429_/X
 _7430_/X
 _7431_/X
 _7432_/X
 _7433_/X
 _7434_/X
 _7435_/X
 _7436_/X
 _7437_/X
 _7438_/X
 _7439_/X
 _7440_/X
 _7441_/X
 _7442_/X
 _7443_/X
 _7444_/X
 _7445_/X
 _7446_/X
 _7447_/X
 _7448_/X
 _7449_/X
 _7450_/X
 _7451_/X
 _7452_/X
 _7453_/X
 _7454_/X
 _7455_/X
 _7456_/X
 _7457_/X
 _7458_/X
 _7459_/X
 _7460_/X
 _7461_/X
 _7462_/X
 _7463_/X
 _7464_/X
 _7465_/X
 _7466_/X
 _7467_/X
 _7468_/X
 _7469_/X
 _7470_/X
 _7471_/X
 _7472_/X
 _7473_/X
 _7474_/X
 _7475_/X
 _7476_/X
 _7477_/X
 _7478_/X
 _7479_/X
 _7480_/X
 _7481_/X
 _7482_/X
 _7483_/X
 _7484_/X
 _7485_/X
 _7486_/X
 _7487_/X
 _7488_/X
 _7489_/X
 _7490_/X
 _7491_/X
 _7492_/X
 _7493_/X
 _7494_/X
 _7495_/X
 _7496_/X
 _7497_/X
 _7498_/X
 _7499_/X
 _7500_/X
 _7501_/X
 _7502_/X
 _7503_/X
 _7504_/X
 _7505_/X
 _7506_/X
 _7507_/X
 _7508_/X
 _7509_/X
 _7510_/X
 _7511_/X
 _7512_/X
 _7513_/X
 _7514_/X
 _7515_/X
 _7516_/X
 _7517_/X
 _7518_/X
 _7519_/X
 _7520_/X
 _7521_/X
 _7522_/X
 _7523_/X
 _7524_/X
 _7525_/X
 _7526_/X
 _7527_/X
 _7528_/X
 _7529_/X
 _7530_/X
 _7531_/X
 _7532_/X
 _7533_/X
 _7534_/X
 _7535_/X
 _7536_/X
 _7537_/X
 _7538_/X
 _7539_/X
 _7540_/X
 _7541_/X
 _7542_/X
 _7543_/X
 _7544_/X
 _7545_/X
 _7546_/X
 _7547_/X
 _7548_/X
 _7549_/X
 _7550_/X
 _7551_/X
 _7552_/X
 _7553_/X
 _7554_/X
 _7555_/X
 _7556_/X
 _7557_/X
 _7558_/Y
 _7559_/Y
 _7560_/X
 _7561_/X
 _7562_/X
 _7563_/Y
 _7564_/X
 _7565_/X
 _7566_/Y
 _7567_/X
 _7568_/X
 _7569_/X
 _7570_/X
 _7571_/X
 _7572_/X
 _7573_/X
 _7574_/X
 _7575_/X
 _7576_/X
 _7577_/X
 _7578_/Y
 _7579_/X
 _7580_/Y
 _7581_/Y
 _7582_/X
 _7583_/X
 _7584_/X
 _7585_/X
 _7586_/X
 _7587_/X
 _7588_/X
 _7589_/X
 _7590_/X
 _7591_/X
 _7592_/X
 _7593_/X
 _7594_/X
 _7595_/X
 _7596_/X
 _7597_/X
 _7598_/X
 _7599_/X
 _7600_/Y
 _7601_/Y
 _7602_/X
 _7603_/X
 _7604_/X
 _7605_/X
 _7606_/X
 _7607_/X
 _7608_/X
 _7609_/X
 _7610_/X
 _7611_/X
 _7612_/X
 _7613_/X
 _7614_/X
 _7615_/X
 _7616_/X
 _7617_/X
 _7618_/X
 _7619_/X
 _7620_/X
 _7621_/X
 _7622_/X
 _7623_/X
 _7624_/X
 _7625_/X
 _7626_/X
 _7627_/X
 _7628_/X
 _7629_/X
 _7630_/X
 _7631_/X
 _7632_/X
 _7633_/X
 _7634_/X
 _7635_/X
 _7636_/X
 _7637_/X
 _7638_/X
 _7639_/X
 _7640_/X
 _7641_/X
 _7642_/X
 _7643_/X
 _7644_/X
 _7645_/X
 _7646_/X
 _7647_/X
 _7648_/X
 _7649_/X
 _7650_/X
 _7651_/X
 _7652_/X
 _7653_/X
 _7654_/X
 _7655_/X
 _7656_/X
 _7657_/X
 _7658_/X
 _7659_/Y
 _7660_/X
 _7661_/X
 _7662_/X
 _7663_/X
 _7664_/X
 _7665_/X
 _7666_/Y
 _7667_/X
 _7668_/Y
 _7669_/X
 _7670_/X
 _7671_/X
 _7672_/X
 _7673_/X
 _7674_/X
 _7675_/X
 _7676_/X
 _7677_/X
 _7678_/X
 _7679_/X
 _7680_/X
 _7681_/Y
 _7682_/X
 _7683_/X
 _7684_/X
 _7685_/X
 _7686_/X
 _7687_/Y
 _7688_/X
 _7689_/Y
 _7690_/X
 _7691_/X
 _7692_/X
 _7693_/X
 _7694_/X
 _7695_/X
 _7696_/X
 _7697_/X
 _7698_/X
 _7699_/X
 _7700_/X
 _7701_/X
 _7702_/X
 _7703_/X
 _7704_/X
 _7705_/Y
 _7706_/Y
 _7707_/X
 _7708_/X
 _7709_/X
 _7710_/X
 _7711_/Y
 _7712_/X
 _7713_/X
 _7714_/X
 _7715_/Y
 _7716_/X
 _7717_/X
 _7718_/X
 _7719_/X
 _7720_/Y
 _7721_/X
 _7722_/X
 _7723_/X
 _7724_/Y
 _7725_/X
 _7726_/Q
 _7727_/Q
 _7728_/Q
 _7729_/Q
 _7730_/Q
 _7731_/Q
 _7732_/Q
 _7733_/Q
 _7734_/Q
 _7735_/Q
 _7736_/Q
 _7737_/Q
 _7738_/Q
 _7739_/Q
 _7740_/Q
 _7741_/Q
 _7742_/Q
 _7743_/Q
 _7744_/Q
 _7745_/Q
 _7746_/Q
 _7747_/Q
 _7748_/Q
 _7749_/Q
 _7750_/Q
 _7751_/Q
 _7752_/Q
 _7753_/Q
 _7754_/Q
 _7755_/Q
 _7756_/Q
 _7757_/Q
 _7758_/Q
 _7759_/Q
 _7760_/Q
 _7761_/Q
 _7762_/Q
 _7763_/Q
 _7764_/Q
 _7765_/Q
 _7766_/Q
 _7767_/Q
 _7768_/Q
 _7769_/Q
 _7770_/Q
 _7771_/Q
 _7772_/Q
 _7773_/Q
 _7774_/Q
 _7775_/Q
 _7776_/Q
 _7777_/Q
 _7778_/Q
 _7779_/Q
 _7780_/Q
 _7781_/Q
 _7782_/Q
 _7783_/Q
 _7784_/Q
 _7785_/Q
 _7786_/Q
 _7787_/Q
 _7788_/Q
 _7789_/Q
 _7790_/Q
 _7791_/Q
 _7792_/Q
 _7793_/Q
 _7794_/Q
 _7795_/Q
 _7796_/Q
 _7797_/Q
 _7798_/Q
 _7799_/Q
 _7800_/Q
 _7801_/Q
 _7802_/Q
 _7803_/Q
 _7804_/Q
 _7805_/Q
 _7806_/Q
 _7807_/Q
 _7808_/Q
 _7809_/Q
 _7810_/Q
 _7811_/Q
 _7812_/Q
 _7813_/Q
 _7814_/Q
 _7815_/Q
 _7816_/Q
 _7817_/Q
 _7818_/Q
 _7819_/Q
 _7820_/Q
 _7821_/Q
 _7822_/Q
 _7823_/Q
 _7824_/Q
 _7825_/Q
 _7826_/Q
 _7827_/Q
 _7828_/Q
 _7829_/Q
 _7830_/Q
 _7831_/Q
 _7832_/Q
 _7833_/Q
 _7834_/Q
 _7835_/Q
 _7836_/Q
 _7837_/Q
 _7838_/Q
 _7839_/Q
 _7840_/Q
 _7841_/Q
 _7842_/Q
 _7843_/Q
 _7844_/Q
 _7845_/Q
 _7846_/Q
 _7847_/Q
 _7848_/Q
 _7849_/Q
 _7850_/Q
 _7851_/Q
 _7852_/Q
 _7853_/Q
 _7854_/Q
 _7855_/Q
 _7856_/Q
 _7857_/Q
 _7858_/Q
 _7859_/Q
 _7860_/Q
 _7861_/Q
 _7862_/Q
 _7863_/Q
 _7864_/Q
 _7865_/Q
 _7866_/Q
 _7867_/Q
 _7868_/Q
 _7869_/Q
 _7870_/Q
 _7871_/Q
 _7872_/Q
 _7873_/Q
 _7874_/Q
 _7875_/Q
 _7876_/Q
 _7877_/Q
 _7878_/Q
 _7879_/Q
 _7880_/Q
 _7881_/Q
 _7882_/Q
 _7883_/Q
 _7884_/Q
 _7885_/Q
 _7886_/Q
 _7887_/Q
 _7888_/Q
 _7889_/Q
 _7890_/Q
 _7891_/Q
 _7892_/Q
 _7893_/Q
 _7894_/Q
 _7895_/Q
 _7896_/Q
 _7897_/Q
 _7898_/Q
 _7899_/Q
 _7900_/Q
 _7901_/Q
 _7902_/Q
 _7903_/Q
 _7904_/Q
 _7905_/Q
 _7906_/Q
 _7907_/Q
 _7908_/Q
 _7909_/Q
 _7910_/Q
 _7911_/Q
 _7912_/Q
 _7913_/Q
 _7914_/Q
 _7915_/Q
 _7916_/Q
 _7917_/Q
 _7918_/Q
 _7919_/Q
 _7920_/Q
 _7921_/Q
 _7922_/Q
 _7923_/Q
 _7924_/Q
 _7925_/Q
 _7926_/Q
 _7927_/Q
 _7928_/Q
 _7929_/Q
 _7930_/Q
 _7931_/Q
 _7932_/Q
 _7933_/Q
 _7934_/Q
 _7935_/Q
 _7936_/Q
 _7937_/Q
 _7938_/Q
 _7939_/Q
 _7940_/Q
 _7941_/Q
 _7942_/Q
 _7943_/Q
 _7944_/Q
 _7945_/Q
 _7946_/Q
 _7947_/Q
 _7948_/Q
 _7949_/Q
 _7950_/Q
 _7951_/Q
 _7952_/Q
 _7953_/Q
 _7954_/Q
 _7955_/Q
 _7956_/Q
 _7957_/Q
 _7958_/Q
 _7959_/Q
 _7960_/Q
 _7961_/Q
 _7962_/Q
 _7963_/Q
 _7964_/Q
 _7965_/Q
 _7966_/Q
 _7967_/Q
 _7968_/Q
 _7969_/Q
 _7970_/Q
 _7971_/Q
 _7972_/Q
 _7973_/Q
 _7974_/Q
 _7975_/Q
 _7976_/Q
 _7977_/Q
 _7978_/Q
 _7979_/Q
 _7980_/Q
 _7981_/Q
 _7982_/Q
 _7983_/Q
 _7984_/Q
 _7985_/Q
 _7986_/Q
 _7987_/Q
 _7988_/Q
 _7989_/Q
 _7990_/Q
 _7991_/Q
 _7992_/Q
 _7993_/Q
 _7994_/Q
 _7995_/Q
 _7996_/Q
 _7997_/Q
 _7998_/Q
 _7999_/Q
 _8000_/Q
 _8001_/Q
 _8002_/Q
 _8003_/Q
 _8004_/Q
 _8005_/Q
 _8006_/Q
 _8007_/Q
 _8008_/Q
 _8009_/Q
 _8010_/Q
 _8011_/Q
 _8012_/Q
 _8013_/Q
 _8014_/Q
 _8015_/Q
 _8016_/Q
 _8017_/Q
 _8018_/Q
 _8019_/Q
 _8020_/Q
 _8021_/Q
 _8022_/Q
 _8023_/Q
 _8024_/Q
 _8025_/Q
 _8026_/Q
 _8027_/Q
 _8028_/Q
 _8029_/Q
 _8030_/Q
 _8031_/Q
 _8032_/Q
 _8033_/Q
 _8034_/Q
 _8035_/Q
 _8036_/Q
 _8037_/Q
 _8038_/Q
 _8039_/Q
 _8040_/Q
 _8041_/Q
 _8042_/Q
 _8043_/Q
 _8044_/Q
 _8045_/Q
 _8046_/Q
 _8047_/Q
 _8048_/Q
 _8049_/Q
 _8050_/Q
 _8051_/Q
 _8052_/Q
 _8053_/Q
 _8054_/Q
 _8055_/Q
 _8056_/Q
 _8057_/Q
 _8058_/Q
 _8059_/Q
 _8060_/Q
 _8061_/Q
 _8062_/Q
 _8063_/Q
 _8064_/Q
 _8065_/Q
 _8066_/Q
 _8067_/Q
 _8068_/Q
 _8069_/Q
 _8070_/Q
 _8071_/Q
 _8072_/Q
 _8073_/Q
 _8074_/Q
 _8075_/Q
 _8076_/Q
 _8077_/Q
 _8078_/Q
 _8079_/Q
 _8080_/Q
 _8081_/Q
 _8082_/Q
 _8083_/Q
 _8084_/Q
 _8085_/Q
 _8086_/Q
 _8087_/Q
 _8088_/Q
 _8089_/Q
 _8090_/Q
 _8091_/Q
 _8092_/Q
 _8093_/Q
 _8094_/Q
 _8095_/Q
 _8096_/Q
 _8097_/Q
 _8098_/Q
 _8099_/Q
 _8100_/Q
 _8101_/Q
 _8102_/Q
 _8103_/Q
 _8104_/Q
 _8105_/Q
 _8106_/Q
 _8107_/Q
 _8108_/Q
 _8109_/Q
 _8110_/Q
 _8111_/Q
 _8112_/Q
 _8113_/Q
 _8114_/Q
 _8115_/Q
 _8116_/Q
 _8117_/Q
 _8118_/Q
 _8119_/Q
 _8120_/Q
 _8121_/Q
 _8122_/Q
 _8123_/Q
 _8124_/Q
 _8125_/Q
 _8126_/Q
 _8127_/Q
 _8128_/Q
 _8129_/Q
 _8130_/Q
 _8131_/Q
 _8132_/Q
 _8133_/Q
 _8134_/Q
 _8135_/Q
 _8136_/Q
 _8137_/Q
 _8138_/Q
 _8139_/Q
 _8140_/Q
 _8141_/Q
 _8142_/Q
 _8143_/Q
 _8144_/Q
 _8145_/Q
 _8146_/Q
 _8147_/Q
 _8148_/Q
 _8149_/Q
 _8150_/Q
 _8151_/Q
 _8152_/Q
 _8153_/Q
 _8154_/Q
 _8155_/Q
 _8156_/Q
 _8157_/Q
 _8158_/Q
 _8159_/Q
 _8160_/Q
 _8161_/Q
 _8162_/Q
 _8163_/Q
 _8164_/Q
 _8165_/Q
 _8166_/Q
 _8167_/Q
 _8168_/Q
 _8169_/Q
 _8170_/Q
 _8171_/Q
 _8172_/Q
 _8173_/Q
 _8174_/Q
 _8175_/Q
 _8176_/Q
 _8177_/Q
 _8178_/Q
 _8179_/Q
 _8180_/Q
 _8181_/Q
 _8182_/Q
 _8183_/Q
 _8184_/Q
 _8185_/Q
 _8186_/Q
 _8187_/Q
 _8188_/Q
 _8189_/Q
 _8190_/Q
 _8191_/Q
 _8192_/Q
 _8193_/Q
 _8194_/Q
 _8195_/Q
 _8196_/Q
 _8197_/Q
 _8198_/Q
 _8199_/Q
 _8200_/Q
 _8201_/Q
 _8202_/Q
 _8203_/Q
 _8204_/Q
 _8205_/Q
 _8206_/Q
 _8207_/Q
 _8208_/Q
 _8209_/Q
 _8210_/Q
 _8211_/Q
 _8212_/Q
 _8213_/Q
 _8214_/Q
 _8215_/Q
 _8216_/Q
 _8217_/Q
 _8218_/Q
 _8219_/Q
 _8220_/Q
 _8221_/Q
 _8222_/Q
 _8223_/Q
 _8224_/Q
 _8225_/Q
 _8226_/Q
 _8227_/Q
 _8228_/Q
 _8229_/Q
 _8230_/Q
 _8231_/Q
 _8232_/Q
 _8233_/Q
 _8234_/Q
 _8235_/Q
 _8236_/Q
 _8237_/Q
 _8238_/Q
 _8239_/Q
 _8240_/Q
 _8241_/Q
 _8242_/Q
 _8243_/Q
 _8244_/Q
 _8245_/Q
 _8246_/Q
 _8247_/Q
 _8248_/Q
 _8249_/Q
 _8250_/Q
 _8251_/Q
 _8252_/Q
 _8253_/Q
 _8254_/Q
 _8255_/Q
 _8256_/Q
 _8257_/Q
 _8258_/Q
 _8259_/Q
 _8260_/Q
 _8261_/Q
 _8262_/Q
 _8263_/Q
 _8264_/Q
 _8265_/Q
 _8266_/Q
 _8267_/Q
 _8268_/Q
 _8269_/Q
 _8270_/Q
 _8271_/Q
 _8272_/Q
 _8273_/Q
 _8274_/Q
 _8275_/Q
 _8276_/Q
 _8277_/Q
 _8278_/Q
 _8279_/Q
 _8280_/Q
 _8281_/Q
 _8282_/Q
 _8283_/Q
 _8284_/Q
 _8285_/Q
 _8286_/Q
 _8287_/Q
 _8288_/Q
 _8289_/Q
 _8290_/Q
 _8291_/Q
 _8292_/Q
 _8293_/Q
 _8294_/Q
 _8295_/Q
 _8296_/Q
 _8297_/Q
 _8298_/Q
 _8299_/Q
 _8300_/Q
 _8301_/Q
 _8302_/Q
 _8303_/Q
 _8304_/Q
 _8305_/Q
 _8306_/Q
 _8307_/Q
 _8308_/Q
 _8309_/Q
 _8310_/Q
 _8311_/Q
 _8312_/Q
 _8313_/Q
 _8314_/Q
 _8315_/Q
 _8316_/Q
 _8317_/Q
 _8318_/Q
 _8319_/Q
 _8320_/Q
 _8321_/Q
 _8322_/Q
 _8323_/Q
 _8324_/Q
 _8325_/Q
 _8326_/Q
 _8327_/Q
 _8328_/Q
 _8329_/Q
 _8330_/Q
 _8331_/Q
 _8332_/Q
 _8333_/Q
 _8334_/Q
 _8335_/Q
 _8336_/Q
 _8337_/Q
 _8338_/Q
 _8339_/Q
 _8340_/Q
 _8341_/Q
 _8342_/Q
 _8343_/Q
 _8344_/Q
 _8345_/Q
 _8346_/Q
 _8347_/Q
 _8348_/Q
 _8349_/Q
 _8350_/Q
 _8351_/Q
 _8352_/Q
 _8353_/Q
 _8354_/Q
 _8355_/Q
 _8356_/Q
 _8357_/Q
 _8358_/Q
 _8359_/Q
 _8360_/Q
 _8361_/Q
 _8362_/Q
 _8363_/Q
 _8364_/Q
 _8365_/Q
 _8366_/Q
 _8367_/Q
 _8368_/Q
 _8369_/Q
 _8370_/Q
 _8371_/Q
 _8372_/Q
 _8373_/Q
 _8374_/Q
 _8375_/Q
 _8376_/Q
 _8377_/Q
 _8378_/Q
 _8379_/Q
 _8380_/Q
 _8381_/Q
 _8382_/Q
 _8383_/Q
 _8384_/Q
 _8385_/Q
 _8386_/Q
 _8387_/Q
 _8388_/Q
 _8389_/Q
 _8390_/Q
 _8391_/Q
 _8392_/Q
 _8393_/Q
 _8394_/Q
 _8395_/Q
 _8396_/Q
 _8397_/Q
 _8398_/Q
 _8399_/Q
 _8400_/Q
 _8401_/Q
 _8402_/Q
 _8403_/Q
 _8404_/Q
 _8405_/Q
 _8406_/Q
 _8407_/Q
 _8408_/Q
 _8409_/Q
 _8410_/Q
 _8411_/Q
 _8412_/Q
 _8413_/Q
 _8414_/Q
 _8415_/Q
 _8416_/Q
 _8417_/Q
 _8418_/Q
 _8419_/Q
 _8420_/Q
 _8421_/Q
 _8422_/Q
 _8423_/Q
 _8424_/Q
 _8425_/Q
 _8426_/Q
 _8427_/Q
 _8428_/Q
 _8429_/Q
 _8430_/Q
 _8431_/Q
 _8432_/Q
 _8433_/Q
 _8434_/Q
 _8435_/Q
 _8436_/Q
 _8437_/Q
 _8438_/Q
 _8439_/Q
 _8440_/Q
 _8441_/Q
 _8442_/Q
 _8443_/Q
 _8444_/Q
 _8445_/Q
 _8446_/Q
 _8447_/Q
 _8448_/Q
 _8449_/Q
 _8450_/Q
 _8451_/Q
 _8452_/Q
 _8453_/Q
 _8454_/Q
 _8455_/Q
 _8456_/Q
 _8457_/Q
 _8458_/Q
 _8459_/Q
 _8460_/Q
 _8461_/Q
 _8462_/Q
 _8463_/Q
 _8464_/Q
 _8465_/Q
 _8466_/Q
 _8467_/Q
 _8468_/Q
 _8469_/Q
 _8470_/Q
 _8471_/Q
 _8472_/Q
 _8473_/Q
 _8474_/Q
 _8475_/Q
 _8476_/Q
 _8477_/Q
 _8478_/Q
 _8479_/Q
 _8480_/Q
 _8481_/Q
 _8482_/Q
 _8483_/Q
 _8484_/Q
 _8485_/Q
 _8486_/Q
 _8487_/Q
 _8488_/Q
 _8489_/Q
 _8490_/Q
 _8491_/Q
 _8492_/Q
 _8493_/Q
 _8494_/Q
 _8495_/Q
 _8496_/Q
 _8497_/Q
 _8498_/Q
 _8499_/Q
 _8500_/Q
 _8501_/Q
 _8502_/Q
 _8503_/Q
 _8504_/Q
 _8505_/Q
 _8506_/Q
 _8507_/Q
 _8508_/Q
 _8509_/Q
 _8510_/Q
 _8511_/Q
 _8512_/Q
 _8513_/Q
 _8514_/Q
 _8515_/Q
 _8516_/Q
 _8517_/Q
 _8518_/Q
 _8519_/Q
 _8520_/Q
 _8521_/Q
 _8522_/Q
 _8523_/Q
 _8524_/Q
 _8525_/Q
 _8526_/Q
 _8527_/Q
 _8528_/Q
 _8529_/Q
 _8530_/Q
 _8531_/Q
 _8532_/Q
 _8533_/Q
 _8534_/Q
 _8535_/Q
 _8536_/Q
 _8537_/Q
 _8538_/Q
 _8539_/Q
 _8540_/Q
 _8541_/Q
 _8542_/Q
 _8543_/Q
 _8544_/Q
 _8545_/Q
 _8546_/Q
 _8547_/Q
 _8548_/Q
 _8549_/Q
 _8550_/Q
 _8551_/Q
 _8552_/Q
 _8553_/Q
 _8554_/Q
 _8555_/Q
 _8556_/Q
 _8557_/Q
 _8558_/Q
 _8559_/Q
 _8560_/Q
 _8561_/Q
 _8562_/Q
 _8563_/Q
 _8564_/Q
 _8565_/Q
 _8566_/Q
 _8567_/Q
 _8568_/Q
 _8569_/Q
 _8570_/Q
 _8571_/Q
 _8572_/Q
 _8573_/Q
 _8574_/Q
 _8575_/Q
 _8576_/Q
 _8577_/Q
 _8578_/Q
 _8579_/Q
 _8580_/Q
 _8581_/Q
 _8582_/Q
 _8583_/Q
 _8584_/Q
 _8585_/Q
 _8586_/Q
 _8587_/Q
 _8588_/Q
 _8589_/Q
 _8590_/Q
 _8591_/Q
 _8592_/Q
 _8593_/Q
 _8594_/Q
 _8595_/Q
 _8596_/Q
 _8597_/Q
 _8598_/Q
 _8599_/Q
 _8600_/Q
 _8601_/Q
 _8602_/Q
 _8603_/Q
 _8604_/Q
 _8605_/Q
 _8606_/Q
 _8607_/Q
 _8608_/Q
 _8609_/Q
 _8610_/Q
 _8611_/Q
 _8612_/Q
 _8613_/Q
 _8614_/Q
 _8615_/Q
 _8616_/Q
 _8617_/Q
 _8618_/Q
 _8619_/Q
 _8620_/Q
 _8621_/Q
 _8622_/Q
 _8623_/Q
 _8624_/Q
 _8625_/Q
 _8626_/Q
 _8627_/Q
 _8628_/Q
 _8629_/Q
 _8630_/Q
 _8631_/Q
 _8632_/Q
 _8633_/Q
 _8634_/Q
 _8635_/Q
 _8636_/Q
 _8637_/Q
 _8638_/Q
 _8639_/Q
 _8640_/Q
 _8641_/Q
 _8642_/Q
 _8643_/Q
 _8644_/Q
 _8645_/Q
 _8646_/Q
 _8647_/Q
 _8648_/Q
 _8649_/Q
 _8650_/Q
 _8651_/Q
 _8652_/Q
 _8653_/Q
 _8654_/Q
 _8655_/Q
 _8656_/Q
 _8657_/Q
 _8658_/Q
 _8659_/Q
 _8660_/Q
 _8661_/Q
 _8662_/Q
 _8663_/Q
 _8664_/Q
 _8665_/Q
 _8666_/Q
 _8667_/Q
 _8668_/Q
 _8669_/Q
 _8670_/Q
 _8671_/Q
 _8672_/Q
 _8673_/Q
 _8674_/Q
 _8675_/Q
 _8676_/Q
 _8677_/Q
 _8678_/Q
 _8679_/Q
 _8680_/Q
 _8681_/Q
 _8682_/Q
 _8683_/Q
 _8684_/Q
 _8685_/Q
 _8686_/Q
 _8687_/Q
 _8688_/Q
 _8689_/Q
 _8690_/Q
 _8691_/Q
 _8692_/Q
 _8693_/Q
 _8694_/Q
 _8695_/Q
 _8696_/Q
 _8697_/Q
 _8698_/Q
 _8699_/Q
 _8700_/Q
 _8701_/Q
 _8702_/Q
 _8703_/Q
 _8704_/Q
 _8705_/Q
 _8706_/Q
 _8707_/Q
 _8708_/Q
 _8709_/Q
 _8710_/Q
 _8711_/Q
 _8712_/Q
 _8713_/Q
 _8714_/Q
 _8715_/Q
 _8716_/Q
 _8717_/Q
 _8718_/Q
 _8719_/Q
 _8720_/Q
 _8721_/Q
 _8722_/Q
 _8723_/Q
 _8724_/Q
 _8725_/Q
 _8726_/Q
 _8727_/Q
 _8728_/Q
 _8729_/Q
 _8730_/Q
 _8731_/Q
 _8732_/Q
 _8733_/Q
 _8734_/Q
 _8735_/Q
 _8736_/Q
 _8737_/Q
 _8738_/Q
 _8739_/Q
 _8740_/Q
 _8741_/Q
 _8742_/Q
 _8743_/Q
 _8744_/Q
 _8745_/Q
 _8746_/Q
 _8747_/Q
 _8748_/Q
 _8749_/Q
Found 0 partially unannotated drivers.

===========================================================================
max slew violation count 0
max fanout violation count 0
max cap violation count 0
============================================================================

===========================================================================
check_setup -verbose -unconstrained_endpoints -multiple_clock -no_clock -no_input_delay -loops -generated_clocks
===========================================================================
Warning: There are 50 input ports missing set_input_delay.
  a1[0]
  a1[1]
  a1[2]
  a1[3]
  a1[4]
  a2[0]
  a2[1]
  a2[2]
  a2[3]
  a2[4]
  a3[0]
  a3[1]
  a3[2]
  a3[3]
  a3[4]
  opcode[0]
  opcode[1]
  wd3[0]
  wd3[10]
  wd3[11]
  wd3[12]
  wd3[13]
  wd3[14]
  wd3[15]
  wd3[16]
  wd3[17]
  wd3[18]
  wd3[19]
  wd3[1]
  wd3[20]
  wd3[21]
  wd3[22]
  wd3[23]
  wd3[24]
  wd3[25]
  wd3[26]
  wd3[27]
  wd3[28]
  wd3[29]
  wd3[2]
  wd3[30]
  wd3[31]
  wd3[3]
  wd3[4]
  wd3[5]
  wd3[6]
  wd3[7]
  wd3[8]
  wd3[9]
  we3
Warning: There are 96 unconstrained endpoints.
  alu_result[0]
  alu_result[10]
  alu_result[11]
  alu_result[12]
  alu_result[13]
  alu_result[14]
  alu_result[15]
  alu_result[16]
  alu_result[17]
  alu_result[18]
  alu_result[19]
  alu_result[1]
  alu_result[20]
  alu_result[21]
  alu_result[22]
  alu_result[23]
  alu_result[24]
  alu_result[25]
  alu_result[26]
  alu_result[27]
  alu_result[28]
  alu_result[29]
  alu_result[2]
  alu_result[30]
  alu_result[31]
  alu_result[3]
  alu_result[4]
  alu_result[5]
  alu_result[6]
  alu_result[7]
  alu_result[8]
  alu_result[9]
  rd1[0]
  rd1[10]
  rd1[11]
  rd1[12]
  rd1[13]
  rd1[14]
  rd1[15]
  rd1[16]
  rd1[17]
  rd1[18]
  rd1[19]
  rd1[1]
  rd1[20]
  rd1[21]
  rd1[22]
  rd1[23]
  rd1[24]
  rd1[25]
  rd1[26]
  rd1[27]
  rd1[28]
  rd1[29]
  rd1[2]
  rd1[30]
  rd1[31]
  rd1[3]
  rd1[4]
  rd1[5]
  rd1[6]
  rd1[7]
  rd1[8]
  rd1[9]
  rd2[0]
  rd2[10]
  rd2[11]
  rd2[12]
  rd2[13]
  rd2[14]
  rd2[15]
  rd2[16]
  rd2[17]
  rd2[18]
  rd2[19]
  rd2[1]
  rd2[20]
  rd2[21]
  rd2[22]
  rd2[23]
  rd2[24]
  rd2[25]
  rd2[26]
  rd2[27]
  rd2[28]
  rd2[29]
  rd2[2]
  rd2[30]
  rd2[31]
  rd2[3]
  rd2[4]
  rd2[5]
  rd2[6]
  rd2[7]
  rd2[8]
  rd2[9]
