
===========================================================================
report_checks -path_delay max (Setup)
============================================================================
======================= Fastest Corner ===================================

Startpoint: opcode[1] (input port clocked by __VIRTUAL_CLK__)
Endpoint: out[7] (output port clocked by __VIRTUAL_CLK__)
Path Group: __VIRTUAL_CLK__
Path Type: max
Corner: Fastest

Fanout     Cap    Slew   Delay    Time   Description
-----------------------------------------------------------------------------
                  0.00    0.00    0.00   clock __VIRTUAL_CLK__ (rise edge)
                          0.00    0.00   clock network delay (ideal)
                          2.00    2.00 ^ input external delay
     1    0.00    0.01    0.01    2.01 ^ opcode[1] (in)
                                         opcode[1] (net)
                  0.01    0.00    2.01 ^ input18/A (sky130_fd_sc_hd__dlymetal6s2s_1)
     5    0.02    0.16    0.15    2.16 ^ input18/X (sky130_fd_sc_hd__dlymetal6s2s_1)
                                         net18 (net)
                  0.16    0.00    2.16 ^ _222_/B (sky130_fd_sc_hd__nand3b_4)
     8    0.04    0.10    0.11    2.26 v _222_/Y (sky130_fd_sc_hd__nand3b_4)
                                         _150_ (net)
                  0.10    0.00    2.27 v _234_/C (sky130_fd_sc_hd__and3_1)
     2    0.01    0.04    0.16    2.43 v _234_/X (sky130_fd_sc_hd__and3_1)
                                         _001_ (net)
                  0.04    0.00    2.43 v _236_/A1 (sky130_fd_sc_hd__o21a_1)
     4    0.02    0.06    0.16    2.59 v _236_/X (sky130_fd_sc_hd__o21a_1)
                                         _003_ (net)
                  0.06    0.00    2.59 v _239_/B1 (sky130_fd_sc_hd__a211oi_2)
     3    0.01    0.18    0.15    2.74 ^ _239_/Y (sky130_fd_sc_hd__a211oi_2)
                                         _006_ (net)
                  0.18    0.00    2.74 ^ _241_/A2 (sky130_fd_sc_hd__o21ai_2)
     5    0.02    0.07    0.07    2.82 v _241_/Y (sky130_fd_sc_hd__o21ai_2)
                                         _008_ (net)
                  0.07    0.00    2.82 v _248_/A2 (sky130_fd_sc_hd__a311o_2)
     5    0.02    0.07    0.28    3.10 v _248_/X (sky130_fd_sc_hd__a311o_2)
                                         _015_ (net)
                  0.07    0.00    3.10 v _260_/A3 (sky130_fd_sc_hd__a311oi_2)
     3    0.01    0.20    0.25    3.35 ^ _260_/Y (sky130_fd_sc_hd__a311oi_2)
                                         _026_ (net)
                  0.20    0.00    3.35 ^ _280_/A2 (sky130_fd_sc_hd__o21ai_1)
     1    0.00    0.04    0.03    3.38 v _280_/Y (sky130_fd_sc_hd__o21ai_1)
                                         _045_ (net)
                  0.04    0.00    3.38 v _282_/B (sky130_fd_sc_hd__and3_1)
     1    0.00    0.03    0.11    3.49 v _282_/X (sky130_fd_sc_hd__and3_1)
                                         _047_ (net)
                  0.03    0.00    3.49 v _289_/A2 (sky130_fd_sc_hd__o31a_1)
     1    0.00    0.03    0.17    3.67 v _289_/X (sky130_fd_sc_hd__o31a_1)
                                         net27 (net)
                  0.03    0.00    3.67 v output27/A (sky130_fd_sc_hd__buf_2)
     1    0.03    0.06    0.13    3.79 v output27/X (sky130_fd_sc_hd__buf_2)
                                         out[7] (net)
                  0.06    0.00    3.79 v out[7] (out)
                                  3.79   data arrival time

                  0.00   10.00   10.00   clock __VIRTUAL_CLK__ (rise edge)
                          0.00   10.00   clock network delay (ideal)
                         -0.25    9.75   clock uncertainty
                          0.00    9.75   clock reconvergence pessimism
                         -2.00    7.75   output external delay
                                  7.75   data required time
-----------------------------------------------------------------------------
                                  7.75   data required time
                                 -3.79   data arrival time
-----------------------------------------------------------------------------
                                  3.96   slack (MET)


Startpoint: opcode[1] (input port clocked by __VIRTUAL_CLK__)
Endpoint: out[6] (output port clocked by __VIRTUAL_CLK__)
Path Group: __VIRTUAL_CLK__
Path Type: max
Corner: Fastest

Fanout     Cap    Slew   Delay    Time   Description
-----------------------------------------------------------------------------
                  0.00    0.00    0.00   clock __VIRTUAL_CLK__ (rise edge)
                          0.00    0.00   clock network delay (ideal)
                          2.00    2.00 ^ input external delay
     1    0.00    0.01    0.01    2.01 ^ opcode[1] (in)
                                         opcode[1] (net)
                  0.01    0.00    2.01 ^ input18/A (sky130_fd_sc_hd__dlymetal6s2s_1)
     5    0.02    0.16    0.15    2.16 ^ input18/X (sky130_fd_sc_hd__dlymetal6s2s_1)
                                         net18 (net)
                  0.16    0.00    2.16 ^ _222_/B (sky130_fd_sc_hd__nand3b_4)
     8    0.04    0.10    0.11    2.26 v _222_/Y (sky130_fd_sc_hd__nand3b_4)
                                         _150_ (net)
                  0.10    0.00    2.27 v _234_/C (sky130_fd_sc_hd__and3_1)
     2    0.01    0.04    0.16    2.43 v _234_/X (sky130_fd_sc_hd__and3_1)
                                         _001_ (net)
                  0.04    0.00    2.43 v _236_/A1 (sky130_fd_sc_hd__o21a_1)
     4    0.02    0.06    0.16    2.59 v _236_/X (sky130_fd_sc_hd__o21a_1)
                                         _003_ (net)
                  0.06    0.00    2.59 v _239_/B1 (sky130_fd_sc_hd__a211oi_2)
     3    0.01    0.18    0.15    2.74 ^ _239_/Y (sky130_fd_sc_hd__a211oi_2)
                                         _006_ (net)
                  0.18    0.00    2.74 ^ _241_/A2 (sky130_fd_sc_hd__o21ai_2)
     5    0.02    0.07    0.07    2.82 v _241_/Y (sky130_fd_sc_hd__o21ai_2)
                                         _008_ (net)
                  0.07    0.00    2.82 v _248_/A2 (sky130_fd_sc_hd__a311o_2)
     5    0.02    0.07    0.28    3.10 v _248_/X (sky130_fd_sc_hd__a311o_2)
                                         _015_ (net)
                  0.07    0.00    3.10 v _261_/A3 (sky130_fd_sc_hd__a31o_1)
     1    0.00    0.03    0.16    3.26 v _261_/X (sky130_fd_sc_hd__a31o_1)
                                         _027_ (net)
                  0.03    0.00    3.26 v _262_/A2 (sky130_fd_sc_hd__a21o_1)
     1    0.00    0.02    0.11    3.37 v _262_/X (sky130_fd_sc_hd__a21o_1)
                                         _028_ (net)
                  0.02    0.00    3.37 v _263_/B (sky130_fd_sc_hd__or2_1)
     1    0.00    0.03    0.12    3.49 v _263_/X (sky130_fd_sc_hd__or2_1)
                                         _029_ (net)
                  0.03    0.00    3.49 v _274_/B1 (sky130_fd_sc_hd__a22oi_1)
     1    0.00    0.09    0.08    3.56 ^ _274_/Y (sky130_fd_sc_hd__a22oi_1)
                                         net26 (net)
                  0.09    0.00    3.56 ^ output26/A (sky130_fd_sc_hd__buf_2)
     1    0.03    0.13    0.16    3.72 ^ output26/X (sky130_fd_sc_hd__buf_2)
                                         out[6] (net)
                  0.13    0.00    3.72 ^ out[6] (out)
                                  3.72   data arrival time

                  0.00   10.00   10.00   clock __VIRTUAL_CLK__ (rise edge)
                          0.00   10.00   clock network delay (ideal)
                         -0.25    9.75   clock uncertainty
                          0.00    9.75   clock reconvergence pessimism
                         -2.00    7.75   output external delay
                                  7.75   data required time
-----------------------------------------------------------------------------
                                  7.75   data required time
                                 -3.72   data arrival time
-----------------------------------------------------------------------------
                                  4.03   slack (MET)


Startpoint: opcode[1] (input port clocked by __VIRTUAL_CLK__)
Endpoint: out[5] (output port clocked by __VIRTUAL_CLK__)
Path Group: __VIRTUAL_CLK__
Path Type: max
Corner: Fastest

Fanout     Cap    Slew   Delay    Time   Description
-----------------------------------------------------------------------------
                  0.00    0.00    0.00   clock __VIRTUAL_CLK__ (rise edge)
                          0.00    0.00   clock network delay (ideal)
                          2.00    2.00 ^ input external delay
     1    0.00    0.01    0.01    2.01 ^ opcode[1] (in)
                                         opcode[1] (net)
                  0.01    0.00    2.01 ^ input18/A (sky130_fd_sc_hd__dlymetal6s2s_1)
     5    0.02    0.16    0.15    2.16 ^ input18/X (sky130_fd_sc_hd__dlymetal6s2s_1)
                                         net18 (net)
                  0.16    0.00    2.16 ^ _222_/B (sky130_fd_sc_hd__nand3b_4)
     8    0.04    0.10    0.11    2.26 v _222_/Y (sky130_fd_sc_hd__nand3b_4)
                                         _150_ (net)
                  0.10    0.00    2.27 v _234_/C (sky130_fd_sc_hd__and3_1)
     2    0.01    0.04    0.16    2.43 v _234_/X (sky130_fd_sc_hd__and3_1)
                                         _001_ (net)
                  0.04    0.00    2.43 v _236_/A1 (sky130_fd_sc_hd__o21a_1)
     4    0.02    0.06    0.16    2.59 v _236_/X (sky130_fd_sc_hd__o21a_1)
                                         _003_ (net)
                  0.06    0.00    2.59 v _239_/B1 (sky130_fd_sc_hd__a211oi_2)
     3    0.01    0.18    0.15    2.74 ^ _239_/Y (sky130_fd_sc_hd__a211oi_2)
                                         _006_ (net)
                  0.18    0.00    2.74 ^ _241_/A2 (sky130_fd_sc_hd__o21ai_2)
     5    0.02    0.07    0.07    2.82 v _241_/Y (sky130_fd_sc_hd__o21ai_2)
                                         _008_ (net)
                  0.07    0.00    2.82 v _248_/A2 (sky130_fd_sc_hd__a311o_2)
     5    0.02    0.07    0.28    3.10 v _248_/X (sky130_fd_sc_hd__a311o_2)
                                         _015_ (net)
                  0.07    0.00    3.10 v _249_/C (sky130_fd_sc_hd__and3_1)
     1    0.00    0.03    0.13    3.23 v _249_/X (sky130_fd_sc_hd__and3_1)
                                         _016_ (net)
                  0.03    0.00    3.23 v _253_/A (sky130_fd_sc_hd__or3_1)
     1    0.00    0.04    0.22    3.44 v _253_/X (sky130_fd_sc_hd__or3_1)
                                         _020_ (net)
                  0.04    0.00    3.44 v _254_/B2 (sky130_fd_sc_hd__a22oi_1)
     1    0.00    0.10    0.09    3.53 ^ _254_/Y (sky130_fd_sc_hd__a22oi_1)
                                         net25 (net)
                  0.10    0.00    3.54 ^ output25/A (sky130_fd_sc_hd__buf_2)
     1    0.03    0.13    0.16    3.70 ^ output25/X (sky130_fd_sc_hd__buf_2)
                                         out[5] (net)
                  0.13    0.00    3.70 ^ out[5] (out)
                                  3.70   data arrival time

                  0.00   10.00   10.00   clock __VIRTUAL_CLK__ (rise edge)
                          0.00   10.00   clock network delay (ideal)
                         -0.25    9.75   clock uncertainty
                          0.00    9.75   clock reconvergence pessimism
                         -2.00    7.75   output external delay
                                  7.75   data required time
-----------------------------------------------------------------------------
                                  7.75   data required time
                                 -3.70   data arrival time
-----------------------------------------------------------------------------
                                  4.05   slack (MET)


Startpoint: B[1] (input port clocked by __VIRTUAL_CLK__)
Endpoint: out[4] (output port clocked by __VIRTUAL_CLK__)
Path Group: __VIRTUAL_CLK__
Path Type: max
Corner: Fastest

Fanout     Cap    Slew   Delay    Time   Description
-----------------------------------------------------------------------------
                  0.00    0.00    0.00   clock __VIRTUAL_CLK__ (rise edge)
                          0.00    0.00   clock network delay (ideal)
                          2.00    2.00 ^ input external delay
     1    0.00    0.01    0.01    2.01 ^ B[1] (in)
                                         B[1] (net)
                  0.01    0.00    2.01 ^ input10/A (sky130_fd_sc_hd__buf_1)
     3    0.01    0.09    0.09    2.10 ^ input10/X (sky130_fd_sc_hd__buf_1)
                                         net10 (net)
                  0.09    0.00    2.10 ^ _169_/A (sky130_fd_sc_hd__buf_2)
    10    0.04    0.14    0.17    2.27 ^ _169_/X (sky130_fd_sc_hd__buf_2)
                                         _097_ (net)
                  0.14    0.00    2.27 ^ _170_/A1 (sky130_fd_sc_hd__a22oi_1)
     2    0.00    0.06    0.07    2.33 v _170_/Y (sky130_fd_sc_hd__a22oi_1)
                                         _098_ (net)
                  0.06    0.00    2.33 v _172_/B_N (sky130_fd_sc_hd__and4bb_1)
     3    0.01    0.09    0.22    2.55 ^ _172_/X (sky130_fd_sc_hd__and4bb_1)
                                         _100_ (net)
                  0.09    0.00    2.55 ^ _185_/A (sky130_fd_sc_hd__nor2_1)
     2    0.01    0.04    0.05    2.60 v _185_/Y (sky130_fd_sc_hd__nor2_1)
                                         _113_ (net)
                  0.04    0.00    2.60 v _191_/A (sky130_fd_sc_hd__xnor2_1)
     2    0.01    0.17    0.17    2.77 ^ _191_/Y (sky130_fd_sc_hd__xnor2_1)
                                         _119_ (net)
                  0.17    0.00    2.77 ^ _193_/A3 (sky130_fd_sc_hd__a31o_1)
     2    0.01    0.08    0.14    2.91 ^ _193_/X (sky130_fd_sc_hd__a31o_1)
                                         _121_ (net)
                  0.08    0.00    2.92 ^ _194_/B (sky130_fd_sc_hd__xor2_1)
     2    0.01    0.15    0.15    3.07 ^ _194_/X (sky130_fd_sc_hd__xor2_1)
                                         _122_ (net)
                  0.15    0.00    3.07 ^ _321_/A (sky130_fd_sc_hd__xor2_1)
     1    0.01    0.14    0.14    3.21 ^ _321_/X (sky130_fd_sc_hd__xor2_1)
                                         _081_ (net)
                  0.14    0.00    3.21 ^ _328_/A2 (sky130_fd_sc_hd__a21oi_1)
     1    0.00    0.07    0.05    3.26 v _328_/Y (sky130_fd_sc_hd__a21oi_1)
                                         _088_ (net)
                  0.07    0.00    3.26 v _329_/B1 (sky130_fd_sc_hd__a21oi_1)
     1    0.00    0.09    0.07    3.34 ^ _329_/Y (sky130_fd_sc_hd__a21oi_1)
                                         net24 (net)
                  0.09    0.00    3.34 ^ output24/A (sky130_fd_sc_hd__buf_2)
     1    0.03    0.13    0.16    3.50 ^ output24/X (sky130_fd_sc_hd__buf_2)
                                         out[4] (net)
                  0.13    0.00    3.50 ^ out[4] (out)
                                  3.50   data arrival time

                  0.00   10.00   10.00   clock __VIRTUAL_CLK__ (rise edge)
                          0.00   10.00   clock network delay (ideal)
                         -0.25    9.75   clock uncertainty
                          0.00    9.75   clock reconvergence pessimism
                         -2.00    7.75   output external delay
                                  7.75   data required time
-----------------------------------------------------------------------------
                                  7.75   data required time
                                 -3.50   data arrival time
-----------------------------------------------------------------------------
                                  4.25   slack (MET)


Startpoint: opcode[1] (input port clocked by __VIRTUAL_CLK__)
Endpoint: out[3] (output port clocked by __VIRTUAL_CLK__)
Path Group: __VIRTUAL_CLK__
Path Type: max
Corner: Fastest

Fanout     Cap    Slew   Delay    Time   Description
-----------------------------------------------------------------------------
                  0.00    0.00    0.00   clock __VIRTUAL_CLK__ (rise edge)
                          0.00    0.00   clock network delay (ideal)
                          2.00    2.00 ^ input external delay
     1    0.00    0.01    0.01    2.01 ^ opcode[1] (in)
                                         opcode[1] (net)
                  0.01    0.00    2.01 ^ input18/A (sky130_fd_sc_hd__dlymetal6s2s_1)
     5    0.02    0.16    0.15    2.16 ^ input18/X (sky130_fd_sc_hd__dlymetal6s2s_1)
                                         net18 (net)
                  0.16    0.00    2.16 ^ _222_/B (sky130_fd_sc_hd__nand3b_4)
     8    0.04    0.10    0.11    2.26 v _222_/Y (sky130_fd_sc_hd__nand3b_4)
                                         _150_ (net)
                  0.10    0.00    2.27 v _234_/C (sky130_fd_sc_hd__and3_1)
     2    0.01    0.04    0.16    2.43 v _234_/X (sky130_fd_sc_hd__and3_1)
                                         _001_ (net)
                  0.04    0.00    2.43 v _236_/A1 (sky130_fd_sc_hd__o21a_1)
     4    0.02    0.06    0.16    2.59 v _236_/X (sky130_fd_sc_hd__o21a_1)
                                         _003_ (net)
                  0.06    0.00    2.59 v _239_/B1 (sky130_fd_sc_hd__a211oi_2)
     3    0.01    0.18    0.15    2.74 ^ _239_/Y (sky130_fd_sc_hd__a211oi_2)
                                         _006_ (net)
                  0.18    0.00    2.74 ^ _241_/A2 (sky130_fd_sc_hd__o21ai_2)
     5    0.02    0.07    0.07    2.82 v _241_/Y (sky130_fd_sc_hd__o21ai_2)
                                         _008_ (net)
                  0.07    0.00    2.82 v _314_/A2 (sky130_fd_sc_hd__a31o_1)
     1    0.00    0.03    0.15    2.96 v _314_/X (sky130_fd_sc_hd__a31o_1)
                                         _075_ (net)
                  0.03    0.00    2.96 v _318_/A2 (sky130_fd_sc_hd__o21bai_1)
     1    0.00    0.08    0.09    3.05 ^ _318_/Y (sky130_fd_sc_hd__o21bai_1)
                                         _079_ (net)
                  0.08    0.00    3.05 ^ _319_/B1_N (sky130_fd_sc_hd__o21ba_1)
     1    0.00    0.02    0.10    3.14 v _319_/X (sky130_fd_sc_hd__o21ba_1)
                                         _080_ (net)
                  0.02    0.00    3.14 v _320_/B1 (sky130_fd_sc_hd__a21oi_1)
     1    0.01    0.12    0.07    3.22 ^ _320_/Y (sky130_fd_sc_hd__a21oi_1)
                                         net23 (net)
                  0.12    0.00    3.22 ^ output23/A (sky130_fd_sc_hd__clkbuf_4)
     1    0.03    0.09    0.16    3.38 ^ output23/X (sky130_fd_sc_hd__clkbuf_4)
                                         out[3] (net)
                  0.09    0.00    3.38 ^ out[3] (out)
                                  3.38   data arrival time

                  0.00   10.00   10.00   clock __VIRTUAL_CLK__ (rise edge)
                          0.00   10.00   clock network delay (ideal)
                         -0.25    9.75   clock uncertainty
                          0.00    9.75   clock reconvergence pessimism
                         -2.00    7.75   output external delay
                                  7.75   data required time
-----------------------------------------------------------------------------
                                  7.75   data required time
                                 -3.38   data arrival time
-----------------------------------------------------------------------------
                                  4.37   slack (MET)


Startpoint: opcode[1] (input port clocked by __VIRTUAL_CLK__)
Endpoint: out[1] (output port clocked by __VIRTUAL_CLK__)
Path Group: __VIRTUAL_CLK__
Path Type: max
Corner: Fastest

Fanout     Cap    Slew   Delay    Time   Description
-----------------------------------------------------------------------------
                  0.00    0.00    0.00   clock __VIRTUAL_CLK__ (rise edge)
                          0.00    0.00   clock network delay (ideal)
                          2.00    2.00 ^ input external delay
     1    0.00    0.01    0.01    2.01 ^ opcode[1] (in)
                                         opcode[1] (net)
                  0.01    0.00    2.01 ^ input18/A (sky130_fd_sc_hd__dlymetal6s2s_1)
     5    0.02    0.16    0.15    2.16 ^ input18/X (sky130_fd_sc_hd__dlymetal6s2s_1)
                                         net18 (net)
                  0.16    0.00    2.16 ^ _222_/B (sky130_fd_sc_hd__nand3b_4)
     8    0.04    0.10    0.11    2.26 v _222_/Y (sky130_fd_sc_hd__nand3b_4)
                                         _150_ (net)
                  0.10    0.00    2.27 v _234_/C (sky130_fd_sc_hd__and3_1)
     2    0.01    0.04    0.16    2.43 v _234_/X (sky130_fd_sc_hd__and3_1)
                                         _001_ (net)
                  0.04    0.00    2.43 v _236_/A1 (sky130_fd_sc_hd__o21a_1)
     4    0.02    0.06    0.16    2.59 v _236_/X (sky130_fd_sc_hd__o21a_1)
                                         _003_ (net)
                  0.06    0.00    2.59 v _239_/B1 (sky130_fd_sc_hd__a211oi_2)
     3    0.01    0.18    0.15    2.74 ^ _239_/Y (sky130_fd_sc_hd__a211oi_2)
                                         _006_ (net)
                  0.18    0.00    2.74 ^ _300_/A (sky130_fd_sc_hd__or3_1)
     1    0.00    0.04    0.10    2.84 ^ _300_/X (sky130_fd_sc_hd__or3_1)
                                         _063_ (net)
                  0.04    0.00    2.84 ^ _301_/C_N (sky130_fd_sc_hd__or3b_1)
     1    0.00    0.04    0.20    3.04 v _301_/X (sky130_fd_sc_hd__or3b_1)
                                         _064_ (net)
                  0.04    0.00    3.04 v _302_/B2 (sky130_fd_sc_hd__o2bb2a_1)
     1    0.00    0.04    0.18    3.22 v _302_/X (sky130_fd_sc_hd__o2bb2a_1)
                                         net21 (net)
                  0.04    0.00    3.22 v output21/A (sky130_fd_sc_hd__buf_2)
     1    0.03    0.06    0.13    3.34 v output21/X (sky130_fd_sc_hd__buf_2)
                                         out[1] (net)
                  0.06    0.00    3.34 v out[1] (out)
                                  3.34   data arrival time

                  0.00   10.00   10.00   clock __VIRTUAL_CLK__ (rise edge)
                          0.00   10.00   clock network delay (ideal)
                         -0.25    9.75   clock uncertainty
                          0.00    9.75   clock reconvergence pessimism
                         -2.00    7.75   output external delay
                                  7.75   data required time
-----------------------------------------------------------------------------
                                  7.75   data required time
                                 -3.34   data arrival time
-----------------------------------------------------------------------------
                                  4.41   slack (MET)


Startpoint: opcode[1] (input port clocked by __VIRTUAL_CLK__)
Endpoint: out[2] (output port clocked by __VIRTUAL_CLK__)
Path Group: __VIRTUAL_CLK__
Path Type: max
Corner: Fastest

Fanout     Cap    Slew   Delay    Time   Description
-----------------------------------------------------------------------------
                  0.00    0.00    0.00   clock __VIRTUAL_CLK__ (rise edge)
                          0.00    0.00   clock network delay (ideal)
                          2.00    2.00 ^ input external delay
     1    0.00    0.01    0.01    2.01 ^ opcode[1] (in)
                                         opcode[1] (net)
                  0.01    0.00    2.01 ^ input18/A (sky130_fd_sc_hd__dlymetal6s2s_1)
     5    0.02    0.16    0.15    2.16 ^ input18/X (sky130_fd_sc_hd__dlymetal6s2s_1)
                                         net18 (net)
                  0.16    0.00    2.16 ^ _222_/B (sky130_fd_sc_hd__nand3b_4)
     8    0.04    0.10    0.11    2.26 v _222_/Y (sky130_fd_sc_hd__nand3b_4)
                                         _150_ (net)
                  0.10    0.00    2.27 v _234_/C (sky130_fd_sc_hd__and3_1)
     2    0.01    0.04    0.16    2.43 v _234_/X (sky130_fd_sc_hd__and3_1)
                                         _001_ (net)
                  0.04    0.00    2.43 v _238_/B (sky130_fd_sc_hd__nor3_1)
     2    0.01    0.22    0.21    2.63 ^ _238_/Y (sky130_fd_sc_hd__nor3_1)
                                         _005_ (net)
                  0.22    0.00    2.63 ^ _239_/C1 (sky130_fd_sc_hd__a211oi_2)
     3    0.01    0.06    0.04    2.67 v _239_/Y (sky130_fd_sc_hd__a211oi_2)
                                         _006_ (net)
                  0.06    0.00    2.67 v _305_/C (sky130_fd_sc_hd__or3_1)
     1    0.00    0.05    0.19    2.86 v _305_/X (sky130_fd_sc_hd__or3_1)
                                         _067_ (net)
                  0.05    0.00    2.86 v _309_/A3 (sky130_fd_sc_hd__a31o_1)
     1    0.00    0.02    0.14    3.00 v _309_/X (sky130_fd_sc_hd__a31o_1)
                                         _071_ (net)
                  0.02    0.00    3.00 v _310_/B2 (sky130_fd_sc_hd__o2bb2a_1)
     1    0.00    0.04    0.17    3.17 v _310_/X (sky130_fd_sc_hd__o2bb2a_1)
                                         net22 (net)
                  0.04    0.00    3.17 v output22/A (sky130_fd_sc_hd__buf_2)
     1    0.03    0.06    0.13    3.30 v output22/X (sky130_fd_sc_hd__buf_2)
                                         out[2] (net)
                  0.06    0.00    3.30 v out[2] (out)
                                  3.30   data arrival time

                  0.00   10.00   10.00   clock __VIRTUAL_CLK__ (rise edge)
                          0.00   10.00   clock network delay (ideal)
                         -0.25    9.75   clock uncertainty
                          0.00    9.75   clock reconvergence pessimism
                         -2.00    7.75   output external delay
                                  7.75   data required time
-----------------------------------------------------------------------------
                                  7.75   data required time
                                 -3.30   data arrival time
-----------------------------------------------------------------------------
                                  4.45   slack (MET)


Startpoint: opcode[1] (input port clocked by __VIRTUAL_CLK__)
Endpoint: out[0] (output port clocked by __VIRTUAL_CLK__)
Path Group: __VIRTUAL_CLK__
Path Type: max
Corner: Fastest

Fanout     Cap    Slew   Delay    Time   Description
-----------------------------------------------------------------------------
                  0.00    0.00    0.00   clock __VIRTUAL_CLK__ (rise edge)
                          0.00    0.00   clock network delay (ideal)
                          2.00    2.00 v input external delay
     1    0.00    0.00    0.00    2.00 v opcode[1] (in)
                                         opcode[1] (net)
                  0.00    0.00    2.00 v input18/A (sky130_fd_sc_hd__dlymetal6s2s_1)
     5    0.02    0.07    0.12    2.13 v input18/X (sky130_fd_sc_hd__dlymetal6s2s_1)
                                         net18 (net)
                  0.07    0.00    2.13 v _161_/B (sky130_fd_sc_hd__or2_1)
     3    0.01    0.06    0.18    2.30 v _161_/X (sky130_fd_sc_hd__or2_1)
                                         _089_ (net)
                  0.06    0.00    2.30 v _250_/C (sky130_fd_sc_hd__and3_1)
     4    0.02    0.08    0.18    2.48 v _250_/X (sky130_fd_sc_hd__and3_1)
                                         _017_ (net)
                  0.08    0.00    2.48 v _251_/A (sky130_fd_sc_hd__inv_2)
     5    0.02    0.07    0.09    2.57 ^ _251_/Y (sky130_fd_sc_hd__inv_2)
                                         _018_ (net)
                  0.07    0.00    2.58 ^ _290_/B1 (sky130_fd_sc_hd__a22oi_1)
     1    0.00    0.05    0.04    2.62 v _290_/Y (sky130_fd_sc_hd__a22oi_1)
                                         _054_ (net)
                  0.05    0.00    2.62 v _292_/A2 (sky130_fd_sc_hd__o32a_1)
     1    0.00    0.04    0.20    2.82 v _292_/X (sky130_fd_sc_hd__o32a_1)
                                         _056_ (net)
                  0.04    0.00    2.82 v _293_/B1 (sky130_fd_sc_hd__a21o_1)
     1    0.00    0.02    0.07    2.89 v _293_/X (sky130_fd_sc_hd__a21o_1)
                                         net20 (net)
                  0.02    0.00    2.89 v output20/A (sky130_fd_sc_hd__buf_2)
     1    0.03    0.06    0.12    3.01 v output20/X (sky130_fd_sc_hd__buf_2)
                                         out[0] (net)
                  0.06    0.00    3.01 v out[0] (out)
                                  3.01   data arrival time

                  0.00   10.00   10.00   clock __VIRTUAL_CLK__ (rise edge)
                          0.00   10.00   clock network delay (ideal)
                         -0.25    9.75   clock uncertainty
                          0.00    9.75   clock reconvergence pessimism
                         -2.00    7.75   output external delay
                                  7.75   data required time
-----------------------------------------------------------------------------
                                  7.75   data required time
                                 -3.01   data arrival time
-----------------------------------------------------------------------------
                                  4.74   slack (MET)



worst slack corner Fastest: 3.9596
======================= Slowest Corner ===================================

Startpoint: opcode[1] (input port clocked by __VIRTUAL_CLK__)
Endpoint: out[7] (output port clocked by __VIRTUAL_CLK__)
Path Group: __VIRTUAL_CLK__
Path Type: max
Corner: Slowest

Fanout     Cap    Slew   Delay    Time   Description
-----------------------------------------------------------------------------
                  0.00    0.00    0.00   clock __VIRTUAL_CLK__ (rise edge)
                          0.00    0.00   clock network delay (ideal)
                          2.00    2.00 ^ input external delay
     1    0.00    0.03    0.01    2.01 ^ opcode[1] (in)
                                         opcode[1] (net)
                  0.03    0.00    2.01 ^ input18/A (sky130_fd_sc_hd__dlymetal6s2s_1)
     5    0.02    0.31    0.34    2.35 ^ input18/X (sky130_fd_sc_hd__dlymetal6s2s_1)
                                         net18 (net)
                  0.31    0.00    2.35 ^ _222_/B (sky130_fd_sc_hd__nand3b_4)
     8    0.04    0.28    0.39    2.74 v _222_/Y (sky130_fd_sc_hd__nand3b_4)
                                         _150_ (net)
                  0.28    0.00    2.74 v _234_/C (sky130_fd_sc_hd__and3_1)
     2    0.01    0.10    0.53    3.27 v _234_/X (sky130_fd_sc_hd__and3_1)
                                         _001_ (net)
                  0.10    0.00    3.27 v _238_/B (sky130_fd_sc_hd__nor3_1)
     2    0.01    0.54    0.54    3.81 ^ _238_/Y (sky130_fd_sc_hd__nor3_1)
                                         _005_ (net)
                  0.54    0.00    3.81 ^ _239_/C1 (sky130_fd_sc_hd__a211oi_2)
     3    0.01    0.15    0.24    4.05 v _239_/Y (sky130_fd_sc_hd__a211oi_2)
                                         _006_ (net)
                  0.15    0.00    4.05 v _241_/A2 (sky130_fd_sc_hd__o21ai_2)
     5    0.02    0.38    0.41    4.46 ^ _241_/Y (sky130_fd_sc_hd__o21ai_2)
                                         _008_ (net)
                  0.38    0.00    4.46 ^ _248_/A2 (sky130_fd_sc_hd__a311o_2)
     5    0.02    0.19    0.61    5.08 ^ _248_/X (sky130_fd_sc_hd__a311o_2)
                                         _015_ (net)
                  0.19    0.00    5.08 ^ _260_/A3 (sky130_fd_sc_hd__a311oi_2)
     3    0.01    0.22    0.32    5.39 v _260_/Y (sky130_fd_sc_hd__a311oi_2)
                                         _026_ (net)
                  0.22    0.00    5.39 v _281_/B (sky130_fd_sc_hd__or3_1)
     1    0.00    0.13    0.86    6.26 v _281_/X (sky130_fd_sc_hd__or3_1)
                                         _046_ (net)
                  0.13    0.00    6.26 v _282_/C (sky130_fd_sc_hd__and3_1)
     1    0.00    0.07    0.41    6.66 v _282_/X (sky130_fd_sc_hd__and3_1)
                                         _047_ (net)
                  0.07    0.00    6.66 v _289_/A2 (sky130_fd_sc_hd__o31a_1)
     1    0.00    0.09    0.55    7.21 v _289_/X (sky130_fd_sc_hd__o31a_1)
                                         net27 (net)
                  0.09    0.00    7.21 v output27/A (sky130_fd_sc_hd__buf_2)
     1    0.03    0.16    0.37    7.58 v output27/X (sky130_fd_sc_hd__buf_2)
                                         out[7] (net)
                  0.16    0.00    7.58 v out[7] (out)
                                  7.58   data arrival time

                  0.00   10.00   10.00   clock __VIRTUAL_CLK__ (rise edge)
                          0.00   10.00   clock network delay (ideal)
                         -0.25    9.75   clock uncertainty
                          0.00    9.75   clock reconvergence pessimism
                         -2.00    7.75   output external delay
                                  7.75   data required time
-----------------------------------------------------------------------------
                                  7.75   data required time
                                 -7.58   data arrival time
-----------------------------------------------------------------------------
                                  0.17   slack (MET)


Startpoint: opcode[1] (input port clocked by __VIRTUAL_CLK__)
Endpoint: out[5] (output port clocked by __VIRTUAL_CLK__)
Path Group: __VIRTUAL_CLK__
Path Type: max
Corner: Slowest

Fanout     Cap    Slew   Delay    Time   Description
-----------------------------------------------------------------------------
                  0.00    0.00    0.00   clock __VIRTUAL_CLK__ (rise edge)
                          0.00    0.00   clock network delay (ideal)
                          2.00    2.00 ^ input external delay
     1    0.00    0.03    0.01    2.01 ^ opcode[1] (in)
                                         opcode[1] (net)
                  0.03    0.00    2.01 ^ input18/A (sky130_fd_sc_hd__dlymetal6s2s_1)
     5    0.02    0.31    0.34    2.35 ^ input18/X (sky130_fd_sc_hd__dlymetal6s2s_1)
                                         net18 (net)
                  0.31    0.00    2.35 ^ _222_/B (sky130_fd_sc_hd__nand3b_4)
     8    0.04    0.28    0.39    2.74 v _222_/Y (sky130_fd_sc_hd__nand3b_4)
                                         _150_ (net)
                  0.28    0.00    2.74 v _234_/C (sky130_fd_sc_hd__and3_1)
     2    0.01    0.10    0.53    3.27 v _234_/X (sky130_fd_sc_hd__and3_1)
                                         _001_ (net)
                  0.10    0.00    3.27 v _236_/A1 (sky130_fd_sc_hd__o21a_1)
     4    0.02    0.18    0.48    3.75 v _236_/X (sky130_fd_sc_hd__o21a_1)
                                         _003_ (net)
                  0.18    0.00    3.75 v _239_/B1 (sky130_fd_sc_hd__a211oi_2)
     3    0.01    0.42    0.52    4.27 ^ _239_/Y (sky130_fd_sc_hd__a211oi_2)
                                         _006_ (net)
                  0.42    0.00    4.27 ^ _241_/A2 (sky130_fd_sc_hd__o21ai_2)
     5    0.02    0.18    0.31    4.58 v _241_/Y (sky130_fd_sc_hd__o21ai_2)
                                         _008_ (net)
                  0.18    0.00    4.58 v _248_/A2 (sky130_fd_sc_hd__a311o_2)
     5    0.02    0.16    0.87    5.45 v _248_/X (sky130_fd_sc_hd__a311o_2)
                                         _015_ (net)
                  0.16    0.00    5.45 v _249_/C (sky130_fd_sc_hd__and3_1)
     1    0.00    0.06    0.41    5.86 v _249_/X (sky130_fd_sc_hd__and3_1)
                                         _016_ (net)
                  0.06    0.00    5.86 v _253_/A (sky130_fd_sc_hd__or3_1)
     1    0.00    0.14    0.88    6.74 v _253_/X (sky130_fd_sc_hd__or3_1)
                                         _020_ (net)
                  0.14    0.00    6.74 v _254_/B2 (sky130_fd_sc_hd__a22oi_1)
     1    0.00    0.26    0.31    7.05 ^ _254_/Y (sky130_fd_sc_hd__a22oi_1)
                                         net25 (net)
                  0.26    0.00    7.05 ^ output25/A (sky130_fd_sc_hd__buf_2)
     1    0.03    0.27    0.45    7.50 ^ output25/X (sky130_fd_sc_hd__buf_2)
                                         out[5] (net)
                  0.27    0.00    7.50 ^ out[5] (out)
                                  7.50   data arrival time

                  0.00   10.00   10.00   clock __VIRTUAL_CLK__ (rise edge)
                          0.00   10.00   clock network delay (ideal)
                         -0.25    9.75   clock uncertainty
                          0.00    9.75   clock reconvergence pessimism
                         -2.00    7.75   output external delay
                                  7.75   data required time
-----------------------------------------------------------------------------
                                  7.75   data required time
                                 -7.50   data arrival time
-----------------------------------------------------------------------------
                                  0.25   slack (MET)


Startpoint: opcode[1] (input port clocked by __VIRTUAL_CLK__)
Endpoint: out[6] (output port clocked by __VIRTUAL_CLK__)
Path Group: __VIRTUAL_CLK__
Path Type: max
Corner: Slowest

Fanout     Cap    Slew   Delay    Time   Description
-----------------------------------------------------------------------------
                  0.00    0.00    0.00   clock __VIRTUAL_CLK__ (rise edge)
                          0.00    0.00   clock network delay (ideal)
                          2.00    2.00 ^ input external delay
     1    0.00    0.03    0.01    2.01 ^ opcode[1] (in)
                                         opcode[1] (net)
                  0.03    0.00    2.01 ^ input18/A (sky130_fd_sc_hd__dlymetal6s2s_1)
     5    0.02    0.31    0.34    2.35 ^ input18/X (sky130_fd_sc_hd__dlymetal6s2s_1)
                                         net18 (net)
                  0.31    0.00    2.35 ^ _222_/B (sky130_fd_sc_hd__nand3b_4)
     8    0.04    0.28    0.39    2.74 v _222_/Y (sky130_fd_sc_hd__nand3b_4)
                                         _150_ (net)
                  0.28    0.00    2.74 v _234_/C (sky130_fd_sc_hd__and3_1)
     2    0.01    0.10    0.53    3.27 v _234_/X (sky130_fd_sc_hd__and3_1)
                                         _001_ (net)
                  0.10    0.00    3.27 v _236_/A1 (sky130_fd_sc_hd__o21a_1)
     4    0.02    0.18    0.48    3.75 v _236_/X (sky130_fd_sc_hd__o21a_1)
                                         _003_ (net)
                  0.18    0.00    3.75 v _239_/B1 (sky130_fd_sc_hd__a211oi_2)
     3    0.01    0.42    0.52    4.27 ^ _239_/Y (sky130_fd_sc_hd__a211oi_2)
                                         _006_ (net)
                  0.42    0.00    4.27 ^ _241_/A2 (sky130_fd_sc_hd__o21ai_2)
     5    0.02    0.18    0.31    4.58 v _241_/Y (sky130_fd_sc_hd__o21ai_2)
                                         _008_ (net)
                  0.18    0.00    4.58 v _248_/A2 (sky130_fd_sc_hd__a311o_2)
     5    0.02    0.16    0.87    5.45 v _248_/X (sky130_fd_sc_hd__a311o_2)
                                         _015_ (net)
                  0.16    0.00    5.45 v _261_/A3 (sky130_fd_sc_hd__a31o_1)
     1    0.00    0.07    0.45    5.90 v _261_/X (sky130_fd_sc_hd__a31o_1)
                                         _027_ (net)
                  0.07    0.00    5.90 v _262_/A2 (sky130_fd_sc_hd__a21o_1)
     1    0.00    0.05    0.32    6.22 v _262_/X (sky130_fd_sc_hd__a21o_1)
                                         _028_ (net)
                  0.05    0.00    6.22 v _263_/B (sky130_fd_sc_hd__or2_1)
     1    0.00    0.10    0.47    6.69 v _263_/X (sky130_fd_sc_hd__or2_1)
                                         _029_ (net)
                  0.10    0.00    6.69 v _274_/B1 (sky130_fd_sc_hd__a22oi_1)
     1    0.00    0.25    0.26    6.95 ^ _274_/Y (sky130_fd_sc_hd__a22oi_1)
                                         net26 (net)
                  0.25    0.00    6.95 ^ output26/A (sky130_fd_sc_hd__buf_2)
     1    0.03    0.27    0.45    7.39 ^ output26/X (sky130_fd_sc_hd__buf_2)
                                         out[6] (net)
                  0.27    0.00    7.39 ^ out[6] (out)
                                  7.39   data arrival time

                  0.00   10.00   10.00   clock __VIRTUAL_CLK__ (rise edge)
                          0.00   10.00   clock network delay (ideal)
                         -0.25    9.75   clock uncertainty
                          0.00    9.75   clock reconvergence pessimism
                         -2.00    7.75   output external delay
                                  7.75   data required time
-----------------------------------------------------------------------------
                                  7.75   data required time
                                 -7.39   data arrival time
-----------------------------------------------------------------------------
                                  0.36   slack (MET)


Startpoint: B[1] (input port clocked by __VIRTUAL_CLK__)
Endpoint: out[4] (output port clocked by __VIRTUAL_CLK__)
Path Group: __VIRTUAL_CLK__
Path Type: max
Corner: Slowest

Fanout     Cap    Slew   Delay    Time   Description
-----------------------------------------------------------------------------
                  0.00    0.00    0.00   clock __VIRTUAL_CLK__ (rise edge)
                          0.00    0.00   clock network delay (ideal)
                          2.00    2.00 ^ input external delay
     1    0.00    0.03    0.02    2.02 ^ B[1] (in)
                                         B[1] (net)
                  0.03    0.00    2.02 ^ input10/A (sky130_fd_sc_hd__buf_1)
     3    0.01    0.18    0.23    2.24 ^ input10/X (sky130_fd_sc_hd__buf_1)
                                         net10 (net)
                  0.18    0.00    2.24 ^ _169_/A (sky130_fd_sc_hd__buf_2)
    10    0.04    0.29    0.43    2.67 ^ _169_/X (sky130_fd_sc_hd__buf_2)
                                         _097_ (net)
                  0.29    0.00    2.67 ^ _170_/A1 (sky130_fd_sc_hd__a22oi_1)
     2    0.00    0.16    0.28    2.96 v _170_/Y (sky130_fd_sc_hd__a22oi_1)
                                         _098_ (net)
                  0.16    0.00    2.96 v _172_/B_N (sky130_fd_sc_hd__and4bb_1)
     3    0.01    0.20    0.71    3.67 ^ _172_/X (sky130_fd_sc_hd__and4bb_1)
                                         _100_ (net)
                  0.20    0.00    3.67 ^ _185_/A (sky130_fd_sc_hd__nor2_1)
     2    0.01    0.09    0.18    3.84 v _185_/Y (sky130_fd_sc_hd__nor2_1)
                                         _113_ (net)
                  0.09    0.00    3.84 v _191_/A (sky130_fd_sc_hd__xnor2_1)
     2    0.01    0.39    0.42    4.26 ^ _191_/Y (sky130_fd_sc_hd__xnor2_1)
                                         _119_ (net)
                  0.39    0.00    4.26 ^ _193_/A3 (sky130_fd_sc_hd__a31o_1)
     2    0.01    0.19    0.52    4.77 ^ _193_/X (sky130_fd_sc_hd__a31o_1)
                                         _121_ (net)
                  0.19    0.00    4.78 ^ _194_/B (sky130_fd_sc_hd__xor2_1)
     2    0.01    0.35    0.43    5.21 ^ _194_/X (sky130_fd_sc_hd__xor2_1)
                                         _122_ (net)
                  0.35    0.00    5.21 ^ _321_/A (sky130_fd_sc_hd__xor2_1)
     1    0.01    0.31    0.44    5.65 ^ _321_/X (sky130_fd_sc_hd__xor2_1)
                                         _081_ (net)
                  0.31    0.00    5.65 ^ _328_/A2 (sky130_fd_sc_hd__a21oi_1)
     1    0.00    0.17    0.22    5.88 v _328_/Y (sky130_fd_sc_hd__a21oi_1)
                                         _088_ (net)
                  0.17    0.00    5.88 v _329_/B1 (sky130_fd_sc_hd__a21oi_1)
     1    0.00    0.19    0.25    6.13 ^ _329_/Y (sky130_fd_sc_hd__a21oi_1)
                                         net24 (net)
                  0.19    0.00    6.13 ^ output24/A (sky130_fd_sc_hd__buf_2)
     1    0.03    0.27    0.42    6.55 ^ output24/X (sky130_fd_sc_hd__buf_2)
                                         out[4] (net)
                  0.27    0.00    6.55 ^ out[4] (out)
                                  6.55   data arrival time

                  0.00   10.00   10.00   clock __VIRTUAL_CLK__ (rise edge)
                          0.00   10.00   clock network delay (ideal)
                         -0.25    9.75   clock uncertainty
                          0.00    9.75   clock reconvergence pessimism
                         -2.00    7.75   output external delay
                                  7.75   data required time
-----------------------------------------------------------------------------
                                  7.75   data required time
                                 -6.55   data arrival time
-----------------------------------------------------------------------------
                                  1.20   slack (MET)


Startpoint: opcode[1] (input port clocked by __VIRTUAL_CLK__)
Endpoint: out[1] (output port clocked by __VIRTUAL_CLK__)
Path Group: __VIRTUAL_CLK__
Path Type: max
Corner: Slowest

Fanout     Cap    Slew   Delay    Time   Description
-----------------------------------------------------------------------------
                  0.00    0.00    0.00   clock __VIRTUAL_CLK__ (rise edge)
                          0.00    0.00   clock network delay (ideal)
                          2.00    2.00 ^ input external delay
     1    0.00    0.03    0.01    2.01 ^ opcode[1] (in)
                                         opcode[1] (net)
                  0.03    0.00    2.01 ^ input18/A (sky130_fd_sc_hd__dlymetal6s2s_1)
     5    0.02    0.31    0.34    2.35 ^ input18/X (sky130_fd_sc_hd__dlymetal6s2s_1)
                                         net18 (net)
                  0.31    0.00    2.35 ^ _222_/B (sky130_fd_sc_hd__nand3b_4)
     8    0.04    0.28    0.39    2.74 v _222_/Y (sky130_fd_sc_hd__nand3b_4)
                                         _150_ (net)
                  0.28    0.00    2.74 v _234_/C (sky130_fd_sc_hd__and3_1)
     2    0.01    0.10    0.53    3.27 v _234_/X (sky130_fd_sc_hd__and3_1)
                                         _001_ (net)
                  0.10    0.00    3.27 v _236_/A1 (sky130_fd_sc_hd__o21a_1)
     4    0.02    0.18    0.48    3.75 v _236_/X (sky130_fd_sc_hd__o21a_1)
                                         _003_ (net)
                  0.18    0.00    3.75 v _239_/B1 (sky130_fd_sc_hd__a211oi_2)
     3    0.01    0.42    0.52    4.27 ^ _239_/Y (sky130_fd_sc_hd__a211oi_2)
                                         _006_ (net)
                  0.42    0.00    4.27 ^ _300_/A (sky130_fd_sc_hd__or3_1)
     1    0.00    0.08    0.34    4.60 ^ _300_/X (sky130_fd_sc_hd__or3_1)
                                         _063_ (net)
                  0.08    0.00    4.60 ^ _301_/C_N (sky130_fd_sc_hd__or3b_1)
     1    0.00    0.13    0.82    5.42 v _301_/X (sky130_fd_sc_hd__or3b_1)
                                         _064_ (net)
                  0.13    0.00    5.42 v _302_/B2 (sky130_fd_sc_hd__o2bb2a_1)
     1    0.00    0.11    0.67    6.10 v _302_/X (sky130_fd_sc_hd__o2bb2a_1)
                                         net21 (net)
                  0.11    0.00    6.10 v output21/A (sky130_fd_sc_hd__buf_2)
     1    0.03    0.17    0.38    6.48 v output21/X (sky130_fd_sc_hd__buf_2)
                                         out[1] (net)
                  0.17    0.00    6.48 v out[1] (out)
                                  6.48   data arrival time

                  0.00   10.00   10.00   clock __VIRTUAL_CLK__ (rise edge)
                          0.00   10.00   clock network delay (ideal)
                         -0.25    9.75   clock uncertainty
                          0.00    9.75   clock reconvergence pessimism
                         -2.00    7.75   output external delay
                                  7.75   data required time
-----------------------------------------------------------------------------
                                  7.75   data required time
                                 -6.48   data arrival time
-----------------------------------------------------------------------------
                                  1.27   slack (MET)


Startpoint: opcode[1] (input port clocked by __VIRTUAL_CLK__)
Endpoint: out[2] (output port clocked by __VIRTUAL_CLK__)
Path Group: __VIRTUAL_CLK__
Path Type: max
Corner: Slowest

Fanout     Cap    Slew   Delay    Time   Description
-----------------------------------------------------------------------------
                  0.00    0.00    0.00   clock __VIRTUAL_CLK__ (rise edge)
                          0.00    0.00   clock network delay (ideal)
                          2.00    2.00 ^ input external delay
     1    0.00    0.03    0.01    2.01 ^ opcode[1] (in)
                                         opcode[1] (net)
                  0.03    0.00    2.01 ^ input18/A (sky130_fd_sc_hd__dlymetal6s2s_1)
     5    0.02    0.31    0.34    2.35 ^ input18/X (sky130_fd_sc_hd__dlymetal6s2s_1)
                                         net18 (net)
                  0.31    0.00    2.35 ^ _222_/B (sky130_fd_sc_hd__nand3b_4)
     8    0.04    0.28    0.39    2.74 v _222_/Y (sky130_fd_sc_hd__nand3b_4)
                                         _150_ (net)
                  0.28    0.00    2.74 v _234_/C (sky130_fd_sc_hd__and3_1)
     2    0.01    0.10    0.53    3.27 v _234_/X (sky130_fd_sc_hd__and3_1)
                                         _001_ (net)
                  0.10    0.00    3.27 v _238_/B (sky130_fd_sc_hd__nor3_1)
     2    0.01    0.54    0.54    3.81 ^ _238_/Y (sky130_fd_sc_hd__nor3_1)
                                         _005_ (net)
                  0.54    0.00    3.81 ^ _239_/C1 (sky130_fd_sc_hd__a211oi_2)
     3    0.01    0.15    0.24    4.05 v _239_/Y (sky130_fd_sc_hd__a211oi_2)
                                         _006_ (net)
                  0.15    0.00    4.05 v _305_/C (sky130_fd_sc_hd__or3_1)
     1    0.00    0.15    0.80    4.85 v _305_/X (sky130_fd_sc_hd__or3_1)
                                         _067_ (net)
                  0.15    0.00    4.85 v _309_/A3 (sky130_fd_sc_hd__a31o_1)
     1    0.00    0.06    0.42    5.27 v _309_/X (sky130_fd_sc_hd__a31o_1)
                                         _071_ (net)
                  0.06    0.00    5.27 v _310_/B2 (sky130_fd_sc_hd__o2bb2a_1)
     1    0.00    0.11    0.64    5.91 v _310_/X (sky130_fd_sc_hd__o2bb2a_1)
                                         net22 (net)
                  0.11    0.00    5.91 v output22/A (sky130_fd_sc_hd__buf_2)
     1    0.03    0.17    0.38    6.29 v output22/X (sky130_fd_sc_hd__buf_2)
                                         out[2] (net)
                  0.17    0.00    6.30 v out[2] (out)
                                  6.30   data arrival time

                  0.00   10.00   10.00   clock __VIRTUAL_CLK__ (rise edge)
                          0.00   10.00   clock network delay (ideal)
                         -0.25    9.75   clock uncertainty
                          0.00    9.75   clock reconvergence pessimism
                         -2.00    7.75   output external delay
                                  7.75   data required time
-----------------------------------------------------------------------------
                                  7.75   data required time
                                 -6.30   data arrival time
-----------------------------------------------------------------------------
                                  1.45   slack (MET)


Startpoint: opcode[1] (input port clocked by __VIRTUAL_CLK__)
Endpoint: out[3] (output port clocked by __VIRTUAL_CLK__)
Path Group: __VIRTUAL_CLK__
Path Type: max
Corner: Slowest

Fanout     Cap    Slew   Delay    Time   Description
-----------------------------------------------------------------------------
                  0.00    0.00    0.00   clock __VIRTUAL_CLK__ (rise edge)
                          0.00    0.00   clock network delay (ideal)
                          2.00    2.00 ^ input external delay
     1    0.00    0.03    0.01    2.01 ^ opcode[1] (in)
                                         opcode[1] (net)
                  0.03    0.00    2.01 ^ input18/A (sky130_fd_sc_hd__dlymetal6s2s_1)
     5    0.02    0.31    0.34    2.35 ^ input18/X (sky130_fd_sc_hd__dlymetal6s2s_1)
                                         net18 (net)
                  0.31    0.00    2.35 ^ _222_/B (sky130_fd_sc_hd__nand3b_4)
     8    0.04    0.28    0.39    2.74 v _222_/Y (sky130_fd_sc_hd__nand3b_4)
                                         _150_ (net)
                  0.28    0.00    2.74 v _234_/C (sky130_fd_sc_hd__and3_1)
     2    0.01    0.10    0.53    3.27 v _234_/X (sky130_fd_sc_hd__and3_1)
                                         _001_ (net)
                  0.10    0.00    3.27 v _236_/A1 (sky130_fd_sc_hd__o21a_1)
     4    0.02    0.18    0.48    3.75 v _236_/X (sky130_fd_sc_hd__o21a_1)
                                         _003_ (net)
                  0.18    0.00    3.75 v _239_/B1 (sky130_fd_sc_hd__a211oi_2)
     3    0.01    0.42    0.52    4.27 ^ _239_/Y (sky130_fd_sc_hd__a211oi_2)
                                         _006_ (net)
                  0.42    0.00    4.27 ^ _241_/A2 (sky130_fd_sc_hd__o21ai_2)
     5    0.02    0.18    0.31    4.58 v _241_/Y (sky130_fd_sc_hd__o21ai_2)
                                         _008_ (net)
                  0.18    0.00    4.58 v _314_/A2 (sky130_fd_sc_hd__a31o_1)
     1    0.00    0.06    0.43    5.01 v _314_/X (sky130_fd_sc_hd__a31o_1)
                                         _075_ (net)
                  0.06    0.00    5.01 v _318_/A2 (sky130_fd_sc_hd__o21bai_1)
     1    0.00    0.19    0.22    5.23 ^ _318_/Y (sky130_fd_sc_hd__o21bai_1)
                                         _079_ (net)
                  0.19    0.00    5.23 ^ _319_/B1_N (sky130_fd_sc_hd__o21ba_1)
     1    0.00    0.06    0.32    5.55 v _319_/X (sky130_fd_sc_hd__o21ba_1)
                                         _080_ (net)
                  0.06    0.00    5.55 v _320_/B1 (sky130_fd_sc_hd__a21oi_1)
     1    0.01    0.26    0.26    5.81 ^ _320_/Y (sky130_fd_sc_hd__a21oi_1)
                                         net23 (net)
                  0.26    0.00    5.81 ^ output23/A (sky130_fd_sc_hd__clkbuf_4)
     1    0.03    0.18    0.44    6.25 ^ output23/X (sky130_fd_sc_hd__clkbuf_4)
                                         out[3] (net)
                  0.18    0.00    6.25 ^ out[3] (out)
                                  6.25   data arrival time

                  0.00   10.00   10.00   clock __VIRTUAL_CLK__ (rise edge)
                          0.00   10.00   clock network delay (ideal)
                         -0.25    9.75   clock uncertainty
                          0.00    9.75   clock reconvergence pessimism
                         -2.00    7.75   output external delay
                                  7.75   data required time
-----------------------------------------------------------------------------
                                  7.75   data required time
                                 -6.25   data arrival time
-----------------------------------------------------------------------------
                                  1.50   slack (MET)


Startpoint: opcode[1] (input port clocked by __VIRTUAL_CLK__)
Endpoint: out[0] (output port clocked by __VIRTUAL_CLK__)
Path Group: __VIRTUAL_CLK__
Path Type: max
Corner: Slowest

Fanout     Cap    Slew   Delay    Time   Description
-----------------------------------------------------------------------------
                  0.00    0.00    0.00   clock __VIRTUAL_CLK__ (rise edge)
                          0.00    0.00   clock network delay (ideal)
                          2.00    2.00 v input external delay
     1    0.00    0.02    0.01    2.01 v opcode[1] (in)
                                         opcode[1] (net)
                  0.02    0.00    2.01 v input18/A (sky130_fd_sc_hd__dlymetal6s2s_1)
     5    0.02    0.19    0.39    2.39 v input18/X (sky130_fd_sc_hd__dlymetal6s2s_1)
                                         net18 (net)
                  0.19    0.00    2.39 v _161_/B (sky130_fd_sc_hd__or2_1)
     3    0.01    0.18    0.63    3.03 v _161_/X (sky130_fd_sc_hd__or2_1)
                                         _089_ (net)
                  0.18    0.00    3.03 v _250_/C (sky130_fd_sc_hd__and3_1)
     4    0.02    0.21    0.58    3.60 v _250_/X (sky130_fd_sc_hd__and3_1)
                                         _017_ (net)
                  0.21    0.00    3.61 v _251_/A (sky130_fd_sc_hd__inv_2)
     5    0.02    0.15    0.22    3.83 ^ _251_/Y (sky130_fd_sc_hd__inv_2)
                                         _018_ (net)
                  0.15    0.00    3.83 ^ _290_/B1 (sky130_fd_sc_hd__a22oi_1)
     1    0.00    0.14    0.16    3.99 v _290_/Y (sky130_fd_sc_hd__a22oi_1)
                                         _054_ (net)
                  0.14    0.00    3.99 v _292_/A2 (sky130_fd_sc_hd__o32a_1)
     1    0.00    0.12    0.66    4.65 v _292_/X (sky130_fd_sc_hd__o32a_1)
                                         _056_ (net)
                  0.12    0.00    4.65 v _293_/B1 (sky130_fd_sc_hd__a21o_1)
     1    0.00    0.06    0.31    4.96 v _293_/X (sky130_fd_sc_hd__a21o_1)
                                         net20 (net)
                  0.06    0.00    4.96 v output20/A (sky130_fd_sc_hd__buf_2)
     1    0.03    0.16    0.36    5.32 v output20/X (sky130_fd_sc_hd__buf_2)
                                         out[0] (net)
                  0.16    0.00    5.32 v out[0] (out)
                                  5.32   data arrival time

                  0.00   10.00   10.00   clock __VIRTUAL_CLK__ (rise edge)
                          0.00   10.00   clock network delay (ideal)
                         -0.25    9.75   clock uncertainty
                          0.00    9.75   clock reconvergence pessimism
                         -2.00    7.75   output external delay
                                  7.75   data required time
-----------------------------------------------------------------------------
                                  7.75   data required time
                                 -5.32   data arrival time
-----------------------------------------------------------------------------
                                  2.43   slack (MET)



worst slack corner Slowest: 0.1709
======================= Typical Corner ===================================

Startpoint: opcode[1] (input port clocked by __VIRTUAL_CLK__)
Endpoint: out[7] (output port clocked by __VIRTUAL_CLK__)
Path Group: __VIRTUAL_CLK__
Path Type: max
Corner: Typical

Fanout     Cap    Slew   Delay    Time   Description
-----------------------------------------------------------------------------
                  0.00    0.00    0.00   clock __VIRTUAL_CLK__ (rise edge)
                          0.00    0.00   clock network delay (ideal)
                          2.00    2.00 ^ input external delay
     1    0.00    0.02    0.01    2.01 ^ opcode[1] (in)
                                         opcode[1] (net)
                  0.02    0.00    2.01 ^ input18/A (sky130_fd_sc_hd__dlymetal6s2s_1)
     5    0.02    0.21    0.20    2.21 ^ input18/X (sky130_fd_sc_hd__dlymetal6s2s_1)
                                         net18 (net)
                  0.21    0.00    2.21 ^ _222_/B (sky130_fd_sc_hd__nand3b_4)
     8    0.04    0.14    0.18    2.40 v _222_/Y (sky130_fd_sc_hd__nand3b_4)
                                         _150_ (net)
                  0.14    0.00    2.40 v _234_/C (sky130_fd_sc_hd__and3_1)
     2    0.01    0.05    0.25    2.65 v _234_/X (sky130_fd_sc_hd__and3_1)
                                         _001_ (net)
                  0.05    0.00    2.65 v _236_/A1 (sky130_fd_sc_hd__o21a_1)
     4    0.02    0.09    0.25    2.90 v _236_/X (sky130_fd_sc_hd__o21a_1)
                                         _003_ (net)
                  0.09    0.00    2.90 v _239_/B1 (sky130_fd_sc_hd__a211oi_2)
     3    0.01    0.25    0.30    3.20 ^ _239_/Y (sky130_fd_sc_hd__a211oi_2)
                                         _006_ (net)
                  0.25    0.00    3.20 ^ _241_/A2 (sky130_fd_sc_hd__o21ai_2)
     5    0.02    0.10    0.14    3.34 v _241_/Y (sky130_fd_sc_hd__o21ai_2)
                                         _008_ (net)
                  0.10    0.00    3.34 v _248_/A2 (sky130_fd_sc_hd__a311o_2)
     5    0.02    0.09    0.45    3.79 v _248_/X (sky130_fd_sc_hd__a311o_2)
                                         _015_ (net)
                  0.09    0.00    3.79 v _260_/A3 (sky130_fd_sc_hd__a311oi_2)
     3    0.01    0.28    0.36    4.15 ^ _260_/Y (sky130_fd_sc_hd__a311oi_2)
                                         _026_ (net)
                  0.28    0.00    4.15 ^ _280_/A2 (sky130_fd_sc_hd__o21ai_1)
     1    0.00    0.06    0.09    4.24 v _280_/Y (sky130_fd_sc_hd__o21ai_1)
                                         _045_ (net)
                  0.06    0.00    4.24 v _282_/B (sky130_fd_sc_hd__and3_1)
     1    0.00    0.04    0.17    4.41 v _282_/X (sky130_fd_sc_hd__and3_1)
                                         _047_ (net)
                  0.04    0.00    4.41 v _289_/A2 (sky130_fd_sc_hd__o31a_1)
     1    0.00    0.05    0.28    4.69 v _289_/X (sky130_fd_sc_hd__o31a_1)
                                         net27 (net)
                  0.05    0.00    4.69 v output27/A (sky130_fd_sc_hd__buf_2)
     1    0.03    0.09    0.19    4.88 v output27/X (sky130_fd_sc_hd__buf_2)
                                         out[7] (net)
                  0.09    0.00    4.88 v out[7] (out)
                                  4.88   data arrival time

                  0.00   10.00   10.00   clock __VIRTUAL_CLK__ (rise edge)
                          0.00   10.00   clock network delay (ideal)
                         -0.25    9.75   clock uncertainty
                          0.00    9.75   clock reconvergence pessimism
                         -2.00    7.75   output external delay
                                  7.75   data required time
-----------------------------------------------------------------------------
                                  7.75   data required time
                                 -4.88   data arrival time
-----------------------------------------------------------------------------
                                  2.87   slack (MET)


Startpoint: opcode[1] (input port clocked by __VIRTUAL_CLK__)
Endpoint: out[6] (output port clocked by __VIRTUAL_CLK__)
Path Group: __VIRTUAL_CLK__
Path Type: max
Corner: Typical

Fanout     Cap    Slew   Delay    Time   Description
-----------------------------------------------------------------------------
                  0.00    0.00    0.00   clock __VIRTUAL_CLK__ (rise edge)
                          0.00    0.00   clock network delay (ideal)
                          2.00    2.00 ^ input external delay
     1    0.00    0.02    0.01    2.01 ^ opcode[1] (in)
                                         opcode[1] (net)
                  0.02    0.00    2.01 ^ input18/A (sky130_fd_sc_hd__dlymetal6s2s_1)
     5    0.02    0.21    0.20    2.21 ^ input18/X (sky130_fd_sc_hd__dlymetal6s2s_1)
                                         net18 (net)
                  0.21    0.00    2.21 ^ _222_/B (sky130_fd_sc_hd__nand3b_4)
     8    0.04    0.14    0.18    2.40 v _222_/Y (sky130_fd_sc_hd__nand3b_4)
                                         _150_ (net)
                  0.14    0.00    2.40 v _234_/C (sky130_fd_sc_hd__and3_1)
     2    0.01    0.05    0.25    2.65 v _234_/X (sky130_fd_sc_hd__and3_1)
                                         _001_ (net)
                  0.05    0.00    2.65 v _236_/A1 (sky130_fd_sc_hd__o21a_1)
     4    0.02    0.09    0.25    2.90 v _236_/X (sky130_fd_sc_hd__o21a_1)
                                         _003_ (net)
                  0.09    0.00    2.90 v _239_/B1 (sky130_fd_sc_hd__a211oi_2)
     3    0.01    0.25    0.30    3.20 ^ _239_/Y (sky130_fd_sc_hd__a211oi_2)
                                         _006_ (net)
                  0.25    0.00    3.20 ^ _241_/A2 (sky130_fd_sc_hd__o21ai_2)
     5    0.02    0.10    0.14    3.34 v _241_/Y (sky130_fd_sc_hd__o21ai_2)
                                         _008_ (net)
                  0.10    0.00    3.34 v _248_/A2 (sky130_fd_sc_hd__a311o_2)
     5    0.02    0.09    0.45    3.79 v _248_/X (sky130_fd_sc_hd__a311o_2)
                                         _015_ (net)
                  0.09    0.00    3.79 v _261_/A3 (sky130_fd_sc_hd__a31o_1)
     1    0.00    0.04    0.24    4.03 v _261_/X (sky130_fd_sc_hd__a31o_1)
                                         _027_ (net)
                  0.04    0.00    4.03 v _262_/A2 (sky130_fd_sc_hd__a21o_1)
     1    0.00    0.03    0.17    4.20 v _262_/X (sky130_fd_sc_hd__a21o_1)
                                         _028_ (net)
                  0.03    0.00    4.20 v _263_/B (sky130_fd_sc_hd__or2_1)
     1    0.00    0.05    0.21    4.41 v _263_/X (sky130_fd_sc_hd__or2_1)
                                         _029_ (net)
                  0.05    0.00    4.41 v _274_/B1 (sky130_fd_sc_hd__a22oi_1)
     1    0.00    0.16    0.15    4.56 ^ _274_/Y (sky130_fd_sc_hd__a22oi_1)
                                         net26 (net)
                  0.16    0.00    4.56 ^ output26/A (sky130_fd_sc_hd__buf_2)
     1    0.03    0.17    0.25    4.81 ^ output26/X (sky130_fd_sc_hd__buf_2)
                                         out[6] (net)
                  0.17    0.00    4.81 ^ out[6] (out)
                                  4.81   data arrival time

                  0.00   10.00   10.00   clock __VIRTUAL_CLK__ (rise edge)
                          0.00   10.00   clock network delay (ideal)
                         -0.25    9.75   clock uncertainty
                          0.00    9.75   clock reconvergence pessimism
                         -2.00    7.75   output external delay
                                  7.75   data required time
-----------------------------------------------------------------------------
                                  7.75   data required time
                                 -4.81   data arrival time
-----------------------------------------------------------------------------
                                  2.94   slack (MET)


Startpoint: opcode[1] (input port clocked by __VIRTUAL_CLK__)
Endpoint: out[5] (output port clocked by __VIRTUAL_CLK__)
Path Group: __VIRTUAL_CLK__
Path Type: max
Corner: Typical

Fanout     Cap    Slew   Delay    Time   Description
-----------------------------------------------------------------------------
                  0.00    0.00    0.00   clock __VIRTUAL_CLK__ (rise edge)
                          0.00    0.00   clock network delay (ideal)
                          2.00    2.00 ^ input external delay
     1    0.00    0.02    0.01    2.01 ^ opcode[1] (in)
                                         opcode[1] (net)
                  0.02    0.00    2.01 ^ input18/A (sky130_fd_sc_hd__dlymetal6s2s_1)
     5    0.02    0.21    0.20    2.21 ^ input18/X (sky130_fd_sc_hd__dlymetal6s2s_1)
                                         net18 (net)
                  0.21    0.00    2.21 ^ _222_/B (sky130_fd_sc_hd__nand3b_4)
     8    0.04    0.14    0.18    2.40 v _222_/Y (sky130_fd_sc_hd__nand3b_4)
                                         _150_ (net)
                  0.14    0.00    2.40 v _234_/C (sky130_fd_sc_hd__and3_1)
     2    0.01    0.05    0.25    2.65 v _234_/X (sky130_fd_sc_hd__and3_1)
                                         _001_ (net)
                  0.05    0.00    2.65 v _236_/A1 (sky130_fd_sc_hd__o21a_1)
     4    0.02    0.09    0.25    2.90 v _236_/X (sky130_fd_sc_hd__o21a_1)
                                         _003_ (net)
                  0.09    0.00    2.90 v _239_/B1 (sky130_fd_sc_hd__a211oi_2)
     3    0.01    0.25    0.30    3.20 ^ _239_/Y (sky130_fd_sc_hd__a211oi_2)
                                         _006_ (net)
                  0.25    0.00    3.20 ^ _241_/A2 (sky130_fd_sc_hd__o21ai_2)
     5    0.02    0.10    0.14    3.34 v _241_/Y (sky130_fd_sc_hd__o21ai_2)
                                         _008_ (net)
                  0.10    0.00    3.34 v _248_/A2 (sky130_fd_sc_hd__a311o_2)
     5    0.02    0.09    0.45    3.79 v _248_/X (sky130_fd_sc_hd__a311o_2)
                                         _015_ (net)
                  0.09    0.00    3.79 v _249_/C (sky130_fd_sc_hd__and3_1)
     1    0.00    0.03    0.20    3.99 v _249_/X (sky130_fd_sc_hd__and3_1)
                                         _016_ (net)
                  0.03    0.00    3.99 v _253_/A (sky130_fd_sc_hd__or3_1)
     1    0.00    0.06    0.37    4.36 v _253_/X (sky130_fd_sc_hd__or3_1)
                                         _020_ (net)
                  0.06    0.00    4.36 v _254_/B2 (sky130_fd_sc_hd__a22oi_1)
     1    0.00    0.17    0.18    4.54 ^ _254_/Y (sky130_fd_sc_hd__a22oi_1)
                                         net25 (net)
                  0.17    0.00    4.54 ^ output25/A (sky130_fd_sc_hd__buf_2)
     1    0.03    0.17    0.25    4.79 ^ output25/X (sky130_fd_sc_hd__buf_2)
                                         out[5] (net)
                  0.17    0.00    4.79 ^ out[5] (out)
                                  4.79   data arrival time

                  0.00   10.00   10.00   clock __VIRTUAL_CLK__ (rise edge)
                          0.00   10.00   clock network delay (ideal)
                         -0.25    9.75   clock uncertainty
                          0.00    9.75   clock reconvergence pessimism
                         -2.00    7.75   output external delay
                                  7.75   data required time
-----------------------------------------------------------------------------
                                  7.75   data required time
                                 -4.79   data arrival time
-----------------------------------------------------------------------------
                                  2.96   slack (MET)


Startpoint: B[1] (input port clocked by __VIRTUAL_CLK__)
Endpoint: out[4] (output port clocked by __VIRTUAL_CLK__)
Path Group: __VIRTUAL_CLK__
Path Type: max
Corner: Typical

Fanout     Cap    Slew   Delay    Time   Description
-----------------------------------------------------------------------------
                  0.00    0.00    0.00   clock __VIRTUAL_CLK__ (rise edge)
                          0.00    0.00   clock network delay (ideal)
                          2.00    2.00 ^ input external delay
     1    0.00    0.02    0.01    2.01 ^ B[1] (in)
                                         B[1] (net)
                  0.02    0.00    2.01 ^ input10/A (sky130_fd_sc_hd__buf_1)
     3    0.01    0.12    0.13    2.14 ^ input10/X (sky130_fd_sc_hd__buf_1)
                                         net10 (net)
                  0.12    0.00    2.14 ^ _169_/A (sky130_fd_sc_hd__buf_2)
    10    0.04    0.18    0.24    2.38 ^ _169_/X (sky130_fd_sc_hd__buf_2)
                                         _097_ (net)
                  0.18    0.00    2.38 ^ _170_/A1 (sky130_fd_sc_hd__a22oi_1)
     2    0.00    0.08    0.13    2.51 v _170_/Y (sky130_fd_sc_hd__a22oi_1)
                                         _098_ (net)
                  0.08    0.00    2.51 v _172_/B_N (sky130_fd_sc_hd__and4bb_1)
     3    0.01    0.12    0.35    2.86 ^ _172_/X (sky130_fd_sc_hd__and4bb_1)
                                         _100_ (net)
                  0.12    0.00    2.86 ^ _185_/A (sky130_fd_sc_hd__nor2_1)
     2    0.01    0.05    0.09    2.95 v _185_/Y (sky130_fd_sc_hd__nor2_1)
                                         _113_ (net)
                  0.05    0.00    2.95 v _191_/A (sky130_fd_sc_hd__xnor2_1)
     2    0.01    0.23    0.25    3.20 ^ _191_/Y (sky130_fd_sc_hd__xnor2_1)
                                         _119_ (net)
                  0.23    0.00    3.20 ^ _193_/A3 (sky130_fd_sc_hd__a31o_1)
     2    0.01    0.11    0.24    3.44 ^ _193_/X (sky130_fd_sc_hd__a31o_1)
                                         _121_ (net)
                  0.11    0.00    3.44 ^ _194_/B (sky130_fd_sc_hd__xor2_1)
     2    0.01    0.21    0.23    3.67 ^ _194_/X (sky130_fd_sc_hd__xor2_1)
                                         _122_ (net)
                  0.21    0.00    3.67 ^ _321_/A (sky130_fd_sc_hd__xor2_1)
     1    0.01    0.19    0.23    3.91 ^ _321_/X (sky130_fd_sc_hd__xor2_1)
                                         _081_ (net)
                  0.19    0.00    3.91 ^ _328_/A2 (sky130_fd_sc_hd__a21oi_1)
     1    0.00    0.09    0.10    4.00 v _328_/Y (sky130_fd_sc_hd__a21oi_1)
                                         _088_ (net)
                  0.09    0.00    4.00 v _329_/B1 (sky130_fd_sc_hd__a21oi_1)
     1    0.00    0.12    0.15    4.15 ^ _329_/Y (sky130_fd_sc_hd__a21oi_1)
                                         net24 (net)
                  0.12    0.00    4.15 ^ output24/A (sky130_fd_sc_hd__buf_2)
     1    0.03    0.17    0.24    4.39 ^ output24/X (sky130_fd_sc_hd__buf_2)
                                         out[4] (net)
                  0.17    0.00    4.39 ^ out[4] (out)
                                  4.39   data arrival time

                  0.00   10.00   10.00   clock __VIRTUAL_CLK__ (rise edge)
                          0.00   10.00   clock network delay (ideal)
                         -0.25    9.75   clock uncertainty
                          0.00    9.75   clock reconvergence pessimism
                         -2.00    7.75   output external delay
                                  7.75   data required time
-----------------------------------------------------------------------------
                                  7.75   data required time
                                 -4.39   data arrival time
-----------------------------------------------------------------------------
                                  3.36   slack (MET)


Startpoint: opcode[1] (input port clocked by __VIRTUAL_CLK__)
Endpoint: out[3] (output port clocked by __VIRTUAL_CLK__)
Path Group: __VIRTUAL_CLK__
Path Type: max
Corner: Typical

Fanout     Cap    Slew   Delay    Time   Description
-----------------------------------------------------------------------------
                  0.00    0.00    0.00   clock __VIRTUAL_CLK__ (rise edge)
                          0.00    0.00   clock network delay (ideal)
                          2.00    2.00 ^ input external delay
     1    0.00    0.02    0.01    2.01 ^ opcode[1] (in)
                                         opcode[1] (net)
                  0.02    0.00    2.01 ^ input18/A (sky130_fd_sc_hd__dlymetal6s2s_1)
     5    0.02    0.21    0.20    2.21 ^ input18/X (sky130_fd_sc_hd__dlymetal6s2s_1)
                                         net18 (net)
                  0.21    0.00    2.21 ^ _222_/B (sky130_fd_sc_hd__nand3b_4)
     8    0.04    0.14    0.18    2.40 v _222_/Y (sky130_fd_sc_hd__nand3b_4)
                                         _150_ (net)
                  0.14    0.00    2.40 v _234_/C (sky130_fd_sc_hd__and3_1)
     2    0.01    0.05    0.25    2.65 v _234_/X (sky130_fd_sc_hd__and3_1)
                                         _001_ (net)
                  0.05    0.00    2.65 v _236_/A1 (sky130_fd_sc_hd__o21a_1)
     4    0.02    0.09    0.25    2.90 v _236_/X (sky130_fd_sc_hd__o21a_1)
                                         _003_ (net)
                  0.09    0.00    2.90 v _239_/B1 (sky130_fd_sc_hd__a211oi_2)
     3    0.01    0.25    0.30    3.20 ^ _239_/Y (sky130_fd_sc_hd__a211oi_2)
                                         _006_ (net)
                  0.25    0.00    3.20 ^ _241_/A2 (sky130_fd_sc_hd__o21ai_2)
     5    0.02    0.10    0.14    3.34 v _241_/Y (sky130_fd_sc_hd__o21ai_2)
                                         _008_ (net)
                  0.10    0.00    3.34 v _314_/A2 (sky130_fd_sc_hd__a31o_1)
     1    0.00    0.03    0.23    3.57 v _314_/X (sky130_fd_sc_hd__a31o_1)
                                         _075_ (net)
                  0.03    0.00    3.57 v _318_/A2 (sky130_fd_sc_hd__o21bai_1)
     1    0.00    0.12    0.13    3.69 ^ _318_/Y (sky130_fd_sc_hd__o21bai_1)
                                         _079_ (net)
                  0.12    0.00    3.69 ^ _319_/B1_N (sky130_fd_sc_hd__o21ba_1)
     1    0.00    0.03    0.16    3.86 v _319_/X (sky130_fd_sc_hd__o21ba_1)
                                         _080_ (net)
                  0.03    0.00    3.86 v _320_/B1 (sky130_fd_sc_hd__a21oi_1)
     1    0.01    0.16    0.16    4.01 ^ _320_/Y (sky130_fd_sc_hd__a21oi_1)
                                         net23 (net)
                  0.16    0.00    4.01 ^ output23/A (sky130_fd_sc_hd__clkbuf_4)
     1    0.03    0.11    0.24    4.25 ^ output23/X (sky130_fd_sc_hd__clkbuf_4)
                                         out[3] (net)
                  0.11    0.00    4.25 ^ out[3] (out)
                                  4.25   data arrival time

                  0.00   10.00   10.00   clock __VIRTUAL_CLK__ (rise edge)
                          0.00   10.00   clock network delay (ideal)
                         -0.25    9.75   clock uncertainty
                          0.00    9.75   clock reconvergence pessimism
                         -2.00    7.75   output external delay
                                  7.75   data required time
-----------------------------------------------------------------------------
                                  7.75   data required time
                                 -4.25   data arrival time
-----------------------------------------------------------------------------
                                  3.50   slack (MET)


Startpoint: opcode[1] (input port clocked by __VIRTUAL_CLK__)
Endpoint: out[1] (output port clocked by __VIRTUAL_CLK__)
Path Group: __VIRTUAL_CLK__
Path Type: max
Corner: Typical

Fanout     Cap    Slew   Delay    Time   Description
-----------------------------------------------------------------------------
                  0.00    0.00    0.00   clock __VIRTUAL_CLK__ (rise edge)
                          0.00    0.00   clock network delay (ideal)
                          2.00    2.00 ^ input external delay
     1    0.00    0.02    0.01    2.01 ^ opcode[1] (in)
                                         opcode[1] (net)
                  0.02    0.00    2.01 ^ input18/A (sky130_fd_sc_hd__dlymetal6s2s_1)
     5    0.02    0.21    0.20    2.21 ^ input18/X (sky130_fd_sc_hd__dlymetal6s2s_1)
                                         net18 (net)
                  0.21    0.00    2.21 ^ _222_/B (sky130_fd_sc_hd__nand3b_4)
     8    0.04    0.14    0.18    2.40 v _222_/Y (sky130_fd_sc_hd__nand3b_4)
                                         _150_ (net)
                  0.14    0.00    2.40 v _234_/C (sky130_fd_sc_hd__and3_1)
     2    0.01    0.05    0.25    2.65 v _234_/X (sky130_fd_sc_hd__and3_1)
                                         _001_ (net)
                  0.05    0.00    2.65 v _236_/A1 (sky130_fd_sc_hd__o21a_1)
     4    0.02    0.09    0.25    2.90 v _236_/X (sky130_fd_sc_hd__o21a_1)
                                         _003_ (net)
                  0.09    0.00    2.90 v _239_/B1 (sky130_fd_sc_hd__a211oi_2)
     3    0.01    0.25    0.30    3.20 ^ _239_/Y (sky130_fd_sc_hd__a211oi_2)
                                         _006_ (net)
                  0.25    0.00    3.20 ^ _300_/A (sky130_fd_sc_hd__or3_1)
     1    0.00    0.05    0.17    3.37 ^ _300_/X (sky130_fd_sc_hd__or3_1)
                                         _063_ (net)
                  0.05    0.00    3.37 ^ _301_/C_N (sky130_fd_sc_hd__or3b_1)
     1    0.00    0.06    0.35    3.72 v _301_/X (sky130_fd_sc_hd__or3b_1)
                                         _064_ (net)
                  0.06    0.00    3.72 v _302_/B2 (sky130_fd_sc_hd__o2bb2a_1)
     1    0.00    0.06    0.30    4.02 v _302_/X (sky130_fd_sc_hd__o2bb2a_1)
                                         net21 (net)
                  0.06    0.00    4.02 v output21/A (sky130_fd_sc_hd__buf_2)
     1    0.03    0.09    0.20    4.21 v output21/X (sky130_fd_sc_hd__buf_2)
                                         out[1] (net)
                  0.09    0.00    4.21 v out[1] (out)
                                  4.21   data arrival time

                  0.00   10.00   10.00   clock __VIRTUAL_CLK__ (rise edge)
                          0.00   10.00   clock network delay (ideal)
                         -0.25    9.75   clock uncertainty
                          0.00    9.75   clock reconvergence pessimism
                         -2.00    7.75   output external delay
                                  7.75   data required time
-----------------------------------------------------------------------------
                                  7.75   data required time
                                 -4.21   data arrival time
-----------------------------------------------------------------------------
                                  3.54   slack (MET)


Startpoint: opcode[1] (input port clocked by __VIRTUAL_CLK__)
Endpoint: out[2] (output port clocked by __VIRTUAL_CLK__)
Path Group: __VIRTUAL_CLK__
Path Type: max
Corner: Typical

Fanout     Cap    Slew   Delay    Time   Description
-----------------------------------------------------------------------------
                  0.00    0.00    0.00   clock __VIRTUAL_CLK__ (rise edge)
                          0.00    0.00   clock network delay (ideal)
                          2.00    2.00 ^ input external delay
     1    0.00    0.02    0.01    2.01 ^ opcode[1] (in)
                                         opcode[1] (net)
                  0.02    0.00    2.01 ^ input18/A (sky130_fd_sc_hd__dlymetal6s2s_1)
     5    0.02    0.21    0.20    2.21 ^ input18/X (sky130_fd_sc_hd__dlymetal6s2s_1)
                                         net18 (net)
                  0.21    0.00    2.21 ^ _222_/B (sky130_fd_sc_hd__nand3b_4)
     8    0.04    0.14    0.18    2.40 v _222_/Y (sky130_fd_sc_hd__nand3b_4)
                                         _150_ (net)
                  0.14    0.00    2.40 v _234_/C (sky130_fd_sc_hd__and3_1)
     2    0.01    0.05    0.25    2.65 v _234_/X (sky130_fd_sc_hd__and3_1)
                                         _001_ (net)
                  0.05    0.00    2.65 v _238_/B (sky130_fd_sc_hd__nor3_1)
     2    0.01    0.32    0.31    2.95 ^ _238_/Y (sky130_fd_sc_hd__nor3_1)
                                         _005_ (net)
                  0.32    0.00    2.95 ^ _239_/C1 (sky130_fd_sc_hd__a211oi_2)
     3    0.01    0.09    0.09    3.05 v _239_/Y (sky130_fd_sc_hd__a211oi_2)
                                         _006_ (net)
                  0.09    0.00    3.05 v _305_/C (sky130_fd_sc_hd__or3_1)
     1    0.00    0.07    0.34    3.39 v _305_/X (sky130_fd_sc_hd__or3_1)
                                         _067_ (net)
                  0.07    0.00    3.39 v _309_/A3 (sky130_fd_sc_hd__a31o_1)
     1    0.00    0.03    0.22    3.61 v _309_/X (sky130_fd_sc_hd__a31o_1)
                                         _071_ (net)
                  0.03    0.00    3.61 v _310_/B2 (sky130_fd_sc_hd__o2bb2a_1)
     1    0.00    0.06    0.29    3.90 v _310_/X (sky130_fd_sc_hd__o2bb2a_1)
                                         net22 (net)
                  0.06    0.00    3.90 v output22/A (sky130_fd_sc_hd__buf_2)
     1    0.03    0.09    0.19    4.09 v output22/X (sky130_fd_sc_hd__buf_2)
                                         out[2] (net)
                  0.09    0.00    4.09 v out[2] (out)
                                  4.09   data arrival time

                  0.00   10.00   10.00   clock __VIRTUAL_CLK__ (rise edge)
                          0.00   10.00   clock network delay (ideal)
                         -0.25    9.75   clock uncertainty
                          0.00    9.75   clock reconvergence pessimism
                         -2.00    7.75   output external delay
                                  7.75   data required time
-----------------------------------------------------------------------------
                                  7.75   data required time
                                 -4.09   data arrival time
-----------------------------------------------------------------------------
                                  3.66   slack (MET)


Startpoint: opcode[1] (input port clocked by __VIRTUAL_CLK__)
Endpoint: out[0] (output port clocked by __VIRTUAL_CLK__)
Path Group: __VIRTUAL_CLK__
Path Type: max
Corner: Typical

Fanout     Cap    Slew   Delay    Time   Description
-----------------------------------------------------------------------------
                  0.00    0.00    0.00   clock __VIRTUAL_CLK__ (rise edge)
                          0.00    0.00   clock network delay (ideal)
                          2.00    2.00 v input external delay
     1    0.00    0.01    0.00    2.00 v opcode[1] (in)
                                         opcode[1] (net)
                  0.01    0.00    2.00 v input18/A (sky130_fd_sc_hd__dlymetal6s2s_1)
     5    0.02    0.10    0.19    2.19 v input18/X (sky130_fd_sc_hd__dlymetal6s2s_1)
                                         net18 (net)
                  0.10    0.00    2.19 v _161_/B (sky130_fd_sc_hd__or2_1)
     3    0.01    0.09    0.29    2.48 v _161_/X (sky130_fd_sc_hd__or2_1)
                                         _089_ (net)
                  0.09    0.00    2.48 v _250_/C (sky130_fd_sc_hd__and3_1)
     4    0.02    0.11    0.28    2.76 v _250_/X (sky130_fd_sc_hd__and3_1)
                                         _017_ (net)
                  0.11    0.00    2.76 v _251_/A (sky130_fd_sc_hd__inv_2)
     5    0.02    0.10    0.13    2.88 ^ _251_/Y (sky130_fd_sc_hd__inv_2)
                                         _018_ (net)
                  0.10    0.00    2.89 ^ _290_/B1 (sky130_fd_sc_hd__a22oi_1)
     1    0.00    0.07    0.07    2.96 v _290_/Y (sky130_fd_sc_hd__a22oi_1)
                                         _054_ (net)
                  0.07    0.00    2.96 v _292_/A2 (sky130_fd_sc_hd__o32a_1)
     1    0.00    0.05    0.35    3.31 v _292_/X (sky130_fd_sc_hd__o32a_1)
                                         _056_ (net)
                  0.05    0.00    3.31 v _293_/B1 (sky130_fd_sc_hd__a21o_1)
     1    0.00    0.03    0.16    3.47 v _293_/X (sky130_fd_sc_hd__a21o_1)
                                         net20 (net)
                  0.03    0.00    3.47 v output20/A (sky130_fd_sc_hd__buf_2)
     1    0.03    0.09    0.18    3.65 v output20/X (sky130_fd_sc_hd__buf_2)
                                         out[0] (net)
                  0.09    0.00    3.65 v out[0] (out)
                                  3.65   data arrival time

                  0.00   10.00   10.00   clock __VIRTUAL_CLK__ (rise edge)
                          0.00   10.00   clock network delay (ideal)
                         -0.25    9.75   clock uncertainty
                          0.00    9.75   clock reconvergence pessimism
                         -2.00    7.75   output external delay
                                  7.75   data required time
-----------------------------------------------------------------------------
                                  7.75   data required time
                                 -3.65   data arrival time
-----------------------------------------------------------------------------
                                  4.10   slack (MET)



worst slack corner Typical: 2.8655
