
===========================================================================
 report_power
============================================================================
======================= Fastest Corner ===================================

Group                  Internal  Switching    Leakage      Total
                          Power      Power      Power      Power (Watts)
----------------------------------------------------------------
Sequential             0.00e+00   0.00e+00   0.00e+00   0.00e+00   0.0%
Combinational          4.16e-05   6.52e-05   1.20e-09   1.07e-04 100.0%
Clock                  5.00e-10   0.00e+00   5.20e-10   1.02e-09   0.0%
Macro                  0.00e+00   0.00e+00   0.00e+00   0.00e+00   0.0%
Pad                    0.00e+00   0.00e+00   0.00e+00   0.00e+00   0.0%
----------------------------------------------------------------
Total                  4.16e-05   6.52e-05   1.72e-09   1.07e-04 100.0%
                          38.9%      61.1%       0.0%

======================= Slowest Corner ===================================

Group                  Internal  Switching    Leakage      Total
                          Power      Power      Power      Power (Watts)
----------------------------------------------------------------
Sequential             0.00e+00   0.00e+00   0.00e+00   0.00e+00   0.0%
Combinational          3.15e-05   4.33e-05   8.63e-07   7.57e-05 100.0%
Clock                 -3.07e-10   0.00e+00   5.21e-10   2.15e-10   0.0%
Macro                  0.00e+00   0.00e+00   0.00e+00   0.00e+00   0.0%
Pad                    0.00e+00   0.00e+00   0.00e+00   0.00e+00   0.0%
----------------------------------------------------------------
Total                  3.15e-05   4.33e-05   8.63e-07   7.57e-05 100.0%
                          41.6%      57.2%       1.1%

======================= Typical Corner ===================================

Group                  Internal  Switching    Leakage      Total
                          Power      Power      Power      Power (Watts)
----------------------------------------------------------------
Sequential             0.00e+00   0.00e+00   0.00e+00   0.00e+00   0.0%
Combinational          3.84e-05   5.52e-05   6.87e-10   9.36e-05 100.0%
Clock                 -6.80e-12   0.00e+00   5.20e-10   5.13e-10   0.0%
Macro                  0.00e+00   0.00e+00   0.00e+00   0.00e+00   0.0%
Pad                    0.00e+00   0.00e+00   0.00e+00   0.00e+00   0.0%
----------------------------------------------------------------
Total                  3.84e-05   5.52e-05   1.21e-09   9.36e-05 100.0%
                          41.0%      59.0%       0.0%

