
===========================================================================
 report_power
============================================================================
======================= Fastest Corner ===================================

Group                  Internal  Switching    Leakage      Total
                          Power      Power      Power      Power (Watts)
----------------------------------------------------------------
Sequential             0.00e+00   0.00e+00   0.00e+00   0.00e+00   0.0%
Combinational          4.16e-05   6.68e-05   1.20e-09   1.08e-04 100.0%
Clock                  4.96e-10   0.00e+00   5.20e-10   1.02e-09   0.0%
Macro                  0.00e+00   0.00e+00   0.00e+00   0.00e+00   0.0%
Pad                    0.00e+00   0.00e+00   0.00e+00   0.00e+00   0.0%
----------------------------------------------------------------
Total                  4.16e-05   6.68e-05   1.72e-09   1.08e-04 100.0%
                          38.4%      61.6%       0.0%

======================= Slowest Corner ===================================

Group                  Internal  Switching    Leakage      Total
                          Power      Power      Power      Power (Watts)
----------------------------------------------------------------
Sequential             0.00e+00   0.00e+00   0.00e+00   0.00e+00   0.0%
Combinational          3.15e-05   4.44e-05   8.63e-07   7.67e-05 100.0%
Clock                 -3.03e-10   0.00e+00   5.21e-10   2.18e-10   0.0%
Macro                  0.00e+00   0.00e+00   0.00e+00   0.00e+00   0.0%
Pad                    0.00e+00   0.00e+00   0.00e+00   0.00e+00   0.0%
----------------------------------------------------------------
Total                  3.15e-05   4.44e-05   8.63e-07   7.67e-05 100.0%
                          41.1%      57.8%       1.1%

======================= Typical Corner ===================================

Group                  Internal  Switching    Leakage      Total
                          Power      Power      Power      Power (Watts)
----------------------------------------------------------------
Sequential             0.00e+00   0.00e+00   0.00e+00   0.00e+00   0.0%
Combinational          3.84e-05   5.65e-05   6.87e-10   9.49e-05 100.0%
Clock                 -7.14e-12   0.00e+00   5.20e-10   5.13e-10   0.0%
Macro                  0.00e+00   0.00e+00   0.00e+00   0.00e+00   0.0%
Pad                    0.00e+00   0.00e+00   0.00e+00   0.00e+00   0.0%
----------------------------------------------------------------
Total                  3.84e-05   5.65e-05   1.21e-09   9.49e-05 100.0%
                          40.5%      59.5%       0.0%

