
===========================================================================
report_checks -path_delay max (Setup)
============================================================================
======================= Fastest Corner ===================================

Startpoint: opcode[1] (input port clocked by __VIRTUAL_CLK__)
Endpoint: out[7] (output port clocked by __VIRTUAL_CLK__)
Path Group: __VIRTUAL_CLK__
Path Type: max
Corner: Fastest

Fanout     Cap    Slew   Delay    Time   Description
-----------------------------------------------------------------------------
                  0.00    0.00    0.00   clock __VIRTUAL_CLK__ (rise edge)
                          0.00    0.00   clock network delay (ideal)
                          2.00    2.00 ^ input external delay
     1    0.00    0.01    0.01    2.01 ^ opcode[1] (in)
                                         opcode[1] (net)
                  0.01    0.00    2.01 ^ input18/A (sky130_fd_sc_hd__dlymetal6s2s_1)
     5    0.02    0.16    0.15    2.16 ^ input18/X (sky130_fd_sc_hd__dlymetal6s2s_1)
                                         net18 (net)
                  0.16    0.00    2.16 ^ _222_/B (sky130_fd_sc_hd__nand3b_4)
     8    0.04    0.10    0.11    2.27 v _222_/Y (sky130_fd_sc_hd__nand3b_4)
                                         _150_ (net)
                  0.10    0.00    2.27 v _234_/C (sky130_fd_sc_hd__and3_1)
     2    0.01    0.04    0.16    2.44 v _234_/X (sky130_fd_sc_hd__and3_1)
                                         _001_ (net)
                  0.04    0.00    2.44 v _236_/A1 (sky130_fd_sc_hd__o21a_1)
     4    0.02    0.07    0.17    2.60 v _236_/X (sky130_fd_sc_hd__o21a_1)
                                         _003_ (net)
                  0.07    0.00    2.60 v _239_/B1 (sky130_fd_sc_hd__a211oi_2)
     3    0.01    0.19    0.16    2.76 ^ _239_/Y (sky130_fd_sc_hd__a211oi_2)
                                         _006_ (net)
                  0.19    0.00    2.76 ^ _241_/A2 (sky130_fd_sc_hd__o21ai_2)
     5    0.02    0.07    0.07    2.83 v _241_/Y (sky130_fd_sc_hd__o21ai_2)
                                         _008_ (net)
                  0.07    0.00    2.83 v _248_/A2 (sky130_fd_sc_hd__a311o_2)
     5    0.02    0.07    0.28    3.12 v _248_/X (sky130_fd_sc_hd__a311o_2)
                                         _015_ (net)
                  0.07    0.00    3.12 v _260_/A3 (sky130_fd_sc_hd__a311oi_2)
     3    0.01    0.21    0.25    3.37 ^ _260_/Y (sky130_fd_sc_hd__a311oi_2)
                                         _026_ (net)
                  0.21    0.00    3.37 ^ _280_/A2 (sky130_fd_sc_hd__o21ai_1)
     1    0.00    0.04    0.04    3.41 v _280_/Y (sky130_fd_sc_hd__o21ai_1)
                                         _045_ (net)
                  0.04    0.00    3.41 v _282_/B (sky130_fd_sc_hd__and3_1)
     1    0.00    0.03    0.11    3.52 v _282_/X (sky130_fd_sc_hd__and3_1)
                                         _047_ (net)
                  0.03    0.00    3.52 v _289_/A2 (sky130_fd_sc_hd__o31a_1)
     1    0.00    0.04    0.17    3.69 v _289_/X (sky130_fd_sc_hd__o31a_1)
                                         net27 (net)
                  0.04    0.00    3.69 v output27/A (sky130_fd_sc_hd__buf_2)
     1    0.03    0.06    0.13    3.82 v output27/X (sky130_fd_sc_hd__buf_2)
                                         out[7] (net)
                  0.06    0.00    3.82 v out[7] (out)
                                  3.82   data arrival time

                  0.00   10.00   10.00   clock __VIRTUAL_CLK__ (rise edge)
                          0.00   10.00   clock network delay (ideal)
                         -0.25    9.75   clock uncertainty
                          0.00    9.75   clock reconvergence pessimism
                         -2.00    7.75   output external delay
                                  7.75   data required time
-----------------------------------------------------------------------------
                                  7.75   data required time
                                 -3.82   data arrival time
-----------------------------------------------------------------------------
                                  3.93   slack (MET)


Startpoint: opcode[1] (input port clocked by __VIRTUAL_CLK__)
Endpoint: out[6] (output port clocked by __VIRTUAL_CLK__)
Path Group: __VIRTUAL_CLK__
Path Type: max
Corner: Fastest

Fanout     Cap    Slew   Delay    Time   Description
-----------------------------------------------------------------------------
                  0.00    0.00    0.00   clock __VIRTUAL_CLK__ (rise edge)
                          0.00    0.00   clock network delay (ideal)
                          2.00    2.00 ^ input external delay
     1    0.00    0.01    0.01    2.01 ^ opcode[1] (in)
                                         opcode[1] (net)
                  0.01    0.00    2.01 ^ input18/A (sky130_fd_sc_hd__dlymetal6s2s_1)
     5    0.02    0.16    0.15    2.16 ^ input18/X (sky130_fd_sc_hd__dlymetal6s2s_1)
                                         net18 (net)
                  0.16    0.00    2.16 ^ _222_/B (sky130_fd_sc_hd__nand3b_4)
     8    0.04    0.10    0.11    2.27 v _222_/Y (sky130_fd_sc_hd__nand3b_4)
                                         _150_ (net)
                  0.10    0.00    2.27 v _234_/C (sky130_fd_sc_hd__and3_1)
     2    0.01    0.04    0.16    2.44 v _234_/X (sky130_fd_sc_hd__and3_1)
                                         _001_ (net)
                  0.04    0.00    2.44 v _236_/A1 (sky130_fd_sc_hd__o21a_1)
     4    0.02    0.07    0.17    2.60 v _236_/X (sky130_fd_sc_hd__o21a_1)
                                         _003_ (net)
                  0.07    0.00    2.60 v _239_/B1 (sky130_fd_sc_hd__a211oi_2)
     3    0.01    0.19    0.16    2.76 ^ _239_/Y (sky130_fd_sc_hd__a211oi_2)
                                         _006_ (net)
                  0.19    0.00    2.76 ^ _241_/A2 (sky130_fd_sc_hd__o21ai_2)
     5    0.02    0.07    0.07    2.83 v _241_/Y (sky130_fd_sc_hd__o21ai_2)
                                         _008_ (net)
                  0.07    0.00    2.83 v _248_/A2 (sky130_fd_sc_hd__a311o_2)
     5    0.02    0.07    0.28    3.12 v _248_/X (sky130_fd_sc_hd__a311o_2)
                                         _015_ (net)
                  0.07    0.00    3.12 v _261_/A3 (sky130_fd_sc_hd__a31o_1)
     1    0.00    0.03    0.16    3.28 v _261_/X (sky130_fd_sc_hd__a31o_1)
                                         _027_ (net)
                  0.03    0.00    3.28 v _262_/A2 (sky130_fd_sc_hd__a21o_1)
     1    0.00    0.02    0.11    3.39 v _262_/X (sky130_fd_sc_hd__a21o_1)
                                         _028_ (net)
                  0.02    0.00    3.39 v _263_/B (sky130_fd_sc_hd__or2_1)
     1    0.00    0.03    0.12    3.51 v _263_/X (sky130_fd_sc_hd__or2_1)
                                         _029_ (net)
                  0.03    0.00    3.51 v _274_/B1 (sky130_fd_sc_hd__a22oi_1)
     1    0.00    0.09    0.08    3.59 ^ _274_/Y (sky130_fd_sc_hd__a22oi_1)
                                         net26 (net)
                  0.09    0.00    3.59 ^ output26/A (sky130_fd_sc_hd__buf_2)
     1    0.03    0.13    0.16    3.75 ^ output26/X (sky130_fd_sc_hd__buf_2)
                                         out[6] (net)
                  0.13    0.00    3.75 ^ out[6] (out)
                                  3.75   data arrival time

                  0.00   10.00   10.00   clock __VIRTUAL_CLK__ (rise edge)
                          0.00   10.00   clock network delay (ideal)
                         -0.25    9.75   clock uncertainty
                          0.00    9.75   clock reconvergence pessimism
                         -2.00    7.75   output external delay
                                  7.75   data required time
-----------------------------------------------------------------------------
                                  7.75   data required time
                                 -3.75   data arrival time
-----------------------------------------------------------------------------
                                  4.00   slack (MET)


Startpoint: opcode[1] (input port clocked by __VIRTUAL_CLK__)
Endpoint: out[5] (output port clocked by __VIRTUAL_CLK__)
Path Group: __VIRTUAL_CLK__
Path Type: max
Corner: Fastest

Fanout     Cap    Slew   Delay    Time   Description
-----------------------------------------------------------------------------
                  0.00    0.00    0.00   clock __VIRTUAL_CLK__ (rise edge)
                          0.00    0.00   clock network delay (ideal)
                          2.00    2.00 ^ input external delay
     1    0.00    0.01    0.01    2.01 ^ opcode[1] (in)
                                         opcode[1] (net)
                  0.01    0.00    2.01 ^ input18/A (sky130_fd_sc_hd__dlymetal6s2s_1)
     5    0.02    0.16    0.15    2.16 ^ input18/X (sky130_fd_sc_hd__dlymetal6s2s_1)
                                         net18 (net)
                  0.16    0.00    2.16 ^ _222_/B (sky130_fd_sc_hd__nand3b_4)
     8    0.04    0.10    0.11    2.27 v _222_/Y (sky130_fd_sc_hd__nand3b_4)
                                         _150_ (net)
                  0.10    0.00    2.27 v _234_/C (sky130_fd_sc_hd__and3_1)
     2    0.01    0.04    0.16    2.44 v _234_/X (sky130_fd_sc_hd__and3_1)
                                         _001_ (net)
                  0.04    0.00    2.44 v _236_/A1 (sky130_fd_sc_hd__o21a_1)
     4    0.02    0.07    0.17    2.60 v _236_/X (sky130_fd_sc_hd__o21a_1)
                                         _003_ (net)
                  0.07    0.00    2.60 v _239_/B1 (sky130_fd_sc_hd__a211oi_2)
     3    0.01    0.19    0.16    2.76 ^ _239_/Y (sky130_fd_sc_hd__a211oi_2)
                                         _006_ (net)
                  0.19    0.00    2.76 ^ _241_/A2 (sky130_fd_sc_hd__o21ai_2)
     5    0.02    0.07    0.07    2.83 v _241_/Y (sky130_fd_sc_hd__o21ai_2)
                                         _008_ (net)
                  0.07    0.00    2.83 v _248_/A2 (sky130_fd_sc_hd__a311o_2)
     5    0.02    0.07    0.28    3.12 v _248_/X (sky130_fd_sc_hd__a311o_2)
                                         _015_ (net)
                  0.07    0.00    3.12 v _249_/C (sky130_fd_sc_hd__and3_1)
     1    0.00    0.03    0.13    3.25 v _249_/X (sky130_fd_sc_hd__and3_1)
                                         _016_ (net)
                  0.03    0.00    3.25 v _253_/A (sky130_fd_sc_hd__or3_1)
     1    0.00    0.04    0.22    3.46 v _253_/X (sky130_fd_sc_hd__or3_1)
                                         _020_ (net)
                  0.04    0.00    3.46 v _254_/B2 (sky130_fd_sc_hd__a22oi_1)
     1    0.00    0.10    0.09    3.56 ^ _254_/Y (sky130_fd_sc_hd__a22oi_1)
                                         net25 (net)
                  0.10    0.00    3.56 ^ output25/A (sky130_fd_sc_hd__buf_2)
     1    0.03    0.13    0.16    3.72 ^ output25/X (sky130_fd_sc_hd__buf_2)
                                         out[5] (net)
                  0.13    0.00    3.72 ^ out[5] (out)
                                  3.72   data arrival time

                  0.00   10.00   10.00   clock __VIRTUAL_CLK__ (rise edge)
                          0.00   10.00   clock network delay (ideal)
                         -0.25    9.75   clock uncertainty
                          0.00    9.75   clock reconvergence pessimism
                         -2.00    7.75   output external delay
                                  7.75   data required time
-----------------------------------------------------------------------------
                                  7.75   data required time
                                 -3.72   data arrival time
-----------------------------------------------------------------------------
                                  4.03   slack (MET)


Startpoint: B[1] (input port clocked by __VIRTUAL_CLK__)
Endpoint: out[4] (output port clocked by __VIRTUAL_CLK__)
Path Group: __VIRTUAL_CLK__
Path Type: max
Corner: Fastest

Fanout     Cap    Slew   Delay    Time   Description
-----------------------------------------------------------------------------
                  0.00    0.00    0.00   clock __VIRTUAL_CLK__ (rise edge)
                          0.00    0.00   clock network delay (ideal)
                          2.00    2.00 ^ input external delay
     1    0.00    0.01    0.01    2.01 ^ B[1] (in)
                                         B[1] (net)
                  0.01    0.00    2.01 ^ input10/A (sky130_fd_sc_hd__buf_1)
     3    0.01    0.09    0.10    2.10 ^ input10/X (sky130_fd_sc_hd__buf_1)
                                         net10 (net)
                  0.09    0.00    2.10 ^ _169_/A (sky130_fd_sc_hd__buf_2)
    10    0.04    0.14    0.17    2.27 ^ _169_/X (sky130_fd_sc_hd__buf_2)
                                         _097_ (net)
                  0.14    0.00    2.27 ^ _170_/A1 (sky130_fd_sc_hd__a22oi_1)
     2    0.00    0.06    0.07    2.34 v _170_/Y (sky130_fd_sc_hd__a22oi_1)
                                         _098_ (net)
                  0.06    0.00    2.34 v _172_/B_N (sky130_fd_sc_hd__and4bb_1)
     3    0.01    0.09    0.22    2.56 ^ _172_/X (sky130_fd_sc_hd__and4bb_1)
                                         _100_ (net)
                  0.09    0.00    2.56 ^ _185_/A (sky130_fd_sc_hd__nor2_1)
     2    0.01    0.04    0.05    2.61 v _185_/Y (sky130_fd_sc_hd__nor2_1)
                                         _113_ (net)
                  0.04    0.00    2.61 v _191_/A (sky130_fd_sc_hd__xnor2_1)
     2    0.01    0.17    0.18    2.79 ^ _191_/Y (sky130_fd_sc_hd__xnor2_1)
                                         _119_ (net)
                  0.17    0.00    2.79 ^ _193_/A3 (sky130_fd_sc_hd__a31o_1)
     2    0.01    0.09    0.14    2.93 ^ _193_/X (sky130_fd_sc_hd__a31o_1)
                                         _121_ (net)
                  0.09    0.00    2.93 ^ _194_/B (sky130_fd_sc_hd__xor2_1)
     2    0.01    0.15    0.15    3.09 ^ _194_/X (sky130_fd_sc_hd__xor2_1)
                                         _122_ (net)
                  0.15    0.00    3.09 ^ _321_/A (sky130_fd_sc_hd__xor2_1)
     1    0.01    0.14    0.15    3.23 ^ _321_/X (sky130_fd_sc_hd__xor2_1)
                                         _081_ (net)
                  0.14    0.00    3.23 ^ _328_/A2 (sky130_fd_sc_hd__a21oi_1)
     1    0.00    0.07    0.05    3.29 v _328_/Y (sky130_fd_sc_hd__a21oi_1)
                                         _088_ (net)
                  0.07    0.00    3.29 v _329_/B1 (sky130_fd_sc_hd__a21oi_1)
     1    0.00    0.09    0.08    3.36 ^ _329_/Y (sky130_fd_sc_hd__a21oi_1)
                                         net24 (net)
                  0.09    0.00    3.36 ^ output24/A (sky130_fd_sc_hd__buf_2)
     1    0.03    0.13    0.16    3.53 ^ output24/X (sky130_fd_sc_hd__buf_2)
                                         out[4] (net)
                  0.13    0.00    3.53 ^ out[4] (out)
                                  3.53   data arrival time

                  0.00   10.00   10.00   clock __VIRTUAL_CLK__ (rise edge)
                          0.00   10.00   clock network delay (ideal)
                         -0.25    9.75   clock uncertainty
                          0.00    9.75   clock reconvergence pessimism
                         -2.00    7.75   output external delay
                                  7.75   data required time
-----------------------------------------------------------------------------
                                  7.75   data required time
                                 -3.53   data arrival time
-----------------------------------------------------------------------------
                                  4.22   slack (MET)


Startpoint: opcode[1] (input port clocked by __VIRTUAL_CLK__)
Endpoint: out[3] (output port clocked by __VIRTUAL_CLK__)
Path Group: __VIRTUAL_CLK__
Path Type: max
Corner: Fastest

Fanout     Cap    Slew   Delay    Time   Description
-----------------------------------------------------------------------------
                  0.00    0.00    0.00   clock __VIRTUAL_CLK__ (rise edge)
                          0.00    0.00   clock network delay (ideal)
                          2.00    2.00 ^ input external delay
     1    0.00    0.01    0.01    2.01 ^ opcode[1] (in)
                                         opcode[1] (net)
                  0.01    0.00    2.01 ^ input18/A (sky130_fd_sc_hd__dlymetal6s2s_1)
     5    0.02    0.16    0.15    2.16 ^ input18/X (sky130_fd_sc_hd__dlymetal6s2s_1)
                                         net18 (net)
                  0.16    0.00    2.16 ^ _222_/B (sky130_fd_sc_hd__nand3b_4)
     8    0.04    0.10    0.11    2.27 v _222_/Y (sky130_fd_sc_hd__nand3b_4)
                                         _150_ (net)
                  0.10    0.00    2.27 v _234_/C (sky130_fd_sc_hd__and3_1)
     2    0.01    0.04    0.16    2.44 v _234_/X (sky130_fd_sc_hd__and3_1)
                                         _001_ (net)
                  0.04    0.00    2.44 v _236_/A1 (sky130_fd_sc_hd__o21a_1)
     4    0.02    0.07    0.17    2.60 v _236_/X (sky130_fd_sc_hd__o21a_1)
                                         _003_ (net)
                  0.07    0.00    2.60 v _239_/B1 (sky130_fd_sc_hd__a211oi_2)
     3    0.01    0.19    0.16    2.76 ^ _239_/Y (sky130_fd_sc_hd__a211oi_2)
                                         _006_ (net)
                  0.19    0.00    2.76 ^ _241_/A2 (sky130_fd_sc_hd__o21ai_2)
     5    0.02    0.07    0.07    2.83 v _241_/Y (sky130_fd_sc_hd__o21ai_2)
                                         _008_ (net)
                  0.07    0.00    2.83 v _314_/A2 (sky130_fd_sc_hd__a31o_1)
     1    0.00    0.03    0.15    2.98 v _314_/X (sky130_fd_sc_hd__a31o_1)
                                         _075_ (net)
                  0.03    0.00    2.98 v _318_/A2 (sky130_fd_sc_hd__o21bai_1)
     1    0.00    0.09    0.09    3.07 ^ _318_/Y (sky130_fd_sc_hd__o21bai_1)
                                         _079_ (net)
                  0.09    0.00    3.07 ^ _319_/B1_N (sky130_fd_sc_hd__o21ba_1)
     1    0.00    0.02    0.10    3.16 v _319_/X (sky130_fd_sc_hd__o21ba_1)
                                         _080_ (net)
                  0.02    0.00    3.16 v _320_/B1 (sky130_fd_sc_hd__a21oi_1)
     1    0.01    0.12    0.08    3.24 ^ _320_/Y (sky130_fd_sc_hd__a21oi_1)
                                         net23 (net)
                  0.12    0.00    3.24 ^ output23/A (sky130_fd_sc_hd__clkbuf_4)
     1    0.03    0.09    0.16    3.40 ^ output23/X (sky130_fd_sc_hd__clkbuf_4)
                                         out[3] (net)
                  0.09    0.00    3.40 ^ out[3] (out)
                                  3.40   data arrival time

                  0.00   10.00   10.00   clock __VIRTUAL_CLK__ (rise edge)
                          0.00   10.00   clock network delay (ideal)
                         -0.25    9.75   clock uncertainty
                          0.00    9.75   clock reconvergence pessimism
                         -2.00    7.75   output external delay
                                  7.75   data required time
-----------------------------------------------------------------------------
                                  7.75   data required time
                                 -3.40   data arrival time
-----------------------------------------------------------------------------
                                  4.35   slack (MET)


Startpoint: opcode[1] (input port clocked by __VIRTUAL_CLK__)
Endpoint: out[1] (output port clocked by __VIRTUAL_CLK__)
Path Group: __VIRTUAL_CLK__
Path Type: max
Corner: Fastest

Fanout     Cap    Slew   Delay    Time   Description
-----------------------------------------------------------------------------
                  0.00    0.00    0.00   clock __VIRTUAL_CLK__ (rise edge)
                          0.00    0.00   clock network delay (ideal)
                          2.00    2.00 ^ input external delay
     1    0.00    0.01    0.01    2.01 ^ opcode[1] (in)
                                         opcode[1] (net)
                  0.01    0.00    2.01 ^ input18/A (sky130_fd_sc_hd__dlymetal6s2s_1)
     5    0.02    0.16    0.15    2.16 ^ input18/X (sky130_fd_sc_hd__dlymetal6s2s_1)
                                         net18 (net)
                  0.16    0.00    2.16 ^ _222_/B (sky130_fd_sc_hd__nand3b_4)
     8    0.04    0.10    0.11    2.27 v _222_/Y (sky130_fd_sc_hd__nand3b_4)
                                         _150_ (net)
                  0.10    0.00    2.27 v _234_/C (sky130_fd_sc_hd__and3_1)
     2    0.01    0.04    0.16    2.44 v _234_/X (sky130_fd_sc_hd__and3_1)
                                         _001_ (net)
                  0.04    0.00    2.44 v _236_/A1 (sky130_fd_sc_hd__o21a_1)
     4    0.02    0.07    0.17    2.60 v _236_/X (sky130_fd_sc_hd__o21a_1)
                                         _003_ (net)
                  0.07    0.00    2.60 v _239_/B1 (sky130_fd_sc_hd__a211oi_2)
     3    0.01    0.19    0.16    2.76 ^ _239_/Y (sky130_fd_sc_hd__a211oi_2)
                                         _006_ (net)
                  0.19    0.00    2.76 ^ _300_/A (sky130_fd_sc_hd__or3_1)
     1    0.00    0.04    0.10    2.86 ^ _300_/X (sky130_fd_sc_hd__or3_1)
                                         _063_ (net)
                  0.04    0.00    2.86 ^ _301_/C_N (sky130_fd_sc_hd__or3b_1)
     1    0.00    0.04    0.20    3.05 v _301_/X (sky130_fd_sc_hd__or3b_1)
                                         _064_ (net)
                  0.04    0.00    3.05 v _302_/B2 (sky130_fd_sc_hd__o2bb2a_1)
     1    0.00    0.04    0.18    3.23 v _302_/X (sky130_fd_sc_hd__o2bb2a_1)
                                         net21 (net)
                  0.04    0.00    3.23 v output21/A (sky130_fd_sc_hd__buf_2)
     1    0.03    0.06    0.13    3.36 v output21/X (sky130_fd_sc_hd__buf_2)
                                         out[1] (net)
                  0.06    0.00    3.36 v out[1] (out)
                                  3.36   data arrival time

                  0.00   10.00   10.00   clock __VIRTUAL_CLK__ (rise edge)
                          0.00   10.00   clock network delay (ideal)
                         -0.25    9.75   clock uncertainty
                          0.00    9.75   clock reconvergence pessimism
                         -2.00    7.75   output external delay
                                  7.75   data required time
-----------------------------------------------------------------------------
                                  7.75   data required time
                                 -3.36   data arrival time
-----------------------------------------------------------------------------
                                  4.39   slack (MET)


Startpoint: opcode[1] (input port clocked by __VIRTUAL_CLK__)
Endpoint: out[2] (output port clocked by __VIRTUAL_CLK__)
Path Group: __VIRTUAL_CLK__
Path Type: max
Corner: Fastest

Fanout     Cap    Slew   Delay    Time   Description
-----------------------------------------------------------------------------
                  0.00    0.00    0.00   clock __VIRTUAL_CLK__ (rise edge)
                          0.00    0.00   clock network delay (ideal)
                          2.00    2.00 ^ input external delay
     1    0.00    0.01    0.01    2.01 ^ opcode[1] (in)
                                         opcode[1] (net)
                  0.01    0.00    2.01 ^ input18/A (sky130_fd_sc_hd__dlymetal6s2s_1)
     5    0.02    0.16    0.15    2.16 ^ input18/X (sky130_fd_sc_hd__dlymetal6s2s_1)
                                         net18 (net)
                  0.16    0.00    2.16 ^ _222_/B (sky130_fd_sc_hd__nand3b_4)
     8    0.04    0.10    0.11    2.27 v _222_/Y (sky130_fd_sc_hd__nand3b_4)
                                         _150_ (net)
                  0.10    0.00    2.27 v _234_/C (sky130_fd_sc_hd__and3_1)
     2    0.01    0.04    0.16    2.44 v _234_/X (sky130_fd_sc_hd__and3_1)
                                         _001_ (net)
                  0.04    0.00    2.44 v _238_/B (sky130_fd_sc_hd__nor3_1)
     2    0.01    0.22    0.21    2.65 ^ _238_/Y (sky130_fd_sc_hd__nor3_1)
                                         _005_ (net)
                  0.22    0.00    2.65 ^ _239_/C1 (sky130_fd_sc_hd__a211oi_2)
     3    0.01    0.06    0.04    2.68 v _239_/Y (sky130_fd_sc_hd__a211oi_2)
                                         _006_ (net)
                  0.06    0.00    2.68 v _305_/C (sky130_fd_sc_hd__or3_1)
     1    0.00    0.05    0.19    2.88 v _305_/X (sky130_fd_sc_hd__or3_1)
                                         _067_ (net)
                  0.05    0.00    2.88 v _309_/A3 (sky130_fd_sc_hd__a31o_1)
     1    0.00    0.02    0.14    3.02 v _309_/X (sky130_fd_sc_hd__a31o_1)
                                         _071_ (net)
                  0.02    0.00    3.02 v _310_/B2 (sky130_fd_sc_hd__o2bb2a_1)
     1    0.00    0.04    0.17    3.19 v _310_/X (sky130_fd_sc_hd__o2bb2a_1)
                                         net22 (net)
                  0.04    0.00    3.19 v output22/A (sky130_fd_sc_hd__buf_2)
     1    0.03    0.06    0.13    3.32 v output22/X (sky130_fd_sc_hd__buf_2)
                                         out[2] (net)
                  0.06    0.00    3.32 v out[2] (out)
                                  3.32   data arrival time

                  0.00   10.00   10.00   clock __VIRTUAL_CLK__ (rise edge)
                          0.00   10.00   clock network delay (ideal)
                         -0.25    9.75   clock uncertainty
                          0.00    9.75   clock reconvergence pessimism
                         -2.00    7.75   output external delay
                                  7.75   data required time
-----------------------------------------------------------------------------
                                  7.75   data required time
                                 -3.32   data arrival time
-----------------------------------------------------------------------------
                                  4.43   slack (MET)


Startpoint: opcode[1] (input port clocked by __VIRTUAL_CLK__)
Endpoint: out[0] (output port clocked by __VIRTUAL_CLK__)
Path Group: __VIRTUAL_CLK__
Path Type: max
Corner: Fastest

Fanout     Cap    Slew   Delay    Time   Description
-----------------------------------------------------------------------------
                  0.00    0.00    0.00   clock __VIRTUAL_CLK__ (rise edge)
                          0.00    0.00   clock network delay (ideal)
                          2.00    2.00 v input external delay
     1    0.00    0.00    0.00    2.00 v opcode[1] (in)
                                         opcode[1] (net)
                  0.00    0.00    2.00 v input18/A (sky130_fd_sc_hd__dlymetal6s2s_1)
     5    0.02    0.07    0.12    2.13 v input18/X (sky130_fd_sc_hd__dlymetal6s2s_1)
                                         net18 (net)
                  0.07    0.00    2.13 v _161_/B (sky130_fd_sc_hd__or2_1)
     3    0.01    0.06    0.18    2.30 v _161_/X (sky130_fd_sc_hd__or2_1)
                                         _089_ (net)
                  0.06    0.00    2.30 v _250_/C (sky130_fd_sc_hd__and3_1)
     4    0.02    0.08    0.18    2.49 v _250_/X (sky130_fd_sc_hd__and3_1)
                                         _017_ (net)
                  0.08    0.00    2.49 v _251_/A (sky130_fd_sc_hd__inv_2)
     5    0.02    0.08    0.09    2.58 ^ _251_/Y (sky130_fd_sc_hd__inv_2)
                                         _018_ (net)
                  0.08    0.00    2.59 ^ _290_/B1 (sky130_fd_sc_hd__a22oi_1)
     1    0.00    0.05    0.04    2.63 v _290_/Y (sky130_fd_sc_hd__a22oi_1)
                                         _054_ (net)
                  0.05    0.00    2.63 v _292_/A2 (sky130_fd_sc_hd__o32a_1)
     1    0.00    0.04    0.20    2.83 v _292_/X (sky130_fd_sc_hd__o32a_1)
                                         _056_ (net)
                  0.04    0.00    2.83 v _293_/B1 (sky130_fd_sc_hd__a21o_1)
     1    0.00    0.03    0.08    2.90 v _293_/X (sky130_fd_sc_hd__a21o_1)
                                         net20 (net)
                  0.03    0.00    2.90 v output20/A (sky130_fd_sc_hd__buf_2)
     1    0.03    0.06    0.12    3.03 v output20/X (sky130_fd_sc_hd__buf_2)
                                         out[0] (net)
                  0.06    0.00    3.03 v out[0] (out)
                                  3.03   data arrival time

                  0.00   10.00   10.00   clock __VIRTUAL_CLK__ (rise edge)
                          0.00   10.00   clock network delay (ideal)
                         -0.25    9.75   clock uncertainty
                          0.00    9.75   clock reconvergence pessimism
                         -2.00    7.75   output external delay
                                  7.75   data required time
-----------------------------------------------------------------------------
                                  7.75   data required time
                                 -3.03   data arrival time
-----------------------------------------------------------------------------
                                  4.72   slack (MET)



worst slack corner Fastest: 3.9339
======================= Slowest Corner ===================================

Startpoint: opcode[1] (input port clocked by __VIRTUAL_CLK__)
Endpoint: out[7] (output port clocked by __VIRTUAL_CLK__)
Path Group: __VIRTUAL_CLK__
Path Type: max
Corner: Slowest

Fanout     Cap    Slew   Delay    Time   Description
-----------------------------------------------------------------------------
                  0.00    0.00    0.00   clock __VIRTUAL_CLK__ (rise edge)
                          0.00    0.00   clock network delay (ideal)
                          2.00    2.00 ^ input external delay
     1    0.00    0.03    0.02    2.02 ^ opcode[1] (in)
                                         opcode[1] (net)
                  0.03    0.00    2.02 ^ input18/A (sky130_fd_sc_hd__dlymetal6s2s_1)
     5    0.02    0.32    0.34    2.36 ^ input18/X (sky130_fd_sc_hd__dlymetal6s2s_1)
                                         net18 (net)
                  0.32    0.00    2.36 ^ _222_/B (sky130_fd_sc_hd__nand3b_4)
     8    0.04    0.30    0.40    2.75 v _222_/Y (sky130_fd_sc_hd__nand3b_4)
                                         _150_ (net)
                  0.30    0.00    2.76 v _234_/C (sky130_fd_sc_hd__and3_1)
     2    0.01    0.11    0.54    3.30 v _234_/X (sky130_fd_sc_hd__and3_1)
                                         _001_ (net)
                  0.11    0.00    3.30 v _238_/B (sky130_fd_sc_hd__nor3_1)
     2    0.01    0.55    0.55    3.85 ^ _238_/Y (sky130_fd_sc_hd__nor3_1)
                                         _005_ (net)
                  0.55    0.00    3.85 ^ _239_/C1 (sky130_fd_sc_hd__a211oi_2)
     3    0.01    0.15    0.25    4.10 v _239_/Y (sky130_fd_sc_hd__a211oi_2)
                                         _006_ (net)
                  0.15    0.00    4.10 v _241_/A2 (sky130_fd_sc_hd__o21ai_2)
     5    0.02    0.39    0.42    4.52 ^ _241_/Y (sky130_fd_sc_hd__o21ai_2)
                                         _008_ (net)
                  0.39    0.00    4.52 ^ _248_/A2 (sky130_fd_sc_hd__a311o_2)
     5    0.02    0.19    0.62    5.14 ^ _248_/X (sky130_fd_sc_hd__a311o_2)
                                         _015_ (net)
                  0.19    0.00    5.14 ^ _260_/A3 (sky130_fd_sc_hd__a311oi_2)
     3    0.01    0.22    0.32    5.47 v _260_/Y (sky130_fd_sc_hd__a311oi_2)
                                         _026_ (net)
                  0.22    0.00    5.47 v _281_/B (sky130_fd_sc_hd__or3_1)
     1    0.00    0.12    0.86    6.33 v _281_/X (sky130_fd_sc_hd__or3_1)
                                         _046_ (net)
                  0.12    0.00    6.33 v _282_/C (sky130_fd_sc_hd__and3_1)
     1    0.00    0.07    0.41    6.74 v _282_/X (sky130_fd_sc_hd__and3_1)
                                         _047_ (net)
                  0.07    0.00    6.74 v _289_/A2 (sky130_fd_sc_hd__o31a_1)
     1    0.00    0.09    0.55    7.29 v _289_/X (sky130_fd_sc_hd__o31a_1)
                                         net27 (net)
                  0.09    0.00    7.29 v output27/A (sky130_fd_sc_hd__buf_2)
     1    0.03    0.16    0.37    7.66 v output27/X (sky130_fd_sc_hd__buf_2)
                                         out[7] (net)
                  0.16    0.00    7.66 v out[7] (out)
                                  7.66   data arrival time

                  0.00   10.00   10.00   clock __VIRTUAL_CLK__ (rise edge)
                          0.00   10.00   clock network delay (ideal)
                         -0.25    9.75   clock uncertainty
                          0.00    9.75   clock reconvergence pessimism
                         -2.00    7.75   output external delay
                                  7.75   data required time
-----------------------------------------------------------------------------
                                  7.75   data required time
                                 -7.66   data arrival time
-----------------------------------------------------------------------------
                                  0.09   slack (MET)


Startpoint: opcode[1] (input port clocked by __VIRTUAL_CLK__)
Endpoint: out[5] (output port clocked by __VIRTUAL_CLK__)
Path Group: __VIRTUAL_CLK__
Path Type: max
Corner: Slowest

Fanout     Cap    Slew   Delay    Time   Description
-----------------------------------------------------------------------------
                  0.00    0.00    0.00   clock __VIRTUAL_CLK__ (rise edge)
                          0.00    0.00   clock network delay (ideal)
                          2.00    2.00 ^ input external delay
     1    0.00    0.03    0.02    2.02 ^ opcode[1] (in)
                                         opcode[1] (net)
                  0.03    0.00    2.02 ^ input18/A (sky130_fd_sc_hd__dlymetal6s2s_1)
     5    0.02    0.32    0.34    2.36 ^ input18/X (sky130_fd_sc_hd__dlymetal6s2s_1)
                                         net18 (net)
                  0.32    0.00    2.36 ^ _222_/B (sky130_fd_sc_hd__nand3b_4)
     8    0.04    0.30    0.40    2.75 v _222_/Y (sky130_fd_sc_hd__nand3b_4)
                                         _150_ (net)
                  0.30    0.00    2.76 v _234_/C (sky130_fd_sc_hd__and3_1)
     2    0.01    0.11    0.54    3.30 v _234_/X (sky130_fd_sc_hd__and3_1)
                                         _001_ (net)
                  0.11    0.00    3.30 v _236_/A1 (sky130_fd_sc_hd__o21a_1)
     4    0.02    0.18    0.49    3.78 v _236_/X (sky130_fd_sc_hd__o21a_1)
                                         _003_ (net)
                  0.18    0.00    3.78 v _239_/B1 (sky130_fd_sc_hd__a211oi_2)
     3    0.01    0.41    0.53    4.31 ^ _239_/Y (sky130_fd_sc_hd__a211oi_2)
                                         _006_ (net)
                  0.41    0.00    4.31 ^ _241_/A2 (sky130_fd_sc_hd__o21ai_2)
     5    0.02    0.18    0.31    4.62 v _241_/Y (sky130_fd_sc_hd__o21ai_2)
                                         _008_ (net)
                  0.18    0.00    4.62 v _248_/A2 (sky130_fd_sc_hd__a311o_2)
     5    0.02    0.17    0.88    5.50 v _248_/X (sky130_fd_sc_hd__a311o_2)
                                         _015_ (net)
                  0.17    0.00    5.50 v _249_/C (sky130_fd_sc_hd__and3_1)
     1    0.00    0.07    0.42    5.92 v _249_/X (sky130_fd_sc_hd__and3_1)
                                         _016_ (net)
                  0.07    0.00    5.92 v _253_/A (sky130_fd_sc_hd__or3_1)
     1    0.00    0.13    0.88    6.79 v _253_/X (sky130_fd_sc_hd__or3_1)
                                         _020_ (net)
                  0.13    0.00    6.79 v _254_/B2 (sky130_fd_sc_hd__a22oi_1)
     1    0.00    0.27    0.31    7.11 ^ _254_/Y (sky130_fd_sc_hd__a22oi_1)
                                         net25 (net)
                  0.27    0.00    7.11 ^ output25/A (sky130_fd_sc_hd__buf_2)
     1    0.03    0.27    0.45    7.56 ^ output25/X (sky130_fd_sc_hd__buf_2)
                                         out[5] (net)
                  0.27    0.00    7.56 ^ out[5] (out)
                                  7.56   data arrival time

                  0.00   10.00   10.00   clock __VIRTUAL_CLK__ (rise edge)
                          0.00   10.00   clock network delay (ideal)
                         -0.25    9.75   clock uncertainty
                          0.00    9.75   clock reconvergence pessimism
                         -2.00    7.75   output external delay
                                  7.75   data required time
-----------------------------------------------------------------------------
                                  7.75   data required time
                                 -7.56   data arrival time
-----------------------------------------------------------------------------
                                  0.19   slack (MET)


Startpoint: opcode[1] (input port clocked by __VIRTUAL_CLK__)
Endpoint: out[6] (output port clocked by __VIRTUAL_CLK__)
Path Group: __VIRTUAL_CLK__
Path Type: max
Corner: Slowest

Fanout     Cap    Slew   Delay    Time   Description
-----------------------------------------------------------------------------
                  0.00    0.00    0.00   clock __VIRTUAL_CLK__ (rise edge)
                          0.00    0.00   clock network delay (ideal)
                          2.00    2.00 ^ input external delay
     1    0.00    0.03    0.02    2.02 ^ opcode[1] (in)
                                         opcode[1] (net)
                  0.03    0.00    2.02 ^ input18/A (sky130_fd_sc_hd__dlymetal6s2s_1)
     5    0.02    0.32    0.34    2.36 ^ input18/X (sky130_fd_sc_hd__dlymetal6s2s_1)
                                         net18 (net)
                  0.32    0.00    2.36 ^ _222_/B (sky130_fd_sc_hd__nand3b_4)
     8    0.04    0.30    0.40    2.75 v _222_/Y (sky130_fd_sc_hd__nand3b_4)
                                         _150_ (net)
                  0.30    0.00    2.76 v _234_/C (sky130_fd_sc_hd__and3_1)
     2    0.01    0.11    0.54    3.30 v _234_/X (sky130_fd_sc_hd__and3_1)
                                         _001_ (net)
                  0.11    0.00    3.30 v _236_/A1 (sky130_fd_sc_hd__o21a_1)
     4    0.02    0.18    0.49    3.78 v _236_/X (sky130_fd_sc_hd__o21a_1)
                                         _003_ (net)
                  0.18    0.00    3.78 v _239_/B1 (sky130_fd_sc_hd__a211oi_2)
     3    0.01    0.41    0.53    4.31 ^ _239_/Y (sky130_fd_sc_hd__a211oi_2)
                                         _006_ (net)
                  0.41    0.00    4.31 ^ _241_/A2 (sky130_fd_sc_hd__o21ai_2)
     5    0.02    0.18    0.31    4.62 v _241_/Y (sky130_fd_sc_hd__o21ai_2)
                                         _008_ (net)
                  0.18    0.00    4.62 v _248_/A2 (sky130_fd_sc_hd__a311o_2)
     5    0.02    0.17    0.88    5.50 v _248_/X (sky130_fd_sc_hd__a311o_2)
                                         _015_ (net)
                  0.17    0.00    5.50 v _261_/A3 (sky130_fd_sc_hd__a31o_1)
     1    0.00    0.07    0.45    5.95 v _261_/X (sky130_fd_sc_hd__a31o_1)
                                         _027_ (net)
                  0.07    0.00    5.95 v _262_/A2 (sky130_fd_sc_hd__a21o_1)
     1    0.00    0.05    0.32    6.27 v _262_/X (sky130_fd_sc_hd__a21o_1)
                                         _028_ (net)
                  0.05    0.00    6.27 v _263_/B (sky130_fd_sc_hd__or2_1)
     1    0.00    0.10    0.48    6.75 v _263_/X (sky130_fd_sc_hd__or2_1)
                                         _029_ (net)
                  0.10    0.00    6.75 v _274_/B1 (sky130_fd_sc_hd__a22oi_1)
     1    0.00    0.26    0.26    7.01 ^ _274_/Y (sky130_fd_sc_hd__a22oi_1)
                                         net26 (net)
                  0.26    0.00    7.01 ^ output26/A (sky130_fd_sc_hd__buf_2)
     1    0.03    0.27    0.45    7.45 ^ output26/X (sky130_fd_sc_hd__buf_2)
                                         out[6] (net)
                  0.27    0.00    7.46 ^ out[6] (out)
                                  7.46   data arrival time

                  0.00   10.00   10.00   clock __VIRTUAL_CLK__ (rise edge)
                          0.00   10.00   clock network delay (ideal)
                         -0.25    9.75   clock uncertainty
                          0.00    9.75   clock reconvergence pessimism
                         -2.00    7.75   output external delay
                                  7.75   data required time
-----------------------------------------------------------------------------
                                  7.75   data required time
                                 -7.46   data arrival time
-----------------------------------------------------------------------------
                                  0.29   slack (MET)


Startpoint: B[1] (input port clocked by __VIRTUAL_CLK__)
Endpoint: out[4] (output port clocked by __VIRTUAL_CLK__)
Path Group: __VIRTUAL_CLK__
Path Type: max
Corner: Slowest

Fanout     Cap    Slew   Delay    Time   Description
-----------------------------------------------------------------------------
                  0.00    0.00    0.00   clock __VIRTUAL_CLK__ (rise edge)
                          0.00    0.00   clock network delay (ideal)
                          2.00    2.00 ^ input external delay
     1    0.00    0.03    0.02    2.02 ^ B[1] (in)
                                         B[1] (net)
                  0.03    0.00    2.02 ^ input10/A (sky130_fd_sc_hd__buf_1)
     3    0.01    0.19    0.23    2.25 ^ input10/X (sky130_fd_sc_hd__buf_1)
                                         net10 (net)
                  0.19    0.00    2.25 ^ _169_/A (sky130_fd_sc_hd__buf_2)
    10    0.04    0.30    0.44    2.69 ^ _169_/X (sky130_fd_sc_hd__buf_2)
                                         _097_ (net)
                  0.30    0.00    2.69 ^ _170_/A1 (sky130_fd_sc_hd__a22oi_1)
     2    0.00    0.16    0.29    2.98 v _170_/Y (sky130_fd_sc_hd__a22oi_1)
                                         _098_ (net)
                  0.16    0.00    2.98 v _172_/B_N (sky130_fd_sc_hd__and4bb_1)
     3    0.01    0.21    0.72    3.70 ^ _172_/X (sky130_fd_sc_hd__and4bb_1)
                                         _100_ (net)
                  0.21    0.00    3.70 ^ _185_/A (sky130_fd_sc_hd__nor2_1)
     2    0.01    0.09    0.18    3.88 v _185_/Y (sky130_fd_sc_hd__nor2_1)
                                         _113_ (net)
                  0.09    0.00    3.88 v _191_/A (sky130_fd_sc_hd__xnor2_1)
     2    0.01    0.38    0.42    4.30 ^ _191_/Y (sky130_fd_sc_hd__xnor2_1)
                                         _119_ (net)
                  0.38    0.00    4.30 ^ _193_/A3 (sky130_fd_sc_hd__a31o_1)
     2    0.01    0.20    0.52    4.82 ^ _193_/X (sky130_fd_sc_hd__a31o_1)
                                         _121_ (net)
                  0.20    0.00    4.82 ^ _194_/B (sky130_fd_sc_hd__xor2_1)
     2    0.01    0.34    0.44    5.26 ^ _194_/X (sky130_fd_sc_hd__xor2_1)
                                         _122_ (net)
                  0.34    0.00    5.26 ^ _321_/A (sky130_fd_sc_hd__xor2_1)
     1    0.01    0.32    0.45    5.71 ^ _321_/X (sky130_fd_sc_hd__xor2_1)
                                         _081_ (net)
                  0.32    0.00    5.71 ^ _328_/A2 (sky130_fd_sc_hd__a21oi_1)
     1    0.00    0.17    0.23    5.94 v _328_/Y (sky130_fd_sc_hd__a21oi_1)
                                         _088_ (net)
                  0.17    0.00    5.94 v _329_/B1 (sky130_fd_sc_hd__a21oi_1)
     1    0.00    0.20    0.26    6.20 ^ _329_/Y (sky130_fd_sc_hd__a21oi_1)
                                         net24 (net)
                  0.20    0.00    6.20 ^ output24/A (sky130_fd_sc_hd__buf_2)
     1    0.03    0.28    0.43    6.63 ^ output24/X (sky130_fd_sc_hd__buf_2)
                                         out[4] (net)
                  0.28    0.00    6.63 ^ out[4] (out)
                                  6.63   data arrival time

                  0.00   10.00   10.00   clock __VIRTUAL_CLK__ (rise edge)
                          0.00   10.00   clock network delay (ideal)
                         -0.25    9.75   clock uncertainty
                          0.00    9.75   clock reconvergence pessimism
                         -2.00    7.75   output external delay
                                  7.75   data required time
-----------------------------------------------------------------------------
                                  7.75   data required time
                                 -6.63   data arrival time
-----------------------------------------------------------------------------
                                  1.12   slack (MET)


Startpoint: opcode[1] (input port clocked by __VIRTUAL_CLK__)
Endpoint: out[1] (output port clocked by __VIRTUAL_CLK__)
Path Group: __VIRTUAL_CLK__
Path Type: max
Corner: Slowest

Fanout     Cap    Slew   Delay    Time   Description
-----------------------------------------------------------------------------
                  0.00    0.00    0.00   clock __VIRTUAL_CLK__ (rise edge)
                          0.00    0.00   clock network delay (ideal)
                          2.00    2.00 ^ input external delay
     1    0.00    0.03    0.02    2.02 ^ opcode[1] (in)
                                         opcode[1] (net)
                  0.03    0.00    2.02 ^ input18/A (sky130_fd_sc_hd__dlymetal6s2s_1)
     5    0.02    0.32    0.34    2.36 ^ input18/X (sky130_fd_sc_hd__dlymetal6s2s_1)
                                         net18 (net)
                  0.32    0.00    2.36 ^ _222_/B (sky130_fd_sc_hd__nand3b_4)
     8    0.04    0.30    0.40    2.75 v _222_/Y (sky130_fd_sc_hd__nand3b_4)
                                         _150_ (net)
                  0.30    0.00    2.76 v _234_/C (sky130_fd_sc_hd__and3_1)
     2    0.01    0.11    0.54    3.30 v _234_/X (sky130_fd_sc_hd__and3_1)
                                         _001_ (net)
                  0.11    0.00    3.30 v _236_/A1 (sky130_fd_sc_hd__o21a_1)
     4    0.02    0.18    0.49    3.78 v _236_/X (sky130_fd_sc_hd__o21a_1)
                                         _003_ (net)
                  0.18    0.00    3.78 v _239_/B1 (sky130_fd_sc_hd__a211oi_2)
     3    0.01    0.41    0.53    4.31 ^ _239_/Y (sky130_fd_sc_hd__a211oi_2)
                                         _006_ (net)
                  0.41    0.00    4.31 ^ _300_/A (sky130_fd_sc_hd__or3_1)
     1    0.00    0.08    0.34    4.65 ^ _300_/X (sky130_fd_sc_hd__or3_1)
                                         _063_ (net)
                  0.08    0.00    4.65 ^ _301_/C_N (sky130_fd_sc_hd__or3b_1)
     1    0.00    0.13    0.82    5.47 v _301_/X (sky130_fd_sc_hd__or3b_1)
                                         _064_ (net)
                  0.13    0.00    5.47 v _302_/B2 (sky130_fd_sc_hd__o2bb2a_1)
     1    0.00    0.12    0.68    6.14 v _302_/X (sky130_fd_sc_hd__o2bb2a_1)
                                         net21 (net)
                  0.12    0.00    6.14 v output21/A (sky130_fd_sc_hd__buf_2)
     1    0.03    0.17    0.38    6.53 v output21/X (sky130_fd_sc_hd__buf_2)
                                         out[1] (net)
                  0.17    0.00    6.53 v out[1] (out)
                                  6.53   data arrival time

                  0.00   10.00   10.00   clock __VIRTUAL_CLK__ (rise edge)
                          0.00   10.00   clock network delay (ideal)
                         -0.25    9.75   clock uncertainty
                          0.00    9.75   clock reconvergence pessimism
                         -2.00    7.75   output external delay
                                  7.75   data required time
-----------------------------------------------------------------------------
                                  7.75   data required time
                                 -6.53   data arrival time
-----------------------------------------------------------------------------
                                  1.22   slack (MET)


Startpoint: opcode[1] (input port clocked by __VIRTUAL_CLK__)
Endpoint: out[2] (output port clocked by __VIRTUAL_CLK__)
Path Group: __VIRTUAL_CLK__
Path Type: max
Corner: Slowest

Fanout     Cap    Slew   Delay    Time   Description
-----------------------------------------------------------------------------
                  0.00    0.00    0.00   clock __VIRTUAL_CLK__ (rise edge)
                          0.00    0.00   clock network delay (ideal)
                          2.00    2.00 ^ input external delay
     1    0.00    0.03    0.02    2.02 ^ opcode[1] (in)
                                         opcode[1] (net)
                  0.03    0.00    2.02 ^ input18/A (sky130_fd_sc_hd__dlymetal6s2s_1)
     5    0.02    0.32    0.34    2.36 ^ input18/X (sky130_fd_sc_hd__dlymetal6s2s_1)
                                         net18 (net)
                  0.32    0.00    2.36 ^ _222_/B (sky130_fd_sc_hd__nand3b_4)
     8    0.04    0.30    0.40    2.75 v _222_/Y (sky130_fd_sc_hd__nand3b_4)
                                         _150_ (net)
                  0.30    0.00    2.76 v _234_/C (sky130_fd_sc_hd__and3_1)
     2    0.01    0.11    0.54    3.30 v _234_/X (sky130_fd_sc_hd__and3_1)
                                         _001_ (net)
                  0.11    0.00    3.30 v _238_/B (sky130_fd_sc_hd__nor3_1)
     2    0.01    0.55    0.55    3.85 ^ _238_/Y (sky130_fd_sc_hd__nor3_1)
                                         _005_ (net)
                  0.55    0.00    3.85 ^ _239_/C1 (sky130_fd_sc_hd__a211oi_2)
     3    0.01    0.15    0.25    4.10 v _239_/Y (sky130_fd_sc_hd__a211oi_2)
                                         _006_ (net)
                  0.15    0.00    4.10 v _305_/C (sky130_fd_sc_hd__or3_1)
     1    0.00    0.15    0.80    4.90 v _305_/X (sky130_fd_sc_hd__or3_1)
                                         _067_ (net)
                  0.15    0.00    4.90 v _309_/A3 (sky130_fd_sc_hd__a31o_1)
     1    0.00    0.06    0.43    5.33 v _309_/X (sky130_fd_sc_hd__a31o_1)
                                         _071_ (net)
                  0.06    0.00    5.33 v _310_/B2 (sky130_fd_sc_hd__o2bb2a_1)
     1    0.00    0.11    0.64    5.97 v _310_/X (sky130_fd_sc_hd__o2bb2a_1)
                                         net22 (net)
                  0.11    0.00    5.97 v output22/A (sky130_fd_sc_hd__buf_2)
     1    0.03    0.17    0.38    6.35 v output22/X (sky130_fd_sc_hd__buf_2)
                                         out[2] (net)
                  0.17    0.00    6.35 v out[2] (out)
                                  6.35   data arrival time

                  0.00   10.00   10.00   clock __VIRTUAL_CLK__ (rise edge)
                          0.00   10.00   clock network delay (ideal)
                         -0.25    9.75   clock uncertainty
                          0.00    9.75   clock reconvergence pessimism
                         -2.00    7.75   output external delay
                                  7.75   data required time
-----------------------------------------------------------------------------
                                  7.75   data required time
                                 -6.35   data arrival time
-----------------------------------------------------------------------------
                                  1.40   slack (MET)


Startpoint: opcode[1] (input port clocked by __VIRTUAL_CLK__)
Endpoint: out[3] (output port clocked by __VIRTUAL_CLK__)
Path Group: __VIRTUAL_CLK__
Path Type: max
Corner: Slowest

Fanout     Cap    Slew   Delay    Time   Description
-----------------------------------------------------------------------------
                  0.00    0.00    0.00   clock __VIRTUAL_CLK__ (rise edge)
                          0.00    0.00   clock network delay (ideal)
                          2.00    2.00 ^ input external delay
     1    0.00    0.03    0.02    2.02 ^ opcode[1] (in)
                                         opcode[1] (net)
                  0.03    0.00    2.02 ^ input18/A (sky130_fd_sc_hd__dlymetal6s2s_1)
     5    0.02    0.32    0.34    2.36 ^ input18/X (sky130_fd_sc_hd__dlymetal6s2s_1)
                                         net18 (net)
                  0.32    0.00    2.36 ^ _222_/B (sky130_fd_sc_hd__nand3b_4)
     8    0.04    0.30    0.40    2.75 v _222_/Y (sky130_fd_sc_hd__nand3b_4)
                                         _150_ (net)
                  0.30    0.00    2.76 v _234_/C (sky130_fd_sc_hd__and3_1)
     2    0.01    0.11    0.54    3.30 v _234_/X (sky130_fd_sc_hd__and3_1)
                                         _001_ (net)
                  0.11    0.00    3.30 v _236_/A1 (sky130_fd_sc_hd__o21a_1)
     4    0.02    0.18    0.49    3.78 v _236_/X (sky130_fd_sc_hd__o21a_1)
                                         _003_ (net)
                  0.18    0.00    3.78 v _239_/B1 (sky130_fd_sc_hd__a211oi_2)
     3    0.01    0.41    0.53    4.31 ^ _239_/Y (sky130_fd_sc_hd__a211oi_2)
                                         _006_ (net)
                  0.41    0.00    4.31 ^ _241_/A2 (sky130_fd_sc_hd__o21ai_2)
     5    0.02    0.18    0.31    4.62 v _241_/Y (sky130_fd_sc_hd__o21ai_2)
                                         _008_ (net)
                  0.18    0.00    4.62 v _314_/A2 (sky130_fd_sc_hd__a31o_1)
     1    0.00    0.06    0.43    5.05 v _314_/X (sky130_fd_sc_hd__a31o_1)
                                         _075_ (net)
                  0.06    0.00    5.05 v _318_/A2 (sky130_fd_sc_hd__o21bai_1)
     1    0.00    0.20    0.22    5.28 ^ _318_/Y (sky130_fd_sc_hd__o21bai_1)
                                         _079_ (net)
                  0.20    0.00    5.28 ^ _319_/B1_N (sky130_fd_sc_hd__o21ba_1)
     1    0.00    0.06    0.33    5.60 v _319_/X (sky130_fd_sc_hd__o21ba_1)
                                         _080_ (net)
                  0.06    0.00    5.60 v _320_/B1 (sky130_fd_sc_hd__a21oi_1)
     1    0.01    0.27    0.27    5.88 ^ _320_/Y (sky130_fd_sc_hd__a21oi_1)
                                         net23 (net)
                  0.27    0.00    5.88 ^ output23/A (sky130_fd_sc_hd__clkbuf_4)
     1    0.03    0.18    0.44    6.32 ^ output23/X (sky130_fd_sc_hd__clkbuf_4)
                                         out[3] (net)
                  0.18    0.00    6.32 ^ out[3] (out)
                                  6.32   data arrival time

                  0.00   10.00   10.00   clock __VIRTUAL_CLK__ (rise edge)
                          0.00   10.00   clock network delay (ideal)
                         -0.25    9.75   clock uncertainty
                          0.00    9.75   clock reconvergence pessimism
                         -2.00    7.75   output external delay
                                  7.75   data required time
-----------------------------------------------------------------------------
                                  7.75   data required time
                                 -6.32   data arrival time
-----------------------------------------------------------------------------
                                  1.43   slack (MET)


Startpoint: opcode[1] (input port clocked by __VIRTUAL_CLK__)
Endpoint: out[0] (output port clocked by __VIRTUAL_CLK__)
Path Group: __VIRTUAL_CLK__
Path Type: max
Corner: Slowest

Fanout     Cap    Slew   Delay    Time   Description
-----------------------------------------------------------------------------
                  0.00    0.00    0.00   clock __VIRTUAL_CLK__ (rise edge)
                          0.00    0.00   clock network delay (ideal)
                          2.00    2.00 v input external delay
     1    0.00    0.02    0.01    2.01 v opcode[1] (in)
                                         opcode[1] (net)
                  0.02    0.00    2.01 v input18/A (sky130_fd_sc_hd__dlymetal6s2s_1)
     5    0.02    0.20    0.39    2.40 v input18/X (sky130_fd_sc_hd__dlymetal6s2s_1)
                                         net18 (net)
                  0.20    0.00    2.40 v _161_/B (sky130_fd_sc_hd__or2_1)
     3    0.01    0.18    0.64    3.04 v _161_/X (sky130_fd_sc_hd__or2_1)
                                         _089_ (net)
                  0.18    0.00    3.04 v _250_/C (sky130_fd_sc_hd__and3_1)
     4    0.02    0.22    0.59    3.62 v _250_/X (sky130_fd_sc_hd__and3_1)
                                         _017_ (net)
                  0.22    0.00    3.62 v _251_/A (sky130_fd_sc_hd__inv_2)
     5    0.02    0.16    0.23    3.86 ^ _251_/Y (sky130_fd_sc_hd__inv_2)
                                         _018_ (net)
                  0.16    0.00    3.86 ^ _290_/B1 (sky130_fd_sc_hd__a22oi_1)
     1    0.00    0.14    0.17    4.02 v _290_/Y (sky130_fd_sc_hd__a22oi_1)
                                         _054_ (net)
                  0.14    0.00    4.02 v _292_/A2 (sky130_fd_sc_hd__o32a_1)
     1    0.00    0.12    0.66    4.69 v _292_/X (sky130_fd_sc_hd__o32a_1)
                                         _056_ (net)
                  0.12    0.00    4.69 v _293_/B1 (sky130_fd_sc_hd__a21o_1)
     1    0.00    0.06    0.31    5.00 v _293_/X (sky130_fd_sc_hd__a21o_1)
                                         net20 (net)
                  0.06    0.00    5.00 v output20/A (sky130_fd_sc_hd__buf_2)
     1    0.03    0.16    0.36    5.35 v output20/X (sky130_fd_sc_hd__buf_2)
                                         out[0] (net)
                  0.16    0.00    5.35 v out[0] (out)
                                  5.35   data arrival time

                  0.00   10.00   10.00   clock __VIRTUAL_CLK__ (rise edge)
                          0.00   10.00   clock network delay (ideal)
                         -0.25    9.75   clock uncertainty
                          0.00    9.75   clock reconvergence pessimism
                         -2.00    7.75   output external delay
                                  7.75   data required time
-----------------------------------------------------------------------------
                                  7.75   data required time
                                 -5.35   data arrival time
-----------------------------------------------------------------------------
                                  2.40   slack (MET)



worst slack corner Slowest: 0.0932
======================= Typical Corner ===================================

Startpoint: opcode[1] (input port clocked by __VIRTUAL_CLK__)
Endpoint: out[7] (output port clocked by __VIRTUAL_CLK__)
Path Group: __VIRTUAL_CLK__
Path Type: max
Corner: Typical

Fanout     Cap    Slew   Delay    Time   Description
-----------------------------------------------------------------------------
                  0.00    0.00    0.00   clock __VIRTUAL_CLK__ (rise edge)
                          0.00    0.00   clock network delay (ideal)
                          2.00    2.00 ^ input external delay
     1    0.00    0.02    0.01    2.01 ^ opcode[1] (in)
                                         opcode[1] (net)
                  0.02    0.00    2.01 ^ input18/A (sky130_fd_sc_hd__dlymetal6s2s_1)
     5    0.02    0.21    0.21    2.22 ^ input18/X (sky130_fd_sc_hd__dlymetal6s2s_1)
                                         net18 (net)
                  0.21    0.00    2.22 ^ _222_/B (sky130_fd_sc_hd__nand3b_4)
     8    0.04    0.15    0.19    2.41 v _222_/Y (sky130_fd_sc_hd__nand3b_4)
                                         _150_ (net)
                  0.15    0.00    2.41 v _234_/C (sky130_fd_sc_hd__and3_1)
     2    0.01    0.06    0.26    2.66 v _234_/X (sky130_fd_sc_hd__and3_1)
                                         _001_ (net)
                  0.06    0.00    2.66 v _236_/A1 (sky130_fd_sc_hd__o21a_1)
     4    0.02    0.09    0.25    2.92 v _236_/X (sky130_fd_sc_hd__o21a_1)
                                         _003_ (net)
                  0.09    0.00    2.92 v _239_/B1 (sky130_fd_sc_hd__a211oi_2)
     3    0.01    0.26    0.31    3.22 ^ _239_/Y (sky130_fd_sc_hd__a211oi_2)
                                         _006_ (net)
                  0.26    0.00    3.22 ^ _241_/A2 (sky130_fd_sc_hd__o21ai_2)
     5    0.02    0.10    0.14    3.36 v _241_/Y (sky130_fd_sc_hd__o21ai_2)
                                         _008_ (net)
                  0.10    0.00    3.36 v _248_/A2 (sky130_fd_sc_hd__a311o_2)
     5    0.02    0.09    0.45    3.82 v _248_/X (sky130_fd_sc_hd__a311o_2)
                                         _015_ (net)
                  0.09    0.00    3.82 v _260_/A3 (sky130_fd_sc_hd__a311oi_2)
     3    0.01    0.28    0.36    4.18 ^ _260_/Y (sky130_fd_sc_hd__a311oi_2)
                                         _026_ (net)
                  0.28    0.00    4.18 ^ _280_/A2 (sky130_fd_sc_hd__o21ai_1)
     1    0.00    0.06    0.09    4.28 v _280_/Y (sky130_fd_sc_hd__o21ai_1)
                                         _045_ (net)
                  0.06    0.00    4.28 v _282_/B (sky130_fd_sc_hd__and3_1)
     1    0.00    0.04    0.17    4.45 v _282_/X (sky130_fd_sc_hd__and3_1)
                                         _047_ (net)
                  0.04    0.00    4.45 v _289_/A2 (sky130_fd_sc_hd__o31a_1)
     1    0.00    0.05    0.28    4.73 v _289_/X (sky130_fd_sc_hd__o31a_1)
                                         net27 (net)
                  0.05    0.00    4.73 v output27/A (sky130_fd_sc_hd__buf_2)
     1    0.03    0.09    0.19    4.92 v output27/X (sky130_fd_sc_hd__buf_2)
                                         out[7] (net)
                  0.09    0.00    4.92 v out[7] (out)
                                  4.92   data arrival time

                  0.00   10.00   10.00   clock __VIRTUAL_CLK__ (rise edge)
                          0.00   10.00   clock network delay (ideal)
                         -0.25    9.75   clock uncertainty
                          0.00    9.75   clock reconvergence pessimism
                         -2.00    7.75   output external delay
                                  7.75   data required time
-----------------------------------------------------------------------------
                                  7.75   data required time
                                 -4.92   data arrival time
-----------------------------------------------------------------------------
                                  2.83   slack (MET)


Startpoint: opcode[1] (input port clocked by __VIRTUAL_CLK__)
Endpoint: out[6] (output port clocked by __VIRTUAL_CLK__)
Path Group: __VIRTUAL_CLK__
Path Type: max
Corner: Typical

Fanout     Cap    Slew   Delay    Time   Description
-----------------------------------------------------------------------------
                  0.00    0.00    0.00   clock __VIRTUAL_CLK__ (rise edge)
                          0.00    0.00   clock network delay (ideal)
                          2.00    2.00 ^ input external delay
     1    0.00    0.02    0.01    2.01 ^ opcode[1] (in)
                                         opcode[1] (net)
                  0.02    0.00    2.01 ^ input18/A (sky130_fd_sc_hd__dlymetal6s2s_1)
     5    0.02    0.21    0.21    2.22 ^ input18/X (sky130_fd_sc_hd__dlymetal6s2s_1)
                                         net18 (net)
                  0.21    0.00    2.22 ^ _222_/B (sky130_fd_sc_hd__nand3b_4)
     8    0.04    0.15    0.19    2.41 v _222_/Y (sky130_fd_sc_hd__nand3b_4)
                                         _150_ (net)
                  0.15    0.00    2.41 v _234_/C (sky130_fd_sc_hd__and3_1)
     2    0.01    0.06    0.26    2.66 v _234_/X (sky130_fd_sc_hd__and3_1)
                                         _001_ (net)
                  0.06    0.00    2.66 v _236_/A1 (sky130_fd_sc_hd__o21a_1)
     4    0.02    0.09    0.25    2.92 v _236_/X (sky130_fd_sc_hd__o21a_1)
                                         _003_ (net)
                  0.09    0.00    2.92 v _239_/B1 (sky130_fd_sc_hd__a211oi_2)
     3    0.01    0.26    0.31    3.22 ^ _239_/Y (sky130_fd_sc_hd__a211oi_2)
                                         _006_ (net)
                  0.26    0.00    3.22 ^ _241_/A2 (sky130_fd_sc_hd__o21ai_2)
     5    0.02    0.10    0.14    3.36 v _241_/Y (sky130_fd_sc_hd__o21ai_2)
                                         _008_ (net)
                  0.10    0.00    3.36 v _248_/A2 (sky130_fd_sc_hd__a311o_2)
     5    0.02    0.09    0.45    3.82 v _248_/X (sky130_fd_sc_hd__a311o_2)
                                         _015_ (net)
                  0.09    0.00    3.82 v _261_/A3 (sky130_fd_sc_hd__a31o_1)
     1    0.00    0.04    0.24    4.06 v _261_/X (sky130_fd_sc_hd__a31o_1)
                                         _027_ (net)
                  0.04    0.00    4.06 v _262_/A2 (sky130_fd_sc_hd__a21o_1)
     1    0.00    0.03    0.17    4.23 v _262_/X (sky130_fd_sc_hd__a21o_1)
                                         _028_ (net)
                  0.03    0.00    4.23 v _263_/B (sky130_fd_sc_hd__or2_1)
     1    0.00    0.05    0.21    4.44 v _263_/X (sky130_fd_sc_hd__or2_1)
                                         _029_ (net)
                  0.05    0.00    4.44 v _274_/B1 (sky130_fd_sc_hd__a22oi_1)
     1    0.00    0.16    0.15    4.59 ^ _274_/Y (sky130_fd_sc_hd__a22oi_1)
                                         net26 (net)
                  0.16    0.00    4.59 ^ output26/A (sky130_fd_sc_hd__buf_2)
     1    0.03    0.17    0.25    4.84 ^ output26/X (sky130_fd_sc_hd__buf_2)
                                         out[6] (net)
                  0.17    0.00    4.84 ^ out[6] (out)
                                  4.84   data arrival time

                  0.00   10.00   10.00   clock __VIRTUAL_CLK__ (rise edge)
                          0.00   10.00   clock network delay (ideal)
                         -0.25    9.75   clock uncertainty
                          0.00    9.75   clock reconvergence pessimism
                         -2.00    7.75   output external delay
                                  7.75   data required time
-----------------------------------------------------------------------------
                                  7.75   data required time
                                 -4.84   data arrival time
-----------------------------------------------------------------------------
                                  2.91   slack (MET)


Startpoint: opcode[1] (input port clocked by __VIRTUAL_CLK__)
Endpoint: out[5] (output port clocked by __VIRTUAL_CLK__)
Path Group: __VIRTUAL_CLK__
Path Type: max
Corner: Typical

Fanout     Cap    Slew   Delay    Time   Description
-----------------------------------------------------------------------------
                  0.00    0.00    0.00   clock __VIRTUAL_CLK__ (rise edge)
                          0.00    0.00   clock network delay (ideal)
                          2.00    2.00 ^ input external delay
     1    0.00    0.02    0.01    2.01 ^ opcode[1] (in)
                                         opcode[1] (net)
                  0.02    0.00    2.01 ^ input18/A (sky130_fd_sc_hd__dlymetal6s2s_1)
     5    0.02    0.21    0.21    2.22 ^ input18/X (sky130_fd_sc_hd__dlymetal6s2s_1)
                                         net18 (net)
                  0.21    0.00    2.22 ^ _222_/B (sky130_fd_sc_hd__nand3b_4)
     8    0.04    0.15    0.19    2.41 v _222_/Y (sky130_fd_sc_hd__nand3b_4)
                                         _150_ (net)
                  0.15    0.00    2.41 v _234_/C (sky130_fd_sc_hd__and3_1)
     2    0.01    0.06    0.26    2.66 v _234_/X (sky130_fd_sc_hd__and3_1)
                                         _001_ (net)
                  0.06    0.00    2.66 v _236_/A1 (sky130_fd_sc_hd__o21a_1)
     4    0.02    0.09    0.25    2.92 v _236_/X (sky130_fd_sc_hd__o21a_1)
                                         _003_ (net)
                  0.09    0.00    2.92 v _239_/B1 (sky130_fd_sc_hd__a211oi_2)
     3    0.01    0.26    0.31    3.22 ^ _239_/Y (sky130_fd_sc_hd__a211oi_2)
                                         _006_ (net)
                  0.26    0.00    3.22 ^ _241_/A2 (sky130_fd_sc_hd__o21ai_2)
     5    0.02    0.10    0.14    3.36 v _241_/Y (sky130_fd_sc_hd__o21ai_2)
                                         _008_ (net)
                  0.10    0.00    3.36 v _248_/A2 (sky130_fd_sc_hd__a311o_2)
     5    0.02    0.09    0.45    3.82 v _248_/X (sky130_fd_sc_hd__a311o_2)
                                         _015_ (net)
                  0.09    0.00    3.82 v _249_/C (sky130_fd_sc_hd__and3_1)
     1    0.00    0.03    0.20    4.02 v _249_/X (sky130_fd_sc_hd__and3_1)
                                         _016_ (net)
                  0.03    0.00    4.02 v _253_/A (sky130_fd_sc_hd__or3_1)
     1    0.00    0.06    0.38    4.39 v _253_/X (sky130_fd_sc_hd__or3_1)
                                         _020_ (net)
                  0.06    0.00    4.39 v _254_/B2 (sky130_fd_sc_hd__a22oi_1)
     1    0.00    0.17    0.18    4.58 ^ _254_/Y (sky130_fd_sc_hd__a22oi_1)
                                         net25 (net)
                  0.17    0.00    4.58 ^ output25/A (sky130_fd_sc_hd__buf_2)
     1    0.03    0.17    0.25    4.83 ^ output25/X (sky130_fd_sc_hd__buf_2)
                                         out[5] (net)
                  0.17    0.00    4.83 ^ out[5] (out)
                                  4.83   data arrival time

                  0.00   10.00   10.00   clock __VIRTUAL_CLK__ (rise edge)
                          0.00   10.00   clock network delay (ideal)
                         -0.25    9.75   clock uncertainty
                          0.00    9.75   clock reconvergence pessimism
                         -2.00    7.75   output external delay
                                  7.75   data required time
-----------------------------------------------------------------------------
                                  7.75   data required time
                                 -4.83   data arrival time
-----------------------------------------------------------------------------
                                  2.92   slack (MET)


Startpoint: B[1] (input port clocked by __VIRTUAL_CLK__)
Endpoint: out[4] (output port clocked by __VIRTUAL_CLK__)
Path Group: __VIRTUAL_CLK__
Path Type: max
Corner: Typical

Fanout     Cap    Slew   Delay    Time   Description
-----------------------------------------------------------------------------
                  0.00    0.00    0.00   clock __VIRTUAL_CLK__ (rise edge)
                          0.00    0.00   clock network delay (ideal)
                          2.00    2.00 ^ input external delay
     1    0.00    0.02    0.01    2.01 ^ B[1] (in)
                                         B[1] (net)
                  0.02    0.00    2.01 ^ input10/A (sky130_fd_sc_hd__buf_1)
     3    0.01    0.12    0.13    2.15 ^ input10/X (sky130_fd_sc_hd__buf_1)
                                         net10 (net)
                  0.12    0.00    2.15 ^ _169_/A (sky130_fd_sc_hd__buf_2)
    10    0.04    0.19    0.25    2.40 ^ _169_/X (sky130_fd_sc_hd__buf_2)
                                         _097_ (net)
                  0.19    0.00    2.40 ^ _170_/A1 (sky130_fd_sc_hd__a22oi_1)
     2    0.00    0.08    0.13    2.53 v _170_/Y (sky130_fd_sc_hd__a22oi_1)
                                         _098_ (net)
                  0.08    0.00    2.53 v _172_/B_N (sky130_fd_sc_hd__and4bb_1)
     3    0.01    0.12    0.35    2.88 ^ _172_/X (sky130_fd_sc_hd__and4bb_1)
                                         _100_ (net)
                  0.12    0.00    2.88 ^ _185_/A (sky130_fd_sc_hd__nor2_1)
     2    0.01    0.05    0.09    2.97 v _185_/Y (sky130_fd_sc_hd__nor2_1)
                                         _113_ (net)
                  0.05    0.00    2.97 v _191_/A (sky130_fd_sc_hd__xnor2_1)
     2    0.01    0.24    0.25    3.22 ^ _191_/Y (sky130_fd_sc_hd__xnor2_1)
                                         _119_ (net)
                  0.24    0.00    3.22 ^ _193_/A3 (sky130_fd_sc_hd__a31o_1)
     2    0.01    0.12    0.25    3.47 ^ _193_/X (sky130_fd_sc_hd__a31o_1)
                                         _121_ (net)
                  0.12    0.00    3.47 ^ _194_/B (sky130_fd_sc_hd__xor2_1)
     2    0.01    0.21    0.24    3.71 ^ _194_/X (sky130_fd_sc_hd__xor2_1)
                                         _122_ (net)
                  0.21    0.00    3.71 ^ _321_/A (sky130_fd_sc_hd__xor2_1)
     1    0.01    0.20    0.24    3.94 ^ _321_/X (sky130_fd_sc_hd__xor2_1)
                                         _081_ (net)
                  0.20    0.00    3.94 ^ _328_/A2 (sky130_fd_sc_hd__a21oi_1)
     1    0.00    0.09    0.10    4.04 v _328_/Y (sky130_fd_sc_hd__a21oi_1)
                                         _088_ (net)
                  0.09    0.00    4.04 v _329_/B1 (sky130_fd_sc_hd__a21oi_1)
     1    0.00    0.13    0.15    4.20 ^ _329_/Y (sky130_fd_sc_hd__a21oi_1)
                                         net24 (net)
                  0.13    0.00    4.20 ^ output24/A (sky130_fd_sc_hd__buf_2)
     1    0.03    0.17    0.24    4.44 ^ output24/X (sky130_fd_sc_hd__buf_2)
                                         out[4] (net)
                  0.17    0.00    4.44 ^ out[4] (out)
                                  4.44   data arrival time

                  0.00   10.00   10.00   clock __VIRTUAL_CLK__ (rise edge)
                          0.00   10.00   clock network delay (ideal)
                         -0.25    9.75   clock uncertainty
                          0.00    9.75   clock reconvergence pessimism
                         -2.00    7.75   output external delay
                                  7.75   data required time
-----------------------------------------------------------------------------
                                  7.75   data required time
                                 -4.44   data arrival time
-----------------------------------------------------------------------------
                                  3.31   slack (MET)


Startpoint: opcode[1] (input port clocked by __VIRTUAL_CLK__)
Endpoint: out[3] (output port clocked by __VIRTUAL_CLK__)
Path Group: __VIRTUAL_CLK__
Path Type: max
Corner: Typical

Fanout     Cap    Slew   Delay    Time   Description
-----------------------------------------------------------------------------
                  0.00    0.00    0.00   clock __VIRTUAL_CLK__ (rise edge)
                          0.00    0.00   clock network delay (ideal)
                          2.00    2.00 ^ input external delay
     1    0.00    0.02    0.01    2.01 ^ opcode[1] (in)
                                         opcode[1] (net)
                  0.02    0.00    2.01 ^ input18/A (sky130_fd_sc_hd__dlymetal6s2s_1)
     5    0.02    0.21    0.21    2.22 ^ input18/X (sky130_fd_sc_hd__dlymetal6s2s_1)
                                         net18 (net)
                  0.21    0.00    2.22 ^ _222_/B (sky130_fd_sc_hd__nand3b_4)
     8    0.04    0.15    0.19    2.41 v _222_/Y (sky130_fd_sc_hd__nand3b_4)
                                         _150_ (net)
                  0.15    0.00    2.41 v _234_/C (sky130_fd_sc_hd__and3_1)
     2    0.01    0.06    0.26    2.66 v _234_/X (sky130_fd_sc_hd__and3_1)
                                         _001_ (net)
                  0.06    0.00    2.66 v _236_/A1 (sky130_fd_sc_hd__o21a_1)
     4    0.02    0.09    0.25    2.92 v _236_/X (sky130_fd_sc_hd__o21a_1)
                                         _003_ (net)
                  0.09    0.00    2.92 v _239_/B1 (sky130_fd_sc_hd__a211oi_2)
     3    0.01    0.26    0.31    3.22 ^ _239_/Y (sky130_fd_sc_hd__a211oi_2)
                                         _006_ (net)
                  0.26    0.00    3.22 ^ _241_/A2 (sky130_fd_sc_hd__o21ai_2)
     5    0.02    0.10    0.14    3.36 v _241_/Y (sky130_fd_sc_hd__o21ai_2)
                                         _008_ (net)
                  0.10    0.00    3.36 v _314_/A2 (sky130_fd_sc_hd__a31o_1)
     1    0.00    0.03    0.23    3.59 v _314_/X (sky130_fd_sc_hd__a31o_1)
                                         _075_ (net)
                  0.03    0.00    3.59 v _318_/A2 (sky130_fd_sc_hd__o21bai_1)
     1    0.00    0.12    0.13    3.72 ^ _318_/Y (sky130_fd_sc_hd__o21bai_1)
                                         _079_ (net)
                  0.12    0.00    3.72 ^ _319_/B1_N (sky130_fd_sc_hd__o21ba_1)
     1    0.00    0.03    0.16    3.89 v _319_/X (sky130_fd_sc_hd__o21ba_1)
                                         _080_ (net)
                  0.03    0.00    3.89 v _320_/B1 (sky130_fd_sc_hd__a21oi_1)
     1    0.01    0.17    0.16    4.05 ^ _320_/Y (sky130_fd_sc_hd__a21oi_1)
                                         net23 (net)
                  0.17    0.00    4.05 ^ output23/A (sky130_fd_sc_hd__clkbuf_4)
     1    0.03    0.11    0.24    4.29 ^ output23/X (sky130_fd_sc_hd__clkbuf_4)
                                         out[3] (net)
                  0.11    0.00    4.29 ^ out[3] (out)
                                  4.29   data arrival time

                  0.00   10.00   10.00   clock __VIRTUAL_CLK__ (rise edge)
                          0.00   10.00   clock network delay (ideal)
                         -0.25    9.75   clock uncertainty
                          0.00    9.75   clock reconvergence pessimism
                         -2.00    7.75   output external delay
                                  7.75   data required time
-----------------------------------------------------------------------------
                                  7.75   data required time
                                 -4.29   data arrival time
-----------------------------------------------------------------------------
                                  3.46   slack (MET)


Startpoint: opcode[1] (input port clocked by __VIRTUAL_CLK__)
Endpoint: out[1] (output port clocked by __VIRTUAL_CLK__)
Path Group: __VIRTUAL_CLK__
Path Type: max
Corner: Typical

Fanout     Cap    Slew   Delay    Time   Description
-----------------------------------------------------------------------------
                  0.00    0.00    0.00   clock __VIRTUAL_CLK__ (rise edge)
                          0.00    0.00   clock network delay (ideal)
                          2.00    2.00 ^ input external delay
     1    0.00    0.02    0.01    2.01 ^ opcode[1] (in)
                                         opcode[1] (net)
                  0.02    0.00    2.01 ^ input18/A (sky130_fd_sc_hd__dlymetal6s2s_1)
     5    0.02    0.21    0.21    2.22 ^ input18/X (sky130_fd_sc_hd__dlymetal6s2s_1)
                                         net18 (net)
                  0.21    0.00    2.22 ^ _222_/B (sky130_fd_sc_hd__nand3b_4)
     8    0.04    0.15    0.19    2.41 v _222_/Y (sky130_fd_sc_hd__nand3b_4)
                                         _150_ (net)
                  0.15    0.00    2.41 v _234_/C (sky130_fd_sc_hd__and3_1)
     2    0.01    0.06    0.26    2.66 v _234_/X (sky130_fd_sc_hd__and3_1)
                                         _001_ (net)
                  0.06    0.00    2.66 v _236_/A1 (sky130_fd_sc_hd__o21a_1)
     4    0.02    0.09    0.25    2.92 v _236_/X (sky130_fd_sc_hd__o21a_1)
                                         _003_ (net)
                  0.09    0.00    2.92 v _239_/B1 (sky130_fd_sc_hd__a211oi_2)
     3    0.01    0.26    0.31    3.22 ^ _239_/Y (sky130_fd_sc_hd__a211oi_2)
                                         _006_ (net)
                  0.26    0.00    3.22 ^ _300_/A (sky130_fd_sc_hd__or3_1)
     1    0.00    0.05    0.17    3.39 ^ _300_/X (sky130_fd_sc_hd__or3_1)
                                         _063_ (net)
                  0.05    0.00    3.39 ^ _301_/C_N (sky130_fd_sc_hd__or3b_1)
     1    0.00    0.06    0.35    3.74 v _301_/X (sky130_fd_sc_hd__or3b_1)
                                         _064_ (net)
                  0.06    0.00    3.74 v _302_/B2 (sky130_fd_sc_hd__o2bb2a_1)
     1    0.00    0.06    0.30    4.04 v _302_/X (sky130_fd_sc_hd__o2bb2a_1)
                                         net21 (net)
                  0.06    0.00    4.04 v output21/A (sky130_fd_sc_hd__buf_2)
     1    0.03    0.09    0.20    4.24 v output21/X (sky130_fd_sc_hd__buf_2)
                                         out[1] (net)
                  0.09    0.00    4.24 v out[1] (out)
                                  4.24   data arrival time

                  0.00   10.00   10.00   clock __VIRTUAL_CLK__ (rise edge)
                          0.00   10.00   clock network delay (ideal)
                         -0.25    9.75   clock uncertainty
                          0.00    9.75   clock reconvergence pessimism
                         -2.00    7.75   output external delay
                                  7.75   data required time
-----------------------------------------------------------------------------
                                  7.75   data required time
                                 -4.24   data arrival time
-----------------------------------------------------------------------------
                                  3.51   slack (MET)


Startpoint: opcode[1] (input port clocked by __VIRTUAL_CLK__)
Endpoint: out[2] (output port clocked by __VIRTUAL_CLK__)
Path Group: __VIRTUAL_CLK__
Path Type: max
Corner: Typical

Fanout     Cap    Slew   Delay    Time   Description
-----------------------------------------------------------------------------
                  0.00    0.00    0.00   clock __VIRTUAL_CLK__ (rise edge)
                          0.00    0.00   clock network delay (ideal)
                          2.00    2.00 ^ input external delay
     1    0.00    0.02    0.01    2.01 ^ opcode[1] (in)
                                         opcode[1] (net)
                  0.02    0.00    2.01 ^ input18/A (sky130_fd_sc_hd__dlymetal6s2s_1)
     5    0.02    0.21    0.21    2.22 ^ input18/X (sky130_fd_sc_hd__dlymetal6s2s_1)
                                         net18 (net)
                  0.21    0.00    2.22 ^ _222_/B (sky130_fd_sc_hd__nand3b_4)
     8    0.04    0.15    0.19    2.41 v _222_/Y (sky130_fd_sc_hd__nand3b_4)
                                         _150_ (net)
                  0.15    0.00    2.41 v _234_/C (sky130_fd_sc_hd__and3_1)
     2    0.01    0.06    0.26    2.66 v _234_/X (sky130_fd_sc_hd__and3_1)
                                         _001_ (net)
                  0.06    0.00    2.66 v _238_/B (sky130_fd_sc_hd__nor3_1)
     2    0.01    0.31    0.31    2.97 ^ _238_/Y (sky130_fd_sc_hd__nor3_1)
                                         _005_ (net)
                  0.31    0.00    2.98 ^ _239_/C1 (sky130_fd_sc_hd__a211oi_2)
     3    0.01    0.09    0.09    3.07 v _239_/Y (sky130_fd_sc_hd__a211oi_2)
                                         _006_ (net)
                  0.09    0.00    3.07 v _305_/C (sky130_fd_sc_hd__or3_1)
     1    0.00    0.07    0.34    3.41 v _305_/X (sky130_fd_sc_hd__or3_1)
                                         _067_ (net)
                  0.07    0.00    3.41 v _309_/A3 (sky130_fd_sc_hd__a31o_1)
     1    0.00    0.03    0.22    3.64 v _309_/X (sky130_fd_sc_hd__a31o_1)
                                         _071_ (net)
                  0.03    0.00    3.64 v _310_/B2 (sky130_fd_sc_hd__o2bb2a_1)
     1    0.00    0.06    0.29    3.92 v _310_/X (sky130_fd_sc_hd__o2bb2a_1)
                                         net22 (net)
                  0.06    0.00    3.92 v output22/A (sky130_fd_sc_hd__buf_2)
     1    0.03    0.09    0.19    4.12 v output22/X (sky130_fd_sc_hd__buf_2)
                                         out[2] (net)
                  0.09    0.00    4.12 v out[2] (out)
                                  4.12   data arrival time

                  0.00   10.00   10.00   clock __VIRTUAL_CLK__ (rise edge)
                          0.00   10.00   clock network delay (ideal)
                         -0.25    9.75   clock uncertainty
                          0.00    9.75   clock reconvergence pessimism
                         -2.00    7.75   output external delay
                                  7.75   data required time
-----------------------------------------------------------------------------
                                  7.75   data required time
                                 -4.12   data arrival time
-----------------------------------------------------------------------------
                                  3.63   slack (MET)


Startpoint: opcode[1] (input port clocked by __VIRTUAL_CLK__)
Endpoint: out[0] (output port clocked by __VIRTUAL_CLK__)
Path Group: __VIRTUAL_CLK__
Path Type: max
Corner: Typical

Fanout     Cap    Slew   Delay    Time   Description
-----------------------------------------------------------------------------
                  0.00    0.00    0.00   clock __VIRTUAL_CLK__ (rise edge)
                          0.00    0.00   clock network delay (ideal)
                          2.00    2.00 v input external delay
     1    0.00    0.01    0.00    2.00 v opcode[1] (in)
                                         opcode[1] (net)
                  0.01    0.00    2.00 v input18/A (sky130_fd_sc_hd__dlymetal6s2s_1)
     5    0.02    0.10    0.19    2.19 v input18/X (sky130_fd_sc_hd__dlymetal6s2s_1)
                                         net18 (net)
                  0.10    0.00    2.19 v _161_/B (sky130_fd_sc_hd__or2_1)
     3    0.01    0.09    0.29    2.48 v _161_/X (sky130_fd_sc_hd__or2_1)
                                         _089_ (net)
                  0.09    0.00    2.48 v _250_/C (sky130_fd_sc_hd__and3_1)
     4    0.02    0.11    0.28    2.76 v _250_/X (sky130_fd_sc_hd__and3_1)
                                         _017_ (net)
                  0.11    0.00    2.77 v _251_/A (sky130_fd_sc_hd__inv_2)
     5    0.02    0.10    0.13    2.90 ^ _251_/Y (sky130_fd_sc_hd__inv_2)
                                         _018_ (net)
                  0.10    0.00    2.90 ^ _290_/B1 (sky130_fd_sc_hd__a22oi_1)
     1    0.00    0.07    0.08    2.98 v _290_/Y (sky130_fd_sc_hd__a22oi_1)
                                         _054_ (net)
                  0.07    0.00    2.98 v _292_/A2 (sky130_fd_sc_hd__o32a_1)
     1    0.00    0.05    0.35    3.33 v _292_/X (sky130_fd_sc_hd__o32a_1)
                                         _056_ (net)
                  0.05    0.00    3.33 v _293_/B1 (sky130_fd_sc_hd__a21o_1)
     1    0.00    0.03    0.16    3.49 v _293_/X (sky130_fd_sc_hd__a21o_1)
                                         net20 (net)
                  0.03    0.00    3.49 v output20/A (sky130_fd_sc_hd__buf_2)
     1    0.03    0.09    0.18    3.67 v output20/X (sky130_fd_sc_hd__buf_2)
                                         out[0] (net)
                  0.09    0.00    3.67 v out[0] (out)
                                  3.67   data arrival time

                  0.00   10.00   10.00   clock __VIRTUAL_CLK__ (rise edge)
                          0.00   10.00   clock network delay (ideal)
                         -0.25    9.75   clock uncertainty
                          0.00    9.75   clock reconvergence pessimism
                         -2.00    7.75   output external delay
                                  7.75   data required time
-----------------------------------------------------------------------------
                                  7.75   data required time
                                 -3.67   data arrival time
-----------------------------------------------------------------------------
                                  4.08   slack (MET)



worst slack corner Typical: 2.8267
