Sun May 25 10:14:05 +0000 2025 - Executing "{openroad -exit -no_init -python /openlane/scripts/odbpy/lefutil.py get_metal_layers -o /openlane/designs/alu/runs/RUN_2025.05.25_10.14.04/tmp/layers.list /root/.volare/sky130A/libs.ref/sky130_fd_sc_hd/techlef/sky130_fd_sc_hd__nom.tlef}"

Sun May 25 10:14:05 +0000 2025 - Executing "{/openlane/scripts/mergeLef.py -o /openlane/designs/alu/runs/RUN_2025.05.25_10.14.04/tmp/merged.nom.lef -i /root/.volare/sky130A/libs.ref/sky130_fd_sc_hd/techlef/sky130_fd_sc_hd__nom.tlef {/root/.volare/sky130A/libs.ref/sky130_fd_sc_hd/lef/sky130_ef_sc_hd.lef /root/.volare/sky130A/libs.ref/sky130_fd_sc_hd/lef/sky130_fd_sc_hd.lef} |& tee /dev/null}"

Sun May 25 10:14:05 +0000 2025 - Executing "{/openlane/scripts/mergeLef.py -o /openlane/designs/alu/runs/RUN_2025.05.25_10.14.04/tmp/merged.min.lef -i /root/.volare/sky130A/libs.ref/sky130_fd_sc_hd/techlef/sky130_fd_sc_hd__min.tlef {/root/.volare/sky130A/libs.ref/sky130_fd_sc_hd/lef/sky130_ef_sc_hd.lef /root/.volare/sky130A/libs.ref/sky130_fd_sc_hd/lef/sky130_fd_sc_hd.lef} |& tee /dev/null}"

Sun May 25 10:14:05 +0000 2025 - Executing "{/openlane/scripts/mergeLef.py -o /openlane/designs/alu/runs/RUN_2025.05.25_10.14.04/tmp/merged.max.lef -i /root/.volare/sky130A/libs.ref/sky130_fd_sc_hd/techlef/sky130_fd_sc_hd__max.tlef {/root/.volare/sky130A/libs.ref/sky130_fd_sc_hd/lef/sky130_ef_sc_hd.lef /root/.volare/sky130A/libs.ref/sky130_fd_sc_hd/lef/sky130_fd_sc_hd.lef} |& tee /dev/null}"

Sun May 25 10:14:05 +0000 2025 - Executing "{python3 /openlane/scripts/mergeLib.py --output /openlane/designs/alu/runs/RUN_2025.05.25_10.14.04/tmp/synthesis/merged.lib --name sky130A_merged /root/.volare/sky130A/libs.ref/sky130_fd_sc_hd/lib/sky130_fd_sc_hd__tt_025C_1v80.lib}"

Sun May 25 10:14:05 +0000 2025 - Executing "{python3 /openlane/scripts/libtrim.py --cell-file /openlane/designs/alu/runs/RUN_2025.05.25_10.14.04/tmp/synthesis/trimmed.lib.exclude.list --output /openlane/designs/alu/runs/RUN_2025.05.25_10.14.04/tmp/synthesis/trimmed.lib /openlane/designs/alu/runs/RUN_2025.05.25_10.14.04/tmp/synthesis/merged.lib}"

Sun May 25 10:14:05 +0000 2025 - Executing "{python3 /openlane/scripts/libtrim.py --cell-file /openlane/designs/alu/runs/RUN_2025.05.25_10.14.04/tmp/cts/cts.lib.exclude.list --output /openlane/designs/alu/runs/RUN_2025.05.25_10.14.04/tmp/cts/cts.lib /root/.volare/sky130A/libs.ref/sky130_fd_sc_hd/lib/sky130_fd_sc_hd__tt_025C_1v80.lib}"

Sun May 25 10:14:06 +0000 2025 - Executing "{python3 /openlane/scripts/libtrim.py --cell-file /openlane/designs/alu/runs/RUN_2025.05.25_10.14.04/tmp/cts/cts-fastest.lib.exclude.list --output /openlane/designs/alu/runs/RUN_2025.05.25_10.14.04/tmp/cts/cts-fastest.lib /root/.volare/sky130A/libs.ref/sky130_fd_sc_hd/lib/sky130_fd_sc_hd__ff_n40C_1v95.lib}"

Sun May 25 10:14:06 +0000 2025 - Executing "{python3 /openlane/scripts/libtrim.py --cell-file /openlane/designs/alu/runs/RUN_2025.05.25_10.14.04/tmp/cts/cts-slowest.lib.exclude.list --output /openlane/designs/alu/runs/RUN_2025.05.25_10.14.04/tmp/cts/cts-slowest.lib /root/.volare/sky130A/libs.ref/sky130_fd_sc_hd/lib/sky130_fd_sc_hd__ss_100C_1v60.lib}"

Sun May 25 10:14:06 +0000 2025 - Executing "{python3 /openlane/scripts/new_tracks.py -i /root/.volare/sky130A/libs.tech/openlane/sky130_fd_sc_hd/tracks.info -o /openlane/designs/alu/runs/RUN_2025.05.25_10.14.04/tmp/routing/config.tracks}"

Sun May 25 10:14:06 +0000 2025 - Executing "{echo {OpenLane e73fb3c57e687a0023fcd4dcfd1566ecd478362a} > /openlane/designs/alu/runs/RUN_2025.05.25_10.14.04/OPENLANE_COMMIT}"

Sun May 25 10:14:06 +0000 2025 - Executing "{yosys -c /openlane/scripts/yosys/blackbox.tcl}"

Sun May 25 10:14:06 +0000 2025 - Executing "{verilator -Wall --lint-only --Wno-DECLFILENAME --top-module alu /openlane/designs/alu/runs/RUN_2025.05.25_10.14.04/tmp/synthesis/blackbox/sky130_fd_sc_hd__blackbox.v /openlane/designs/alu/src/alu.v -Wno-fatal --relative-includes |& tee /openlane/designs/alu/runs/RUN_2025.05.25_10.14.04/logs/synthesis/linter.log /dev/null}"

Sun May 25 10:14:07 +0000 2025 - Executing "{sed -E {s/^([[:space:]]+)pg_pin(.*)/\1pin\2\n\1    direction : "inout";/g} /root/.volare/sky130A/libs.ref/sky130_fd_sc_hd/lib/sky130_fd_sc_hd__tt_025C_1v80.lib > /openlane/designs/alu/runs/RUN_2025.05.25_10.14.04/tmp/synthesis/1-sky130_fd_sc_hd__tt_025C_1v80.no_pg.lib}"

Sun May 25 10:14:07 +0000 2025 - Executing "{sed -E {s/^([[:space:]]+)pg_pin(.*)/\1pin\2\n\1    direction : "inout";/g} /openlane/designs/alu/runs/RUN_2025.05.25_10.14.04/tmp/synthesis/trimmed.lib > /openlane/designs/alu/runs/RUN_2025.05.25_10.14.04/tmp/synthesis/1-trimmed.no_pg.lib}"

Sun May 25 10:14:07 +0000 2025 - Executing "yosys -c /openlane/scripts/yosys/synth.tcl |& tee /dev/null /openlane/designs/alu/runs/RUN_2025.05.25_10.14.04/logs/synthesis/1-synthesis.log"

Sun May 25 10:14:07 +0000 2025 - Executing "{yosys -c /openlane/scripts/yosys/synth.tcl |& tee /dev/null /openlane/designs/alu/runs/RUN_2025.05.25_10.14.04/logs/synthesis/1-synthesis.log}"

Sun May 25 10:14:07 +0000 2025 - Executing "{sed -i.bak -e {s/\(set ::env(CURRENT_NETLIST)\).*/\1 \/openlane\/designs\/alu\/runs\/RUN_2025.05.25_10.14.04\/results\/synthesis\/alu.v/} /openlane/designs/alu/runs/RUN_2025.05.25_10.14.04/config.tcl}"

Sun May 25 10:14:07 +0000 2025 - Executing "{sed -i.bak /defparam/d /openlane/designs/alu/runs/RUN_2025.05.25_10.14.04/results/synthesis/alu.v}"

Sun May 25 10:14:08 +0000 2025 - Executing "{python3 /openlane/scripts/write_runtime.py --conclude --seconds --time-in 1748168048 {flow failed}}"

Sun May 25 10:14:08 +0000 2025 - Executing "{python3 /openlane/scripts/generate_reports.py -d /openlane/designs/alu --design_name alu --tag RUN_2025.05.25_10.14.04 --output_file /openlane/designs/alu/runs/RUN_2025.05.25_10.14.04/reports/metrics.csv --man_report /openlane/designs/alu/runs/RUN_2025.05.25_10.14.04/reports/manufacturability.rpt --run_path /openlane/designs/alu/runs/RUN_2025.05.25_10.14.04}"

