
===========================================================================
 report_power
============================================================================
======================= Fastest Corner ===================================

Group                  Internal  Switching    Leakage      Total
                          Power      Power      Power      Power (Watts)
----------------------------------------------------------------
Sequential             1.02e-03   7.63e-05   2.89e-08   1.09e-03  23.1%
Combinational          1.14e-03   1.77e-03   6.99e-09   2.91e-03  61.6%
Clock                  2.40e-04   4.79e-04   1.30e-07   7.19e-04  15.2%
Macro                  0.00e+00   0.00e+00   0.00e+00   0.00e+00   0.0%
Pad                    0.00e+00   0.00e+00   0.00e+00   0.00e+00   0.0%
----------------------------------------------------------------
Total                  2.40e-03   2.32e-03   1.66e-07   4.72e-03 100.0%
                          50.8%      49.2%       0.0%

======================= Slowest Corner ===================================

Group                  Internal  Switching    Leakage      Total
                          Power      Power      Power      Power (Watts)
----------------------------------------------------------------
Sequential             6.79e-04   5.02e-05   2.74e-06   7.32e-04  22.5%
Combinational          8.37e-04   1.18e-03   6.80e-06   2.02e-03  62.3%
Clock                  1.71e-04   3.22e-04   4.12e-07   4.94e-04  15.2%
Macro                  0.00e+00   0.00e+00   0.00e+00   0.00e+00   0.0%
Pad                    0.00e+00   0.00e+00   0.00e+00   0.00e+00   0.0%
----------------------------------------------------------------
Total                  1.69e-03   1.55e-03   9.96e-06   3.25e-03 100.0%
                          51.9%      47.8%       0.3%

======================= Typical Corner ===================================

Group                  Internal  Switching    Leakage      Total
                          Power      Power      Power      Power (Watts)
----------------------------------------------------------------
Sequential             8.76e-04   6.40e-05   2.76e-08   9.40e-04  23.0%
Combinational          1.02e-03   1.50e-03   4.64e-09   2.52e-03  61.8%
Clock                  2.10e-04   4.11e-04   1.29e-07   6.21e-04  15.2%
Macro                  0.00e+00   0.00e+00   0.00e+00   0.00e+00   0.0%
Pad                    0.00e+00   0.00e+00   0.00e+00   0.00e+00   0.0%
----------------------------------------------------------------
Total                  2.11e-03   1.97e-03   1.62e-07   4.08e-03 100.0%
                          51.7%      48.3%       0.0%

