
===========================================================================
report_checks -unconstrained
===========================================================================
======================= Typical Corner ===================================

Startpoint: _2816_ (rising edge-triggered flip-flop clocked by core_clock)
Endpoint: _2812_ (rising edge-triggered flip-flop clocked by core_clock)
Path Group: core_clock
Path Type: max

Fanout     Cap    Slew   Delay    Time   Description
-----------------------------------------------------------------------------
                          0.00    0.00   clock core_clock (rise edge)
                          0.00    0.00   clock source latency
     1    0.09    0.00    0.00    0.00 ^ clk (in)
                                         clk (net)
                  0.00    0.00    0.00 ^ clkbuf_0_clk/A (sky130_fd_sc_hd__clkbuf_16)
    16    0.15    0.16    0.20    0.20 ^ clkbuf_0_clk/X (sky130_fd_sc_hd__clkbuf_16)
                                         clknet_0_clk (net)
                  0.16    0.00    0.20 ^ clkbuf_4_10_0_clk/A (sky130_fd_sc_hd__clkbuf_8)
    11    0.04    0.08    0.20    0.40 ^ clkbuf_4_10_0_clk/X (sky130_fd_sc_hd__clkbuf_8)
                                         clknet_4_10_0_clk (net)
                  0.08    0.00    0.40 ^ _2816_/CLK (sky130_fd_sc_hd__dfrtp_4)
     7    0.02    0.08    0.52    0.92 v _2816_/Q (sky130_fd_sc_hd__dfrtp_4)
                                         imem.pc[3] (net)
                  0.08    0.00    0.92 v _1412_/A (sky130_fd_sc_hd__or3_2)
     8    0.02    0.12    0.55    1.47 v _1412_/X (sky130_fd_sc_hd__or3_2)
                                         _0219_ (net)
                  0.12    0.00    1.47 v _1413_/B (sky130_fd_sc_hd__or2_2)
     5    0.02    0.09    0.35    1.81 v _1413_/X (sky130_fd_sc_hd__or2_2)
                                         _0220_ (net)
                  0.09    0.00    1.82 v _1427_/A (sky130_fd_sc_hd__buf_2)
    10    0.03    0.08    0.19    2.01 v _1427_/X (sky130_fd_sc_hd__buf_2)
                                         _0234_ (net)
                  0.08    0.00    2.01 v _1448_/A2 (sky130_fd_sc_hd__a21o_1)
     1    0.00    0.03    0.19    2.19 v _1448_/X (sky130_fd_sc_hd__a21o_1)
                                         _0255_ (net)
                  0.03    0.00    2.19 v _1452_/A2 (sky130_fd_sc_hd__a31o_1)
     3    0.01    0.05    0.21    2.41 v _1452_/X (sky130_fd_sc_hd__a31o_1)
                                         _0259_ (net)
                  0.05    0.00    2.41 v _1469_/A (sky130_fd_sc_hd__or4_1)
     2    0.01    0.13    0.58    2.98 v _1469_/X (sky130_fd_sc_hd__or4_1)
                                         _0276_ (net)
                  0.13    0.00    2.98 v _1932_/A (sky130_fd_sc_hd__or4_1)
     1    0.01    0.10    0.57    3.55 v _1932_/X (sky130_fd_sc_hd__or4_1)
                                         _0698_ (net)
                  0.10    0.00    3.55 v _1933_/A (sky130_fd_sc_hd__clkbuf_2)
     8    0.02    0.09    0.18    3.73 v _1933_/X (sky130_fd_sc_hd__clkbuf_2)
                                         _0699_ (net)
                  0.09    0.00    3.73 v _1968_/A2 (sky130_fd_sc_hd__a211o_1)
     2    0.00    0.06    0.31    4.05 v _1968_/X (sky130_fd_sc_hd__a211o_1)
                                         _0734_ (net)
                  0.06    0.00    4.05 v _1969_/C (sky130_fd_sc_hd__and3_1)
     3    0.01    0.05    0.20    4.24 v _1969_/X (sky130_fd_sc_hd__and3_1)
                                         _0735_ (net)
                  0.05    0.00    4.24 v _2017_/C (sky130_fd_sc_hd__or4b_1)
     2    0.01    0.10    0.49    4.73 v _2017_/X (sky130_fd_sc_hd__or4b_1)
                                         _0783_ (net)
                  0.10    0.00    4.73 v _2019_/C (sky130_fd_sc_hd__or4b_1)
     1    0.00    0.08    0.47    5.21 v _2019_/X (sky130_fd_sc_hd__or4b_1)
                                         _0785_ (net)
                  0.08    0.00    5.21 v _2020_/C1 (sky130_fd_sc_hd__a211o_1)
     4    0.01    0.10    0.30    5.50 v _2020_/X (sky130_fd_sc_hd__a211o_1)
                                         _0786_ (net)
                  0.10    0.00    5.50 v _2265_/A1 (sky130_fd_sc_hd__a2111o_1)
     2    0.01    0.10    0.43    5.93 v _2265_/X (sky130_fd_sc_hd__a2111o_1)
                                         _1031_ (net)
                  0.10    0.00    5.93 v _2300_/A1 (sky130_fd_sc_hd__a211o_1)
     5    0.01    0.10    0.33    6.27 v _2300_/X (sky130_fd_sc_hd__a211o_1)
                                         _1066_ (net)
                  0.10    0.00    6.27 v _2357_/A1 (sky130_fd_sc_hd__a311o_1)
     3    0.01    0.08    0.32    6.58 v _2357_/X (sky130_fd_sc_hd__a311o_1)
                                         _1123_ (net)
                  0.08    0.00    6.58 v _2372_/A1 (sky130_fd_sc_hd__a21oi_1)
     3    0.01    0.22    0.22    6.80 ^ _2372_/Y (sky130_fd_sc_hd__a21oi_1)
                                         _1138_ (net)
                  0.22    0.00    6.80 ^ _2384_/A2 (sky130_fd_sc_hd__o21ai_1)
     1    0.00    0.07    0.09    6.89 v _2384_/Y (sky130_fd_sc_hd__o21ai_1)
                                         _1150_ (net)
                  0.07    0.00    6.89 v _2391_/A1 (sky130_fd_sc_hd__a21bo_1)
     1    0.00    0.03    0.17    7.06 v _2391_/X (sky130_fd_sc_hd__a21bo_1)
                                         _1157_ (net)
                  0.03    0.00    7.06 v _2650_/A0 (sky130_fd_sc_hd__mux2_1)
     1    0.00    0.06    0.28    7.34 v _2650_/X (sky130_fd_sc_hd__mux2_1)
                                         _1289_ (net)
                  0.06    0.00    7.34 v _1322_/A (sky130_fd_sc_hd__clkbuf_1)
     1    0.00    0.03    0.10    7.44 v _1322_/X (sky130_fd_sc_hd__clkbuf_1)
                                         _0166_ (net)
                  0.03    0.00    7.44 v _2812_/D (sky130_fd_sc_hd__dfxtp_1)
                                  7.44   data arrival time

                         10.00   10.00   clock core_clock (rise edge)
                          0.00   10.00   clock source latency
     1    0.09    0.00    0.00   10.00 ^ clk (in)
                                         clk (net)
                  0.00    0.00   10.00 ^ clkbuf_0_clk/A (sky130_fd_sc_hd__clkbuf_16)
    16    0.15    0.16    0.20   10.20 ^ clkbuf_0_clk/X (sky130_fd_sc_hd__clkbuf_16)
                                         clknet_0_clk (net)
                  0.16    0.00   10.20 ^ clkbuf_4_0_0_clk/A (sky130_fd_sc_hd__clkbuf_8)
    11    0.04    0.09    0.20   10.40 ^ clkbuf_4_0_0_clk/X (sky130_fd_sc_hd__clkbuf_8)
                                         clknet_4_0_0_clk (net)
                  0.09    0.00   10.40 ^ _2812_/CLK (sky130_fd_sc_hd__dfxtp_1)
                          0.00   10.40   clock reconvergence pessimism
                         -0.09   10.31   library setup time
                                 10.31   data required time
-----------------------------------------------------------------------------
                                 10.31   data required time
                                 -7.44   data arrival time
-----------------------------------------------------------------------------
                                  2.87   slack (MET)




===========================================================================
report_checks --slack_max -0.01
============================================================================
======================= Typical Corner ===================================

No paths found.


===========================================================================
 report_check_types -max_slew -max_cap -max_fanout -violators
============================================================================
======================= Typical Corner ===================================


max slew violations count Typical: 0
max fanout violations count Typical: 0
max cap violations count Typical: 0

===========================================================================
report_parasitic_annotation -report_unannotated
============================================================================
Found 19 unannotated drivers.
 TopCPU_10/HI
 TopCPU_11/HI
 TopCPU_12/HI
 TopCPU_13/HI
 clkload0/Y
 clkload1/Y
 clkload10/Y
 clkload11/Y
 clkload12/Y
 clkload13/Y
 clkload14/Y
 clkload2/X
 clkload3/Y
 clkload4/Y
 clkload5/Y
 clkload6/Y
 clkload7/Y
 clkload8/Y
 clkload9/Y
Found 0 partially unannotated drivers.

===========================================================================
max slew violation count 0
max fanout violation count 0
max cap violation count 0
============================================================================

===========================================================================
check_setup -verbose -unconstrained_endpoints -multiple_clock -no_clock -no_input_delay -loops -generated_clocks
===========================================================================
Warning: There are 2 input ports missing set_input_delay.
  control
  reset
Warning: There are 11 unconstrained endpoints.
  an[0]
  an[1]
  an[2]
  an[3]
  seg[0]
  seg[1]
  seg[2]
  seg[3]
  seg[4]
  seg[5]
  seg[6]
