
===========================================================================
 report_power
============================================================================
======================= Fastest Corner ===================================

Group                  Internal  Switching    Leakage      Total
                          Power      Power      Power      Power (Watts)
----------------------------------------------------------------
Sequential             6.01e-03   8.92e-04   1.49e-08   6.91e-03  36.3%
Combinational          2.81e-03   3.53e-03   2.87e-08   6.34e-03  33.3%
Clock                  2.87e-03   2.91e-03   1.43e-07   5.79e-03  30.4%
Macro                  0.00e+00   0.00e+00   0.00e+00   0.00e+00   0.0%
Pad                    0.00e+00   0.00e+00   0.00e+00   0.00e+00   0.0%
----------------------------------------------------------------
Total                  1.17e-02   7.34e-03   1.86e-07   1.90e-02 100.0%
                          61.5%      38.5%       0.0%

======================= Slowest Corner ===================================

Group                  Internal  Switching    Leakage      Total
                          Power      Power      Power      Power (Watts)
----------------------------------------------------------------
Sequential             4.08e-03   5.71e-04   1.48e-05   4.66e-03  35.8%
Combinational          1.98e-03   2.36e-03   3.10e-05   4.37e-03  33.6%
Clock                  2.07e-03   1.91e-03   3.25e-06   3.98e-03  30.6%
Macro                  0.00e+00   0.00e+00   0.00e+00   0.00e+00   0.0%
Pad                    0.00e+00   0.00e+00   0.00e+00   0.00e+00   0.0%
----------------------------------------------------------------
Total                  8.13e-03   4.84e-03   4.91e-05   1.30e-02 100.0%
                          62.4%      37.2%       0.4%

======================= Typical Corner ===================================

Group                  Internal  Switching    Leakage      Total
                          Power      Power      Power      Power (Watts)
----------------------------------------------------------------
Sequential             5.21e-03   7.40e-04   8.57e-09   5.95e-03  36.2%
Combinational          2.51e-03   2.99e-03   2.00e-08   5.50e-03  33.5%
Clock                  2.52e-03   2.47e-03   1.35e-07   4.99e-03  30.3%
Macro                  0.00e+00   0.00e+00   0.00e+00   0.00e+00   0.0%
Pad                    0.00e+00   0.00e+00   0.00e+00   0.00e+00   0.0%
----------------------------------------------------------------
Total                  1.02e-02   6.20e-03   1.64e-07   1.64e-02 100.0%
                          62.3%      37.7%       0.0%

