
===========================================================================
report_checks -unconstrained
===========================================================================
======================= Fastest Corner ===================================

Startpoint: _7849_ (rising edge-triggered flip-flop clocked by core_clock)
Endpoint: _7849_ (rising edge-triggered flip-flop clocked by core_clock)
Path Group: core_clock
Path Type: max
Corner: Fastest

Fanout     Cap    Slew   Delay    Time   Description
-----------------------------------------------------------------------------
                          0.00    0.00   clock core_clock (rise edge)
                          0.00    0.00   clock source latency
     2    0.18    0.00    0.00    0.00 ^ clk (in)
                                         clk (net)
                  0.03    0.02    0.02 ^ clkbuf_0_clk/A (sky130_fd_sc_hd__clkbuf_16)
    16    0.20    0.16    0.18    0.19 ^ clkbuf_0_clk/X (sky130_fd_sc_hd__clkbuf_16)
                                         clknet_0_clk (net)
                  0.17    0.02    0.21 ^ clkbuf_3_7_0_clk/A (sky130_fd_sc_hd__clkbuf_8)
     4    0.04    0.06    0.14    0.34 ^ clkbuf_3_7_0_clk/X (sky130_fd_sc_hd__clkbuf_8)
                                         clknet_3_7_0_clk (net)
                  0.06    0.00    0.35 ^ clkbuf_4_14__f_clk/A (sky130_fd_sc_hd__clkbuf_16)
    24    0.14    0.12    0.16    0.51 ^ clkbuf_4_14__f_clk/X (sky130_fd_sc_hd__clkbuf_16)
                                         clknet_4_14__leaf_clk (net)
                  0.12    0.01    0.51 ^ clkbuf_leaf_62_clk/A (sky130_fd_sc_hd__clkbuf_8)
    10    0.04    0.07    0.13    0.65 ^ clkbuf_leaf_62_clk/X (sky130_fd_sc_hd__clkbuf_8)
                                         clknet_leaf_62_clk (net)
                  0.07    0.00    0.65 ^ _7849_/CLK (sky130_fd_sc_hd__dfxtp_1)
     3    0.01    0.05    0.22    0.87 v _7849_/Q (sky130_fd_sc_hd__dfxtp_1)
                                         rf.registers[15][21] (net)
                  0.05    0.00    0.87 v _5598_/A1 (sky130_fd_sc_hd__mux2_1)
     1    0.01    0.06    0.17    1.05 v _5598_/X (sky130_fd_sc_hd__mux2_1)
                                         _2766_ (net)
                  0.06    0.00    1.05 v _5599_/A (sky130_fd_sc_hd__clkbuf_1)
     1    0.00    0.02    0.07    1.12 v _5599_/X (sky130_fd_sc_hd__clkbuf_1)
                                         _0123_ (net)
                  0.02    0.00    1.12 v _7849_/D (sky130_fd_sc_hd__dfxtp_1)
                                  1.12   data arrival time

                         10.00   10.00   clock core_clock (rise edge)
                          0.00   10.00   clock source latency
     2    0.18    0.00    0.00   10.00 ^ clk (in)
                                         clk (net)
                  0.03    0.02   10.02 ^ clkbuf_0_clk/A (sky130_fd_sc_hd__clkbuf_16)
    16    0.20    0.16    0.18   10.19 ^ clkbuf_0_clk/X (sky130_fd_sc_hd__clkbuf_16)
                                         clknet_0_clk (net)
                  0.17    0.02   10.21 ^ clkbuf_3_7_0_clk/A (sky130_fd_sc_hd__clkbuf_8)
     4    0.04    0.06    0.14   10.34 ^ clkbuf_3_7_0_clk/X (sky130_fd_sc_hd__clkbuf_8)
                                         clknet_3_7_0_clk (net)
                  0.06    0.00   10.35 ^ clkbuf_4_14__f_clk/A (sky130_fd_sc_hd__clkbuf_16)
    24    0.14    0.12    0.16   10.51 ^ clkbuf_4_14__f_clk/X (sky130_fd_sc_hd__clkbuf_16)
                                         clknet_4_14__leaf_clk (net)
                  0.12    0.01   10.51 ^ clkbuf_leaf_62_clk/A (sky130_fd_sc_hd__clkbuf_8)
    10    0.04    0.07    0.13   10.65 ^ clkbuf_leaf_62_clk/X (sky130_fd_sc_hd__clkbuf_8)
                                         clknet_leaf_62_clk (net)
                  0.07    0.00   10.65 ^ _7849_/CLK (sky130_fd_sc_hd__dfxtp_1)
                          0.00   10.65   clock reconvergence pessimism
                         -0.06   10.59   library setup time
                                 10.59   data required time
-----------------------------------------------------------------------------
                                 10.59   data required time
                                 -1.12   data arrival time
-----------------------------------------------------------------------------
                                  9.47   slack (MET)



======================= Slowest Corner ===================================

Startpoint: _7849_ (rising edge-triggered flip-flop clocked by core_clock)
Endpoint: _7849_ (rising edge-triggered flip-flop clocked by core_clock)
Path Group: core_clock
Path Type: max
Corner: Slowest

Fanout     Cap    Slew   Delay    Time   Description
-----------------------------------------------------------------------------
                          0.00    0.00   clock core_clock (rise edge)
                          0.00    0.00   clock source latency
     2    0.18    0.00    0.00    0.00 ^ clk (in)
                                         clk (net)
                  0.03    0.02    0.02 ^ clkbuf_0_clk/A (sky130_fd_sc_hd__clkbuf_16)
    16    0.20    0.32    0.40    0.42 ^ clkbuf_0_clk/X (sky130_fd_sc_hd__clkbuf_16)
                                         clknet_0_clk (net)
                  0.32    0.02    0.44 ^ clkbuf_3_7_0_clk/A (sky130_fd_sc_hd__clkbuf_8)
     4    0.04    0.13    0.39    0.82 ^ clkbuf_3_7_0_clk/X (sky130_fd_sc_hd__clkbuf_8)
                                         clknet_3_7_0_clk (net)
                  0.13    0.00    0.82 ^ clkbuf_4_14__f_clk/A (sky130_fd_sc_hd__clkbuf_16)
    24    0.15    0.24    0.39    1.21 ^ clkbuf_4_14__f_clk/X (sky130_fd_sc_hd__clkbuf_16)
                                         clknet_4_14__leaf_clk (net)
                  0.24    0.01    1.22 ^ clkbuf_leaf_62_clk/A (sky130_fd_sc_hd__clkbuf_8)
    10    0.04    0.13    0.36    1.58 ^ clkbuf_leaf_62_clk/X (sky130_fd_sc_hd__clkbuf_8)
                                         clknet_leaf_62_clk (net)
                  0.13    0.00    1.58 ^ _7849_/CLK (sky130_fd_sc_hd__dfxtp_1)
     3    0.01    0.12    0.67    2.25 v _7849_/Q (sky130_fd_sc_hd__dfxtp_1)
                                         rf.registers[15][21] (net)
                  0.12    0.00    2.26 v _5598_/A1 (sky130_fd_sc_hd__mux2_1)
     1    0.01    0.15    0.73    2.99 v _5598_/X (sky130_fd_sc_hd__mux2_1)
                                         _2766_ (net)
                  0.15    0.00    2.99 v _5599_/A (sky130_fd_sc_hd__clkbuf_1)
     1    0.00    0.06    0.21    3.20 v _5599_/X (sky130_fd_sc_hd__clkbuf_1)
                                         _0123_ (net)
                  0.06    0.00    3.20 v _7849_/D (sky130_fd_sc_hd__dfxtp_1)
                                  3.20   data arrival time

                         10.00   10.00   clock core_clock (rise edge)
                          0.00   10.00   clock source latency
     2    0.18    0.00    0.00   10.00 ^ clk (in)
                                         clk (net)
                  0.03    0.02   10.02 ^ clkbuf_0_clk/A (sky130_fd_sc_hd__clkbuf_16)
    16    0.20    0.32    0.40   10.42 ^ clkbuf_0_clk/X (sky130_fd_sc_hd__clkbuf_16)
                                         clknet_0_clk (net)
                  0.32    0.02   10.44 ^ clkbuf_3_7_0_clk/A (sky130_fd_sc_hd__clkbuf_8)
     4    0.04    0.13    0.39   10.82 ^ clkbuf_3_7_0_clk/X (sky130_fd_sc_hd__clkbuf_8)
                                         clknet_3_7_0_clk (net)
                  0.13    0.00   10.82 ^ clkbuf_4_14__f_clk/A (sky130_fd_sc_hd__clkbuf_16)
    24    0.15    0.24    0.39   11.21 ^ clkbuf_4_14__f_clk/X (sky130_fd_sc_hd__clkbuf_16)
                                         clknet_4_14__leaf_clk (net)
                  0.24    0.01   11.22 ^ clkbuf_leaf_62_clk/A (sky130_fd_sc_hd__clkbuf_8)
    10    0.04    0.13    0.36   11.58 ^ clkbuf_leaf_62_clk/X (sky130_fd_sc_hd__clkbuf_8)
                                         clknet_leaf_62_clk (net)
                  0.13    0.00   11.58 ^ _7849_/CLK (sky130_fd_sc_hd__dfxtp_1)
                          0.00   11.58   clock reconvergence pessimism
                         -0.25   11.33   library setup time
                                 11.33   data required time
-----------------------------------------------------------------------------
                                 11.33   data required time
                                 -3.20   data arrival time
-----------------------------------------------------------------------------
                                  8.13   slack (MET)



======================= Typical Corner ===================================

Startpoint: _7849_ (rising edge-triggered flip-flop clocked by core_clock)
Endpoint: _7849_ (rising edge-triggered flip-flop clocked by core_clock)
Path Group: core_clock
Path Type: max
Corner: Typical

Fanout     Cap    Slew   Delay    Time   Description
-----------------------------------------------------------------------------
                          0.00    0.00   clock core_clock (rise edge)
                          0.00    0.00   clock source latency
     2    0.18    0.00    0.00    0.00 ^ clk (in)
                                         clk (net)
                  0.03    0.02    0.02 ^ clkbuf_0_clk/A (sky130_fd_sc_hd__clkbuf_16)
    16    0.20    0.21    0.24    0.26 ^ clkbuf_0_clk/X (sky130_fd_sc_hd__clkbuf_16)
                                         clknet_0_clk (net)
                  0.22    0.02    0.28 ^ clkbuf_3_7_0_clk/A (sky130_fd_sc_hd__clkbuf_8)
     4    0.04    0.08    0.21    0.49 ^ clkbuf_3_7_0_clk/X (sky130_fd_sc_hd__clkbuf_8)
                                         clknet_3_7_0_clk (net)
                  0.08    0.00    0.49 ^ clkbuf_4_14__f_clk/A (sky130_fd_sc_hd__clkbuf_16)
    24    0.15    0.16    0.23    0.72 ^ clkbuf_4_14__f_clk/X (sky130_fd_sc_hd__clkbuf_16)
                                         clknet_4_14__leaf_clk (net)
                  0.16    0.01    0.73 ^ clkbuf_leaf_62_clk/A (sky130_fd_sc_hd__clkbuf_8)
    10    0.04    0.09    0.20    0.93 ^ clkbuf_leaf_62_clk/X (sky130_fd_sc_hd__clkbuf_8)
                                         clknet_leaf_62_clk (net)
                  0.09    0.00    0.93 ^ _7849_/CLK (sky130_fd_sc_hd__dfxtp_1)
     3    0.01    0.07    0.34    1.27 v _7849_/Q (sky130_fd_sc_hd__dfxtp_1)
                                         rf.registers[15][21] (net)
                  0.07    0.00    1.27 v _5598_/A1 (sky130_fd_sc_hd__mux2_1)
     1    0.01    0.08    0.33    1.60 v _5598_/X (sky130_fd_sc_hd__mux2_1)
                                         _2766_ (net)
                  0.08    0.00    1.60 v _5599_/A (sky130_fd_sc_hd__clkbuf_1)
     1    0.00    0.03    0.11    1.71 v _5599_/X (sky130_fd_sc_hd__clkbuf_1)
                                         _0123_ (net)
                  0.03    0.00    1.71 v _7849_/D (sky130_fd_sc_hd__dfxtp_1)
                                  1.71   data arrival time

                         10.00   10.00   clock core_clock (rise edge)
                          0.00   10.00   clock source latency
     2    0.18    0.00    0.00   10.00 ^ clk (in)
                                         clk (net)
                  0.03    0.02   10.02 ^ clkbuf_0_clk/A (sky130_fd_sc_hd__clkbuf_16)
    16    0.20    0.21    0.24   10.26 ^ clkbuf_0_clk/X (sky130_fd_sc_hd__clkbuf_16)
                                         clknet_0_clk (net)
                  0.22    0.02   10.28 ^ clkbuf_3_7_0_clk/A (sky130_fd_sc_hd__clkbuf_8)
     4    0.04    0.08    0.21   10.49 ^ clkbuf_3_7_0_clk/X (sky130_fd_sc_hd__clkbuf_8)
                                         clknet_3_7_0_clk (net)
                  0.08    0.00   10.49 ^ clkbuf_4_14__f_clk/A (sky130_fd_sc_hd__clkbuf_16)
    24    0.15    0.16    0.23   10.72 ^ clkbuf_4_14__f_clk/X (sky130_fd_sc_hd__clkbuf_16)
                                         clknet_4_14__leaf_clk (net)
                  0.16    0.01   10.73 ^ clkbuf_leaf_62_clk/A (sky130_fd_sc_hd__clkbuf_8)
    10    0.04    0.09    0.20   10.93 ^ clkbuf_leaf_62_clk/X (sky130_fd_sc_hd__clkbuf_8)
                                         clknet_leaf_62_clk (net)
                  0.09    0.00   10.93 ^ _7849_/CLK (sky130_fd_sc_hd__dfxtp_1)
                          0.00   10.93   clock reconvergence pessimism
                         -0.10   10.83   library setup time
                                 10.83   data required time
-----------------------------------------------------------------------------
                                 10.83   data required time
                                 -1.71   data arrival time
-----------------------------------------------------------------------------
                                  9.12   slack (MET)




===========================================================================
report_checks --slack_max -0.01
============================================================================
======================= Fastest Corner ===================================

No paths found.

======================= Slowest Corner ===================================

No paths found.

======================= Typical Corner ===================================

No paths found.


===========================================================================
 report_check_types -max_slew -max_cap -max_fanout -violators
============================================================================
======================= Fastest Corner ===================================


max slew violations count Fastest: 0
max fanout violations count Fastest: 0
max cap violations count Fastest: 0
======================= Slowest Corner ===================================

max slew

Pin                                    Limit    Slew   Slack
------------------------------------------------------------
output103/A                             1.50    1.59   -0.09 (VIOLATED)
ANTENNA_output103_A/DIODE               1.50    1.59   -0.09 (VIOLATED)
ANTENNA_158/DIODE                       1.50    1.59   -0.09 (VIOLATED)
ANTENNA_159/DIODE                       1.50    1.59   -0.09 (VIOLATED)
ANTENNA_160/DIODE                       1.50    1.59   -0.09 (VIOLATED)
ANTENNA_161/DIODE                       1.50    1.59   -0.09 (VIOLATED)
ANTENNA_162/DIODE                       1.50    1.59   -0.09 (VIOLATED)
ANTENNA_163/DIODE                       1.50    1.59   -0.09 (VIOLATED)
ANTENNA_164/DIODE                       1.50    1.59   -0.09 (VIOLATED)
ANTENNA_165/DIODE                       1.50    1.59   -0.09 (VIOLATED)

max capacitance

Pin                                    Limit     Cap   Slack
------------------------------------------------------------
_4983_/Y                                0.09    0.09   -0.00 (VIOLATED)


max slew violations count Slowest: 10
max fanout violations count Slowest: 0
max cap violations count Slowest: 1
======================= Typical Corner ===================================


max slew violations count Typical: 0
max fanout violations count Typical: 0
max cap violations count Typical: 0

===========================================================================
report_parasitic_annotation -report_unannotated
============================================================================
Found 141 unannotated drivers.
 clkload0/X
 clkload1/Y
 clkload10/Y
 clkload100/Y
 clkload101/Y
 clkload102/Y
 clkload103/Y
 clkload104/Y
 clkload105/Y
 clkload106/Y
 clkload107/Y
 clkload108/Y
 clkload109/X
 clkload11/Y
 clkload110/Y
 clkload111/X
 clkload112/Y
 clkload113/Y
 clkload114/Y
 clkload115/Y
 clkload116/Y
 clkload117/Y
 clkload118/Y
 clkload119/Y
 clkload12/Y
 clkload120/Y
 clkload121/Y
 clkload122/Y
 clkload123/Y
 clkload124/Y
 clkload125/X
 clkload126/Y
 clkload127/Y
 clkload128/Y
 clkload129/Y
 clkload13/Y
 clkload130/X
 clkload131/X
 clkload132/Y
 clkload133/Y
 clkload134/Y
 clkload135/Y
 clkload136/Y
 clkload137/Y
 clkload138/Y
 clkload139/X
 clkload14/Y
 clkload140/Y
 clkload15/X
 clkload16/Y
 clkload17/Y
 clkload18/Y
 clkload19/Y
 clkload2/Y
 clkload20/Y
 clkload21/Y
 clkload22/X
 clkload23/Y
 clkload24/Y
 clkload25/Y
 clkload26/Y
 clkload27/Y
 clkload28/Y
 clkload29/Y
 clkload3/X
 clkload30/Y
 clkload31/Y
 clkload32/Y
 clkload33/Y
 clkload34/Y
 clkload35/X
 clkload36/X
 clkload37/X
 clkload38/Y
 clkload39/Y
 clkload4/Y
 clkload40/Y
 clkload41/X
 clkload42/Y
 clkload43/Y
 clkload44/X
 clkload45/Y
 clkload46/Y
 clkload47/Y
 clkload48/Y
 clkload49/Y
 clkload5/Y
 clkload50/Y
 clkload51/Y
 clkload52/Y
 clkload53/Y
 clkload54/Y
 clkload55/Y
 clkload56/Y
 clkload57/Y
 clkload58/Y
 clkload59/Y
 clkload6/X
 clkload60/X
 clkload61/X
 clkload62/Y
 clkload63/Y
 clkload64/Y
 clkload65/Y
 clkload66/Y
 clkload67/Y
 clkload68/X
 clkload69/Y
 clkload7/X
 clkload70/Y
 clkload71/Y
 clkload72/Y
 clkload73/Y
 clkload74/Y
 clkload75/Y
 clkload76/Y
 clkload77/Y
 clkload78/Y
 clkload79/Y
 clkload8/Y
 clkload80/Y
 clkload81/X
 clkload82/Y
 clkload83/Y
 clkload84/Y
 clkload85/Y
 clkload86/Y
 clkload87/Y
 clkload88/Y
 clkload89/X
 clkload9/Y
 clkload90/Y
 clkload91/Y
 clkload92/X
 clkload93/X
 clkload94/Y
 clkload95/Y
 clkload96/X
 clkload97/Y
 clkload98/Y
 clkload99/Y
Found 0 partially unannotated drivers.

===========================================================================
max slew violation count 10
max fanout violation count 0
max cap violation count 1
============================================================================

===========================================================================
check_setup -verbose -unconstrained_endpoints -multiple_clock -no_clock -no_input_delay -loops -generated_clocks
===========================================================================
Warning: There are 50 input ports missing set_input_delay.
  a1[0]
  a1[1]
  a1[2]
  a1[3]
  a1[4]
  a2[0]
  a2[1]
  a2[2]
  a2[3]
  a2[4]
  a3[0]
  a3[1]
  a3[2]
  a3[3]
  a3[4]
  opcode[0]
  opcode[1]
  wd3[0]
  wd3[10]
  wd3[11]
  wd3[12]
  wd3[13]
  wd3[14]
  wd3[15]
  wd3[16]
  wd3[17]
  wd3[18]
  wd3[19]
  wd3[1]
  wd3[20]
  wd3[21]
  wd3[22]
  wd3[23]
  wd3[24]
  wd3[25]
  wd3[26]
  wd3[27]
  wd3[28]
  wd3[29]
  wd3[2]
  wd3[30]
  wd3[31]
  wd3[3]
  wd3[4]
  wd3[5]
  wd3[6]
  wd3[7]
  wd3[8]
  wd3[9]
  we3
Warning: There are 96 unconstrained endpoints.
  alu_result[0]
  alu_result[10]
  alu_result[11]
  alu_result[12]
  alu_result[13]
  alu_result[14]
  alu_result[15]
  alu_result[16]
  alu_result[17]
  alu_result[18]
  alu_result[19]
  alu_result[1]
  alu_result[20]
  alu_result[21]
  alu_result[22]
  alu_result[23]
  alu_result[24]
  alu_result[25]
  alu_result[26]
  alu_result[27]
  alu_result[28]
  alu_result[29]
  alu_result[2]
  alu_result[30]
  alu_result[31]
  alu_result[3]
  alu_result[4]
  alu_result[5]
  alu_result[6]
  alu_result[7]
  alu_result[8]
  alu_result[9]
  rd1[0]
  rd1[10]
  rd1[11]
  rd1[12]
  rd1[13]
  rd1[14]
  rd1[15]
  rd1[16]
  rd1[17]
  rd1[18]
  rd1[19]
  rd1[1]
  rd1[20]
  rd1[21]
  rd1[22]
  rd1[23]
  rd1[24]
  rd1[25]
  rd1[26]
  rd1[27]
  rd1[28]
  rd1[29]
  rd1[2]
  rd1[30]
  rd1[31]
  rd1[3]
  rd1[4]
  rd1[5]
  rd1[6]
  rd1[7]
  rd1[8]
  rd1[9]
  rd2[0]
  rd2[10]
  rd2[11]
  rd2[12]
  rd2[13]
  rd2[14]
  rd2[15]
  rd2[16]
  rd2[17]
  rd2[18]
  rd2[19]
  rd2[1]
  rd2[20]
  rd2[21]
  rd2[22]
  rd2[23]
  rd2[24]
  rd2[25]
  rd2[26]
  rd2[27]
  rd2[28]
  rd2[29]
  rd2[2]
  rd2[30]
  rd2[31]
  rd2[3]
  rd2[4]
  rd2[5]
  rd2[6]
  rd2[7]
  rd2[8]
  rd2[9]
