
===========================================================================
 report_power
============================================================================
======================= Fastest Corner ===================================

Group                  Internal  Switching    Leakage      Total
                          Power      Power      Power      Power (Watts)
----------------------------------------------------------------
Sequential             1.02e-03   8.34e-05   2.89e-08   1.10e-03  22.3%
Combinational          1.14e-03   1.93e-03   6.99e-09   3.07e-03  62.3%
Clock                  2.40e-04   5.16e-04   1.30e-07   7.56e-04  15.3%
Macro                  0.00e+00   0.00e+00   0.00e+00   0.00e+00   0.0%
Pad                    0.00e+00   0.00e+00   0.00e+00   0.00e+00   0.0%
----------------------------------------------------------------
Total                  2.40e-03   2.53e-03   1.66e-07   4.93e-03 100.0%
                          48.7%      51.3%       0.0%

======================= Slowest Corner ===================================

Group                  Internal  Switching    Leakage      Total
                          Power      Power      Power      Power (Watts)
----------------------------------------------------------------
Sequential             6.79e-04   5.50e-05   2.74e-06   7.37e-04  21.7%
Combinational          8.37e-04   1.29e-03   6.80e-06   2.13e-03  63.0%
Clock                  1.71e-04   3.47e-04   4.12e-07   5.18e-04  15.3%
Macro                  0.00e+00   0.00e+00   0.00e+00   0.00e+00   0.0%
Pad                    0.00e+00   0.00e+00   0.00e+00   0.00e+00   0.0%
----------------------------------------------------------------
Total                  1.69e-03   1.69e-03   9.96e-06   3.39e-03 100.0%
                          49.8%      49.9%       0.3%

======================= Typical Corner ===================================

Group                  Internal  Switching    Leakage      Total
                          Power      Power      Power      Power (Watts)
----------------------------------------------------------------
Sequential             8.76e-04   7.01e-05   2.76e-08   9.46e-04  22.2%
Combinational          1.02e-03   1.64e-03   4.64e-09   2.66e-03  62.5%
Clock                  2.10e-04   4.42e-04   1.29e-07   6.52e-04  15.3%
Macro                  0.00e+00   0.00e+00   0.00e+00   0.00e+00   0.0%
Pad                    0.00e+00   0.00e+00   0.00e+00   0.00e+00   0.0%
----------------------------------------------------------------
Total                  2.11e-03   2.15e-03   1.62e-07   4.26e-03 100.0%
                          49.5%      50.5%       0.0%

