[INFO]: Run Directory: /openlane/designs/project3_openlane/seven_seg_counter/runs/RUN_2025.05.25_18.37.21
[INFO]: Saving runtime environment...
[INFO]: Preparing LEF files for the nom corner...
[INFO]: Preparing LEF files for the min corner...
[INFO]: Preparing LEF files for the max corner...
[WARNING]: PNR_SDC_FILE is not set. It is recommended to write a custom SDC file for the design. Defaulting to BASE_SDC_FILE
[WARNING]: SIGNOFF_SDC_FILE is not set. It is recommended to write a custom SDC file for the design. Defaulting to BASE_SDC_FILE
[INFO]: Running linter (Verilator) (log: designs/project3_openlane/seven_seg_counter/runs/RUN_2025.05.25_18.37.21/logs/synthesis/linter.log)...
[INFO]: 0 errors found by linter
[WARNING]: 1 warnings found by linter
[INFO]: Running Synthesis (log: designs/project3_openlane/seven_seg_counter/runs/RUN_2025.05.25_18.37.21/logs/synthesis/1-synthesis.log)...
[ERROR]: Synthesis failed. Signal not matching port size. Search for 'Resizing cell port' in 'designs/project3_openlane/seven_seg_counter/runs/RUN_2025.05.25_18.37.21/logs/synthesis/1-synthesis.log'
[ERROR]: Step 1 (synthesis) failed with error:
-code 1 -level 0 -errorstack {INNER {invokeStk1 throw_error} CALL {check_resizing_cell_port /openlane/designs/project3_openlane/seven_seg_counter/runs/RUN_2025.05.25_18.37.21/logs/synthesis/1-synthesis.log} CALL {run_synthesis_checkers /openlane/designs/project3_openlane/seven_seg_counter/runs/RUN_2025.05.25_18.37.21/logs/synthesis/1-synthesis.log /openlane/designs/project3_openlane/seven_seg_counter/runs/RUN_2025.05.25_18.37.21/reports/synthesis/1-synthesis_pre_synth.chk.rpt} CALL run_synthesis CALL {run_non_interactive_mode -design project3_openlane/seven_seg_counter}} -errorcode NONE -errorinfo {
    while executing
"throw_error"
    (procedure "check_resizing_cell_port" line 7)
    invoked from within
"check_resizing_cell_port $log"
    (procedure "run_synthesis_checkers" line 4)
    invoked from within
"run_synthesis_checkers $log $pre_synth_report"
    (procedure "run_synthesis" line 19)
    invoked from within
"run_synthesis"} -errorline 1
[INFO]: Saving current set of views in 'designs/project3_openlane/seven_seg_counter/runs/RUN_2025.05.25_18.37.21/results/final'...
[INFO]: Generating final set of reports...
[ERROR]: Failed to create manufacturability and metric reports:
[ERROR]: Traceback (most recent call last):
  File "/openlane/scripts/generate_reports.py", line 184, in <module>
    cli()
  File "/nix/store/8ywrzlq8yyqrif2sfvbgg8vsxhj80ry7-python3-3.11.9-env/lib/python3.11/site-packages/click/core.py", line 1157, in __call__
    return self.main(*args, **kwargs)
           ^^^^^^^^^^^^^^^^^^^^^^^^^^
  File "/nix/store/8ywrzlq8yyqrif2sfvbgg8vsxhj80ry7-python3-3.11.9-env/lib/python3.11/site-packages/click/core.py", line 1078, in main
    rv = self.invoke(ctx)
         ^^^^^^^^^^^^^^^^
  File "/nix/store/8ywrzlq8yyqrif2sfvbgg8vsxhj80ry7-python3-3.11.9-env/lib/python3.11/site-packages/click/core.py", line 1434, in invoke
    return ctx.invoke(self.callback, **ctx.params)
           ^^^^^^^^^^^^^^^^^^^^^^^^^^^^^^^^^^^^^^^
  File "/nix/store/8ywrzlq8yyqrif2sfvbgg8vsxhj80ry7-python3-3.11.9-env/lib/python3.11/site-packages/click/core.py", line 783, in invoke
    return __callback(*args, **kwargs)
           ^^^^^^^^^^^^^^^^^^^^^^^^^^^
  File "/openlane/scripts/generate_reports.py", line 51, in cli
    report = Report(design, tag, design_name, params, run_path).get_report()
             ^^^^^^^^^^^^^^^^^^^^^^^^^^^^^^^^^^^^^^^^^^^^^^^^^^^^^^^^^^^^^^^
  File "/openlane/scripts/report/report.py", line 809, in get_report
    *self.extract_all_values(),
     ^^^^^^^^^^^^^^^^^^^^^^^^^
  File "/openlane/scripts/report/report.py", line 359, in extract_all_values
    power_report = Artifact(
                   ^^^^^^^^^
  File "/openlane/scripts/report/report.py", line 62, in __init__
    self.pathname = matches[0]
                    ~~~~~~~^^^
IndexError: list index out of range
[INFO]: Saving runtime environment...
[ERROR]: Flow failed.
[INFO]: The failure may have been because of the following warnings:
