Instance,Terminal,Layer,X location,Y location,Voltage
FILLER_0_25_141,VGND,li1,73.1400,81.6000,0.000001
FILLER_0_25_137,VGND,li1,69.2300,81.6000,0.000001
FILLER_0_25_125,VGND,li1,65.7800,81.6000,0.000001
FILLER_0_25_113,VGND,li1,60.2600,81.6000,0.000001
FILLER_0_25_111,VGND,li1,56.8100,81.6000,0.000002
FILLER_0_25_103,VGND,li1,54.7400,81.6000,0.000002
FILLER_0_25_91,VGND,li1,50.1400,81.6000,0.000003
FILLER_0_25_81,VGND,li1,43.4700,81.6000,0.000003
FILLER_0_25_69,VGND,li1,40.0200,81.6000,0.000003
FILLER_0_25_57,VGND,li1,34.5000,81.6000,0.000001
FILLER_0_25_53,VGND,li1,30.5900,81.6000,0.000001
FILLER_0_25_41,VGND,li1,27.1400,81.6000,0.000001
FILLER_0_25_29,VGND,li1,21.6200,81.6000,0.000001
FILLER_0_25_27,VGND,li1,18.1700,81.6000,0.000001
FILLER_0_25_15,VGND,li1,15.1800,81.6000,0.000001
FILLER_0_25_3,VGND,li1,9.6600,81.6000,0.000001
FILLER_0_24_141,VGND,li1,73.1400,76.1600,0.000000
FILLER_0_24_139,VGND,li1,69.6900,76.1600,0.000000
FILLER_0_24_133,VGND,li1,68.0800,76.1600,0.000000
FILLER_0_24_121,VGND,li1,63.9400,76.1600,0.000001
FILLER_0_24_109,VGND,li1,58.4200,76.1600,0.000001
FILLER_0_24_97,VGND,li1,52.9000,76.1600,0.000001
FILLER_0_24_85,VGND,li1,47.3800,76.1600,0.000002
FILLER_0_24_83,VGND,li1,43.9300,76.1600,0.000002
FILLER_0_24_77,VGND,li1,42.3200,76.1600,0.000001
FILLER_0_24_65,VGND,li1,38.1800,76.1600,0.000001
FILLER_0_24_53,VGND,li1,32.6600,76.1600,0.000002
FILLER_0_24_41,VGND,li1,27.1400,76.1600,0.000002
FILLER_0_24_29,VGND,li1,21.6200,76.1600,0.000001
FILLER_0_24_27,VGND,li1,18.1700,76.1600,0.000001
FILLER_0_24_15,VGND,li1,15.1800,76.1600,0.000001
FILLER_0_24_3,VGND,li1,9.6600,76.1600,0.000001
FILLER_0_23_149,VGND,li1,74.9800,76.1600,0.000000
FILLER_0_23_137,VGND,li1,71.3000,76.1600,0.000000
FILLER_0_23_125,VGND,li1,65.7800,76.1600,0.000001
FILLER_0_23_113,VGND,li1,60.2600,76.1600,0.000001
FILLER_0_23_109,VGND,li1,56.3500,76.1600,0.000001
FILLER_0_23_101,VGND,li1,53.8200,76.1600,0.000001
FILLER_0_23_87,VGND,li1,46.4600,76.1600,0.000002
FILLER_0_23_78,VGND,li1,41.8600,76.1600,0.000001
FILLER_0_23_66,VGND,li1,38.6400,76.1600,0.000001
FILLER_0_23_54,VGND,li1,30.8200,76.1600,0.000002
FILLER_0_23_50,VGND,li1,28.7500,76.1600,0.000002
FILLER_0_23_39,VGND,li1,24.3800,76.1600,0.000002
FILLER_0_23_27,VGND,li1,20.7000,76.1600,0.000001
FILLER_0_23_15,VGND,li1,15.1800,76.1600,0.000001
FILLER_0_23_3,VGND,li1,9.6600,76.1600,0.000001
FILLER_0_22_141,VGND,li1,73.1400,70.7200,0.000001
FILLER_0_22_138,VGND,li1,69.4600,70.7200,0.000002
FILLER_0_22_126,VGND,li1,66.2400,70.7200,0.000002
FILLER_0_22_114,VGND,li1,60.7200,70.7200,0.000003
FILLER_0_22_94,VGND,li1,49.2200,70.7200,0.000004
FILLER_0_22_81,VGND,li1,43.4700,70.7200,0.000004
FILLER_0_22_75,VGND,li1,40.7100,70.7200,0.000004
FILLER_0_22_71,VGND,li1,38.4100,70.7200,0.000004
FILLER_0_22_41,VGND,li1,25.7600,70.7200,0.000003
FILLER_0_22_29,VGND,li1,21.6200,70.7200,0.000003
FILLER_0_22_27,VGND,li1,18.1700,70.7200,0.000002
FILLER_0_22_19,VGND,li1,16.1000,70.7200,0.000003
FILLER_0_22_7,VGND,li1,11.5000,70.7200,0.000003
FILLER_0_21_149,VGND,li1,74.9800,70.7200,0.000001
FILLER_0_21_137,VGND,li1,71.3000,70.7200,0.000001
FILLER_0_21_125,VGND,li1,65.7800,70.7200,0.000002
FILLER_0_21_113,VGND,li1,60.2600,70.7200,0.000003
FILLER_0_21_110,VGND,li1,56.5800,70.7200,0.000004
FILLER_0_21_102,VGND,li1,52.6700,70.7200,0.000004
FILLER_0_21_93,VGND,li1,48.7600,70.7200,0.000004
FILLER_0_21_81,VGND,li1,44.6200,70.7200,0.000004
FILLER_0_21_69,VGND,li1,40.0200,70.7200,0.000004
FILLER_0_21_53,VGND,li1,30.5900,70.7200,0.000004
FILLER_0_21_39,VGND,li1,25.3000,70.7200,0.000003
FILLER_0_21_27,VGND,li1,20.7000,70.7200,0.000003
FILLER_0_21_15,VGND,li1,15.1800,70.7200,0.000003
FILLER_0_21_3,VGND,li1,9.6600,70.7200,0.000003
FILLER_0_20_141,VGND,li1,73.1400,65.2800,0.000000
FILLER_0_20_139,VGND,li1,69.6900,65.2800,0.000000
FILLER_0_20_133,VGND,li1,68.0800,65.2800,0.000000
FILLER_0_20_121,VGND,li1,63.9400,65.2800,0.000000
FILLER_0_20_109,VGND,li1,58.4200,65.2800,0.000000
FILLER_0_20_97,VGND,li1,52.9000,65.2800,0.000000
FILLER_0_20_85,VGND,li1,47.3800,65.2800,0.000000
FILLER_0_20_83,VGND,li1,43.9300,65.2800,0.000000
FILLER_0_20_77,VGND,li1,42.3200,65.2800,0.000000
FILLER_0_20_65,VGND,li1,38.1800,65.2800,0.000000
FILLER_0_20_53,VGND,li1,32.6600,65.2800,0.000000
FILLER_0_20_41,VGND,li1,27.1400,65.2800,0.000001
FILLER_0_20_29,VGND,li1,21.6200,65.2800,0.000001
FILLER_0_20_15,VGND,li1,13.1100,65.2800,0.000001
FILLER_0_20_3,VGND,li1,9.6600,65.2800,0.000001
FILLER_0_19_149,VGND,li1,74.9800,65.2800,0.000000
FILLER_0_19_137,VGND,li1,71.3000,65.2800,0.000000
FILLER_0_19_125,VGND,li1,65.7800,65.2800,0.000000
FILLER_0_19_113,VGND,li1,60.2600,65.2800,0.000000
FILLER_0_19_111,VGND,li1,56.8100,65.2800,0.000000
FILLER_0_19_105,VGND,li1,55.2000,65.2800,0.000000
FILLER_0_19_93,VGND,li1,51.0600,65.2800,0.000000
FILLER_0_19_81,VGND,li1,45.5400,65.2800,0.000000
FILLER_0_19_69,VGND,li1,40.0200,65.2800,0.000000
FILLER_0_19_57,VGND,li1,34.5000,65.2800,0.000000
FILLER_0_19_53,VGND,li1,30.5900,65.2800,0.000000
FILLER_0_19_45,VGND,li1,28.0600,65.2800,0.000001
FILLER_0_19_33,VGND,li1,23.4600,65.2800,0.000001
FILLER_0_19_21,VGND,li1,17.9400,65.2800,0.000001
FILLER_0_19_14,VGND,li1,12.1900,65.2800,0.000001
FILLER_0_19_6,VGND,li1,10.1200,65.2800,0.000001
FILLER_0_18_141,VGND,li1,73.1400,59.8400,0.000001
FILLER_0_18_139,VGND,li1,69.6900,59.8400,0.000001
FILLER_0_18_133,VGND,li1,68.0800,59.8400,0.000001
FILLER_0_18_121,VGND,li1,63.9400,59.8400,0.000001
FILLER_0_18_109,VGND,li1,58.4200,59.8400,0.000001
FILLER_0_18_97,VGND,li1,52.9000,59.8400,0.000001
FILLER_0_18_85,VGND,li1,47.3800,59.8400,0.000002
FILLER_0_18_83,VGND,li1,43.9300,59.8400,0.000002
FILLER_0_18_77,VGND,li1,42.3200,59.8400,0.000002
FILLER_0_18_65,VGND,li1,38.1800,59.8400,0.000002
FILLER_0_18_49,VGND,li1,28.7500,59.8400,0.000003
FILLER_0_18_41,VGND,li1,26.2200,59.8400,0.000004
FILLER_0_18_29,VGND,li1,21.6200,59.8400,0.000003
FILLER_0_18_19,VGND,li1,14.4900,59.8400,0.000004
FILLER_0_18_11,VGND,li1,10.8100,59.8400,0.000004
FILLER_0_18_3,VGND,li1,8.7400,59.8400,0.000004
FILLER_0_17_149,VGND,li1,74.2900,59.8400,0.000001
FILLER_0_17_137,VGND,li1,71.3000,59.8400,0.000001
FILLER_0_17_125,VGND,li1,65.7800,59.8400,0.000001
FILLER_0_17_113,VGND,li1,60.2600,59.8400,0.000001
FILLER_0_17_109,VGND,li1,56.3500,59.8400,0.000001
FILLER_0_17_97,VGND,li1,52.9000,59.8400,0.000001
FILLER_0_17_85,VGND,li1,47.3800,59.8400,0.000002
FILLER_0_17_76,VGND,li1,40.9400,59.8400,0.000002
FILLER_0_17_57,VGND,li1,31.9700,59.8400,0.000003
FILLER_0_17_50,VGND,li1,29.9000,59.8400,0.000003
FILLER_0_17_43,VGND,li1,25.9900,59.8400,0.000004
FILLER_0_17_37,VGND,li1,22.7700,59.8400,0.000003
FILLER_0_17_31,VGND,li1,21.1600,59.8400,0.000003
FILLER_0_17_6,VGND,li1,11.0400,59.8400,0.000004
FILLER_0_16_149,VGND,li1,74.2900,54.4000,0.000006
FILLER_0_16_141,VGND,li1,72.2200,54.4000,0.000005
FILLER_0_16_132,VGND,li1,68.0800,54.4000,0.000005
FILLER_0_16_117,VGND,li1,59.5700,54.4000,0.000005
FILLER_0_16_109,VGND,li1,55.8900,54.4000,0.000004
FILLER_0_16_98,VGND,li1,50.8300,54.4000,0.000004
FILLER_0_16_85,VGND,li1,45.5400,54.4000,0.000005
FILLER_0_16_83,VGND,li1,43.9300,54.4000,0.000005
FILLER_0_16_62,VGND,li1,34.2700,54.4000,0.000005
FILLER_0_16_55,VGND,li1,31.5100,54.4000,0.000005
FILLER_0_16_47,VGND,li1,28.9800,54.4000,0.000005
FILLER_0_16_35,VGND,li1,24.3800,54.4000,0.000005
FILLER_0_16_25,VGND,li1,17.7100,54.4000,0.000006
FILLER_0_16_14,VGND,li1,12.6500,54.4000,0.000008
FILLER_0_16_6,VGND,li1,10.1200,54.4000,0.000009
FILLER_0_15_147,VGND,li1,73.6000,54.4000,0.000005
FILLER_0_15_135,VGND,li1,70.3800,54.4000,0.000005
FILLER_0_15_113,VGND,li1,58.1900,54.4000,0.000005
FILLER_0_15_111,VGND,li1,56.8100,54.4000,0.000005
FILLER_0_15_105,VGND,li1,55.2000,54.4000,0.000004
FILLER_0_15_98,VGND,li1,50.8300,54.4000,0.000004
FILLER_0_15_86,VGND,li1,47.8400,54.4000,0.000004
FILLER_0_15_70,VGND,li1,39.5600,54.4000,0.000005
FILLER_0_15_65,VGND,li1,35.8800,54.4000,0.000004
FILLER_0_15_61,VGND,li1,33.8100,54.4000,0.000005
FILLER_0_15_57,VGND,li1,32.6600,54.4000,0.000005
FILLER_0_15_54,VGND,li1,30.8200,54.4000,0.000005
FILLER_0_15_46,VGND,li1,28.5200,54.4000,0.000005
FILLER_0_15_19,VGND,li1,14.7200,54.4000,0.000007
FILLER_0_15_7,VGND,li1,11.5000,54.4000,0.000009
FILLER_0_14_141,VGND,li1,73.1400,48.9600,0.000001
FILLER_0_14_139,VGND,li1,69.6900,48.9600,0.000001
FILLER_0_14_135,VGND,li1,68.5400,48.9600,0.000001
FILLER_0_14_127,VGND,li1,64.1700,48.9600,0.000001
FILLER_0_14_121,VGND,li1,62.5600,48.9600,0.000001
FILLER_0_14_109,VGND,li1,58.4200,48.9600,0.000001
FILLER_0_14_97,VGND,li1,52.9000,48.9600,0.000001
FILLER_0_14_85,VGND,li1,47.3800,48.9600,0.000001
FILLER_0_14_83,VGND,li1,43.9300,48.9600,0.000001
FILLER_0_14_79,VGND,li1,42.7800,48.9600,0.000001
FILLER_0_14_74,VGND,li1,39.7900,48.9600,0.000001
FILLER_0_14_68,VGND,li1,38.1800,48.9600,0.000001
FILLER_0_14_56,VGND,li1,34.0400,48.9600,0.000002
FILLER_0_14_44,VGND,li1,28.5200,48.9600,0.000002
FILLER_0_14_18,VGND,li1,14.4900,48.9600,0.000002
FILLER_0_14_6,VGND,li1,11.0400,48.9600,0.000002
FILLER_0_13_152,VGND,li1,75.6700,48.9600,0.000001
FILLER_0_13_146,VGND,li1,74.0600,48.9600,0.000001
FILLER_0_13_131,VGND,li1,66.0100,48.9600,0.000001
FILLER_0_13_125,VGND,li1,64.4000,48.9600,0.000001
FILLER_0_13_113,VGND,li1,60.2600,48.9600,0.000001
FILLER_0_13_110,VGND,li1,56.5800,48.9600,0.000001
FILLER_0_13_102,VGND,li1,54.2800,48.9600,0.000001
FILLER_0_13_90,VGND,li1,49.6800,48.9600,0.000001
FILLER_0_13_78,VGND,li1,44.1600,48.9600,0.000001
FILLER_0_13_66,VGND,li1,38.6400,48.9600,0.000001
FILLER_0_13_61,VGND,li1,33.8100,48.9600,0.000002
FILLER_0_13_57,VGND,li1,32.6600,48.9600,0.000002
FILLER_0_13_55,VGND,li1,31.0500,48.9600,0.000002
FILLER_0_13_51,VGND,li1,29.9000,48.9600,0.000002
FILLER_0_13_39,VGND,li1,26.2200,48.9600,0.000002
FILLER_0_13_27,VGND,li1,20.7000,48.9600,0.000002
FILLER_0_13_15,VGND,li1,15.1800,48.9600,0.000002
FILLER_0_13_3,VGND,li1,9.6600,48.9600,0.000002
FILLER_0_12_148,VGND,li1,73.8300,43.5200,0.000007
FILLER_0_12_144,VGND,li1,72.6800,43.5200,0.000007
FILLER_0_12_138,VGND,li1,69.4600,43.5200,0.000006
FILLER_0_12_130,VGND,li1,67.1600,43.5200,0.000006
FILLER_0_12_118,VGND,li1,62.5600,43.5200,0.000006
FILLER_0_12_112,VGND,li1,57.5000,43.5200,0.000005
FILLER_0_12_107,VGND,li1,54.9700,43.5200,0.000004
FILLER_0_12_101,VGND,li1,53.3600,43.5200,0.000004
FILLER_0_12_89,VGND,li1,49.2200,43.5200,0.000004
FILLER_0_12_83,VGND,li1,43.9300,43.5200,0.000004
FILLER_0_12_71,VGND,li1,40.9400,43.5200,0.000004
FILLER_0_12_59,VGND,li1,35.4200,43.5200,0.000004
FILLER_0_12_47,VGND,li1,29.9000,43.5200,0.000004
FILLER_0_12_37,VGND,li1,23.0000,43.5200,0.000005
FILLER_0_12_29,VGND,li1,20.7000,43.5200,0.000005
FILLER_0_12_26,VGND,li1,17.9400,43.5200,0.000006
FILLER_0_12_18,VGND,li1,15.6400,43.5200,0.000007
FILLER_0_12_6,VGND,li1,11.0400,43.5200,0.000009
FILLER_0_11_141,VGND,li1,70.8400,43.5200,0.000006
FILLER_0_11_137,VGND,li1,69.0000,43.5200,0.000006
FILLER_0_11_103,VGND,li1,53.5900,43.5200,0.000004
FILLER_0_11_91,VGND,li1,50.1400,43.5200,0.000004
FILLER_0_11_73,VGND,li1,39.7900,43.5200,0.000004
FILLER_0_11_65,VGND,li1,37.2600,43.5200,0.000004
FILLER_0_11_57,VGND,li1,32.6600,43.5200,0.000004
FILLER_0_11_52,VGND,li1,30.3600,43.5200,0.000004
FILLER_0_11_37,VGND,li1,22.7700,43.5200,0.000005
FILLER_0_11_29,VGND,li1,20.7000,43.5200,0.000005
FILLER_0_11_7,VGND,li1,9.6600,43.5200,0.000009
FILLER_0_10_148,VGND,li1,73.8300,38.0800,0.000003
FILLER_0_10_134,VGND,li1,68.5400,38.0800,0.000003
FILLER_0_10_121,VGND,li1,63.0200,38.0800,0.000003
FILLER_0_10_113,VGND,li1,57.7300,38.0800,0.000003
FILLER_0_10_109,VGND,li1,56.5800,38.0800,0.000003
FILLER_0_10_97,VGND,li1,52.9000,38.0800,0.000003
FILLER_0_10_85,VGND,li1,47.3800,38.0800,0.000003
FILLER_0_10_81,VGND,li1,43.4700,38.0800,0.000004
FILLER_0_10_72,VGND,li1,39.3300,38.0800,0.000004
FILLER_0_10_46,VGND,li1,27.3700,38.0800,0.000004
FILLER_0_10_38,VGND,li1,24.8400,38.0800,0.000004
FILLER_0_10_27,VGND,li1,18.1700,38.0800,0.000005
FILLER_0_10_6,VGND,li1,8.5100,38.0800,0.000007
FILLER_0_9_152,VGND,li1,75.6700,38.0800,0.000003
FILLER_0_9_144,VGND,li1,73.6000,38.0800,0.000003
FILLER_0_9_135,VGND,li1,69.0000,38.0800,0.000003
FILLER_0_9_123,VGND,li1,64.8600,38.0800,0.000003
FILLER_0_9_119,VGND,li1,60.4900,38.0800,0.000003
FILLER_0_9_113,VGND,li1,58.8800,38.0800,0.000003
FILLER_0_9_106,VGND,li1,55.6600,38.0800,0.000003
FILLER_0_9_101,VGND,li1,52.2100,38.0800,0.000003
FILLER_0_9_89,VGND,li1,49.2200,38.0800,0.000003
FILLER_0_9_69,VGND,li1,37.9500,38.0800,0.000004
FILLER_0_9_57,VGND,li1,34.5000,38.0800,0.000004
FILLER_0_9_53,VGND,li1,30.5900,38.0800,0.000004
FILLER_0_9_41,VGND,li1,27.1400,38.0800,0.000004
FILLER_0_9_29,VGND,li1,21.6200,38.0800,0.000005
FILLER_0_9_15,VGND,li1,12.8800,38.0800,0.000006
FILLER_0_9_7,VGND,li1,10.5800,38.0800,0.000007
FILLER_0_8_141,VGND,li1,73.1400,32.6400,0.000001
FILLER_0_8_139,VGND,li1,69.6900,32.6400,0.000002
FILLER_0_8_133,VGND,li1,68.0800,32.6400,0.000002
FILLER_0_8_115,VGND,li1,61.1800,32.6400,0.000002
FILLER_0_8_103,VGND,li1,55.6600,32.6400,0.000002
FILLER_0_8_91,VGND,li1,50.1400,32.6400,0.000002
FILLER_0_8_83,VGND,li1,43.9300,32.6400,0.000003
FILLER_0_8_77,VGND,li1,42.3200,32.6400,0.000004
FILLER_0_8_65,VGND,li1,38.1800,32.6400,0.000003
FILLER_0_8_53,VGND,li1,32.6600,32.6400,0.000004
FILLER_0_8_41,VGND,li1,27.1400,32.6400,0.000005
FILLER_0_8_29,VGND,li1,21.6200,32.6400,0.000005
FILLER_0_8_27,VGND,li1,18.1700,32.6400,0.000005
FILLER_0_8_15,VGND,li1,15.1800,32.6400,0.000007
FILLER_0_8_3,VGND,li1,9.6600,32.6400,0.000009
FILLER_0_7_151,VGND,li1,75.4400,32.6400,0.000001
FILLER_0_7_139,VGND,li1,72.2200,32.6400,0.000001
FILLER_0_7_125,VGND,li1,63.4800,32.6400,0.000002
FILLER_0_7_113,VGND,li1,60.2600,32.6400,0.000002
FILLER_0_7_110,VGND,li1,56.5800,32.6400,0.000002
FILLER_0_7_98,VGND,li1,53.3600,32.6400,0.000002
FILLER_0_7_86,VGND,li1,47.8400,32.6400,0.000003
FILLER_0_7_69,VGND,li1,39.1000,32.6400,0.000003
FILLER_0_7_57,VGND,li1,34.5000,32.6400,0.000003
FILLER_0_7_55,VGND,li1,31.0500,32.6400,0.000004
FILLER_0_7_47,VGND,li1,28.9800,32.6400,0.000004
FILLER_0_7_39,VGND,li1,23.6900,32.6400,0.000005
FILLER_0_7_7,VGND,li1,11.5000,32.6400,0.000008
FILLER_0_6_141,VGND,li1,72.2200,27.2000,0.000007
FILLER_0_6_138,VGND,li1,69.4600,27.2000,0.000006
FILLER_0_6_126,VGND,li1,63.9400,27.2000,0.000007
FILLER_0_6_105,VGND,li1,56.5800,27.2000,0.000005
FILLER_0_6_93,VGND,li1,51.0600,27.2000,0.000005
FILLER_0_6_88,VGND,li1,46.2300,27.2000,0.000005
FILLER_0_6_83,VGND,li1,43.9300,27.2000,0.000005
FILLER_0_6_75,VGND,li1,40.2500,27.2000,0.000004
FILLER_0_6_69,VGND,li1,38.6400,27.2000,0.000004
FILLER_0_6_47,VGND,li1,27.3700,27.2000,0.000003
FILLER_0_6_41,VGND,li1,25.7600,27.2000,0.000003
FILLER_0_6_29,VGND,li1,21.6200,27.2000,0.000003
FILLER_0_6_25,VGND,li1,17.7100,27.2000,0.000002
FILLER_0_6_3,VGND,li1,8.7400,27.2000,0.000003
FILLER_0_5_151,VGND,li1,75.4400,27.2000,0.000008
FILLER_0_5_143,VGND,li1,73.1400,27.2000,0.000007
FILLER_0_5_131,VGND,li1,68.5400,27.2000,0.000006
FILLER_0_5_110,VGND,li1,56.5800,27.2000,0.000005
FILLER_0_5_98,VGND,li1,53.3600,27.2000,0.000005
FILLER_0_5_81,VGND,li1,43.4700,27.2000,0.000005
FILLER_0_5_69,VGND,li1,40.0200,27.2000,0.000004
FILLER_0_5_57,VGND,li1,34.5000,27.2000,0.000003
FILLER_0_5_55,VGND,li1,31.0500,27.2000,0.000003
FILLER_0_5_39,VGND,li1,26.2200,27.2000,0.000003
FILLER_0_5_27,VGND,li1,20.7000,27.2000,0.000003
FILLER_0_5_15,VGND,li1,15.1800,27.2000,0.000003
FILLER_0_5_3,VGND,li1,9.6600,27.2000,0.000003
FILLER_0_4_141,VGND,li1,70.8400,21.7600,0.000002
FILLER_0_4_138,VGND,li1,69.4600,21.7600,0.000002
FILLER_0_4_130,VGND,li1,67.1600,21.7600,0.000002
FILLER_0_4_121,VGND,li1,61.4100,21.7600,0.000003
FILLER_0_4_109,VGND,li1,58.4200,21.7600,0.000003
FILLER_0_4_97,VGND,li1,52.9000,21.7600,0.000002
FILLER_0_4_85,VGND,li1,47.3800,21.7600,0.000003
FILLER_0_4_81,VGND,li1,43.4700,21.7600,0.000003
FILLER_0_4_69,VGND,li1,40.0200,21.7600,0.000003
FILLER_0_4_57,VGND,li1,34.5000,21.7600,0.000003
FILLER_0_4_49,VGND,li1,28.7500,21.7600,0.000003
FILLER_0_4_41,VGND,li1,26.2200,21.7600,0.000002
FILLER_0_4_29,VGND,li1,21.6200,21.7600,0.000002
FILLER_0_4_27,VGND,li1,18.1700,21.7600,0.000001
FILLER_0_4_15,VGND,li1,15.1800,21.7600,0.000001
FILLER_0_4_3,VGND,li1,9.6600,21.7600,0.000001
FILLER_0_3_149,VGND,li1,74.9800,21.7600,0.000002
FILLER_0_3_137,VGND,li1,71.3000,21.7600,0.000002
FILLER_0_3_125,VGND,li1,65.7800,21.7600,0.000002
FILLER_0_3_111,VGND,li1,56.8100,21.7600,0.000002
FILLER_0_3_107,VGND,li1,55.6600,21.7600,0.000002
FILLER_0_3_96,VGND,li1,50.6000,21.7600,0.000002
FILLER_0_3_75,VGND,li1,40.7100,21.7600,0.000003
FILLER_0_3_67,VGND,li1,38.1800,21.7600,0.000003
FILLER_0_3_39,VGND,li1,26.2200,21.7600,0.000002
FILLER_0_3_27,VGND,li1,20.7000,21.7600,0.000002
FILLER_0_3_15,VGND,li1,15.1800,21.7600,0.000001
FILLER_0_3_3,VGND,li1,9.6600,21.7600,0.000001
FILLER_0_2_141,VGND,li1,73.1400,16.3200,0.000001
FILLER_0_2_138,VGND,li1,69.4600,16.3200,0.000001
FILLER_0_2_130,VGND,li1,67.1600,16.3200,0.000001
FILLER_0_2_118,VGND,li1,62.5600,16.3200,0.000001
FILLER_0_2_96,VGND,li1,50.1400,16.3200,0.000002
FILLER_0_2_83,VGND,li1,43.9300,16.3200,0.000003
FILLER_0_2_74,VGND,li1,40.0200,16.3200,0.000003
FILLER_0_2_41,VGND,li1,24.8400,16.3200,0.000003
FILLER_0_2_29,VGND,li1,21.6200,16.3200,0.000002
FILLER_0_2_27,VGND,li1,18.1700,16.3200,0.000002
FILLER_0_2_15,VGND,li1,15.1800,16.3200,0.000002
FILLER_0_2_3,VGND,li1,9.6600,16.3200,0.000002
FILLER_0_1_149,VGND,li1,74.9800,16.3200,0.000001
FILLER_0_1_137,VGND,li1,71.3000,16.3200,0.000001
FILLER_0_1_125,VGND,li1,65.7800,16.3200,0.000001
FILLER_0_1_113,VGND,li1,60.2600,16.3200,0.000001
FILLER_0_1_104,VGND,li1,55.2000,16.3200,0.000002
FILLER_0_1_92,VGND,li1,50.6000,16.3200,0.000002
FILLER_0_1_80,VGND,li1,45.0800,16.3200,0.000003
FILLER_0_1_68,VGND,li1,39.5600,16.3200,0.000003
FILLER_0_1_47,VGND,li1,27.6000,16.3200,0.000003
FILLER_0_1_39,VGND,li1,25.3000,16.3200,0.000003
FILLER_0_1_27,VGND,li1,20.7000,16.3200,0.000002
FILLER_0_1_15,VGND,li1,15.1800,16.3200,0.000002
FILLER_0_1_3,VGND,li1,9.6600,16.3200,0.000002
FILLER_0_0_141,VGND,li1,73.1400,10.8800,0.000002
FILLER_0_0_139,VGND,li1,69.6900,10.8800,0.000002
FILLER_0_0_135,VGND,li1,68.5400,10.8800,0.000002
FILLER_0_0_123,VGND,li1,64.8600,10.8800,0.000003
FILLER_0_0_111,VGND,li1,56.8100,10.8800,0.000004
FILLER_0_0_105,VGND,li1,55.2000,10.8800,0.000004
FILLER_0_0_85,VGND,li1,45.0800,10.8800,0.000004
FILLER_0_0_83,VGND,li1,43.9300,10.8800,0.000004
FILLER_0_0_75,VGND,li1,41.8600,10.8800,0.000004
FILLER_0_0_63,VGND,li1,37.2600,10.8800,0.000003
FILLER_0_0_57,VGND,li1,32.2000,10.8800,0.000003
FILLER_0_0_55,VGND,li1,31.0500,10.8800,0.000003
FILLER_0_0_41,VGND,li1,24.6100,10.8800,0.000002
FILLER_0_0_29,VGND,li1,21.6200,10.8800,0.000002
FILLER_0_0_27,VGND,li1,18.1700,10.8800,0.000001
FILLER_0_0_15,VGND,li1,15.1800,10.8800,0.000001
FILLER_0_0_3,VGND,li1,9.6600,10.8800,0.000001
ANTENNA_1,VGND,li1,69.9200,43.5200,0.000006
output27,VGND,li1,74.9800,54.4000,0.000006
output26,VGND,li1,74.9800,43.5200,0.000008
output25,VGND,li1,74.9800,27.2000,0.000008
output24,VGND,li1,51.0600,10.8800,0.000005
output23,VGND,li1,46.0000,81.6000,0.000004
output22,VGND,li1,7.8200,32.6400,0.000010
output21,VGND,li1,7.8200,54.4000,0.000010
output20,VGND,li1,7.8200,43.5200,0.000010
input19,VGND,li1,33.5800,10.8800,0.000003
input18,VGND,li1,28.5200,10.8800,0.000003
input17,VGND,li1,25.5300,10.8800,0.000002
input16,VGND,li1,75.2100,59.8400,0.000001
input15,VGND,li1,73.6000,43.5200,0.000007
input14,VGND,li1,59.8000,10.8800,0.000004
input13,VGND,li1,52.9000,10.8800,0.000004
input12,VGND,li1,7.5900,38.0800,0.000008
input11,VGND,li1,7.5900,48.9600,0.000002
input10,VGND,li1,7.5900,65.2800,0.000001
input9,VGND,li1,7.8200,38.0800,0.000008
input8,VGND,li1,75.2100,54.4000,0.000006
input7,VGND,li1,74.9800,38.0800,0.000003
input6,VGND,li1,73.6000,21.7600,0.000002
input5,VGND,li1,47.8400,10.8800,0.000005
input4,VGND,li1,7.5900,59.8400,0.000004
input3,VGND,li1,7.5900,54.4000,0.000010
input2,VGND,li1,7.8200,70.7200,0.000004
input1,VGND,li1,7.5900,43.5200,0.000010
TAP_TAPCELL_ROW_25_121,VGND,li1,70.1500,81.3080,0.000001
TAP_TAPCELL_ROW_25_120,VGND,li1,57.2700,81.3080,0.000002
TAP_TAPCELL_ROW_25_119,VGND,li1,44.3900,81.3080,0.000003
TAP_TAPCELL_ROW_25_118,VGND,li1,31.5100,81.3080,0.000001
TAP_TAPCELL_ROW_25_117,VGND,li1,18.6300,81.3080,0.000001
TAP_TAPCELL_ROW_24_116,VGND,li1,70.1500,76.4510,0.000000
TAP_TAPCELL_ROW_24_115,VGND,li1,44.3900,76.4510,0.000002
TAP_TAPCELL_ROW_24_114,VGND,li1,18.6300,76.4510,0.000001
TAP_TAPCELL_ROW_23_113,VGND,li1,57.2700,75.8680,0.000001
TAP_TAPCELL_ROW_23_112,VGND,li1,31.5100,75.8680,0.000002
TAP_TAPCELL_ROW_22_111,VGND,li1,70.1500,71.0110,0.000002
TAP_TAPCELL_ROW_22_110,VGND,li1,44.3900,71.0110,0.000004
TAP_TAPCELL_ROW_22_109,VGND,li1,18.6300,71.0110,0.000002
TAP_TAPCELL_ROW_21_108,VGND,li1,57.2700,70.4280,0.000004
TAP_TAPCELL_ROW_21_107,VGND,li1,31.5100,70.4280,0.000004
TAP_TAPCELL_ROW_20_106,VGND,li1,70.1500,65.5710,0.000000
TAP_TAPCELL_ROW_20_105,VGND,li1,44.3900,65.5710,0.000000
TAP_TAPCELL_ROW_20_104,VGND,li1,18.6300,65.5710,0.000001
TAP_TAPCELL_ROW_19_103,VGND,li1,57.2700,64.9880,0.000000
TAP_TAPCELL_ROW_19_102,VGND,li1,31.5100,64.9880,0.000000
TAP_TAPCELL_ROW_18_101,VGND,li1,70.1500,60.1310,0.000001
TAP_TAPCELL_ROW_18_100,VGND,li1,44.3900,60.1310,0.000002
TAP_TAPCELL_ROW_18_99,VGND,li1,18.6300,60.1310,0.000003
TAP_TAPCELL_ROW_17_98,VGND,li1,57.2700,59.5480,0.000001
TAP_TAPCELL_ROW_17_97,VGND,li1,31.5100,59.5480,0.000003
TAP_TAPCELL_ROW_16_96,VGND,li1,70.1500,54.6910,0.000005
TAP_TAPCELL_ROW_16_95,VGND,li1,44.3900,54.6910,0.000005
TAP_TAPCELL_ROW_16_94,VGND,li1,18.6300,54.6910,0.000006
TAP_TAPCELL_ROW_15_93,VGND,li1,57.2700,54.1080,0.000005
TAP_TAPCELL_ROW_15_92,VGND,li1,31.5100,54.1080,0.000005
TAP_TAPCELL_ROW_14_91,VGND,li1,70.1500,49.2510,0.000001
TAP_TAPCELL_ROW_14_90,VGND,li1,44.3900,49.2510,0.000001
TAP_TAPCELL_ROW_14_89,VGND,li1,18.6300,49.2510,0.000001
TAP_TAPCELL_ROW_13_88,VGND,li1,57.2700,48.6680,0.000001
TAP_TAPCELL_ROW_13_87,VGND,li1,31.5100,48.6680,0.000002
TAP_TAPCELL_ROW_12_86,VGND,li1,70.1500,43.8110,0.000006
TAP_TAPCELL_ROW_12_85,VGND,li1,44.3900,43.8110,0.000004
TAP_TAPCELL_ROW_12_84,VGND,li1,18.6300,43.8110,0.000006
TAP_TAPCELL_ROW_11_83,VGND,li1,57.2700,43.2280,0.000004
TAP_TAPCELL_ROW_11_82,VGND,li1,31.5100,43.2280,0.000004
TAP_TAPCELL_ROW_10_81,VGND,li1,70.1500,38.3710,0.000003
TAP_TAPCELL_ROW_10_80,VGND,li1,44.3900,38.3710,0.000004
TAP_TAPCELL_ROW_10_79,VGND,li1,18.6300,38.3710,0.000005
TAP_TAPCELL_ROW_9_78,VGND,li1,57.2700,37.7880,0.000003
TAP_TAPCELL_ROW_9_77,VGND,li1,31.5100,37.7880,0.000004
TAP_TAPCELL_ROW_8_76,VGND,li1,70.1500,32.9310,0.000001
TAP_TAPCELL_ROW_8_75,VGND,li1,44.3900,32.9310,0.000003
TAP_TAPCELL_ROW_8_74,VGND,li1,18.6300,32.9310,0.000005
TAP_TAPCELL_ROW_7_73,VGND,li1,57.2700,32.3480,0.000002
TAP_TAPCELL_ROW_7_72,VGND,li1,31.5100,32.3480,0.000004
TAP_TAPCELL_ROW_6_71,VGND,li1,70.1500,27.4910,0.000006
TAP_TAPCELL_ROW_6_70,VGND,li1,44.3900,27.4910,0.000005
TAP_TAPCELL_ROW_6_69,VGND,li1,18.6300,27.4910,0.000002
TAP_TAPCELL_ROW_5_68,VGND,li1,57.2700,26.9080,0.000005
TAP_TAPCELL_ROW_5_67,VGND,li1,31.5100,26.9080,0.000003
TAP_TAPCELL_ROW_4_66,VGND,li1,70.1500,22.0510,0.000002
TAP_TAPCELL_ROW_4_65,VGND,li1,44.3900,22.0510,0.000003
TAP_TAPCELL_ROW_4_64,VGND,li1,18.6300,22.0510,0.000001
TAP_TAPCELL_ROW_3_63,VGND,li1,57.2700,21.4680,0.000002
TAP_TAPCELL_ROW_3_62,VGND,li1,31.5100,21.4680,0.000003
TAP_TAPCELL_ROW_2_61,VGND,li1,70.1500,16.6110,0.000001
TAP_TAPCELL_ROW_2_60,VGND,li1,44.3900,16.6110,0.000003
TAP_TAPCELL_ROW_2_59,VGND,li1,18.6300,16.6110,0.000002
TAP_TAPCELL_ROW_1_58,VGND,li1,57.2700,16.0280,0.000002
TAP_TAPCELL_ROW_1_57,VGND,li1,31.5100,16.0280,0.000003
TAP_TAPCELL_ROW_0_56,VGND,li1,70.1500,11.1710,0.000002
TAP_TAPCELL_ROW_0_55,VGND,li1,57.2700,11.1710,0.000004
TAP_TAPCELL_ROW_0_54,VGND,li1,44.3900,11.1710,0.000004
TAP_TAPCELL_ROW_0_53,VGND,li1,31.5100,11.1710,0.000003
TAP_TAPCELL_ROW_0_52,VGND,li1,18.6300,11.1710,0.000001
PHY_EDGE_ROW_25_Left_51,VGND,li1,6.2100,81.6000,0.000001
PHY_EDGE_ROW_24_Left_50,VGND,li1,6.2100,76.1600,0.000001
PHY_EDGE_ROW_23_Left_49,VGND,li1,6.2100,76.1600,0.000001
PHY_EDGE_ROW_22_Left_48,VGND,li1,6.2100,70.7200,0.000004
PHY_EDGE_ROW_21_Left_47,VGND,li1,6.2100,70.7200,0.000004
PHY_EDGE_ROW_20_Left_46,VGND,li1,6.2100,65.2800,0.000001
PHY_EDGE_ROW_19_Left_45,VGND,li1,6.2100,65.2800,0.000001
PHY_EDGE_ROW_18_Left_44,VGND,li1,6.2100,59.8400,0.000004
PHY_EDGE_ROW_17_Left_43,VGND,li1,6.2100,59.8400,0.000004
PHY_EDGE_ROW_16_Left_42,VGND,li1,6.2100,54.4000,0.000010
PHY_EDGE_ROW_15_Left_41,VGND,li1,6.2100,54.4000,0.000010
PHY_EDGE_ROW_14_Left_40,VGND,li1,6.2100,48.9600,0.000002
PHY_EDGE_ROW_13_Left_39,VGND,li1,6.2100,48.9600,0.000002
PHY_EDGE_ROW_12_Left_38,VGND,li1,6.2100,43.5200,0.000010
PHY_EDGE_ROW_11_Left_37,VGND,li1,6.2100,43.5200,0.000010
PHY_EDGE_ROW_10_Left_36,VGND,li1,6.2100,38.0800,0.000008
PHY_EDGE_ROW_9_Left_35,VGND,li1,6.2100,38.0800,0.000008
PHY_EDGE_ROW_8_Left_34,VGND,li1,6.2100,32.6400,0.000010
PHY_EDGE_ROW_7_Left_33,VGND,li1,6.2100,32.6400,0.000010
PHY_EDGE_ROW_6_Left_32,VGND,li1,6.2100,27.2000,0.000003
PHY_EDGE_ROW_5_Left_31,VGND,li1,6.2100,27.2000,0.000003
PHY_EDGE_ROW_4_Left_30,VGND,li1,6.2100,21.7600,0.000001
PHY_EDGE_ROW_3_Left_29,VGND,li1,6.2100,21.7600,0.000001
PHY_EDGE_ROW_2_Left_28,VGND,li1,6.2100,16.3200,0.000002
PHY_EDGE_ROW_1_Left_27,VGND,li1,6.2100,16.3200,0.000002
PHY_EDGE_ROW_0_Left_26,VGND,li1,6.2100,10.8800,0.000001
PHY_EDGE_ROW_25_Right_25,VGND,li1,76.5900,81.6000,0.000001
PHY_EDGE_ROW_24_Right_24,VGND,li1,76.5900,76.1600,0.000000
PHY_EDGE_ROW_23_Right_23,VGND,li1,76.5900,76.1600,0.000000
PHY_EDGE_ROW_22_Right_22,VGND,li1,76.5900,70.7200,0.000001
PHY_EDGE_ROW_21_Right_21,VGND,li1,76.5900,70.7200,0.000001
PHY_EDGE_ROW_20_Right_20,VGND,li1,76.5900,65.2800,0.000000
PHY_EDGE_ROW_19_Right_19,VGND,li1,76.5900,65.2800,0.000000
PHY_EDGE_ROW_18_Right_18,VGND,li1,76.5900,59.8400,0.000001
PHY_EDGE_ROW_17_Right_17,VGND,li1,76.5900,59.8400,0.000001
PHY_EDGE_ROW_16_Right_16,VGND,li1,76.5900,54.4000,0.000006
PHY_EDGE_ROW_15_Right_15,VGND,li1,76.5900,54.4000,0.000006
PHY_EDGE_ROW_14_Right_14,VGND,li1,76.5900,48.9600,0.000001
PHY_EDGE_ROW_13_Right_13,VGND,li1,76.5900,48.9600,0.000001
PHY_EDGE_ROW_12_Right_12,VGND,li1,76.5900,43.5200,0.000008
PHY_EDGE_ROW_11_Right_11,VGND,li1,76.5900,43.5200,0.000008
PHY_EDGE_ROW_10_Right_10,VGND,li1,76.5900,38.0800,0.000003
PHY_EDGE_ROW_9_Right_9,VGND,li1,76.5900,38.0800,0.000003
PHY_EDGE_ROW_8_Right_8,VGND,li1,76.5900,32.6400,0.000001
PHY_EDGE_ROW_7_Right_7,VGND,li1,76.5900,32.6400,0.000001
PHY_EDGE_ROW_6_Right_6,VGND,li1,76.5900,27.2000,0.000008
PHY_EDGE_ROW_5_Right_5,VGND,li1,76.5900,27.2000,0.000008
PHY_EDGE_ROW_4_Right_4,VGND,li1,76.5900,21.7600,0.000002
PHY_EDGE_ROW_3_Right_3,VGND,li1,76.5900,21.7600,0.000002
PHY_EDGE_ROW_2_Right_2,VGND,li1,76.5900,16.3200,0.000001
PHY_EDGE_ROW_1_Right_1,VGND,li1,76.5900,16.3200,0.000001
PHY_EDGE_ROW_0_Right_0,VGND,li1,76.5900,10.8800,0.000002
_329_,VGND,li1,48.3000,27.2000,0.000005
_328_,VGND,li1,47.3800,27.2000,0.000005
_327_,VGND,li1,45.7700,27.2000,0.000005
_326_,VGND,li1,45.5400,21.7600,0.000003
_325_,VGND,li1,46.2300,16.3200,0.000003
_324_,VGND,li1,48.7600,16.3200,0.000002
_323_,VGND,li1,45.3100,27.2000,0.000005
_322_,VGND,li1,42.0900,27.2000,0.000005
_321_,VGND,li1,50.8300,70.7200,0.000004
_320_,VGND,li1,40.9400,48.9600,0.000002
_319_,VGND,li1,43.2400,54.4000,0.000005
_318_,VGND,li1,41.4000,38.0800,0.000004
_317_,VGND,li1,42.3200,43.5200,0.000004
_316_,VGND,li1,45.7700,43.5200,0.000004
_315_,VGND,li1,45.5400,43.5200,0.000004
_314_,VGND,li1,43.0100,38.0800,0.000004
_313_,VGND,li1,45.5400,38.0800,0.000004
_312_,VGND,li1,46.0000,32.6400,0.000003
_311_,VGND,li1,38.6400,54.4000,0.000004
_310_,VGND,li1,21.6200,32.6400,0.000005
_309_,VGND,li1,25.5300,32.6400,0.000005
_308_,VGND,li1,29.4400,27.2000,0.000003
_307_,VGND,li1,32.8900,27.2000,0.000003
_306_,VGND,li1,29.9000,27.2000,0.000003
_305_,VGND,li1,15.4100,32.6400,0.000007
_304_,VGND,li1,23.6900,54.4000,0.000005
_303_,VGND,li1,20.2400,54.4000,0.000006
_302_,VGND,li1,20.7000,48.9600,0.000002
_301_,VGND,li1,16.7900,48.9600,0.000001
_300_,VGND,li1,20.0100,38.0800,0.000005
_299_,VGND,li1,15.1800,38.0800,0.000006
_298_,VGND,li1,20.2400,54.4000,0.000006
_297_,VGND,li1,16.7900,54.4000,0.000006
_296_,VGND,li1,16.1000,54.4000,0.000007
_295_,VGND,li1,24.1500,48.9600,0.000002
_294_,VGND,li1,25.9900,54.4000,0.000005
_293_,VGND,li1,17.4800,43.5200,0.000006
_292_,VGND,li1,24.8400,43.5200,0.000005
_291_,VGND,li1,25.3000,43.5200,0.000005
_290_,VGND,li1,28.0600,43.5200,0.000005
_289_,VGND,li1,63.2500,54.4000,0.000005
_288_,VGND,li1,65.5500,54.4000,0.000005
_287_,VGND,li1,57.7300,54.4000,0.000005
_286_,VGND,li1,61.4100,54.4000,0.000005
_285_,VGND,li1,66.9300,54.4000,0.000005
_284_,VGND,li1,60.2600,54.4000,0.000005
_283_,VGND,li1,52.4400,54.4000,0.000004
_282_,VGND,li1,67.3900,48.9600,0.000001
_281_,VGND,li1,69.6900,48.9600,0.000001
_280_,VGND,li1,71.7600,48.9600,0.000001
_279_,VGND,li1,66.0100,48.9600,0.000001
_278_,VGND,li1,55.6600,43.5200,0.000004
_277_,VGND,li1,64.6300,54.4000,0.000005
_276_,VGND,li1,71.0700,43.5200,0.000006
_275_,VGND,li1,67.8500,43.5200,0.000006
_274_,VGND,li1,65.7800,43.5200,0.000006
_273_,VGND,li1,56.1200,43.5200,0.000004
_272_,VGND,li1,59.3400,43.5200,0.000005
_271_,VGND,li1,62.7900,43.5200,0.000006
_270_,VGND,li1,58.8800,43.5200,0.000005
_269_,VGND,li1,52.6700,54.4000,0.000004
_268_,VGND,li1,51.0600,70.7200,0.000004
_267_,VGND,li1,54.9700,54.4000,0.000004
_266_,VGND,li1,49.6800,54.4000,0.000004
_265_,VGND,li1,47.6100,54.4000,0.000004
_264_,VGND,li1,42.7800,54.4000,0.000005
_263_,VGND,li1,66.0100,38.0800,0.000003
_262_,VGND,li1,65.3200,32.6400,0.000002
_261_,VGND,li1,66.0100,27.2000,0.000007
_260_,VGND,li1,66.7000,32.6400,0.000002
_259_,VGND,li1,68.3100,27.2000,0.000006
_258_,VGND,li1,71.0700,38.0800,0.000003
_257_,VGND,li1,71.9900,38.0800,0.000003
_256_,VGND,li1,59.5700,38.0800,0.000003
_255_,VGND,li1,53.1300,21.7600,0.000002
_254_,VGND,li1,60.7200,27.2000,0.000006
_253_,VGND,li1,62.3300,27.2000,0.000007
_252_,VGND,li1,60.2600,27.2000,0.000006
_251_,VGND,li1,61.4100,38.0800,0.000003
_250_,VGND,li1,30.1300,21.7600,0.000003
_249_,VGND,li1,63.2500,27.2000,0.000007
_248_,VGND,li1,43.0100,32.6400,0.000004
_247_,VGND,li1,49.9100,27.2000,0.000005
_246_,VGND,li1,42.5500,21.7600,0.000003
_245_,VGND,li1,40.7100,38.0800,0.000004
_244_,VGND,li1,39.3300,38.0800,0.000004
_243_,VGND,li1,37.0300,38.0800,0.000003
_242_,VGND,li1,29.6700,38.0800,0.000004
_241_,VGND,li1,18.1700,32.6400,0.000005
_240_,VGND,li1,15.4100,27.2000,0.000003
_239_,VGND,li1,15.6400,38.0800,0.000006
_238_,VGND,li1,22.0800,38.0800,0.000005
_237_,VGND,li1,11.2700,43.5200,0.000009
_236_,VGND,li1,11.9600,38.0800,0.000007
_235_,VGND,li1,9.6600,38.0800,0.000007
_234_,VGND,li1,14.9500,43.5200,0.000007
_233_,VGND,li1,35.8800,27.2000,0.000003
_232_,VGND,li1,12.1900,27.2000,0.000003
_231_,VGND,li1,17.9400,38.0800,0.000005
_230_,VGND,li1,48.5300,21.7600,0.000003
_229_,VGND,li1,42.0900,16.3200,0.000003
_228_,VGND,li1,65.0900,27.2000,0.000007
_227_,VGND,li1,64.6300,21.7600,0.000002
_226_,VGND,li1,62.7900,21.7600,0.000003
_225_,VGND,li1,54.9700,16.3200,0.000002
_224_,VGND,li1,51.9800,16.3200,0.000002
_223_,VGND,li1,33.3500,38.0800,0.000004
_222_,VGND,li1,32.2000,16.3200,0.000003
_221_,VGND,li1,58.4200,27.2000,0.000006
_220_,VGND,li1,59.3400,21.7600,0.000003
_219_,VGND,li1,58.1900,16.3200,0.000002
_218_,VGND,li1,62.1000,21.7600,0.000003
_217_,VGND,li1,30.3600,16.3200,0.000003
_216_,VGND,li1,33.3500,16.3200,0.000003
_215_,VGND,li1,35.8800,16.3200,0.000003
_214_,VGND,li1,26.9100,16.3200,0.000003
_213_,VGND,li1,30.5900,21.7600,0.000003
_212_,VGND,li1,28.7500,16.3200,0.000003
_211_,VGND,li1,54.5100,70.7200,0.000004
_210_,VGND,li1,56.5800,70.7200,0.000004
_209_,VGND,li1,47.8400,70.7200,0.000004
_208_,VGND,li1,47.3800,70.7200,0.000004
_207_,VGND,li1,43.0100,59.8400,0.000002
_206_,VGND,li1,37.0300,54.4000,0.000004
_205_,VGND,li1,39.3300,59.8400,0.000002
_204_,VGND,li1,45.7700,70.7200,0.000004
_203_,VGND,li1,53.8200,70.7200,0.000004
_202_,VGND,li1,51.2900,76.1600,0.000001
_201_,VGND,li1,40.7100,54.4000,0.000005
_200_,VGND,li1,36.5700,70.7200,0.000004
_199_,VGND,li1,32.4300,76.1600,0.000002
_198_,VGND,li1,18.1700,59.8400,0.000003
_197_,VGND,li1,12.6500,59.8400,0.000004
_196_,VGND,li1,13.8000,65.2800,0.000001
_195_,VGND,li1,17.7100,59.8400,0.000003
_194_,VGND,li1,48.9900,76.1600,0.000002
_193_,VGND,li1,28.7500,70.7200,0.000004
_192_,VGND,li1,28.5200,70.7200,0.000004
_191_,VGND,li1,26.9100,76.1600,0.000002
_190_,VGND,li1,16.1000,65.2800,0.000001
_189_,VGND,li1,15.8700,59.8400,0.000004
_188_,VGND,li1,15.1800,59.8400,0.000004
_187_,VGND,li1,24.1500,59.8400,0.000003
_186_,VGND,li1,14.2600,54.4000,0.000008
_185_,VGND,li1,29.6700,76.1600,0.000002
_184_,VGND,li1,33.5800,70.7200,0.000004
_183_,VGND,li1,12.8800,43.5200,0.000008
_182_,VGND,li1,43.9300,76.1600,0.000002
_181_,VGND,li1,39.3300,70.7200,0.000004
_180_,VGND,li1,36.3400,70.7200,0.000004
_179_,VGND,li1,34.5000,76.1600,0.000001
_178_,VGND,li1,36.8000,59.8400,0.000002
_177_,VGND,li1,33.8100,59.8400,0.000003
_176_,VGND,li1,37.0300,54.4000,0.000004
_175_,VGND,li1,35.4200,54.4000,0.000004
_174_,VGND,li1,34.7300,54.4000,0.000004
_173_,VGND,li1,33.1200,54.4000,0.000005
_172_,VGND,li1,32.6600,70.7200,0.000004
_171_,VGND,li1,34.9600,48.9600,0.000002
_170_,VGND,li1,34.0400,59.8400,0.000003
_169_,VGND,li1,27.6000,59.8400,0.000004
_168_,VGND,li1,31.0500,59.8400,0.000003
_167_,VGND,li1,42.0900,70.7200,0.000004
_166_,VGND,li1,34.5000,43.5200,0.000004
_165_,VGND,li1,35.1900,21.7600,0.000002
_164_,VGND,li1,38.8700,16.3200,0.000003
_163_,VGND,li1,53.3600,38.0800,0.000003
_162_,VGND,li1,32.8900,21.7600,0.000003
_161_,VGND,li1,37.0300,16.3200,0.000003
