Instance,Terminal,Layer,X location,Y location,Voltage
FILLER_0_25_141,VPWR,li1,73.1400,78.8800,1.799999
FILLER_0_25_137,VPWR,li1,69.2300,78.8800,1.799999
FILLER_0_25_125,VPWR,li1,65.7800,78.8800,1.799999
FILLER_0_25_113,VPWR,li1,60.2600,78.8800,1.799999
FILLER_0_25_111,VPWR,li1,56.8100,78.8800,1.799998
FILLER_0_25_103,VPWR,li1,54.7400,78.8800,1.799998
FILLER_0_25_91,VPWR,li1,50.1400,78.8800,1.799998
FILLER_0_25_81,VPWR,li1,43.4700,78.8800,1.799997
FILLER_0_25_69,VPWR,li1,40.0200,78.8800,1.799997
FILLER_0_25_57,VPWR,li1,34.5000,78.8800,1.799998
FILLER_0_25_53,VPWR,li1,30.5900,78.8800,1.799999
FILLER_0_25_41,VPWR,li1,27.1400,78.8800,1.799999
FILLER_0_25_29,VPWR,li1,21.6200,78.8800,1.799999
FILLER_0_25_27,VPWR,li1,18.1700,78.8800,1.799999
FILLER_0_25_15,VPWR,li1,15.1800,78.8800,1.799999
FILLER_0_25_3,VPWR,li1,9.6600,78.8800,1.799999
FILLER_0_24_141,VPWR,li1,73.1400,78.8800,1.799999
FILLER_0_24_139,VPWR,li1,69.6900,78.8800,1.799999
FILLER_0_24_133,VPWR,li1,68.0800,78.8800,1.799999
FILLER_0_24_121,VPWR,li1,63.9400,78.8800,1.799999
FILLER_0_24_109,VPWR,li1,58.4200,78.8800,1.799998
FILLER_0_24_97,VPWR,li1,52.9000,78.8800,1.799998
FILLER_0_24_85,VPWR,li1,47.3800,78.8800,1.799997
FILLER_0_24_83,VPWR,li1,43.9300,78.8800,1.799997
FILLER_0_24_77,VPWR,li1,42.3200,78.8800,1.799997
FILLER_0_24_65,VPWR,li1,38.1800,78.8800,1.799998
FILLER_0_24_53,VPWR,li1,32.6600,78.8800,1.799999
FILLER_0_24_41,VPWR,li1,27.1400,78.8800,1.799999
FILLER_0_24_29,VPWR,li1,21.6200,78.8800,1.799999
FILLER_0_24_27,VPWR,li1,18.1700,78.8800,1.799999
FILLER_0_24_15,VPWR,li1,15.1800,78.8800,1.799999
FILLER_0_24_3,VPWR,li1,9.6600,78.8800,1.799999
FILLER_0_23_149,VPWR,li1,74.9800,73.4400,1.799999
FILLER_0_23_137,VPWR,li1,71.3000,73.4400,1.799999
FILLER_0_23_125,VPWR,li1,65.7800,73.4400,1.799998
FILLER_0_23_113,VPWR,li1,60.2600,73.4400,1.799997
FILLER_0_23_109,VPWR,li1,56.3500,73.4400,1.799997
FILLER_0_23_101,VPWR,li1,53.8200,73.4400,1.799997
FILLER_0_23_87,VPWR,li1,46.4600,73.4400,1.799995
FILLER_0_23_78,VPWR,li1,41.8600,73.4400,1.799995
FILLER_0_23_66,VPWR,li1,38.6400,73.4400,1.799995
FILLER_0_23_54,VPWR,li1,30.8200,73.4400,1.799997
FILLER_0_23_50,VPWR,li1,28.7500,73.4400,1.799996
FILLER_0_23_39,VPWR,li1,24.3800,73.4400,1.799997
FILLER_0_23_27,VPWR,li1,20.7000,73.4400,1.799997
FILLER_0_23_15,VPWR,li1,15.1800,73.4400,1.799998
FILLER_0_23_3,VPWR,li1,9.6600,73.4400,1.799997
FILLER_0_22_141,VPWR,li1,73.1400,73.4400,1.799999
FILLER_0_22_138,VPWR,li1,69.4600,73.4400,1.799999
FILLER_0_22_126,VPWR,li1,66.2400,73.4400,1.799998
FILLER_0_22_114,VPWR,li1,60.7200,73.4400,1.799997
FILLER_0_22_94,VPWR,li1,49.2200,73.4400,1.799996
FILLER_0_22_81,VPWR,li1,43.4700,73.4400,1.799995
FILLER_0_22_75,VPWR,li1,40.7100,73.4400,1.799995
FILLER_0_22_71,VPWR,li1,38.4100,73.4400,1.799995
FILLER_0_22_41,VPWR,li1,25.7600,73.4400,1.799997
FILLER_0_22_29,VPWR,li1,21.6200,73.4400,1.799997
FILLER_0_22_27,VPWR,li1,18.1700,73.4400,1.799997
FILLER_0_22_19,VPWR,li1,16.1000,73.4400,1.799998
FILLER_0_22_7,VPWR,li1,11.5000,73.4400,1.799997
FILLER_0_21_149,VPWR,li1,74.9800,68.0000,1.799999
FILLER_0_21_137,VPWR,li1,71.3000,68.0000,1.799999
FILLER_0_21_125,VPWR,li1,65.7800,68.0000,1.799999
FILLER_0_21_113,VPWR,li1,60.2600,68.0000,1.799999
FILLER_0_21_110,VPWR,li1,56.5800,68.0000,1.799998
FILLER_0_21_102,VPWR,li1,52.6700,68.0000,1.799998
FILLER_0_21_93,VPWR,li1,48.7600,68.0000,1.799998
FILLER_0_21_81,VPWR,li1,44.6200,68.0000,1.799998
FILLER_0_21_69,VPWR,li1,40.0200,68.0000,1.799998
FILLER_0_21_53,VPWR,li1,30.5900,68.0000,1.799999
FILLER_0_21_39,VPWR,li1,25.3000,68.0000,1.799999
FILLER_0_21_27,VPWR,li1,20.7000,68.0000,1.799999
FILLER_0_21_15,VPWR,li1,15.1800,68.0000,1.799999
FILLER_0_21_3,VPWR,li1,9.6600,68.0000,1.799999
FILLER_0_20_141,VPWR,li1,73.1400,68.0000,1.799999
FILLER_0_20_139,VPWR,li1,69.6900,68.0000,1.799999
FILLER_0_20_133,VPWR,li1,68.0800,68.0000,1.799999
FILLER_0_20_121,VPWR,li1,63.9400,68.0000,1.799999
FILLER_0_20_109,VPWR,li1,58.4200,68.0000,1.799998
FILLER_0_20_97,VPWR,li1,52.9000,68.0000,1.799998
FILLER_0_20_85,VPWR,li1,47.3800,68.0000,1.799998
FILLER_0_20_83,VPWR,li1,43.9300,68.0000,1.799998
FILLER_0_20_77,VPWR,li1,42.3200,68.0000,1.799998
FILLER_0_20_65,VPWR,li1,38.1800,68.0000,1.799999
FILLER_0_20_53,VPWR,li1,32.6600,68.0000,1.799999
FILLER_0_20_41,VPWR,li1,27.1400,68.0000,1.799999
FILLER_0_20_29,VPWR,li1,21.6200,68.0000,1.799999
FILLER_0_20_15,VPWR,li1,13.1100,68.0000,1.799999
FILLER_0_20_3,VPWR,li1,9.6600,68.0000,1.799999
FILLER_0_19_149,VPWR,li1,74.9800,62.5600,1.800000
FILLER_0_19_137,VPWR,li1,71.3000,62.5600,1.800000
FILLER_0_19_125,VPWR,li1,65.7800,62.5600,1.800000
FILLER_0_19_113,VPWR,li1,60.2600,62.5600,1.800000
FILLER_0_19_111,VPWR,li1,56.8100,62.5600,1.800000
FILLER_0_19_105,VPWR,li1,55.2000,62.5600,1.800000
FILLER_0_19_93,VPWR,li1,51.0600,62.5600,1.800000
FILLER_0_19_81,VPWR,li1,45.5400,62.5600,1.800000
FILLER_0_19_69,VPWR,li1,40.0200,62.5600,1.799999
FILLER_0_19_57,VPWR,li1,34.5000,62.5600,1.799999
FILLER_0_19_53,VPWR,li1,30.5900,62.5600,1.799999
FILLER_0_19_45,VPWR,li1,28.0600,62.5600,1.799999
FILLER_0_19_33,VPWR,li1,23.4600,62.5600,1.799999
FILLER_0_19_21,VPWR,li1,17.9400,62.5600,1.799999
FILLER_0_19_14,VPWR,li1,12.1900,62.5600,1.799998
FILLER_0_19_6,VPWR,li1,10.1200,62.5600,1.799998
FILLER_0_18_141,VPWR,li1,73.1400,62.5600,1.800000
FILLER_0_18_139,VPWR,li1,69.6900,62.5600,1.800000
FILLER_0_18_133,VPWR,li1,68.0800,62.5600,1.800000
FILLER_0_18_121,VPWR,li1,63.9400,62.5600,1.800000
FILLER_0_18_109,VPWR,li1,58.4200,62.5600,1.800000
FILLER_0_18_97,VPWR,li1,52.9000,62.5600,1.800000
FILLER_0_18_85,VPWR,li1,47.3800,62.5600,1.800000
FILLER_0_18_83,VPWR,li1,43.9300,62.5600,1.800000
FILLER_0_18_77,VPWR,li1,42.3200,62.5600,1.800000
FILLER_0_18_65,VPWR,li1,38.1800,62.5600,1.799999
FILLER_0_18_49,VPWR,li1,28.7500,62.5600,1.799999
FILLER_0_18_41,VPWR,li1,26.2200,62.5600,1.799999
FILLER_0_18_29,VPWR,li1,21.6200,62.5600,1.799999
FILLER_0_18_19,VPWR,li1,14.4900,62.5600,1.799999
FILLER_0_18_11,VPWR,li1,10.8100,62.5600,1.799998
FILLER_0_18_3,VPWR,li1,8.7400,62.5600,1.799998
FILLER_0_17_149,VPWR,li1,74.2900,57.1200,1.799998
FILLER_0_17_137,VPWR,li1,71.3000,57.1200,1.799998
FILLER_0_17_125,VPWR,li1,65.7800,57.1200,1.799997
FILLER_0_17_113,VPWR,li1,60.2600,57.1200,1.799997
FILLER_0_17_109,VPWR,li1,56.3500,57.1200,1.799997
FILLER_0_17_97,VPWR,li1,52.9000,57.1200,1.799997
FILLER_0_17_85,VPWR,li1,47.3800,57.1200,1.799997
FILLER_0_17_76,VPWR,li1,40.9400,57.1200,1.799996
FILLER_0_17_57,VPWR,li1,31.9700,57.1200,1.799996
FILLER_0_17_50,VPWR,li1,29.9000,57.1200,1.799996
FILLER_0_17_43,VPWR,li1,25.9900,57.1200,1.799996
FILLER_0_17_37,VPWR,li1,22.7700,57.1200,1.799996
FILLER_0_17_31,VPWR,li1,21.1600,57.1200,1.799996
FILLER_0_17_6,VPWR,li1,11.0400,57.1200,1.799996
FILLER_0_16_149,VPWR,li1,74.2900,57.1200,1.799998
FILLER_0_16_141,VPWR,li1,72.2200,57.1200,1.799998
FILLER_0_16_132,VPWR,li1,68.0800,57.1200,1.799998
FILLER_0_16_117,VPWR,li1,59.5700,57.1200,1.799997
FILLER_0_16_109,VPWR,li1,55.8900,57.1200,1.799997
FILLER_0_16_98,VPWR,li1,50.8300,57.1200,1.799997
FILLER_0_16_85,VPWR,li1,45.5400,57.1200,1.799996
FILLER_0_16_83,VPWR,li1,43.9300,57.1200,1.799996
FILLER_0_16_62,VPWR,li1,34.2700,57.1200,1.799996
FILLER_0_16_55,VPWR,li1,31.5100,57.1200,1.799996
FILLER_0_16_47,VPWR,li1,28.9800,57.1200,1.799996
FILLER_0_16_35,VPWR,li1,24.3800,57.1200,1.799996
FILLER_0_16_25,VPWR,li1,17.7100,57.1200,1.799996
FILLER_0_16_14,VPWR,li1,12.6500,57.1200,1.799996
FILLER_0_16_6,VPWR,li1,10.1200,57.1200,1.799996
FILLER_0_15_147,VPWR,li1,73.6000,51.6800,1.799995
FILLER_0_15_135,VPWR,li1,70.3800,51.6800,1.799996
FILLER_0_15_113,VPWR,li1,58.1900,51.6800,1.799997
FILLER_0_15_111,VPWR,li1,56.8100,51.6800,1.799997
FILLER_0_15_105,VPWR,li1,55.2000,51.6800,1.799997
FILLER_0_15_98,VPWR,li1,50.8300,51.6800,1.799997
FILLER_0_15_86,VPWR,li1,47.8400,51.6800,1.799997
FILLER_0_15_70,VPWR,li1,39.5600,51.6800,1.799996
FILLER_0_15_65,VPWR,li1,35.8800,51.6800,1.799997
FILLER_0_15_61,VPWR,li1,33.8100,51.6800,1.799997
FILLER_0_15_57,VPWR,li1,32.6600,51.6800,1.799997
FILLER_0_15_54,VPWR,li1,30.8200,51.6800,1.799997
FILLER_0_15_46,VPWR,li1,28.5200,51.6800,1.799997
FILLER_0_15_19,VPWR,li1,14.7200,51.6800,1.799995
FILLER_0_15_7,VPWR,li1,11.5000,51.6800,1.799994
FILLER_0_14_141,VPWR,li1,73.1400,51.6800,1.799995
FILLER_0_14_139,VPWR,li1,69.6900,51.6800,1.799996
FILLER_0_14_135,VPWR,li1,68.5400,51.6800,1.799996
FILLER_0_14_127,VPWR,li1,64.1700,51.6800,1.799996
FILLER_0_14_121,VPWR,li1,62.5600,51.6800,1.799996
FILLER_0_14_109,VPWR,li1,58.4200,51.6800,1.799997
FILLER_0_14_97,VPWR,li1,52.9000,51.6800,1.799997
FILLER_0_14_85,VPWR,li1,47.3800,51.6800,1.799997
FILLER_0_14_83,VPWR,li1,43.9300,51.6800,1.799996
FILLER_0_14_79,VPWR,li1,42.7800,51.6800,1.799996
FILLER_0_14_74,VPWR,li1,39.7900,51.6800,1.799996
FILLER_0_14_68,VPWR,li1,38.1800,51.6800,1.799996
FILLER_0_14_56,VPWR,li1,34.0400,51.6800,1.799997
FILLER_0_14_44,VPWR,li1,28.5200,51.6800,1.799997
FILLER_0_14_18,VPWR,li1,14.4900,51.6800,1.799995
FILLER_0_14_6,VPWR,li1,11.0400,51.6800,1.799994
FILLER_0_13_152,VPWR,li1,75.6700,46.2400,1.799992
FILLER_0_13_146,VPWR,li1,74.0600,46.2400,1.799992
FILLER_0_13_131,VPWR,li1,66.0100,46.2400,1.799996
FILLER_0_13_125,VPWR,li1,64.4000,46.2400,1.799996
FILLER_0_13_113,VPWR,li1,60.2600,46.2400,1.799996
FILLER_0_13_110,VPWR,li1,56.5800,46.2400,1.799997
FILLER_0_13_102,VPWR,li1,54.2800,46.2400,1.799997
FILLER_0_13_90,VPWR,li1,49.6800,46.2400,1.799998
FILLER_0_13_78,VPWR,li1,44.1600,46.2400,1.799998
FILLER_0_13_66,VPWR,li1,38.6400,46.2400,1.799998
FILLER_0_13_61,VPWR,li1,33.8100,46.2400,1.799999
FILLER_0_13_57,VPWR,li1,32.6600,46.2400,1.799999
FILLER_0_13_55,VPWR,li1,31.0500,46.2400,1.799999
FILLER_0_13_51,VPWR,li1,29.9000,46.2400,1.799999
FILLER_0_13_39,VPWR,li1,26.2200,46.2400,1.799999
FILLER_0_13_27,VPWR,li1,20.7000,46.2400,1.799999
FILLER_0_13_15,VPWR,li1,15.1800,46.2400,1.799999
FILLER_0_13_3,VPWR,li1,9.6600,46.2400,1.799999
FILLER_0_12_148,VPWR,li1,73.8300,46.2400,1.799992
FILLER_0_12_144,VPWR,li1,72.6800,46.2400,1.799993
FILLER_0_12_138,VPWR,li1,69.4600,46.2400,1.799994
FILLER_0_12_130,VPWR,li1,67.1600,46.2400,1.799995
FILLER_0_12_118,VPWR,li1,62.5600,46.2400,1.799996
FILLER_0_12_112,VPWR,li1,57.5000,46.2400,1.799997
FILLER_0_12_107,VPWR,li1,54.9700,46.2400,1.799997
FILLER_0_12_101,VPWR,li1,53.3600,46.2400,1.799997
FILLER_0_12_89,VPWR,li1,49.2200,46.2400,1.799998
FILLER_0_12_83,VPWR,li1,43.9300,46.2400,1.799998
FILLER_0_12_71,VPWR,li1,40.9400,46.2400,1.799998
FILLER_0_12_59,VPWR,li1,35.4200,46.2400,1.799998
FILLER_0_12_47,VPWR,li1,29.9000,46.2400,1.799999
FILLER_0_12_37,VPWR,li1,23.0000,46.2400,1.799999
FILLER_0_12_29,VPWR,li1,20.7000,46.2400,1.799999
FILLER_0_12_26,VPWR,li1,17.9400,46.2400,1.799999
FILLER_0_12_18,VPWR,li1,15.6400,46.2400,1.799999
FILLER_0_12_6,VPWR,li1,11.0400,46.2400,1.799999
FILLER_0_11_141,VPWR,li1,70.8400,40.8000,1.799995
FILLER_0_11_137,VPWR,li1,69.0000,40.8000,1.799996
FILLER_0_11_103,VPWR,li1,53.5900,40.8000,1.799996
FILLER_0_11_91,VPWR,li1,50.1400,40.8000,1.799996
FILLER_0_11_73,VPWR,li1,39.7900,40.8000,1.799995
FILLER_0_11_65,VPWR,li1,37.2600,40.8000,1.799995
FILLER_0_11_57,VPWR,li1,32.6600,40.8000,1.799995
FILLER_0_11_52,VPWR,li1,30.3600,40.8000,1.799994
FILLER_0_11_37,VPWR,li1,22.7700,40.8000,1.799993
FILLER_0_11_29,VPWR,li1,20.7000,40.8000,1.799993
FILLER_0_11_7,VPWR,li1,9.6600,40.8000,1.799990
FILLER_0_10_148,VPWR,li1,73.8300,40.8000,1.799995
FILLER_0_10_134,VPWR,li1,68.5400,40.8000,1.799996
FILLER_0_10_121,VPWR,li1,63.0200,40.8000,1.799995
FILLER_0_10_113,VPWR,li1,57.7300,40.8000,1.799995
FILLER_0_10_109,VPWR,li1,56.5800,40.8000,1.799995
FILLER_0_10_97,VPWR,li1,52.9000,40.8000,1.799996
FILLER_0_10_85,VPWR,li1,47.3800,40.8000,1.799995
FILLER_0_10_81,VPWR,li1,43.4700,40.8000,1.799995
FILLER_0_10_72,VPWR,li1,39.3300,40.8000,1.799995
FILLER_0_10_46,VPWR,li1,27.3700,40.8000,1.799994
FILLER_0_10_38,VPWR,li1,24.8400,40.8000,1.799993
FILLER_0_10_27,VPWR,li1,18.1700,40.8000,1.799992
FILLER_0_10_6,VPWR,li1,8.5100,40.8000,1.799990
FILLER_0_9_152,VPWR,li1,75.6700,35.3600,1.799998
FILLER_0_9_144,VPWR,li1,73.6000,35.3600,1.799998
FILLER_0_9_135,VPWR,li1,69.0000,35.3600,1.799998
FILLER_0_9_123,VPWR,li1,64.8600,35.3600,1.799998
FILLER_0_9_119,VPWR,li1,60.4900,35.3600,1.799998
FILLER_0_9_113,VPWR,li1,58.8800,35.3600,1.799998
FILLER_0_9_106,VPWR,li1,55.6600,35.3600,1.799998
FILLER_0_9_101,VPWR,li1,52.2100,35.3600,1.799998
FILLER_0_9_89,VPWR,li1,49.2200,35.3600,1.799998
FILLER_0_9_69,VPWR,li1,37.9500,35.3600,1.799998
FILLER_0_9_57,VPWR,li1,34.5000,35.3600,1.799998
FILLER_0_9_53,VPWR,li1,30.5900,35.3600,1.799999
FILLER_0_9_41,VPWR,li1,27.1400,35.3600,1.799998
FILLER_0_9_29,VPWR,li1,21.6200,35.3600,1.799998
FILLER_0_9_15,VPWR,li1,12.8800,35.3600,1.799999
FILLER_0_9_7,VPWR,li1,10.5800,35.3600,1.799998
FILLER_0_8_141,VPWR,li1,73.1400,35.3600,1.799998
FILLER_0_8_139,VPWR,li1,69.6900,35.3600,1.799998
FILLER_0_8_133,VPWR,li1,68.0800,35.3600,1.799998
FILLER_0_8_115,VPWR,li1,61.1800,35.3600,1.799998
FILLER_0_8_103,VPWR,li1,55.6600,35.3600,1.799998
FILLER_0_8_91,VPWR,li1,50.1400,35.3600,1.799998
FILLER_0_8_83,VPWR,li1,43.9300,35.3600,1.799998
FILLER_0_8_77,VPWR,li1,42.3200,35.3600,1.799998
FILLER_0_8_65,VPWR,li1,38.1800,35.3600,1.799998
FILLER_0_8_53,VPWR,li1,32.6600,35.3600,1.799999
FILLER_0_8_41,VPWR,li1,27.1400,35.3600,1.799998
FILLER_0_8_29,VPWR,li1,21.6200,35.3600,1.799998
FILLER_0_8_27,VPWR,li1,18.1700,35.3600,1.799998
FILLER_0_8_15,VPWR,li1,15.1800,35.3600,1.799998
FILLER_0_8_3,VPWR,li1,9.6600,35.3600,1.799998
FILLER_0_7_151,VPWR,li1,75.4400,29.9200,1.799991
FILLER_0_7_139,VPWR,li1,72.2200,29.9200,1.799992
FILLER_0_7_125,VPWR,li1,63.4800,29.9200,1.799994
FILLER_0_7_113,VPWR,li1,60.2600,29.9200,1.799994
FILLER_0_7_110,VPWR,li1,56.5800,29.9200,1.799995
FILLER_0_7_98,VPWR,li1,53.3600,29.9200,1.799995
FILLER_0_7_86,VPWR,li1,47.8400,29.9200,1.799995
FILLER_0_7_69,VPWR,li1,39.1000,29.9200,1.799994
FILLER_0_7_57,VPWR,li1,34.5000,29.9200,1.799995
FILLER_0_7_55,VPWR,li1,31.0500,29.9200,1.799995
FILLER_0_7_47,VPWR,li1,28.9800,29.9200,1.799994
FILLER_0_7_39,VPWR,li1,23.6900,29.9200,1.799994
FILLER_0_7_7,VPWR,li1,11.5000,29.9200,1.799992
FILLER_0_6_141,VPWR,li1,72.2200,29.9200,1.799992
FILLER_0_6_138,VPWR,li1,69.4600,29.9200,1.799994
FILLER_0_6_126,VPWR,li1,63.9400,29.9200,1.799994
FILLER_0_6_105,VPWR,li1,56.5800,29.9200,1.799995
FILLER_0_6_93,VPWR,li1,51.0600,29.9200,1.799996
FILLER_0_6_88,VPWR,li1,46.2300,29.9200,1.799995
FILLER_0_6_83,VPWR,li1,43.9300,29.9200,1.799994
FILLER_0_6_75,VPWR,li1,40.2500,29.9200,1.799994
FILLER_0_6_69,VPWR,li1,38.6400,29.9200,1.799994
FILLER_0_6_47,VPWR,li1,27.3700,29.9200,1.799994
FILLER_0_6_41,VPWR,li1,25.7600,29.9200,1.799994
FILLER_0_6_29,VPWR,li1,21.6200,29.9200,1.799993
FILLER_0_6_25,VPWR,li1,17.7100,29.9200,1.799993
FILLER_0_6_3,VPWR,li1,8.7400,29.9200,1.799991
FILLER_0_5_151,VPWR,li1,75.4400,24.4800,1.799997
FILLER_0_5_143,VPWR,li1,73.1400,24.4800,1.799997
FILLER_0_5_131,VPWR,li1,68.5400,24.4800,1.799997
FILLER_0_5_110,VPWR,li1,56.5800,24.4800,1.799997
FILLER_0_5_98,VPWR,li1,53.3600,24.4800,1.799998
FILLER_0_5_81,VPWR,li1,43.4700,24.4800,1.799998
FILLER_0_5_69,VPWR,li1,40.0200,24.4800,1.799998
FILLER_0_5_57,VPWR,li1,34.5000,24.4800,1.799998
FILLER_0_5_55,VPWR,li1,31.0500,24.4800,1.799999
FILLER_0_5_39,VPWR,li1,26.2200,24.4800,1.799999
FILLER_0_5_27,VPWR,li1,20.7000,24.4800,1.799999
FILLER_0_5_15,VPWR,li1,15.1800,24.4800,1.799999
FILLER_0_5_3,VPWR,li1,9.6600,24.4800,1.799999
FILLER_0_4_141,VPWR,li1,70.8400,24.4800,1.799997
FILLER_0_4_138,VPWR,li1,69.4600,24.4800,1.799997
FILLER_0_4_130,VPWR,li1,67.1600,24.4800,1.799997
FILLER_0_4_121,VPWR,li1,61.4100,24.4800,1.799997
FILLER_0_4_109,VPWR,li1,58.4200,24.4800,1.799997
FILLER_0_4_97,VPWR,li1,52.9000,24.4800,1.799998
FILLER_0_4_85,VPWR,li1,47.3800,24.4800,1.799998
FILLER_0_4_81,VPWR,li1,43.4700,24.4800,1.799998
FILLER_0_4_69,VPWR,li1,40.0200,24.4800,1.799998
FILLER_0_4_57,VPWR,li1,34.5000,24.4800,1.799998
FILLER_0_4_49,VPWR,li1,28.7500,24.4800,1.799999
FILLER_0_4_41,VPWR,li1,26.2200,24.4800,1.799999
FILLER_0_4_29,VPWR,li1,21.6200,24.4800,1.799999
FILLER_0_4_27,VPWR,li1,18.1700,24.4800,1.799999
FILLER_0_4_15,VPWR,li1,15.1800,24.4800,1.799999
FILLER_0_4_3,VPWR,li1,9.6600,24.4800,1.799999
FILLER_0_3_149,VPWR,li1,74.9800,19.0400,1.799998
FILLER_0_3_137,VPWR,li1,71.3000,19.0400,1.799998
FILLER_0_3_125,VPWR,li1,65.7800,19.0400,1.799998
FILLER_0_3_111,VPWR,li1,56.8100,19.0400,1.799997
FILLER_0_3_107,VPWR,li1,55.6600,19.0400,1.799997
FILLER_0_3_96,VPWR,li1,50.6000,19.0400,1.799997
FILLER_0_3_75,VPWR,li1,40.7100,19.0400,1.799996
FILLER_0_3_67,VPWR,li1,38.1800,19.0400,1.799996
FILLER_0_3_39,VPWR,li1,26.2200,19.0400,1.799997
FILLER_0_3_27,VPWR,li1,20.7000,19.0400,1.799998
FILLER_0_3_15,VPWR,li1,15.1800,19.0400,1.799999
FILLER_0_3_3,VPWR,li1,9.6600,19.0400,1.799999
FILLER_0_2_141,VPWR,li1,73.1400,19.0400,1.799998
FILLER_0_2_138,VPWR,li1,69.4600,19.0400,1.799998
FILLER_0_2_130,VPWR,li1,67.1600,19.0400,1.799998
FILLER_0_2_118,VPWR,li1,62.5600,19.0400,1.799997
FILLER_0_2_96,VPWR,li1,50.1400,19.0400,1.799996
FILLER_0_2_83,VPWR,li1,43.9300,19.0400,1.799996
FILLER_0_2_74,VPWR,li1,40.0200,19.0400,1.799996
FILLER_0_2_41,VPWR,li1,24.8400,19.0400,1.799997
FILLER_0_2_29,VPWR,li1,21.6200,19.0400,1.799998
FILLER_0_2_27,VPWR,li1,18.1700,19.0400,1.799998
FILLER_0_2_15,VPWR,li1,15.1800,19.0400,1.799999
FILLER_0_2_3,VPWR,li1,9.6600,19.0400,1.799999
FILLER_0_1_149,VPWR,li1,74.9800,13.6000,1.799998
FILLER_0_1_137,VPWR,li1,71.3000,13.6000,1.799998
FILLER_0_1_125,VPWR,li1,65.7800,13.6000,1.799997
FILLER_0_1_113,VPWR,li1,60.2600,13.6000,1.799996
FILLER_0_1_104,VPWR,li1,55.2000,13.6000,1.799996
FILLER_0_1_92,VPWR,li1,50.6000,13.6000,1.799995
FILLER_0_1_80,VPWR,li1,45.0800,13.6000,1.799995
FILLER_0_1_68,VPWR,li1,39.5600,13.6000,1.799996
FILLER_0_1_47,VPWR,li1,27.6000,13.6000,1.799996
FILLER_0_1_39,VPWR,li1,25.3000,13.6000,1.799997
FILLER_0_1_27,VPWR,li1,20.7000,13.6000,1.799997
FILLER_0_1_15,VPWR,li1,15.1800,13.6000,1.799998
FILLER_0_1_3,VPWR,li1,9.6600,13.6000,1.799998
FILLER_0_0_141,VPWR,li1,73.1400,13.6000,1.799998
FILLER_0_0_139,VPWR,li1,69.6900,13.6000,1.799998
FILLER_0_0_135,VPWR,li1,68.5400,13.6000,1.799998
FILLER_0_0_123,VPWR,li1,64.8600,13.6000,1.799997
FILLER_0_0_111,VPWR,li1,56.8100,13.6000,1.799996
FILLER_0_0_105,VPWR,li1,55.2000,13.6000,1.799996
FILLER_0_0_85,VPWR,li1,45.0800,13.6000,1.799995
FILLER_0_0_83,VPWR,li1,43.9300,13.6000,1.799995
FILLER_0_0_75,VPWR,li1,41.8600,13.6000,1.799996
FILLER_0_0_63,VPWR,li1,37.2600,13.6000,1.799996
FILLER_0_0_57,VPWR,li1,32.2000,13.6000,1.799997
FILLER_0_0_55,VPWR,li1,31.0500,13.6000,1.799996
FILLER_0_0_41,VPWR,li1,24.6100,13.6000,1.799997
FILLER_0_0_29,VPWR,li1,21.6200,13.6000,1.799997
FILLER_0_0_27,VPWR,li1,18.1700,13.6000,1.799998
FILLER_0_0_15,VPWR,li1,15.1800,13.6000,1.799998
FILLER_0_0_3,VPWR,li1,9.6600,13.6000,1.799998
ANTENNA_1,VPWR,li1,69.9200,40.8000,1.799995
output27,VPWR,li1,74.9800,51.6800,1.799994
output26,VPWR,li1,74.9800,46.2400,1.799992
output25,VPWR,li1,74.9800,29.9200,1.799991
output24,VPWR,li1,51.0600,13.6000,1.799995
output23,VPWR,li1,46.0000,78.8800,1.799996
output22,VPWR,li1,7.8200,29.9200,1.799990
output21,VPWR,li1,7.8200,51.6800,1.799992
output20,VPWR,li1,7.8200,40.8000,1.799989
input19,VPWR,li1,33.5800,13.6000,1.799997
input18,VPWR,li1,28.5200,13.6000,1.799996
input17,VPWR,li1,25.5300,13.6000,1.799997
input16,VPWR,li1,75.2100,57.1200,1.799998
input15,VPWR,li1,73.6000,40.8000,1.799995
input14,VPWR,li1,59.8000,13.6000,1.799996
input13,VPWR,li1,52.9000,13.6000,1.799995
input12,VPWR,li1,7.5900,40.8000,1.799989
input11,VPWR,li1,7.5900,51.6800,1.799992
input10,VPWR,li1,7.5900,62.5600,1.799998
input9,VPWR,li1,7.8200,35.3600,1.799998
input8,VPWR,li1,75.2100,57.1200,1.799998
input7,VPWR,li1,74.9800,40.8000,1.799995
input6,VPWR,li1,73.6000,24.4800,1.799997
input5,VPWR,li1,47.8400,13.6000,1.799995
input4,VPWR,li1,7.5900,57.1200,1.799996
input3,VPWR,li1,7.5900,57.1200,1.799996
input2,VPWR,li1,7.8200,73.4400,1.799997
input1,VPWR,li1,7.5900,46.2400,1.799999
TAP_TAPCELL_ROW_25_121,VPWR,li1,70.1500,79.1860,1.799999
TAP_TAPCELL_ROW_25_120,VPWR,li1,57.2700,79.1860,1.799998
TAP_TAPCELL_ROW_25_119,VPWR,li1,44.3900,79.1860,1.799996
TAP_TAPCELL_ROW_25_118,VPWR,li1,31.5100,79.1860,1.799999
TAP_TAPCELL_ROW_25_117,VPWR,li1,18.6300,79.1860,1.799999
TAP_TAPCELL_ROW_24_116,VPWR,li1,70.1500,78.5730,1.799999
TAP_TAPCELL_ROW_24_115,VPWR,li1,44.3900,78.5730,1.799996
TAP_TAPCELL_ROW_24_114,VPWR,li1,18.6300,78.5730,1.799999
TAP_TAPCELL_ROW_23_113,VPWR,li1,57.2700,73.7460,1.799997
TAP_TAPCELL_ROW_23_112,VPWR,li1,31.5100,73.7460,1.799997
TAP_TAPCELL_ROW_22_111,VPWR,li1,70.1500,73.1330,1.799999
TAP_TAPCELL_ROW_22_110,VPWR,li1,44.3900,73.1330,1.799995
TAP_TAPCELL_ROW_22_109,VPWR,li1,18.6300,73.1330,1.799997
TAP_TAPCELL_ROW_21_108,VPWR,li1,57.2700,68.3060,1.799998
TAP_TAPCELL_ROW_21_107,VPWR,li1,31.5100,68.3060,1.799999
TAP_TAPCELL_ROW_20_106,VPWR,li1,70.1500,67.6930,1.799999
TAP_TAPCELL_ROW_20_105,VPWR,li1,44.3900,67.6930,1.799998
TAP_TAPCELL_ROW_20_104,VPWR,li1,18.6300,67.6930,1.799999
TAP_TAPCELL_ROW_19_103,VPWR,li1,57.2700,62.8660,1.800000
TAP_TAPCELL_ROW_19_102,VPWR,li1,31.5100,62.8660,1.799999
TAP_TAPCELL_ROW_18_101,VPWR,li1,70.1500,62.2530,1.800000
TAP_TAPCELL_ROW_18_100,VPWR,li1,44.3900,62.2530,1.800000
TAP_TAPCELL_ROW_18_99,VPWR,li1,18.6300,62.2530,1.799999
TAP_TAPCELL_ROW_17_98,VPWR,li1,57.2700,57.4260,1.799997
TAP_TAPCELL_ROW_17_97,VPWR,li1,31.5100,57.4260,1.799996
TAP_TAPCELL_ROW_16_96,VPWR,li1,70.1500,56.8130,1.799998
TAP_TAPCELL_ROW_16_95,VPWR,li1,44.3900,56.8130,1.799996
TAP_TAPCELL_ROW_16_94,VPWR,li1,18.6300,56.8130,1.799996
TAP_TAPCELL_ROW_15_93,VPWR,li1,57.2700,51.9860,1.799997
TAP_TAPCELL_ROW_15_92,VPWR,li1,31.5100,51.9860,1.799997
TAP_TAPCELL_ROW_14_91,VPWR,li1,70.1500,51.3730,1.799996
TAP_TAPCELL_ROW_14_90,VPWR,li1,44.3900,51.3730,1.799996
TAP_TAPCELL_ROW_14_89,VPWR,li1,18.6300,51.3730,1.799995
TAP_TAPCELL_ROW_13_88,VPWR,li1,57.2700,46.5460,1.799997
TAP_TAPCELL_ROW_13_87,VPWR,li1,31.5100,46.5460,1.799999
TAP_TAPCELL_ROW_12_86,VPWR,li1,70.1500,45.9330,1.799994
TAP_TAPCELL_ROW_12_85,VPWR,li1,44.3900,45.9330,1.799998
TAP_TAPCELL_ROW_12_84,VPWR,li1,18.6300,45.9330,1.799999
TAP_TAPCELL_ROW_11_83,VPWR,li1,57.2700,41.1060,1.799995
TAP_TAPCELL_ROW_11_82,VPWR,li1,31.5100,41.1060,1.799995
TAP_TAPCELL_ROW_10_81,VPWR,li1,70.1500,40.4930,1.799995
TAP_TAPCELL_ROW_10_80,VPWR,li1,44.3900,40.4930,1.799995
TAP_TAPCELL_ROW_10_79,VPWR,li1,18.6300,40.4930,1.799992
TAP_TAPCELL_ROW_9_78,VPWR,li1,57.2700,35.6660,1.799998
TAP_TAPCELL_ROW_9_77,VPWR,li1,31.5100,35.6660,1.799999
TAP_TAPCELL_ROW_8_76,VPWR,li1,70.1500,35.0530,1.799998
TAP_TAPCELL_ROW_8_75,VPWR,li1,44.3900,35.0530,1.799998
TAP_TAPCELL_ROW_8_74,VPWR,li1,18.6300,35.0530,1.799998
TAP_TAPCELL_ROW_7_73,VPWR,li1,57.2700,30.2260,1.799995
TAP_TAPCELL_ROW_7_72,VPWR,li1,31.5100,30.2260,1.799995
TAP_TAPCELL_ROW_6_71,VPWR,li1,70.1500,29.6130,1.799993
TAP_TAPCELL_ROW_6_70,VPWR,li1,44.3900,29.6130,1.799994
TAP_TAPCELL_ROW_6_69,VPWR,li1,18.6300,29.6130,1.799993
TAP_TAPCELL_ROW_5_68,VPWR,li1,57.2700,24.7860,1.799997
TAP_TAPCELL_ROW_5_67,VPWR,li1,31.5100,24.7860,1.799999
TAP_TAPCELL_ROW_4_66,VPWR,li1,70.1500,24.1730,1.799997
TAP_TAPCELL_ROW_4_65,VPWR,li1,44.3900,24.1730,1.799998
TAP_TAPCELL_ROW_4_64,VPWR,li1,18.6300,24.1730,1.799999
TAP_TAPCELL_ROW_3_63,VPWR,li1,57.2700,19.3460,1.799997
TAP_TAPCELL_ROW_3_62,VPWR,li1,31.5100,19.3460,1.799997
TAP_TAPCELL_ROW_2_61,VPWR,li1,70.1500,18.7330,1.799998
TAP_TAPCELL_ROW_2_60,VPWR,li1,44.3900,18.7330,1.799996
TAP_TAPCELL_ROW_2_59,VPWR,li1,18.6300,18.7330,1.799998
TAP_TAPCELL_ROW_1_58,VPWR,li1,57.2700,13.9060,1.799996
TAP_TAPCELL_ROW_1_57,VPWR,li1,31.5100,13.9060,1.799996
TAP_TAPCELL_ROW_0_56,VPWR,li1,70.1500,13.2930,1.799998
TAP_TAPCELL_ROW_0_55,VPWR,li1,57.2700,13.2930,1.799996
TAP_TAPCELL_ROW_0_54,VPWR,li1,44.3900,13.2930,1.799995
TAP_TAPCELL_ROW_0_53,VPWR,li1,31.5100,13.2930,1.799996
TAP_TAPCELL_ROW_0_52,VPWR,li1,18.6300,13.2930,1.799998
PHY_EDGE_ROW_25_Left_51,VPWR,li1,6.2100,78.8800,1.799999
PHY_EDGE_ROW_24_Left_50,VPWR,li1,6.2100,78.8800,1.799999
PHY_EDGE_ROW_23_Left_49,VPWR,li1,6.2100,73.4400,1.799997
PHY_EDGE_ROW_22_Left_48,VPWR,li1,6.2100,73.4400,1.799997
PHY_EDGE_ROW_21_Left_47,VPWR,li1,6.2100,68.0000,1.799999
PHY_EDGE_ROW_20_Left_46,VPWR,li1,6.2100,68.0000,1.799999
PHY_EDGE_ROW_19_Left_45,VPWR,li1,6.2100,62.5600,1.799998
PHY_EDGE_ROW_18_Left_44,VPWR,li1,6.2100,62.5600,1.799998
PHY_EDGE_ROW_17_Left_43,VPWR,li1,6.2100,57.1200,1.799996
PHY_EDGE_ROW_16_Left_42,VPWR,li1,6.2100,57.1200,1.799996
PHY_EDGE_ROW_15_Left_41,VPWR,li1,6.2100,51.6800,1.799992
PHY_EDGE_ROW_14_Left_40,VPWR,li1,6.2100,51.6800,1.799992
PHY_EDGE_ROW_13_Left_39,VPWR,li1,6.2100,46.2400,1.799999
PHY_EDGE_ROW_12_Left_38,VPWR,li1,6.2100,46.2400,1.799999
PHY_EDGE_ROW_11_Left_37,VPWR,li1,6.2100,40.8000,1.799989
PHY_EDGE_ROW_10_Left_36,VPWR,li1,6.2100,40.8000,1.799989
PHY_EDGE_ROW_9_Left_35,VPWR,li1,6.2100,35.3600,1.799998
PHY_EDGE_ROW_8_Left_34,VPWR,li1,6.2100,35.3600,1.799998
PHY_EDGE_ROW_7_Left_33,VPWR,li1,6.2100,29.9200,1.799990
PHY_EDGE_ROW_6_Left_32,VPWR,li1,6.2100,29.9200,1.799990
PHY_EDGE_ROW_5_Left_31,VPWR,li1,6.2100,24.4800,1.799999
PHY_EDGE_ROW_4_Left_30,VPWR,li1,6.2100,24.4800,1.799999
PHY_EDGE_ROW_3_Left_29,VPWR,li1,6.2100,19.0400,1.799999
PHY_EDGE_ROW_2_Left_28,VPWR,li1,6.2100,19.0400,1.799999
PHY_EDGE_ROW_1_Left_27,VPWR,li1,6.2100,13.6000,1.799998
PHY_EDGE_ROW_0_Left_26,VPWR,li1,6.2100,13.6000,1.799998
PHY_EDGE_ROW_25_Right_25,VPWR,li1,76.5900,78.8800,1.799999
PHY_EDGE_ROW_24_Right_24,VPWR,li1,76.5900,78.8800,1.799999
PHY_EDGE_ROW_23_Right_23,VPWR,li1,76.5900,73.4400,1.799999
PHY_EDGE_ROW_22_Right_22,VPWR,li1,76.5900,73.4400,1.799999
PHY_EDGE_ROW_21_Right_21,VPWR,li1,76.5900,68.0000,1.799999
PHY_EDGE_ROW_20_Right_20,VPWR,li1,76.5900,68.0000,1.799999
PHY_EDGE_ROW_19_Right_19,VPWR,li1,76.5900,62.5600,1.800000
PHY_EDGE_ROW_18_Right_18,VPWR,li1,76.5900,62.5600,1.800000
PHY_EDGE_ROW_17_Right_17,VPWR,li1,76.5900,57.1200,1.799998
PHY_EDGE_ROW_16_Right_16,VPWR,li1,76.5900,57.1200,1.799998
PHY_EDGE_ROW_15_Right_15,VPWR,li1,76.5900,51.6800,1.799994
PHY_EDGE_ROW_14_Right_14,VPWR,li1,76.5900,51.6800,1.799994
PHY_EDGE_ROW_13_Right_13,VPWR,li1,76.5900,46.2400,1.799992
PHY_EDGE_ROW_12_Right_12,VPWR,li1,76.5900,46.2400,1.799992
PHY_EDGE_ROW_11_Right_11,VPWR,li1,76.5900,40.8000,1.799995
PHY_EDGE_ROW_10_Right_10,VPWR,li1,76.5900,40.8000,1.799995
PHY_EDGE_ROW_9_Right_9,VPWR,li1,76.5900,35.3600,1.799998
PHY_EDGE_ROW_8_Right_8,VPWR,li1,76.5900,35.3600,1.799998
PHY_EDGE_ROW_7_Right_7,VPWR,li1,76.5900,29.9200,1.799991
PHY_EDGE_ROW_6_Right_6,VPWR,li1,76.5900,29.9200,1.799991
PHY_EDGE_ROW_5_Right_5,VPWR,li1,76.5900,24.4800,1.799997
PHY_EDGE_ROW_4_Right_4,VPWR,li1,76.5900,24.4800,1.799997
PHY_EDGE_ROW_3_Right_3,VPWR,li1,76.5900,19.0400,1.799998
PHY_EDGE_ROW_2_Right_2,VPWR,li1,76.5900,19.0400,1.799998
PHY_EDGE_ROW_1_Right_1,VPWR,li1,76.5900,13.6000,1.799998
PHY_EDGE_ROW_0_Right_0,VPWR,li1,76.5900,13.6000,1.799998
_329_,VPWR,li1,48.3000,24.4800,1.799998
_328_,VPWR,li1,47.3800,29.9200,1.799995
_327_,VPWR,li1,45.7700,24.4800,1.799998
_326_,VPWR,li1,45.5400,19.0400,1.799996
_325_,VPWR,li1,46.2300,19.0400,1.799996
_324_,VPWR,li1,48.7600,19.0400,1.799996
_323_,VPWR,li1,45.3100,29.9200,1.799994
_322_,VPWR,li1,42.0900,29.9200,1.799994
_321_,VPWR,li1,50.8300,68.0000,1.799998
_320_,VPWR,li1,40.9400,51.6800,1.799996
_319_,VPWR,li1,43.2400,51.6800,1.799996
_318_,VPWR,li1,41.4000,40.8000,1.799995
_317_,VPWR,li1,42.3200,40.8000,1.799995
_316_,VPWR,li1,45.7700,40.8000,1.799995
_315_,VPWR,li1,45.5400,46.2400,1.799998
_314_,VPWR,li1,43.0100,35.3600,1.799998
_313_,VPWR,li1,45.5400,35.3600,1.799998
_312_,VPWR,li1,46.0000,35.3600,1.799998
_311_,VPWR,li1,38.6400,57.1200,1.799995
_310_,VPWR,li1,21.6200,29.9200,1.799993
_309_,VPWR,li1,25.5300,29.9200,1.799994
_308_,VPWR,li1,29.4400,29.9200,1.799995
_307_,VPWR,li1,32.8900,29.9200,1.799995
_306_,VPWR,li1,29.9000,24.4800,1.799999
_305_,VPWR,li1,15.4100,29.9200,1.799994
_304_,VPWR,li1,23.6900,51.6800,1.799996
_303_,VPWR,li1,20.2400,57.1200,1.799996
_302_,VPWR,li1,20.7000,51.6800,1.799995
_301_,VPWR,li1,16.7900,51.6800,1.799995
_300_,VPWR,li1,20.0100,40.8000,1.799993
_299_,VPWR,li1,15.1800,35.3600,1.799998
_298_,VPWR,li1,20.2400,51.6800,1.799995
_297_,VPWR,li1,16.7900,51.6800,1.799995
_296_,VPWR,li1,16.1000,57.1200,1.799996
_295_,VPWR,li1,24.1500,51.6800,1.799996
_294_,VPWR,li1,25.9900,51.6800,1.799996
_293_,VPWR,li1,17.4800,40.8000,1.799992
_292_,VPWR,li1,24.8400,40.8000,1.799993
_291_,VPWR,li1,25.3000,46.2400,1.799999
_290_,VPWR,li1,28.0600,40.8000,1.799994
_289_,VPWR,li1,63.2500,51.6800,1.799996
_288_,VPWR,li1,65.5500,51.6800,1.799996
_287_,VPWR,li1,57.7300,57.1200,1.799997
_286_,VPWR,li1,61.4100,57.1200,1.799997
_285_,VPWR,li1,66.9300,51.6800,1.799996
_284_,VPWR,li1,60.2600,51.6800,1.799996
_283_,VPWR,li1,52.4400,51.6800,1.799997
_282_,VPWR,li1,67.3900,46.2400,1.799995
_281_,VPWR,li1,69.6900,46.2400,1.799994
_280_,VPWR,li1,71.7600,46.2400,1.799993
_279_,VPWR,li1,66.0100,51.6800,1.799996
_278_,VPWR,li1,55.6600,40.8000,1.799995
_277_,VPWR,li1,64.6300,57.1200,1.799997
_276_,VPWR,li1,71.0700,46.2400,1.799994
_275_,VPWR,li1,67.8500,40.8000,1.799996
_274_,VPWR,li1,65.7800,40.8000,1.799995
_273_,VPWR,li1,56.1200,46.2400,1.799997
_272_,VPWR,li1,59.3400,40.8000,1.799995
_271_,VPWR,li1,62.7900,40.8000,1.799995
_270_,VPWR,li1,58.8800,46.2400,1.799996
_269_,VPWR,li1,52.6700,57.1200,1.799997
_268_,VPWR,li1,51.0600,73.4400,1.799997
_267_,VPWR,li1,54.9700,57.1200,1.799997
_266_,VPWR,li1,49.6800,57.1200,1.799997
_265_,VPWR,li1,47.6100,57.1200,1.799997
_264_,VPWR,li1,42.7800,57.1200,1.799996
_263_,VPWR,li1,66.0100,40.8000,1.799995
_262_,VPWR,li1,65.3200,35.3600,1.799998
_261_,VPWR,li1,66.0100,29.9200,1.799994
_260_,VPWR,li1,66.7000,29.9200,1.799994
_259_,VPWR,li1,68.3100,29.9200,1.799994
_258_,VPWR,li1,71.0700,35.3600,1.799998
_257_,VPWR,li1,71.9900,40.8000,1.799995
_256_,VPWR,li1,59.5700,40.8000,1.799995
_255_,VPWR,li1,53.1300,19.0400,1.799997
_254_,VPWR,li1,60.7200,24.4800,1.799997
_253_,VPWR,li1,62.3300,29.9200,1.799994
_252_,VPWR,li1,60.2600,29.9200,1.799994
_251_,VPWR,li1,61.4100,35.3600,1.799998
_250_,VPWR,li1,30.1300,19.0400,1.799997
_249_,VPWR,li1,63.2500,24.4800,1.799997
_248_,VPWR,li1,43.0100,29.9200,1.799994
_247_,VPWR,li1,49.9100,24.4800,1.799998
_246_,VPWR,li1,42.5500,19.0400,1.799996
_245_,VPWR,li1,40.7100,35.3600,1.799998
_244_,VPWR,li1,39.3300,35.3600,1.799998
_243_,VPWR,li1,37.0300,40.8000,1.799995
_242_,VPWR,li1,29.6700,40.8000,1.799994
_241_,VPWR,li1,18.1700,29.9200,1.799993
_240_,VPWR,li1,15.4100,29.9200,1.799994
_239_,VPWR,li1,15.6400,40.8000,1.799992
_238_,VPWR,li1,22.0800,40.8000,1.799993
_237_,VPWR,li1,11.2700,40.8000,1.799991
_236_,VPWR,li1,11.9600,40.8000,1.799991
_235_,VPWR,li1,9.6600,40.8000,1.799990
_234_,VPWR,li1,14.9500,40.8000,1.799992
_233_,VPWR,li1,35.8800,29.9200,1.799995
_232_,VPWR,li1,12.1900,29.9200,1.799992
_231_,VPWR,li1,17.9400,35.3600,1.799998
_230_,VPWR,li1,48.5300,19.0400,1.799996
_229_,VPWR,li1,42.0900,19.0400,1.799996
_228_,VPWR,li1,65.0900,24.4800,1.799997
_227_,VPWR,li1,64.6300,24.4800,1.799997
_226_,VPWR,li1,62.7900,24.4800,1.799997
_225_,VPWR,li1,54.9700,19.0400,1.799997
_224_,VPWR,li1,51.9800,19.0400,1.799997
_223_,VPWR,li1,33.3500,40.8000,1.799995
_222_,VPWR,li1,32.2000,19.0400,1.799997
_221_,VPWR,li1,58.4200,24.4800,1.799997
_220_,VPWR,li1,59.3400,19.0400,1.799997
_219_,VPWR,li1,58.1900,19.0400,1.799997
_218_,VPWR,li1,62.1000,19.0400,1.799997
_217_,VPWR,li1,30.3600,13.6000,1.799996
_216_,VPWR,li1,33.3500,13.6000,1.799997
_215_,VPWR,li1,35.8800,13.6000,1.799996
_214_,VPWR,li1,26.9100,19.0400,1.799997
_213_,VPWR,li1,30.5900,24.4800,1.799999
_212_,VPWR,li1,28.7500,13.6000,1.799996
_211_,VPWR,li1,54.5100,68.0000,1.799998
_210_,VPWR,li1,56.5800,73.4400,1.799997
_209_,VPWR,li1,47.8400,73.4400,1.799996
_208_,VPWR,li1,47.3800,68.0000,1.799998
_207_,VPWR,li1,43.0100,57.1200,1.799996
_206_,VPWR,li1,37.0300,57.1200,1.799995
_205_,VPWR,li1,39.3300,57.1200,1.799995
_204_,VPWR,li1,45.7700,73.4400,1.799995
_203_,VPWR,li1,53.8200,73.4400,1.799997
_202_,VPWR,li1,51.2900,73.4400,1.799997
_201_,VPWR,li1,40.7100,57.1200,1.799996
_200_,VPWR,li1,36.5700,73.4400,1.799995
_199_,VPWR,li1,32.4300,73.4400,1.799997
_198_,VPWR,li1,18.1700,57.1200,1.799996
_197_,VPWR,li1,12.6500,62.5600,1.799998
_196_,VPWR,li1,13.8000,62.5600,1.799998
_195_,VPWR,li1,17.7100,62.5600,1.799999
_194_,VPWR,li1,48.9900,73.4400,1.799996
_193_,VPWR,li1,28.7500,73.4400,1.799996
_192_,VPWR,li1,28.5200,68.0000,1.799999
_191_,VPWR,li1,26.9100,73.4400,1.799996
_190_,VPWR,li1,16.1000,68.0000,1.799999
_189_,VPWR,li1,15.8700,62.5600,1.799999
_188_,VPWR,li1,15.1800,57.1200,1.799996
_187_,VPWR,li1,24.1500,57.1200,1.799996
_186_,VPWR,li1,14.2600,57.1200,1.799996
_185_,VPWR,li1,29.6700,73.4400,1.799996
_184_,VPWR,li1,33.5800,68.0000,1.799999
_183_,VPWR,li1,12.8800,40.8000,1.799991
_182_,VPWR,li1,43.9300,73.4400,1.799995
_181_,VPWR,li1,39.3300,73.4400,1.799995
_180_,VPWR,li1,36.3400,68.0000,1.799999
_179_,VPWR,li1,34.5000,73.4400,1.799996
_178_,VPWR,li1,36.8000,57.1200,1.799995
_177_,VPWR,li1,33.8100,57.1200,1.799996
_176_,VPWR,li1,37.0300,51.6800,1.799996
_175_,VPWR,li1,35.4200,57.1200,1.799996
_174_,VPWR,li1,34.7300,51.6800,1.799997
_173_,VPWR,li1,33.1200,57.1200,1.799996
_172_,VPWR,li1,32.6600,73.4400,1.799996
_171_,VPWR,li1,34.9600,46.2400,1.799998
_170_,VPWR,li1,34.0400,62.5600,1.799999
_169_,VPWR,li1,27.6000,57.1200,1.799995
_168_,VPWR,li1,31.0500,62.5600,1.799999
_167_,VPWR,li1,42.0900,73.4400,1.799995
_166_,VPWR,li1,34.5000,40.8000,1.799995
_165_,VPWR,li1,35.1900,19.0400,1.799996
_164_,VPWR,li1,38.8700,19.0400,1.799996
_163_,VPWR,li1,53.3600,35.3600,1.799998
_162_,VPWR,li1,32.8900,19.0400,1.799997
_161_,VPWR,li1,37.0300,19.0400,1.799996
