OpenROAD b16bda7e82721d10566ff7e2b68f1ff0be9f9e38 
Features included (+) or not (-): +Charts +GPU +GUI +Python
This program is licensed under the BSD-3 license. See the LICENSE file for details.
Components of this program may be licensed under more restrictive licenses which must be honored.
define_corners Typical
read_liberty -corner Typical /root/.volare/sky130A/libs.ref/sky130_fd_sc_hd/lib/sky130_fd_sc_hd__tt_025C_1v80.lib
Using 1e-12 for capacitance...
Using 1e+03 for resistance...
Using 1e-09 for time...
Using 1e+00 for voltage...
Using 1e-03 for current...
Using 1e-09 for power...
Using 1e-06 for distance...
[INFO]: Reading ODB at '/openlane/designs/alu/runs/RUN_2025.05.25_10.15.59/tmp/16-alu.odb'…
Reading design constraints file at '/openlane/scripts/base.sdc'…
[INFO]: Setting output delay to: 2.0
[INFO]: Setting input delay to: 2.0
[WARNING STA-0366] port '__VIRTUAL_CLK__' not found.
[INFO]: Setting load to: 0.033442
[INFO]: Setting clock uncertainty to: 0.25
[INFO]: Setting clock transition to: 0.15
[WARNING STA-0419] transition time can not be specified for virtual clocks.
[INFO]: Setting timing derate to: 5.0 %
[INFO]: Propagating all clocks
[WARNING STA-0450] virtual clock __VIRTUAL_CLK__ can not be propagated.
[INFO]: Setting RC values...
min_report

===========================================================================
report_checks -path_delay min (Hold)
============================================================================
======================= Typical Corner ===================================

Startpoint: A[6] (input port clocked by __VIRTUAL_CLK__)
Endpoint: out[6] (output port clocked by __VIRTUAL_CLK__)
Path Group: __VIRTUAL_CLK__
Path Type: min

Fanout     Cap    Slew   Delay    Time   Description
-----------------------------------------------------------------------------
                  0.00    0.00    0.00   clock __VIRTUAL_CLK__ (rise edge)
                          0.00    0.00   clock network delay (ideal)
                          2.00    2.00 ^ input external delay
     1    0.00    0.02    0.01    2.01 ^ A[6] (in)
                                         A[6] (net)
                  0.02    0.00    2.01 ^ input7/A (sky130_fd_sc_hd__clkbuf_2)
     6    0.02    0.11    0.14    2.15 ^ input7/X (sky130_fd_sc_hd__clkbuf_2)
                                         net7 (net)
                  0.11    0.00    2.15 ^ _274_/A1 (sky130_fd_sc_hd__a22oi_1)
     1    0.00    0.05    0.09    2.24 v _274_/Y (sky130_fd_sc_hd__a22oi_1)
                                         net26 (net)
                  0.05    0.00    2.24 v output26/A (sky130_fd_sc_hd__buf_2)
     1    0.03    0.09    0.17    2.41 v output26/X (sky130_fd_sc_hd__buf_2)
                                         out[6] (net)
                  0.09    0.00    2.41 v out[6] (out)
                                  2.41   data arrival time

                  0.00    0.00    0.00   clock __VIRTUAL_CLK__ (rise edge)
                          0.00    0.00   clock network delay (ideal)
                          0.25    0.25   clock uncertainty
                          0.00    0.25   clock reconvergence pessimism
                         -2.00   -1.75   output external delay
                                 -1.75   data required time
-----------------------------------------------------------------------------
                                 -1.75   data required time
                                 -2.41   data arrival time
-----------------------------------------------------------------------------
                                  4.16   slack (MET)


Startpoint: A[0] (input port clocked by __VIRTUAL_CLK__)
Endpoint: out[0] (output port clocked by __VIRTUAL_CLK__)
Path Group: __VIRTUAL_CLK__
Path Type: min

Fanout     Cap    Slew   Delay    Time   Description
-----------------------------------------------------------------------------
                  0.00    0.00    0.00   clock __VIRTUAL_CLK__ (rise edge)
                          0.00    0.00   clock network delay (ideal)
                          2.00    2.00 v input external delay
     1    0.00    0.01    0.00    2.00 v A[0] (in)
                                         A[0] (net)
                  0.01    0.00    2.00 v input1/A (sky130_fd_sc_hd__buf_1)
     2    0.01    0.05    0.09    2.09 v input1/X (sky130_fd_sc_hd__buf_1)
                                         net1 (net)
                  0.05    0.00    2.09 v _237_/A (sky130_fd_sc_hd__inv_2)
     3    0.01    0.06    0.07    2.16 ^ _237_/Y (sky130_fd_sc_hd__inv_2)
                                         _004_ (net)
                  0.06    0.00    2.16 ^ _293_/A1 (sky130_fd_sc_hd__a21o_1)
     1    0.00    0.04    0.10    2.26 ^ _293_/X (sky130_fd_sc_hd__a21o_1)
                                         net20 (net)
                  0.04    0.00    2.26 ^ output20/A (sky130_fd_sc_hd__buf_2)
     1    0.03    0.17    0.18    2.44 ^ output20/X (sky130_fd_sc_hd__buf_2)
                                         out[0] (net)
                  0.17    0.00    2.44 ^ out[0] (out)
                                  2.44   data arrival time

                  0.00    0.00    0.00   clock __VIRTUAL_CLK__ (rise edge)
                          0.00    0.00   clock network delay (ideal)
                          0.25    0.25   clock uncertainty
                          0.00    0.25   clock reconvergence pessimism
                         -2.00   -1.75   output external delay
                                 -1.75   data required time
-----------------------------------------------------------------------------
                                 -1.75   data required time
                                 -2.44   data arrival time
-----------------------------------------------------------------------------
                                  4.19   slack (MET)


Startpoint: A[4] (input port clocked by __VIRTUAL_CLK__)
Endpoint: out[4] (output port clocked by __VIRTUAL_CLK__)
Path Group: __VIRTUAL_CLK__
Path Type: min

Fanout     Cap    Slew   Delay    Time   Description
-----------------------------------------------------------------------------
                  0.00    0.00    0.00   clock __VIRTUAL_CLK__ (rise edge)
                          0.00    0.00   clock network delay (ideal)
                          2.00    2.00 ^ input external delay
     1    0.00    0.02    0.01    2.01 ^ A[4] (in)
                                         A[4] (net)
                  0.02    0.00    2.01 ^ input5/A (sky130_fd_sc_hd__dlymetal6s2s_1)
     6    0.02    0.22    0.19    2.20 ^ input5/X (sky130_fd_sc_hd__dlymetal6s2s_1)
                                         net5 (net)
                  0.22    0.00    2.20 ^ _329_/A1 (sky130_fd_sc_hd__a21oi_1)
     1    0.00    0.04    0.08    2.28 v _329_/Y (sky130_fd_sc_hd__a21oi_1)
                                         net24 (net)
                  0.04    0.00    2.28 v output24/A (sky130_fd_sc_hd__buf_2)
     1    0.03    0.09    0.17    2.45 v output24/X (sky130_fd_sc_hd__buf_2)
                                         out[4] (net)
                  0.09    0.00    2.45 v out[4] (out)
                                  2.45   data arrival time

                  0.00    0.00    0.00   clock __VIRTUAL_CLK__ (rise edge)
                          0.00    0.00   clock network delay (ideal)
                          0.25    0.25   clock uncertainty
                          0.00    0.25   clock reconvergence pessimism
                         -2.00   -1.75   output external delay
                                 -1.75   data required time
-----------------------------------------------------------------------------
                                 -1.75   data required time
                                 -2.45   data arrival time
-----------------------------------------------------------------------------
                                  4.20   slack (MET)


Startpoint: A[5] (input port clocked by __VIRTUAL_CLK__)
Endpoint: out[5] (output port clocked by __VIRTUAL_CLK__)
Path Group: __VIRTUAL_CLK__
Path Type: min

Fanout     Cap    Slew   Delay    Time   Description
-----------------------------------------------------------------------------
                  0.00    0.00    0.00   clock __VIRTUAL_CLK__ (rise edge)
                          0.00    0.00   clock network delay (ideal)
                          2.00    2.00 ^ input external delay
     1    0.00    0.02    0.01    2.01 ^ A[5] (in)
                                         A[5] (net)
                  0.02    0.00    2.01 ^ input6/A (sky130_fd_sc_hd__dlymetal6s2s_1)
     6    0.02    0.19    0.17    2.18 ^ input6/X (sky130_fd_sc_hd__dlymetal6s2s_1)
                                         net6 (net)
                  0.19    0.00    2.19 ^ _254_/A1 (sky130_fd_sc_hd__a22oi_1)
     1    0.00    0.06    0.12    2.30 v _254_/Y (sky130_fd_sc_hd__a22oi_1)
                                         net25 (net)
                  0.06    0.00    2.30 v output25/A (sky130_fd_sc_hd__buf_2)
     1    0.04    0.09    0.18    2.48 v output25/X (sky130_fd_sc_hd__buf_2)
                                         out[5] (net)
                  0.09    0.00    2.48 v out[5] (out)
                                  2.48   data arrival time

                  0.00    0.00    0.00   clock __VIRTUAL_CLK__ (rise edge)
                          0.00    0.00   clock network delay (ideal)
                          0.25    0.25   clock uncertainty
                          0.00    0.25   clock reconvergence pessimism
                         -2.00   -1.75   output external delay
                                 -1.75   data required time
-----------------------------------------------------------------------------
                                 -1.75   data required time
                                 -2.48   data arrival time
-----------------------------------------------------------------------------
                                  4.23   slack (MET)


Startpoint: A[7] (input port clocked by __VIRTUAL_CLK__)
Endpoint: out[7] (output port clocked by __VIRTUAL_CLK__)
Path Group: __VIRTUAL_CLK__
Path Type: min

Fanout     Cap    Slew   Delay    Time   Description
-----------------------------------------------------------------------------
                  0.00    0.00    0.00   clock __VIRTUAL_CLK__ (rise edge)
                          0.00    0.00   clock network delay (ideal)
                          2.00    2.00 v input external delay
     1    0.01    0.01    0.01    2.01 v A[7] (in)
                                         A[7] (net)
                  0.01    0.00    2.01 v input8/A (sky130_fd_sc_hd__buf_1)
     4    0.02    0.09    0.12    2.13 v input8/X (sky130_fd_sc_hd__buf_1)
                                         net8 (net)
                  0.09    0.00    2.13 v _288_/A (sky130_fd_sc_hd__nand2_1)
     1    0.00    0.05    0.07    2.20 ^ _288_/Y (sky130_fd_sc_hd__nand2_1)
                                         _053_ (net)
                  0.05    0.00    2.20 ^ _289_/B1 (sky130_fd_sc_hd__o31a_1)
     1    0.00    0.05    0.11    2.32 ^ _289_/X (sky130_fd_sc_hd__o31a_1)
                                         net27 (net)
                  0.05    0.00    2.32 ^ output27/A (sky130_fd_sc_hd__buf_2)
     1    0.03    0.17    0.19    2.51 ^ output27/X (sky130_fd_sc_hd__buf_2)
                                         out[7] (net)
                  0.17    0.00    2.51 ^ out[7] (out)
                                  2.51   data arrival time

                  0.00    0.00    0.00   clock __VIRTUAL_CLK__ (rise edge)
                          0.00    0.00   clock network delay (ideal)
                          0.25    0.25   clock uncertainty
                          0.00    0.25   clock reconvergence pessimism
                         -2.00   -1.75   output external delay
                                 -1.75   data required time
-----------------------------------------------------------------------------
                                 -1.75   data required time
                                 -2.51   data arrival time
-----------------------------------------------------------------------------
                                  4.26   slack (MET)


Startpoint: A[1] (input port clocked by __VIRTUAL_CLK__)
Endpoint: out[1] (output port clocked by __VIRTUAL_CLK__)
Path Group: __VIRTUAL_CLK__
Path Type: min

Fanout     Cap    Slew   Delay    Time   Description
-----------------------------------------------------------------------------
                  0.00    0.00    0.00   clock __VIRTUAL_CLK__ (rise edge)
                          0.00    0.00   clock network delay (ideal)
                          2.00    2.00 ^ input external delay
     1    0.00    0.02    0.01    2.01 ^ A[1] (in)
                                         A[1] (net)
                  0.02    0.00    2.01 ^ input2/A (sky130_fd_sc_hd__buf_2)
    10    0.02    0.10    0.13    2.15 ^ input2/X (sky130_fd_sc_hd__buf_2)
                                         net2 (net)
                  0.10    0.00    2.15 ^ _302_/A1_N (sky130_fd_sc_hd__o2bb2a_1)
     1    0.00    0.04    0.21    2.35 v _302_/X (sky130_fd_sc_hd__o2bb2a_1)
                                         net21 (net)
                  0.04    0.00    2.35 v output21/A (sky130_fd_sc_hd__buf_2)
     1    0.03    0.09    0.17    2.52 v output21/X (sky130_fd_sc_hd__buf_2)
                                         out[1] (net)
                  0.09    0.00    2.53 v out[1] (out)
                                  2.53   data arrival time

                  0.00    0.00    0.00   clock __VIRTUAL_CLK__ (rise edge)
                          0.00    0.00   clock network delay (ideal)
                          0.25    0.25   clock uncertainty
                          0.00    0.25   clock reconvergence pessimism
                         -2.00   -1.75   output external delay
                                 -1.75   data required time
-----------------------------------------------------------------------------
                                 -1.75   data required time
                                 -2.53   data arrival time
-----------------------------------------------------------------------------
                                  4.28   slack (MET)


Startpoint: A[3] (input port clocked by __VIRTUAL_CLK__)
Endpoint: out[3] (output port clocked by __VIRTUAL_CLK__)
Path Group: __VIRTUAL_CLK__
Path Type: min

Fanout     Cap    Slew   Delay    Time   Description
-----------------------------------------------------------------------------
                  0.00    0.00    0.00   clock __VIRTUAL_CLK__ (rise edge)
                          0.00    0.00   clock network delay (ideal)
                          2.00    2.00 ^ input external delay
     1    0.00    0.02    0.01    2.01 ^ A[3] (in)
                                         A[3] (net)
                  0.02    0.00    2.01 ^ input4/A (sky130_fd_sc_hd__buf_1)
     4    0.01    0.15    0.14    2.15 ^ input4/X (sky130_fd_sc_hd__buf_1)
                                         net4 (net)
                  0.15    0.00    2.15 ^ _175_/A (sky130_fd_sc_hd__buf_2)
    10    0.03    0.15    0.21    2.36 ^ _175_/X (sky130_fd_sc_hd__buf_2)
                                         _103_ (net)
                  0.15    0.00    2.36 ^ _320_/A1 (sky130_fd_sc_hd__a21oi_1)
     1    0.01    0.04    0.09    2.46 v _320_/Y (sky130_fd_sc_hd__a21oi_1)
                                         net23 (net)
                  0.04    0.00    2.46 v output23/A (sky130_fd_sc_hd__clkbuf_4)
     1    0.03    0.08    0.17    2.63 v output23/X (sky130_fd_sc_hd__clkbuf_4)
                                         out[3] (net)
                  0.08    0.00    2.63 v out[3] (out)
                                  2.63   data arrival time

                  0.00    0.00    0.00   clock __VIRTUAL_CLK__ (rise edge)
                          0.00    0.00   clock network delay (ideal)
                          0.25    0.25   clock uncertainty
                          0.00    0.25   clock reconvergence pessimism
                         -2.00   -1.75   output external delay
                                 -1.75   data required time
-----------------------------------------------------------------------------
                                 -1.75   data required time
                                 -2.63   data arrival time
-----------------------------------------------------------------------------
                                  4.38   slack (MET)


Startpoint: A[2] (input port clocked by __VIRTUAL_CLK__)
Endpoint: out[2] (output port clocked by __VIRTUAL_CLK__)
Path Group: __VIRTUAL_CLK__
Path Type: min

Fanout     Cap    Slew   Delay    Time   Description
-----------------------------------------------------------------------------
                  0.00    0.00    0.00   clock __VIRTUAL_CLK__ (rise edge)
                          0.00    0.00   clock network delay (ideal)
                          2.00    2.00 v input external delay
     1    0.00    0.01    0.00    2.00 v A[2] (in)
                                         A[2] (net)
                  0.01    0.00    2.00 v input3/A (sky130_fd_sc_hd__buf_1)
     4    0.01    0.07    0.11    2.11 v input3/X (sky130_fd_sc_hd__buf_1)
                                         net3 (net)
                  0.07    0.00    2.11 v _173_/A (sky130_fd_sc_hd__buf_2)
    10    0.02    0.06    0.16    2.27 v _173_/X (sky130_fd_sc_hd__buf_2)
                                         _101_ (net)
                  0.06    0.00    2.27 v _310_/A1_N (sky130_fd_sc_hd__o2bb2a_1)
     1    0.00    0.05    0.23    2.50 ^ _310_/X (sky130_fd_sc_hd__o2bb2a_1)
                                         net22 (net)
                  0.05    0.00    2.50 ^ output22/A (sky130_fd_sc_hd__buf_2)
     1    0.03    0.17    0.19    2.69 ^ output22/X (sky130_fd_sc_hd__buf_2)
                                         out[2] (net)
                  0.17    0.00    2.69 ^ out[2] (out)
                                  2.69   data arrival time

                  0.00    0.00    0.00   clock __VIRTUAL_CLK__ (rise edge)
                          0.00    0.00   clock network delay (ideal)
                          0.25    0.25   clock uncertainty
                          0.00    0.25   clock reconvergence pessimism
                         -2.00   -1.75   output external delay
                                 -1.75   data required time
-----------------------------------------------------------------------------
                                 -1.75   data required time
                                 -2.69   data arrival time
-----------------------------------------------------------------------------
                                  4.44   slack (MET)



worst slack corner Typical: 4.1644
min_report_end
max_report

===========================================================================
report_checks -path_delay max (Setup)
============================================================================
======================= Typical Corner ===================================

Startpoint: opcode[1] (input port clocked by __VIRTUAL_CLK__)
Endpoint: out[7] (output port clocked by __VIRTUAL_CLK__)
Path Group: __VIRTUAL_CLK__
Path Type: max

Fanout     Cap    Slew   Delay    Time   Description
-----------------------------------------------------------------------------
                  0.00    0.00    0.00   clock __VIRTUAL_CLK__ (rise edge)
                          0.00    0.00   clock network delay (ideal)
                          2.00    2.00 ^ input external delay
     1    0.00    0.02    0.01    2.01 ^ opcode[1] (in)
                                         opcode[1] (net)
                  0.02    0.00    2.01 ^ input18/A (sky130_fd_sc_hd__dlymetal6s2s_1)
     5    0.02    0.21    0.20    2.22 ^ input18/X (sky130_fd_sc_hd__dlymetal6s2s_1)
                                         net18 (net)
                  0.21    0.00    2.22 ^ _222_/B (sky130_fd_sc_hd__nand3b_4)
     8    0.02    0.09    0.13    2.35 v _222_/Y (sky130_fd_sc_hd__nand3b_4)
                                         _150_ (net)
                  0.09    0.00    2.35 v _234_/C (sky130_fd_sc_hd__and3_1)
     2    0.01    0.06    0.23    2.58 v _234_/X (sky130_fd_sc_hd__and3_1)
                                         _001_ (net)
                  0.06    0.00    2.58 v _236_/A1 (sky130_fd_sc_hd__o21a_1)
     4    0.01    0.09    0.25    2.83 v _236_/X (sky130_fd_sc_hd__o21a_1)
                                         _003_ (net)
                  0.09    0.00    2.83 v _239_/B1 (sky130_fd_sc_hd__a211oi_2)
     3    0.01    0.24    0.28    3.11 ^ _239_/Y (sky130_fd_sc_hd__a211oi_2)
                                         _006_ (net)
                  0.24    0.00    3.11 ^ _241_/A2 (sky130_fd_sc_hd__o21ai_2)
     5    0.02    0.09    0.13    3.24 v _241_/Y (sky130_fd_sc_hd__o21ai_2)
                                         _008_ (net)
                  0.09    0.00    3.24 v _248_/A2 (sky130_fd_sc_hd__a311o_2)
     5    0.02    0.09    0.45    3.69 v _248_/X (sky130_fd_sc_hd__a311o_2)
                                         _015_ (net)
                  0.09    0.00    3.69 v _260_/A3 (sky130_fd_sc_hd__a311oi_2)
     3    0.01    0.27    0.35    4.04 ^ _260_/Y (sky130_fd_sc_hd__a311oi_2)
                                         _026_ (net)
                  0.27    0.00    4.04 ^ _280_/A2 (sky130_fd_sc_hd__o21ai_1)
     1    0.00    0.06    0.10    4.14 v _280_/Y (sky130_fd_sc_hd__o21ai_1)
                                         _045_ (net)
                  0.06    0.00    4.14 v _282_/B (sky130_fd_sc_hd__and3_1)
     1    0.00    0.04    0.18    4.32 v _282_/X (sky130_fd_sc_hd__and3_1)
                                         _047_ (net)
                  0.04    0.00    4.32 v _289_/A2 (sky130_fd_sc_hd__o31a_1)
     1    0.00    0.05    0.28    4.60 v _289_/X (sky130_fd_sc_hd__o31a_1)
                                         net27 (net)
                  0.05    0.00    4.60 v output27/A (sky130_fd_sc_hd__buf_2)
     1    0.03    0.09    0.19    4.79 v output27/X (sky130_fd_sc_hd__buf_2)
                                         out[7] (net)
                  0.09    0.00    4.79 v out[7] (out)
                                  4.79   data arrival time

                  0.00   10.00   10.00   clock __VIRTUAL_CLK__ (rise edge)
                          0.00   10.00   clock network delay (ideal)
                         -0.25    9.75   clock uncertainty
                          0.00    9.75   clock reconvergence pessimism
                         -2.00    7.75   output external delay
                                  7.75   data required time
-----------------------------------------------------------------------------
                                  7.75   data required time
                                 -4.79   data arrival time
-----------------------------------------------------------------------------
                                  2.96   slack (MET)


Startpoint: opcode[1] (input port clocked by __VIRTUAL_CLK__)
Endpoint: out[5] (output port clocked by __VIRTUAL_CLK__)
Path Group: __VIRTUAL_CLK__
Path Type: max

Fanout     Cap    Slew   Delay    Time   Description
-----------------------------------------------------------------------------
                  0.00    0.00    0.00   clock __VIRTUAL_CLK__ (rise edge)
                          0.00    0.00   clock network delay (ideal)
                          2.00    2.00 ^ input external delay
     1    0.00    0.02    0.01    2.01 ^ opcode[1] (in)
                                         opcode[1] (net)
                  0.02    0.00    2.01 ^ input18/A (sky130_fd_sc_hd__dlymetal6s2s_1)
     5    0.02    0.21    0.20    2.22 ^ input18/X (sky130_fd_sc_hd__dlymetal6s2s_1)
                                         net18 (net)
                  0.21    0.00    2.22 ^ _222_/B (sky130_fd_sc_hd__nand3b_4)
     8    0.02    0.09    0.13    2.35 v _222_/Y (sky130_fd_sc_hd__nand3b_4)
                                         _150_ (net)
                  0.09    0.00    2.35 v _234_/C (sky130_fd_sc_hd__and3_1)
     2    0.01    0.06    0.23    2.58 v _234_/X (sky130_fd_sc_hd__and3_1)
                                         _001_ (net)
                  0.06    0.00    2.58 v _236_/A1 (sky130_fd_sc_hd__o21a_1)
     4    0.01    0.09    0.25    2.83 v _236_/X (sky130_fd_sc_hd__o21a_1)
                                         _003_ (net)
                  0.09    0.00    2.83 v _239_/B1 (sky130_fd_sc_hd__a211oi_2)
     3    0.01    0.24    0.28    3.11 ^ _239_/Y (sky130_fd_sc_hd__a211oi_2)
                                         _006_ (net)
                  0.24    0.00    3.11 ^ _241_/A2 (sky130_fd_sc_hd__o21ai_2)
     5    0.02    0.09    0.13    3.24 v _241_/Y (sky130_fd_sc_hd__o21ai_2)
                                         _008_ (net)
                  0.09    0.00    3.24 v _248_/A2 (sky130_fd_sc_hd__a311o_2)
     5    0.02    0.09    0.45    3.69 v _248_/X (sky130_fd_sc_hd__a311o_2)
                                         _015_ (net)
                  0.09    0.00    3.69 v _249_/C (sky130_fd_sc_hd__and3_1)
     1    0.00    0.04    0.21    3.90 v _249_/X (sky130_fd_sc_hd__and3_1)
                                         _016_ (net)
                  0.04    0.00    3.90 v _253_/A (sky130_fd_sc_hd__or3_1)
     1    0.00    0.07    0.39    4.29 v _253_/X (sky130_fd_sc_hd__or3_1)
                                         _020_ (net)
                  0.07    0.00    4.29 v _254_/B2 (sky130_fd_sc_hd__a22oi_1)
     1    0.00    0.17    0.19    4.48 ^ _254_/Y (sky130_fd_sc_hd__a22oi_1)
                                         net25 (net)
                  0.17    0.00    4.48 ^ output25/A (sky130_fd_sc_hd__buf_2)
     1    0.04    0.18    0.26    4.74 ^ output25/X (sky130_fd_sc_hd__buf_2)
                                         out[5] (net)
                  0.18    0.00    4.74 ^ out[5] (out)
                                  4.74   data arrival time

                  0.00   10.00   10.00   clock __VIRTUAL_CLK__ (rise edge)
                          0.00   10.00   clock network delay (ideal)
                         -0.25    9.75   clock uncertainty
                          0.00    9.75   clock reconvergence pessimism
                         -2.00    7.75   output external delay
                                  7.75   data required time
-----------------------------------------------------------------------------
                                  7.75   data required time
                                 -4.74   data arrival time
-----------------------------------------------------------------------------
                                  3.01   slack (MET)


Startpoint: opcode[1] (input port clocked by __VIRTUAL_CLK__)
Endpoint: out[6] (output port clocked by __VIRTUAL_CLK__)
Path Group: __VIRTUAL_CLK__
Path Type: max

Fanout     Cap    Slew   Delay    Time   Description
-----------------------------------------------------------------------------
                  0.00    0.00    0.00   clock __VIRTUAL_CLK__ (rise edge)
                          0.00    0.00   clock network delay (ideal)
                          2.00    2.00 ^ input external delay
     1    0.00    0.02    0.01    2.01 ^ opcode[1] (in)
                                         opcode[1] (net)
                  0.02    0.00    2.01 ^ input18/A (sky130_fd_sc_hd__dlymetal6s2s_1)
     5    0.02    0.21    0.20    2.22 ^ input18/X (sky130_fd_sc_hd__dlymetal6s2s_1)
                                         net18 (net)
                  0.21    0.00    2.22 ^ _222_/B (sky130_fd_sc_hd__nand3b_4)
     8    0.02    0.09    0.13    2.35 v _222_/Y (sky130_fd_sc_hd__nand3b_4)
                                         _150_ (net)
                  0.09    0.00    2.35 v _234_/C (sky130_fd_sc_hd__and3_1)
     2    0.01    0.06    0.23    2.58 v _234_/X (sky130_fd_sc_hd__and3_1)
                                         _001_ (net)
                  0.06    0.00    2.58 v _236_/A1 (sky130_fd_sc_hd__o21a_1)
     4    0.01    0.09    0.25    2.83 v _236_/X (sky130_fd_sc_hd__o21a_1)
                                         _003_ (net)
                  0.09    0.00    2.83 v _239_/B1 (sky130_fd_sc_hd__a211oi_2)
     3    0.01    0.24    0.28    3.11 ^ _239_/Y (sky130_fd_sc_hd__a211oi_2)
                                         _006_ (net)
                  0.24    0.00    3.11 ^ _241_/A2 (sky130_fd_sc_hd__o21ai_2)
     5    0.02    0.09    0.13    3.24 v _241_/Y (sky130_fd_sc_hd__o21ai_2)
                                         _008_ (net)
                  0.09    0.00    3.24 v _248_/A2 (sky130_fd_sc_hd__a311o_2)
     5    0.02    0.09    0.45    3.69 v _248_/X (sky130_fd_sc_hd__a311o_2)
                                         _015_ (net)
                  0.09    0.00    3.69 v _261_/A3 (sky130_fd_sc_hd__a31o_1)
     1    0.00    0.04    0.24    3.93 v _261_/X (sky130_fd_sc_hd__a31o_1)
                                         _027_ (net)
                  0.04    0.00    3.93 v _262_/A2 (sky130_fd_sc_hd__a21o_1)
     1    0.00    0.03    0.17    4.10 v _262_/X (sky130_fd_sc_hd__a21o_1)
                                         _028_ (net)
                  0.03    0.00    4.10 v _263_/B (sky130_fd_sc_hd__or2_1)
     1    0.00    0.05    0.21    4.31 v _263_/X (sky130_fd_sc_hd__or2_1)
                                         _029_ (net)
                  0.05    0.00    4.31 v _274_/B1 (sky130_fd_sc_hd__a22oi_1)
     1    0.00    0.15    0.14    4.45 ^ _274_/Y (sky130_fd_sc_hd__a22oi_1)
                                         net26 (net)
                  0.15    0.00    4.45 ^ output26/A (sky130_fd_sc_hd__buf_2)
     1    0.03    0.17    0.25    4.69 ^ output26/X (sky130_fd_sc_hd__buf_2)
                                         out[6] (net)
                  0.17    0.00    4.70 ^ out[6] (out)
                                  4.70   data arrival time

                  0.00   10.00   10.00   clock __VIRTUAL_CLK__ (rise edge)
                          0.00   10.00   clock network delay (ideal)
                         -0.25    9.75   clock uncertainty
                          0.00    9.75   clock reconvergence pessimism
                         -2.00    7.75   output external delay
                                  7.75   data required time
-----------------------------------------------------------------------------
                                  7.75   data required time
                                 -4.70   data arrival time
-----------------------------------------------------------------------------
                                  3.05   slack (MET)


Startpoint: B[1] (input port clocked by __VIRTUAL_CLK__)
Endpoint: out[4] (output port clocked by __VIRTUAL_CLK__)
Path Group: __VIRTUAL_CLK__
Path Type: max

Fanout     Cap    Slew   Delay    Time   Description
-----------------------------------------------------------------------------
                  0.00    0.00    0.00   clock __VIRTUAL_CLK__ (rise edge)
                          0.00    0.00   clock network delay (ideal)
                          2.00    2.00 v input external delay
     1    0.00    0.01    0.00    2.00 v B[1] (in)
                                         B[1] (net)
                  0.01    0.00    2.00 v input10/A (sky130_fd_sc_hd__buf_1)
     3    0.01    0.05    0.10    2.10 v input10/X (sky130_fd_sc_hd__buf_1)
                                         net10 (net)
                  0.05    0.00    2.10 v _169_/A (sky130_fd_sc_hd__buf_2)
    10    0.02    0.06    0.17    2.27 v _169_/X (sky130_fd_sc_hd__buf_2)
                                         _097_ (net)
                  0.06    0.00    2.27 v _170_/A1 (sky130_fd_sc_hd__a22oi_1)
     2    0.01    0.21    0.23    2.50 ^ _170_/Y (sky130_fd_sc_hd__a22oi_1)
                                         _098_ (net)
                  0.21    0.00    2.50 ^ _172_/B_N (sky130_fd_sc_hd__and4bb_1)
     3    0.01    0.07    0.28    2.78 v _172_/X (sky130_fd_sc_hd__and4bb_1)
                                         _100_ (net)
                  0.07    0.00    2.78 v _185_/A (sky130_fd_sc_hd__nor2_1)
     2    0.01    0.17    0.19    2.97 ^ _185_/Y (sky130_fd_sc_hd__nor2_1)
                                         _113_ (net)
                  0.17    0.00    2.97 ^ _191_/A (sky130_fd_sc_hd__xnor2_1)
     2    0.01    0.23    0.19    3.16 ^ _191_/Y (sky130_fd_sc_hd__xnor2_1)
                                         _119_ (net)
                  0.23    0.00    3.16 ^ _193_/A3 (sky130_fd_sc_hd__a31o_1)
     2    0.01    0.10    0.23    3.39 ^ _193_/X (sky130_fd_sc_hd__a31o_1)
                                         _121_ (net)
                  0.10    0.00    3.39 ^ _194_/B (sky130_fd_sc_hd__xor2_1)
     2    0.01    0.20    0.23    3.62 ^ _194_/X (sky130_fd_sc_hd__xor2_1)
                                         _122_ (net)
                  0.20    0.00    3.62 ^ _321_/A (sky130_fd_sc_hd__xor2_1)
     1    0.01    0.19    0.23    3.85 ^ _321_/X (sky130_fd_sc_hd__xor2_1)
                                         _081_ (net)
                  0.19    0.00    3.85 ^ _328_/A2 (sky130_fd_sc_hd__a21oi_1)
     1    0.00    0.09    0.10    3.95 v _328_/Y (sky130_fd_sc_hd__a21oi_1)
                                         _088_ (net)
                  0.09    0.00    3.95 v _329_/B1 (sky130_fd_sc_hd__a21oi_1)
     1    0.00    0.09    0.12    4.07 ^ _329_/Y (sky130_fd_sc_hd__a21oi_1)
                                         net24 (net)
                  0.09    0.00    4.07 ^ output24/A (sky130_fd_sc_hd__buf_2)
     1    0.03    0.17    0.23    4.30 ^ output24/X (sky130_fd_sc_hd__buf_2)
                                         out[4] (net)
                  0.17    0.00    4.30 ^ out[4] (out)
                                  4.30   data arrival time

                  0.00   10.00   10.00   clock __VIRTUAL_CLK__ (rise edge)
                          0.00   10.00   clock network delay (ideal)
                         -0.25    9.75   clock uncertainty
                          0.00    9.75   clock reconvergence pessimism
                         -2.00    7.75   output external delay
                                  7.75   data required time
-----------------------------------------------------------------------------
                                  7.75   data required time
                                 -4.30   data arrival time
-----------------------------------------------------------------------------
                                  3.45   slack (MET)


Startpoint: opcode[1] (input port clocked by __VIRTUAL_CLK__)
Endpoint: out[3] (output port clocked by __VIRTUAL_CLK__)
Path Group: __VIRTUAL_CLK__
Path Type: max

Fanout     Cap    Slew   Delay    Time   Description
-----------------------------------------------------------------------------
                  0.00    0.00    0.00   clock __VIRTUAL_CLK__ (rise edge)
                          0.00    0.00   clock network delay (ideal)
                          2.00    2.00 ^ input external delay
     1    0.00    0.02    0.01    2.01 ^ opcode[1] (in)
                                         opcode[1] (net)
                  0.02    0.00    2.01 ^ input18/A (sky130_fd_sc_hd__dlymetal6s2s_1)
     5    0.02    0.21    0.20    2.22 ^ input18/X (sky130_fd_sc_hd__dlymetal6s2s_1)
                                         net18 (net)
                  0.21    0.00    2.22 ^ _222_/B (sky130_fd_sc_hd__nand3b_4)
     8    0.02    0.09    0.13    2.35 v _222_/Y (sky130_fd_sc_hd__nand3b_4)
                                         _150_ (net)
                  0.09    0.00    2.35 v _234_/C (sky130_fd_sc_hd__and3_1)
     2    0.01    0.06    0.23    2.58 v _234_/X (sky130_fd_sc_hd__and3_1)
                                         _001_ (net)
                  0.06    0.00    2.58 v _236_/A1 (sky130_fd_sc_hd__o21a_1)
     4    0.01    0.09    0.25    2.83 v _236_/X (sky130_fd_sc_hd__o21a_1)
                                         _003_ (net)
                  0.09    0.00    2.83 v _239_/B1 (sky130_fd_sc_hd__a211oi_2)
     3    0.01    0.24    0.28    3.11 ^ _239_/Y (sky130_fd_sc_hd__a211oi_2)
                                         _006_ (net)
                  0.24    0.00    3.11 ^ _241_/A2 (sky130_fd_sc_hd__o21ai_2)
     5    0.02    0.09    0.13    3.24 v _241_/Y (sky130_fd_sc_hd__o21ai_2)
                                         _008_ (net)
                  0.09    0.00    3.24 v _314_/A2 (sky130_fd_sc_hd__a31o_1)
     1    0.00    0.04    0.23    3.47 v _314_/X (sky130_fd_sc_hd__a31o_1)
                                         _075_ (net)
                  0.04    0.00    3.47 v _318_/A2 (sky130_fd_sc_hd__o21bai_1)
     1    0.00    0.12    0.13    3.60 ^ _318_/Y (sky130_fd_sc_hd__o21bai_1)
                                         _079_ (net)
                  0.12    0.00    3.60 ^ _319_/B1_N (sky130_fd_sc_hd__o21ba_1)
     1    0.00    0.04    0.17    3.77 v _319_/X (sky130_fd_sc_hd__o21ba_1)
                                         _080_ (net)
                  0.04    0.00    3.77 v _320_/B1 (sky130_fd_sc_hd__a21oi_1)
     1    0.01    0.15    0.15    3.92 ^ _320_/Y (sky130_fd_sc_hd__a21oi_1)
                                         net23 (net)
                  0.15    0.00    3.92 ^ output23/A (sky130_fd_sc_hd__clkbuf_4)
     1    0.03    0.11    0.24    4.16 ^ output23/X (sky130_fd_sc_hd__clkbuf_4)
                                         out[3] (net)
                  0.11    0.00    4.16 ^ out[3] (out)
                                  4.16   data arrival time

                  0.00   10.00   10.00   clock __VIRTUAL_CLK__ (rise edge)
                          0.00   10.00   clock network delay (ideal)
                         -0.25    9.75   clock uncertainty
                          0.00    9.75   clock reconvergence pessimism
                         -2.00    7.75   output external delay
                                  7.75   data required time
-----------------------------------------------------------------------------
                                  7.75   data required time
                                 -4.16   data arrival time
-----------------------------------------------------------------------------
                                  3.59   slack (MET)


Startpoint: opcode[1] (input port clocked by __VIRTUAL_CLK__)
Endpoint: out[1] (output port clocked by __VIRTUAL_CLK__)
Path Group: __VIRTUAL_CLK__
Path Type: max

Fanout     Cap    Slew   Delay    Time   Description
-----------------------------------------------------------------------------
                  0.00    0.00    0.00   clock __VIRTUAL_CLK__ (rise edge)
                          0.00    0.00   clock network delay (ideal)
                          2.00    2.00 ^ input external delay
     1    0.00    0.02    0.01    2.01 ^ opcode[1] (in)
                                         opcode[1] (net)
                  0.02    0.00    2.01 ^ input18/A (sky130_fd_sc_hd__dlymetal6s2s_1)
     5    0.02    0.21    0.20    2.22 ^ input18/X (sky130_fd_sc_hd__dlymetal6s2s_1)
                                         net18 (net)
                  0.21    0.00    2.22 ^ _222_/B (sky130_fd_sc_hd__nand3b_4)
     8    0.02    0.09    0.13    2.35 v _222_/Y (sky130_fd_sc_hd__nand3b_4)
                                         _150_ (net)
                  0.09    0.00    2.35 v _234_/C (sky130_fd_sc_hd__and3_1)
     2    0.01    0.06    0.23    2.58 v _234_/X (sky130_fd_sc_hd__and3_1)
                                         _001_ (net)
                  0.06    0.00    2.58 v _236_/A1 (sky130_fd_sc_hd__o21a_1)
     4    0.01    0.09    0.25    2.83 v _236_/X (sky130_fd_sc_hd__o21a_1)
                                         _003_ (net)
                  0.09    0.00    2.83 v _239_/B1 (sky130_fd_sc_hd__a211oi_2)
     3    0.01    0.24    0.28    3.11 ^ _239_/Y (sky130_fd_sc_hd__a211oi_2)
                                         _006_ (net)
                  0.24    0.00    3.11 ^ _300_/A (sky130_fd_sc_hd__or3_1)
     1    0.00    0.04    0.16    3.27 ^ _300_/X (sky130_fd_sc_hd__or3_1)
                                         _063_ (net)
                  0.04    0.00    3.27 ^ _301_/C_N (sky130_fd_sc_hd__or3b_1)
     1    0.00    0.06    0.35    3.62 v _301_/X (sky130_fd_sc_hd__or3b_1)
                                         _064_ (net)
                  0.06    0.00    3.62 v _302_/B2 (sky130_fd_sc_hd__o2bb2a_1)
     1    0.00    0.05    0.29    3.92 v _302_/X (sky130_fd_sc_hd__o2bb2a_1)
                                         net21 (net)
                  0.05    0.00    3.92 v output21/A (sky130_fd_sc_hd__buf_2)
     1    0.03    0.09    0.19    4.11 v output21/X (sky130_fd_sc_hd__buf_2)
                                         out[1] (net)
                  0.09    0.00    4.11 v out[1] (out)
                                  4.11   data arrival time

                  0.00   10.00   10.00   clock __VIRTUAL_CLK__ (rise edge)
                          0.00   10.00   clock network delay (ideal)
                         -0.25    9.75   clock uncertainty
                          0.00    9.75   clock reconvergence pessimism
                         -2.00    7.75   output external delay
                                  7.75   data required time
-----------------------------------------------------------------------------
                                  7.75   data required time
                                 -4.11   data arrival time
-----------------------------------------------------------------------------
                                  3.64   slack (MET)


Startpoint: opcode[1] (input port clocked by __VIRTUAL_CLK__)
Endpoint: out[2] (output port clocked by __VIRTUAL_CLK__)
Path Group: __VIRTUAL_CLK__
Path Type: max

Fanout     Cap    Slew   Delay    Time   Description
-----------------------------------------------------------------------------
                  0.00    0.00    0.00   clock __VIRTUAL_CLK__ (rise edge)
                          0.00    0.00   clock network delay (ideal)
                          2.00    2.00 ^ input external delay
     1    0.00    0.02    0.01    2.01 ^ opcode[1] (in)
                                         opcode[1] (net)
                  0.02    0.00    2.01 ^ input18/A (sky130_fd_sc_hd__dlymetal6s2s_1)
     5    0.02    0.21    0.20    2.22 ^ input18/X (sky130_fd_sc_hd__dlymetal6s2s_1)
                                         net18 (net)
                  0.21    0.00    2.22 ^ _222_/B (sky130_fd_sc_hd__nand3b_4)
     8    0.02    0.09    0.13    2.35 v _222_/Y (sky130_fd_sc_hd__nand3b_4)
                                         _150_ (net)
                  0.09    0.00    2.35 v _234_/C (sky130_fd_sc_hd__and3_1)
     2    0.01    0.06    0.23    2.58 v _234_/X (sky130_fd_sc_hd__and3_1)
                                         _001_ (net)
                  0.06    0.00    2.58 v _238_/B (sky130_fd_sc_hd__nor3_1)
     2    0.01    0.29    0.29    2.87 ^ _238_/Y (sky130_fd_sc_hd__nor3_1)
                                         _005_ (net)
                  0.29    0.00    2.87 ^ _239_/C1 (sky130_fd_sc_hd__a211oi_2)
     3    0.01    0.08    0.09    2.96 v _239_/Y (sky130_fd_sc_hd__a211oi_2)
                                         _006_ (net)
                  0.08    0.00    2.96 v _305_/C (sky130_fd_sc_hd__or3_1)
     1    0.00    0.07    0.33    3.29 v _305_/X (sky130_fd_sc_hd__or3_1)
                                         _067_ (net)
                  0.07    0.00    3.29 v _309_/A3 (sky130_fd_sc_hd__a31o_1)
     1    0.00    0.03    0.22    3.51 v _309_/X (sky130_fd_sc_hd__a31o_1)
                                         _071_ (net)
                  0.03    0.00    3.51 v _310_/B2 (sky130_fd_sc_hd__o2bb2a_1)
     1    0.00    0.05    0.28    3.79 v _310_/X (sky130_fd_sc_hd__o2bb2a_1)
                                         net22 (net)
                  0.05    0.00    3.79 v output22/A (sky130_fd_sc_hd__buf_2)
     1    0.03    0.09    0.19    3.98 v output22/X (sky130_fd_sc_hd__buf_2)
                                         out[2] (net)
                  0.09    0.00    3.99 v out[2] (out)
                                  3.99   data arrival time

                  0.00   10.00   10.00   clock __VIRTUAL_CLK__ (rise edge)
                          0.00   10.00   clock network delay (ideal)
                         -0.25    9.75   clock uncertainty
                          0.00    9.75   clock reconvergence pessimism
                         -2.00    7.75   output external delay
                                  7.75   data required time
-----------------------------------------------------------------------------
                                  7.75   data required time
                                 -3.99   data arrival time
-----------------------------------------------------------------------------
                                  3.76   slack (MET)


Startpoint: opcode[1] (input port clocked by __VIRTUAL_CLK__)
Endpoint: out[0] (output port clocked by __VIRTUAL_CLK__)
Path Group: __VIRTUAL_CLK__
Path Type: max

Fanout     Cap    Slew   Delay    Time   Description
-----------------------------------------------------------------------------
                  0.00    0.00    0.00   clock __VIRTUAL_CLK__ (rise edge)
                          0.00    0.00   clock network delay (ideal)
                          2.00    2.00 v input external delay
     1    0.00    0.01    0.00    2.00 v opcode[1] (in)
                                         opcode[1] (net)
                  0.01    0.00    2.00 v input18/A (sky130_fd_sc_hd__dlymetal6s2s_1)
     5    0.02    0.10    0.19    2.19 v input18/X (sky130_fd_sc_hd__dlymetal6s2s_1)
                                         net18 (net)
                  0.10    0.00    2.19 v _161_/B (sky130_fd_sc_hd__or2_1)
     3    0.01    0.09    0.29    2.48 v _161_/X (sky130_fd_sc_hd__or2_1)
                                         _089_ (net)
                  0.09    0.00    2.48 v _250_/C (sky130_fd_sc_hd__and3_1)
     4    0.02    0.10    0.27    2.75 v _250_/X (sky130_fd_sc_hd__and3_1)
                                         _017_ (net)
                  0.10    0.00    2.75 v _251_/A (sky130_fd_sc_hd__inv_2)
     5    0.02    0.09    0.12    2.87 ^ _251_/Y (sky130_fd_sc_hd__inv_2)
                                         _018_ (net)
                  0.09    0.00    2.87 ^ _290_/B1 (sky130_fd_sc_hd__a22oi_1)
     1    0.00    0.07    0.08    2.95 v _290_/Y (sky130_fd_sc_hd__a22oi_1)
                                         _054_ (net)
                  0.07    0.00    2.95 v _292_/A2 (sky130_fd_sc_hd__o32a_1)
     1    0.00    0.05    0.35    3.30 v _292_/X (sky130_fd_sc_hd__o32a_1)
                                         _056_ (net)
                  0.05    0.00    3.30 v _293_/B1 (sky130_fd_sc_hd__a21o_1)
     1    0.00    0.03    0.16    3.46 v _293_/X (sky130_fd_sc_hd__a21o_1)
                                         net20 (net)
                  0.03    0.00    3.46 v output20/A (sky130_fd_sc_hd__buf_2)
     1    0.03    0.09    0.18    3.65 v output20/X (sky130_fd_sc_hd__buf_2)
                                         out[0] (net)
                  0.09    0.00    3.65 v out[0] (out)
                                  3.65   data arrival time

                  0.00   10.00   10.00   clock __VIRTUAL_CLK__ (rise edge)
                          0.00   10.00   clock network delay (ideal)
                         -0.25    9.75   clock uncertainty
                          0.00    9.75   clock reconvergence pessimism
                         -2.00    7.75   output external delay
                                  7.75   data required time
-----------------------------------------------------------------------------
                                  7.75   data required time
                                 -3.65   data arrival time
-----------------------------------------------------------------------------
                                  4.10   slack (MET)



worst slack corner Typical: 2.9634
max_report_end
checks_report

===========================================================================
report_checks -unconstrained
===========================================================================
======================= Typical Corner ===================================

Startpoint: opcode[1] (input port clocked by __VIRTUAL_CLK__)
Endpoint: out[7] (output port clocked by __VIRTUAL_CLK__)
Path Group: __VIRTUAL_CLK__
Path Type: max

Fanout     Cap    Slew   Delay    Time   Description
-----------------------------------------------------------------------------
                  0.00    0.00    0.00   clock __VIRTUAL_CLK__ (rise edge)
                          0.00    0.00   clock network delay (ideal)
                          2.00    2.00 ^ input external delay
     1    0.00    0.02    0.01    2.01 ^ opcode[1] (in)
                                         opcode[1] (net)
                  0.02    0.00    2.01 ^ input18/A (sky130_fd_sc_hd__dlymetal6s2s_1)
     5    0.02    0.21    0.20    2.22 ^ input18/X (sky130_fd_sc_hd__dlymetal6s2s_1)
                                         net18 (net)
                  0.21    0.00    2.22 ^ _222_/B (sky130_fd_sc_hd__nand3b_4)
     8    0.02    0.09    0.13    2.35 v _222_/Y (sky130_fd_sc_hd__nand3b_4)
                                         _150_ (net)
                  0.09    0.00    2.35 v _234_/C (sky130_fd_sc_hd__and3_1)
     2    0.01    0.06    0.23    2.58 v _234_/X (sky130_fd_sc_hd__and3_1)
                                         _001_ (net)
                  0.06    0.00    2.58 v _236_/A1 (sky130_fd_sc_hd__o21a_1)
     4    0.01    0.09    0.25    2.83 v _236_/X (sky130_fd_sc_hd__o21a_1)
                                         _003_ (net)
                  0.09    0.00    2.83 v _239_/B1 (sky130_fd_sc_hd__a211oi_2)
     3    0.01    0.24    0.28    3.11 ^ _239_/Y (sky130_fd_sc_hd__a211oi_2)
                                         _006_ (net)
                  0.24    0.00    3.11 ^ _241_/A2 (sky130_fd_sc_hd__o21ai_2)
     5    0.02    0.09    0.13    3.24 v _241_/Y (sky130_fd_sc_hd__o21ai_2)
                                         _008_ (net)
                  0.09    0.00    3.24 v _248_/A2 (sky130_fd_sc_hd__a311o_2)
     5    0.02    0.09    0.45    3.69 v _248_/X (sky130_fd_sc_hd__a311o_2)
                                         _015_ (net)
                  0.09    0.00    3.69 v _260_/A3 (sky130_fd_sc_hd__a311oi_2)
     3    0.01    0.27    0.35    4.04 ^ _260_/Y (sky130_fd_sc_hd__a311oi_2)
                                         _026_ (net)
                  0.27    0.00    4.04 ^ _280_/A2 (sky130_fd_sc_hd__o21ai_1)
     1    0.00    0.06    0.10    4.14 v _280_/Y (sky130_fd_sc_hd__o21ai_1)
                                         _045_ (net)
                  0.06    0.00    4.14 v _282_/B (sky130_fd_sc_hd__and3_1)
     1    0.00    0.04    0.18    4.32 v _282_/X (sky130_fd_sc_hd__and3_1)
                                         _047_ (net)
                  0.04    0.00    4.32 v _289_/A2 (sky130_fd_sc_hd__o31a_1)
     1    0.00    0.05    0.28    4.60 v _289_/X (sky130_fd_sc_hd__o31a_1)
                                         net27 (net)
                  0.05    0.00    4.60 v output27/A (sky130_fd_sc_hd__buf_2)
     1    0.03    0.09    0.19    4.79 v output27/X (sky130_fd_sc_hd__buf_2)
                                         out[7] (net)
                  0.09    0.00    4.79 v out[7] (out)
                                  4.79   data arrival time

                  0.00   10.00   10.00   clock __VIRTUAL_CLK__ (rise edge)
                          0.00   10.00   clock network delay (ideal)
                         -0.25    9.75   clock uncertainty
                          0.00    9.75   clock reconvergence pessimism
                         -2.00    7.75   output external delay
                                  7.75   data required time
-----------------------------------------------------------------------------
                                  7.75   data required time
                                 -4.79   data arrival time
-----------------------------------------------------------------------------
                                  2.96   slack (MET)




===========================================================================
report_checks --slack_max -0.01
============================================================================
======================= Typical Corner ===================================

No paths found.


===========================================================================
 report_check_types -max_slew -max_cap -max_fanout -violators
============================================================================
======================= Typical Corner ===================================


max slew violations count Typical: 0
max fanout violations count Typical: 0
max cap violations count Typical: 0

===========================================================================
report_parasitic_annotation -report_unannotated
============================================================================
Found 0 unannotated drivers.
Found 18 partially unannotated drivers.
 A[2]
 B[0]
 B[1]
 B[2]
 _163_/X
 _169_/X
 _173_/X
 _200_/Y
 _211_/Y
 _215_/X
 _222_/Y
 _223_/X
 _268_/X
 _269_/Y
 _304_/X
 _329_/Y
 input2/X
 output20/X

===========================================================================
max slew violation count 0
max fanout violation count 0
max cap violation count 0
============================================================================

===========================================================================
check_setup -verbose -unconstrained_endpoints -multiple_clock -no_clock -no_input_delay -loops -generated_clocks
===========================================================================
checks_report_end
power_report

===========================================================================
 report_power
============================================================================
======================= Typical Corner ===================================

Group                  Internal  Switching    Leakage      Total
                          Power      Power      Power      Power (Watts)
----------------------------------------------------------------
Sequential             0.00e+00   0.00e+00   0.00e+00   0.00e+00   0.0%
Combinational          3.85e-05   5.34e-05   6.87e-10   9.19e-05 100.0%
Clock                  0.00e+00   0.00e+00   1.68e-10   1.68e-10   0.0%
Macro                  0.00e+00   0.00e+00   0.00e+00   0.00e+00   0.0%
Pad                    0.00e+00   0.00e+00   0.00e+00   0.00e+00   0.0%
----------------------------------------------------------------
Total                  3.85e-05   5.34e-05   8.55e-10   9.19e-05 100.0%
                          41.9%      58.1%       0.0%

power_report_end
summary_report

===========================================================================
report_tns
============================================================================
tns 0.00

===========================================================================
report_wns
============================================================================
wns 0.00

===========================================================================
report_worst_slack -max (Setup)
============================================================================
worst slack 2.96

===========================================================================
report_worst_slack -min (Hold)
============================================================================
worst slack 4.16
summary_report_end
area_report

===========================================================================
report_design_area
============================================================================
Design area 1439 u^2 28% utilization.
area_report_end
check_nonpropagated_clocks
__VIRTUAL_CLK__
check_nonpropagated_clocks_end
[WARNING] Did not save OpenROAD database!
Writing SDF to '/openlane/designs/alu/runs/RUN_2025.05.25_10.15.59/results/signoff/alu.sdf'…
Writing timing model to '/openlane/designs/alu/runs/RUN_2025.05.25_10.15.59/results/signoff/alu.lib'…
