OpenROAD b16bda7e82721d10566ff7e2b68f1ff0be9f9e38 
Features included (+) or not (-): +Charts +GPU +GUI +Python
This program is licensed under the BSD-3 license. See the LICENSE file for details.
Components of this program may be licensed under more restrictive licenses which must be honored.
define_corners Typical
read_liberty -corner Typical /root/.volare/sky130A/libs.ref/sky130_fd_sc_hd/lib/sky130_fd_sc_hd__tt_025C_1v80.lib
Using 1e-12 for capacitance...
Using 1e+03 for resistance...
Using 1e-09 for time...
Using 1e+00 for voltage...
Using 1e-03 for current...
Using 1e-09 for power...
Using 1e-06 for distance...
[INFO]: Reading ODB at '/openlane/designs/alu/runs/RUN_2025.05.25_10.15.59/tmp/18-alu.odb'…
Reading design constraints file at '/openlane/scripts/base.sdc'…
[INFO]: Setting output delay to: 2.0
[INFO]: Setting input delay to: 2.0
[WARNING STA-0366] port '__VIRTUAL_CLK__' not found.
[INFO]: Setting load to: 0.033442
[INFO]: Setting clock uncertainty to: 0.25
[INFO]: Setting clock transition to: 0.15
[WARNING STA-0419] transition time can not be specified for virtual clocks.
[INFO]: Setting timing derate to: 5.0 %
[INFO]: Setting signal min routing layer to: met1 and clock min routing layer to met3. 
[INFO]: Setting signal max routing layer to: met5 and clock max routing layer to met5. 
-congestion_iterations 50 -verbose -congestion_report_file /openlane/designs/alu/runs/RUN_2025.05.25_10.15.59/tmp/routing/groute-congestion.rpt
[INFO GRT-0020] Min routing layer: met1
[INFO GRT-0021] Max routing layer: met5
[INFO GRT-0022] Global adjustment: 30%
[INFO GRT-0023] Grid origin: (0, 0)
[INFO GRT-0043] No OR_DEFAULT vias defined.
[INFO GRT-0088] Layer li1     Track-Pitch = 0.4600  line-2-Via Pitch: 0.3400
[INFO GRT-0088] Layer met1    Track-Pitch = 0.3400  line-2-Via Pitch: 0.3400
[INFO GRT-0088] Layer met2    Track-Pitch = 0.4600  line-2-Via Pitch: 0.3500
[INFO GRT-0088] Layer met3    Track-Pitch = 0.6800  line-2-Via Pitch: 0.6150
[INFO GRT-0088] Layer met4    Track-Pitch = 0.9200  line-2-Via Pitch: 1.0400
[INFO GRT-0088] Layer met5    Track-Pitch = 3.4000  line-2-Via Pitch: 3.1100
[INFO GRT-0019] Found 0 clock nets.
[INFO GRT-0001] Minimum degree: 2
[INFO GRT-0002] Maximum degree: 11
[INFO GRT-0003] Macros: 0
[INFO GRT-0043] No OR_DEFAULT vias defined.
[INFO GRT-0004] Blockages: 0

[INFO GRT-0053] Routing resources analysis:
          Routing      Original      Derated      Resource
Layer     Direction    Resources     Resources    Reduction (%)
---------------------------------------------------------------
li1        Vertical            0             0          0.00%
met1       Horizontal       3232          1595          50.65%
met2       Vertical         2355          1436          39.02%
met3       Horizontal       1610           992          38.39%
met4       Vertical          955           426          55.39%
met5       Horizontal        322           121          62.42%
---------------------------------------------------------------

[INFO GRT-0197] Via related to pin nodes: 1033
[INFO GRT-0198] Via related Steiner nodes: 16
[INFO GRT-0199] Via filling finished.
[INFO GRT-0111] Final number of vias: 1267
[INFO GRT-0112] Final usage 3D: 4338

[INFO GRT-0096] Final congestion report:
Layer         Resource        Demand        Usage (%)    Max H / Max V / Total Overflow
---------------------------------------------------------------------------------------
li1                  0             0            0.00%             0 /  0 /  0
met1              1595           280           17.55%             0 /  0 /  0
met2              1436           245           17.06%             0 /  0 /  0
met3               992            12            1.21%             0 /  0 /  0
met4               426             0            0.00%             0 /  0 /  0
met5               121             0            0.00%             0 /  0 /  0
---------------------------------------------------------------------------------------
Total             4570           537           11.75%             0 /  0 /  0

[INFO GRT-0018] Total wirelength: 6741 um
[INFO GRT-0014] Routed nets: 215
[INFO GRT-0006] Repairing antennas, iteration 1.
[INFO GRT-0043] No OR_DEFAULT vias defined.
[INFO GRT-0012] Found 1 antenna violations.
[INFO GRT-0015] Inserted 1 diodes.
[INFO GRT-0009] rerouting 139 nets.
[INFO GRT-0001] Minimum degree: 2
[INFO GRT-0002] Maximum degree: 11
[INFO GRT-0006] Repairing antennas, iteration 2.
[INFO GRT-0043] No OR_DEFAULT vias defined.
[INFO GRT-0012] Found 0 antenna violations.
Placement Analysis
---------------------------------
total displacement          0.0 u
average displacement        0.0 u
max displacement            0.0 u
original HPWL            3346.1 u
legalized HPWL           3344.6 u
delta HPWL                    0 %

[INFO DPL-0020] Mirrored 69 instances
[INFO DPL-0021] HPWL before            3344.6 u
[INFO DPL-0022] HPWL after             3249.8 u
[INFO DPL-0023] HPWL delta               -2.8 %
[INFO]: Setting signal min routing layer to: met1 and clock min routing layer to met3. 
[INFO]: Setting signal max routing layer to: met5 and clock max routing layer to met5. 
-congestion_iterations 50 -verbose -congestion_report_file /openlane/designs/alu/runs/RUN_2025.05.25_10.15.59/tmp/routing/groute-congestion.rpt
[INFO GRT-0020] Min routing layer: met1
[INFO GRT-0021] Max routing layer: met5
[INFO GRT-0022] Global adjustment: 30%
[INFO GRT-0023] Grid origin: (0, 0)
[INFO GRT-0043] No OR_DEFAULT vias defined.
[INFO GRT-0088] Layer li1     Track-Pitch = 0.4600  line-2-Via Pitch: 0.3400
[INFO GRT-0088] Layer met1    Track-Pitch = 0.3400  line-2-Via Pitch: 0.3400
[INFO GRT-0088] Layer met2    Track-Pitch = 0.4600  line-2-Via Pitch: 0.3500
[INFO GRT-0088] Layer met3    Track-Pitch = 0.6800  line-2-Via Pitch: 0.6150
[INFO GRT-0088] Layer met4    Track-Pitch = 0.9200  line-2-Via Pitch: 1.0400
[INFO GRT-0088] Layer met5    Track-Pitch = 3.4000  line-2-Via Pitch: 3.1100
[INFO GRT-0019] Found 0 clock nets.
[INFO GRT-0001] Minimum degree: 2
[INFO GRT-0002] Maximum degree: 11
[INFO GRT-0003] Macros: 0
[INFO GRT-0043] No OR_DEFAULT vias defined.
[INFO GRT-0004] Blockages: 0

[INFO GRT-0053] Routing resources analysis:
          Routing      Original      Derated      Resource
Layer     Direction    Resources     Resources    Reduction (%)
---------------------------------------------------------------
li1        Vertical            0             0          0.00%
met1       Horizontal       3232          1595          50.65%
met2       Vertical         2355          1436          39.02%
met3       Horizontal       1610           992          38.39%
met4       Vertical          955           426          55.39%
met5       Horizontal        322           121          62.42%
---------------------------------------------------------------

[INFO GRT-0197] Via related to pin nodes: 1033
[INFO GRT-0198] Via related Steiner nodes: 16
[INFO GRT-0199] Via filling finished.
[INFO GRT-0111] Final number of vias: 1267
[INFO GRT-0112] Final usage 3D: 4338

[INFO GRT-0096] Final congestion report:
Layer         Resource        Demand        Usage (%)    Max H / Max V / Total Overflow
---------------------------------------------------------------------------------------
li1                  0             0            0.00%             0 /  0 /  0
met1              1595           280           17.55%             0 /  0 /  0
met2              1436           245           17.06%             0 /  0 /  0
met3               992            12            1.21%             0 /  0 /  0
met4               426             0            0.00%             0 /  0 /  0
met5               121             0            0.00%             0 /  0 /  0
---------------------------------------------------------------------------------------
Total             4570           537           11.75%             0 /  0 /  0

[INFO GRT-0018] Total wirelength: 6741 um
[INFO GRT-0014] Routed nets: 215
Setting global connections for newly added cells…
Writing OpenROAD database to '/openlane/designs/alu/runs/RUN_2025.05.25_10.15.59/tmp/routing/20-global.odb'…
Writing layout to '/openlane/designs/alu/runs/RUN_2025.05.25_10.15.59/tmp/routing/20-global.def'…
Writing routing guides to '/openlane/designs/alu/runs/RUN_2025.05.25_10.15.59/tmp/routing/20-global.guide'…
