OpenROAD b16bda7e82721d10566ff7e2b68f1ff0be9f9e38 
Features included (+) or not (-): +Charts +GPU +GUI +Python
This program is licensed under the BSD-3 license. See the LICENSE file for details.
Components of this program may be licensed under more restrictive licenses which must be honored.
define_corners Typical
read_liberty -corner Typical /root/.volare/sky130A/libs.ref/sky130_fd_sc_hd/lib/sky130_fd_sc_hd__tt_025C_1v80.lib
Using 1e-12 for capacitance...
Using 1e+03 for resistance...
Using 1e-09 for time...
Using 1e+00 for voltage...
Using 1e-03 for current...
Using 1e-09 for power...
Using 1e-06 for distance...
[INFO]: Reading ODB at '/openlane/designs/alu/runs/RUN_2025.05.25_10.15.59/tmp/routing/20-global.odb'…
Reading design constraints file at '/openlane/scripts/base.sdc'…
[INFO]: Setting output delay to: 2.0
[INFO]: Setting input delay to: 2.0
[WARNING STA-0366] port '__VIRTUAL_CLK__' not found.
[INFO]: Setting load to: 0.033442
[INFO]: Setting clock uncertainty to: 0.25
[INFO]: Setting clock transition to: 0.15
[WARNING STA-0419] transition time can not be specified for virtual clocks.
[INFO]: Setting timing derate to: 5.0 %
[INFO]: Propagating all clocks
[WARNING STA-0450] virtual clock __VIRTUAL_CLK__ can not be propagated.
min_report

===========================================================================
report_checks -path_delay min (Hold)
============================================================================
======================= Typical Corner ===================================

Startpoint: A[6] (input port clocked by __VIRTUAL_CLK__)
Endpoint: out[6] (output port clocked by __VIRTUAL_CLK__)
Path Group: __VIRTUAL_CLK__
Path Type: min

Fanout     Cap    Slew   Delay    Time   Description
-----------------------------------------------------------------------------
                  0.00    0.00    0.00   clock __VIRTUAL_CLK__ (rise edge)
                          0.00    0.00   clock network delay (ideal)
                          2.00    2.00 ^ input external delay
     1    0.00    0.02    0.01    2.01 ^ A[6] (in)
                                         A[6] (net)
                  0.02    0.00    2.01 ^ input7/A (sky130_fd_sc_hd__clkbuf_2)
     6    0.02    0.10    0.13    2.14 ^ input7/X (sky130_fd_sc_hd__clkbuf_2)
                                         net7 (net)
                  0.10    0.00    2.14 ^ _274_/A1 (sky130_fd_sc_hd__a22oi_1)
     1    0.00    0.04    0.08    2.21 v _274_/Y (sky130_fd_sc_hd__a22oi_1)
                                         net26 (net)
                  0.04    0.00    2.21 v output26/A (sky130_fd_sc_hd__buf_2)
     1    0.03    0.09    0.17    2.38 v output26/X (sky130_fd_sc_hd__buf_2)
                                         out[6] (net)
                  0.09    0.00    2.38 v out[6] (out)
                                  2.38   data arrival time

                  0.00    0.00    0.00   clock __VIRTUAL_CLK__ (rise edge)
                          0.00    0.00   clock network delay (ideal)
                          0.25    0.25   clock uncertainty
                          0.00    0.25   clock reconvergence pessimism
                         -2.00   -1.75   output external delay
                                 -1.75   data required time
-----------------------------------------------------------------------------
                                 -1.75   data required time
                                 -2.38   data arrival time
-----------------------------------------------------------------------------
                                  4.13   slack (MET)


Startpoint: A[4] (input port clocked by __VIRTUAL_CLK__)
Endpoint: out[4] (output port clocked by __VIRTUAL_CLK__)
Path Group: __VIRTUAL_CLK__
Path Type: min

Fanout     Cap    Slew   Delay    Time   Description
-----------------------------------------------------------------------------
                  0.00    0.00    0.00   clock __VIRTUAL_CLK__ (rise edge)
                          0.00    0.00   clock network delay (ideal)
                          2.00    2.00 ^ input external delay
     1    0.00    0.02    0.01    2.01 ^ A[4] (in)
                                         A[4] (net)
                  0.02    0.00    2.01 ^ input5/A (sky130_fd_sc_hd__dlymetal6s2s_1)
     6    0.02    0.18    0.16    2.17 ^ input5/X (sky130_fd_sc_hd__dlymetal6s2s_1)
                                         net5 (net)
                  0.18    0.00    2.17 ^ _329_/A1 (sky130_fd_sc_hd__a21oi_1)
     1    0.00    0.03    0.08    2.24 v _329_/Y (sky130_fd_sc_hd__a21oi_1)
                                         net24 (net)
                  0.03    0.00    2.24 v output24/A (sky130_fd_sc_hd__buf_2)
     1    0.03    0.09    0.16    2.41 v output24/X (sky130_fd_sc_hd__buf_2)
                                         out[4] (net)
                  0.09    0.00    2.41 v out[4] (out)
                                  2.41   data arrival time

                  0.00    0.00    0.00   clock __VIRTUAL_CLK__ (rise edge)
                          0.00    0.00   clock network delay (ideal)
                          0.25    0.25   clock uncertainty
                          0.00    0.25   clock reconvergence pessimism
                         -2.00   -1.75   output external delay
                                 -1.75   data required time
-----------------------------------------------------------------------------
                                 -1.75   data required time
                                 -2.41   data arrival time
-----------------------------------------------------------------------------
                                  4.16   slack (MET)


Startpoint: A[0] (input port clocked by __VIRTUAL_CLK__)
Endpoint: out[0] (output port clocked by __VIRTUAL_CLK__)
Path Group: __VIRTUAL_CLK__
Path Type: min

Fanout     Cap    Slew   Delay    Time   Description
-----------------------------------------------------------------------------
                  0.00    0.00    0.00   clock __VIRTUAL_CLK__ (rise edge)
                          0.00    0.00   clock network delay (ideal)
                          2.00    2.00 v input external delay
     1    0.00    0.01    0.00    2.00 v A[0] (in)
                                         A[0] (net)
                  0.01    0.00    2.00 v input1/A (sky130_fd_sc_hd__buf_1)
     2    0.01    0.04    0.08    2.09 v input1/X (sky130_fd_sc_hd__buf_1)
                                         net1 (net)
                  0.04    0.00    2.09 v _237_/A (sky130_fd_sc_hd__inv_2)
     3    0.01    0.05    0.06    2.14 ^ _237_/Y (sky130_fd_sc_hd__inv_2)
                                         _004_ (net)
                  0.05    0.00    2.14 ^ _293_/A1 (sky130_fd_sc_hd__a21o_1)
     1    0.00    0.03    0.09    2.23 ^ _293_/X (sky130_fd_sc_hd__a21o_1)
                                         net20 (net)
                  0.03    0.00    2.23 ^ output20/A (sky130_fd_sc_hd__buf_2)
     1    0.03    0.17    0.18    2.41 ^ output20/X (sky130_fd_sc_hd__buf_2)
                                         out[0] (net)
                  0.17    0.00    2.41 ^ out[0] (out)
                                  2.41   data arrival time

                  0.00    0.00    0.00   clock __VIRTUAL_CLK__ (rise edge)
                          0.00    0.00   clock network delay (ideal)
                          0.25    0.25   clock uncertainty
                          0.00    0.25   clock reconvergence pessimism
                         -2.00   -1.75   output external delay
                                 -1.75   data required time
-----------------------------------------------------------------------------
                                 -1.75   data required time
                                 -2.41   data arrival time
-----------------------------------------------------------------------------
                                  4.16   slack (MET)


Startpoint: A[5] (input port clocked by __VIRTUAL_CLK__)
Endpoint: out[5] (output port clocked by __VIRTUAL_CLK__)
Path Group: __VIRTUAL_CLK__
Path Type: min

Fanout     Cap    Slew   Delay    Time   Description
-----------------------------------------------------------------------------
                  0.00    0.00    0.00   clock __VIRTUAL_CLK__ (rise edge)
                          0.00    0.00   clock network delay (ideal)
                          2.00    2.00 ^ input external delay
     1    0.00    0.02    0.01    2.01 ^ A[5] (in)
                                         A[5] (net)
                  0.02    0.00    2.01 ^ input6/A (sky130_fd_sc_hd__dlymetal6s2s_1)
     6    0.01    0.16    0.15    2.15 ^ input6/X (sky130_fd_sc_hd__dlymetal6s2s_1)
                                         net6 (net)
                  0.16    0.00    2.15 ^ _254_/A1 (sky130_fd_sc_hd__a22oi_1)
     1    0.00    0.04    0.09    2.25 v _254_/Y (sky130_fd_sc_hd__a22oi_1)
                                         net25 (net)
                  0.04    0.00    2.25 v output25/A (sky130_fd_sc_hd__buf_2)
     1    0.03    0.09    0.17    2.42 v output25/X (sky130_fd_sc_hd__buf_2)
                                         out[5] (net)
                  0.09    0.00    2.42 v out[5] (out)
                                  2.42   data arrival time

                  0.00    0.00    0.00   clock __VIRTUAL_CLK__ (rise edge)
                          0.00    0.00   clock network delay (ideal)
                          0.25    0.25   clock uncertainty
                          0.00    0.25   clock reconvergence pessimism
                         -2.00   -1.75   output external delay
                                 -1.75   data required time
-----------------------------------------------------------------------------
                                 -1.75   data required time
                                 -2.42   data arrival time
-----------------------------------------------------------------------------
                                  4.17   slack (MET)


Startpoint: A[7] (input port clocked by __VIRTUAL_CLK__)
Endpoint: out[7] (output port clocked by __VIRTUAL_CLK__)
Path Group: __VIRTUAL_CLK__
Path Type: min

Fanout     Cap    Slew   Delay    Time   Description
-----------------------------------------------------------------------------
                  0.00    0.00    0.00   clock __VIRTUAL_CLK__ (rise edge)
                          0.00    0.00   clock network delay (ideal)
                          2.00    2.00 ^ input external delay
     1    0.00    0.02    0.01    2.01 ^ A[7] (in)
                                         A[7] (net)
                  0.02    0.00    2.01 ^ input8/A (sky130_fd_sc_hd__buf_1)
     4    0.01    0.15    0.14    2.14 ^ input8/X (sky130_fd_sc_hd__buf_1)
                                         net8 (net)
                  0.15    0.00    2.14 ^ _288_/A (sky130_fd_sc_hd__nand2_1)
     1    0.00    0.04    0.06    2.20 v _288_/Y (sky130_fd_sc_hd__nand2_1)
                                         _053_ (net)
                  0.04    0.00    2.20 v _289_/B1 (sky130_fd_sc_hd__o31a_1)
     1    0.00    0.02    0.08    2.29 v _289_/X (sky130_fd_sc_hd__o31a_1)
                                         net27 (net)
                  0.02    0.00    2.29 v output27/A (sky130_fd_sc_hd__buf_2)
     1    0.03    0.09    0.16    2.45 v output27/X (sky130_fd_sc_hd__buf_2)
                                         out[7] (net)
                  0.09    0.00    2.45 v out[7] (out)
                                  2.45   data arrival time

                  0.00    0.00    0.00   clock __VIRTUAL_CLK__ (rise edge)
                          0.00    0.00   clock network delay (ideal)
                          0.25    0.25   clock uncertainty
                          0.00    0.25   clock reconvergence pessimism
                         -2.00   -1.75   output external delay
                                 -1.75   data required time
-----------------------------------------------------------------------------
                                 -1.75   data required time
                                 -2.45   data arrival time
-----------------------------------------------------------------------------
                                  4.20   slack (MET)


Startpoint: A[1] (input port clocked by __VIRTUAL_CLK__)
Endpoint: out[1] (output port clocked by __VIRTUAL_CLK__)
Path Group: __VIRTUAL_CLK__
Path Type: min

Fanout     Cap    Slew   Delay    Time   Description
-----------------------------------------------------------------------------
                  0.00    0.00    0.00   clock __VIRTUAL_CLK__ (rise edge)
                          0.00    0.00   clock network delay (ideal)
                          2.00    2.00 ^ input external delay
     1    0.00    0.02    0.01    2.01 ^ A[1] (in)
                                         A[1] (net)
                  0.02    0.00    2.01 ^ input2/A (sky130_fd_sc_hd__buf_2)
    10    0.02    0.10    0.13    2.14 ^ input2/X (sky130_fd_sc_hd__buf_2)
                                         net2 (net)
                  0.10    0.00    2.14 ^ _302_/A1_N (sky130_fd_sc_hd__o2bb2a_1)
     1    0.00    0.03    0.20    2.34 v _302_/X (sky130_fd_sc_hd__o2bb2a_1)
                                         net21 (net)
                  0.03    0.00    2.34 v output21/A (sky130_fd_sc_hd__buf_2)
     1    0.03    0.09    0.17    2.51 v output21/X (sky130_fd_sc_hd__buf_2)
                                         out[1] (net)
                  0.09    0.00    2.51 v out[1] (out)
                                  2.51   data arrival time

                  0.00    0.00    0.00   clock __VIRTUAL_CLK__ (rise edge)
                          0.00    0.00   clock network delay (ideal)
                          0.25    0.25   clock uncertainty
                          0.00    0.25   clock reconvergence pessimism
                         -2.00   -1.75   output external delay
                                 -1.75   data required time
-----------------------------------------------------------------------------
                                 -1.75   data required time
                                 -2.51   data arrival time
-----------------------------------------------------------------------------
                                  4.26   slack (MET)


Startpoint: A[3] (input port clocked by __VIRTUAL_CLK__)
Endpoint: out[3] (output port clocked by __VIRTUAL_CLK__)
Path Group: __VIRTUAL_CLK__
Path Type: min

Fanout     Cap    Slew   Delay    Time   Description
-----------------------------------------------------------------------------
                  0.00    0.00    0.00   clock __VIRTUAL_CLK__ (rise edge)
                          0.00    0.00   clock network delay (ideal)
                          2.00    2.00 ^ input external delay
     1    0.00    0.02    0.01    2.01 ^ A[3] (in)
                                         A[3] (net)
                  0.02    0.00    2.01 ^ input4/A (sky130_fd_sc_hd__buf_1)
     4    0.01    0.11    0.11    2.12 ^ input4/X (sky130_fd_sc_hd__buf_1)
                                         net4 (net)
                  0.11    0.00    2.12 ^ _175_/A (sky130_fd_sc_hd__buf_2)
    10    0.02    0.12    0.17    2.29 ^ _175_/X (sky130_fd_sc_hd__buf_2)
                                         _103_ (net)
                  0.12    0.00    2.29 ^ _320_/A1 (sky130_fd_sc_hd__a21oi_1)
     1    0.00    0.02    0.07    2.36 v _320_/Y (sky130_fd_sc_hd__a21oi_1)
                                         net23 (net)
                  0.02    0.00    2.36 v output23/A (sky130_fd_sc_hd__clkbuf_4)
     1    0.03    0.08    0.16    2.52 v output23/X (sky130_fd_sc_hd__clkbuf_4)
                                         out[3] (net)
                  0.08    0.00    2.52 v out[3] (out)
                                  2.52   data arrival time

                  0.00    0.00    0.00   clock __VIRTUAL_CLK__ (rise edge)
                          0.00    0.00   clock network delay (ideal)
                          0.25    0.25   clock uncertainty
                          0.00    0.25   clock reconvergence pessimism
                         -2.00   -1.75   output external delay
                                 -1.75   data required time
-----------------------------------------------------------------------------
                                 -1.75   data required time
                                 -2.52   data arrival time
-----------------------------------------------------------------------------
                                  4.27   slack (MET)


Startpoint: A[2] (input port clocked by __VIRTUAL_CLK__)
Endpoint: out[2] (output port clocked by __VIRTUAL_CLK__)
Path Group: __VIRTUAL_CLK__
Path Type: min

Fanout     Cap    Slew   Delay    Time   Description
-----------------------------------------------------------------------------
                  0.00    0.00    0.00   clock __VIRTUAL_CLK__ (rise edge)
                          0.00    0.00   clock network delay (ideal)
                          2.00    2.00 v input external delay
     1    0.00    0.01    0.00    2.00 v A[2] (in)
                                         A[2] (net)
                  0.01    0.00    2.00 v input3/A (sky130_fd_sc_hd__buf_1)
     4    0.01    0.05    0.09    2.09 v input3/X (sky130_fd_sc_hd__buf_1)
                                         net3 (net)
                  0.05    0.00    2.09 v _173_/A (sky130_fd_sc_hd__buf_2)
    10    0.02    0.06    0.15    2.25 v _173_/X (sky130_fd_sc_hd__buf_2)
                                         _101_ (net)
                  0.06    0.00    2.25 v _310_/A1_N (sky130_fd_sc_hd__o2bb2a_1)
     1    0.00    0.04    0.22    2.47 ^ _310_/X (sky130_fd_sc_hd__o2bb2a_1)
                                         net22 (net)
                  0.04    0.00    2.47 ^ output22/A (sky130_fd_sc_hd__buf_2)
     1    0.03    0.17    0.18    2.65 ^ output22/X (sky130_fd_sc_hd__buf_2)
                                         out[2] (net)
                  0.17    0.00    2.65 ^ out[2] (out)
                                  2.65   data arrival time

                  0.00    0.00    0.00   clock __VIRTUAL_CLK__ (rise edge)
                          0.00    0.00   clock network delay (ideal)
                          0.25    0.25   clock uncertainty
                          0.00    0.25   clock reconvergence pessimism
                         -2.00   -1.75   output external delay
                                 -1.75   data required time
-----------------------------------------------------------------------------
                                 -1.75   data required time
                                 -2.65   data arrival time
-----------------------------------------------------------------------------
                                  4.40   slack (MET)



worst slack corner Typical: 4.1331
min_report_end
max_report

===========================================================================
report_checks -path_delay max (Setup)
============================================================================
======================= Typical Corner ===================================

Startpoint: opcode[1] (input port clocked by __VIRTUAL_CLK__)
Endpoint: out[7] (output port clocked by __VIRTUAL_CLK__)
Path Group: __VIRTUAL_CLK__
Path Type: max

Fanout     Cap    Slew   Delay    Time   Description
-----------------------------------------------------------------------------
                  0.00    0.00    0.00   clock __VIRTUAL_CLK__ (rise edge)
                          0.00    0.00   clock network delay (ideal)
                          2.00    2.00 ^ input external delay
     1    0.00    0.02    0.01    2.01 ^ opcode[1] (in)
                                         opcode[1] (net)
                  0.02    0.00    2.01 ^ input18/A (sky130_fd_sc_hd__dlymetal6s2s_1)
     5    0.02    0.18    0.18    2.19 ^ input18/X (sky130_fd_sc_hd__dlymetal6s2s_1)
                                         net18 (net)
                  0.18    0.00    2.19 ^ _222_/B (sky130_fd_sc_hd__nand3b_4)
     8    0.02    0.09    0.13    2.31 v _222_/Y (sky130_fd_sc_hd__nand3b_4)
                                         _150_ (net)
                  0.09    0.00    2.31 v _234_/C (sky130_fd_sc_hd__and3_1)
     2    0.00    0.05    0.21    2.53 v _234_/X (sky130_fd_sc_hd__and3_1)
                                         _001_ (net)
                  0.05    0.00    2.53 v _236_/A1 (sky130_fd_sc_hd__o21a_1)
     4    0.01    0.08    0.24    2.76 v _236_/X (sky130_fd_sc_hd__o21a_1)
                                         _003_ (net)
                  0.08    0.00    2.76 v _239_/B1 (sky130_fd_sc_hd__a211oi_2)
     3    0.01    0.22    0.27    3.03 ^ _239_/Y (sky130_fd_sc_hd__a211oi_2)
                                         _006_ (net)
                  0.22    0.00    3.03 ^ _241_/A2 (sky130_fd_sc_hd__o21ai_2)
     5    0.01    0.08    0.11    3.14 v _241_/Y (sky130_fd_sc_hd__o21ai_2)
                                         _008_ (net)
                  0.08    0.00    3.14 v _248_/A2 (sky130_fd_sc_hd__a311o_2)
     5    0.01    0.08    0.43    3.57 v _248_/X (sky130_fd_sc_hd__a311o_2)
                                         _015_ (net)
                  0.08    0.00    3.57 v _260_/A3 (sky130_fd_sc_hd__a311oi_2)
     3    0.01    0.23    0.32    3.89 ^ _260_/Y (sky130_fd_sc_hd__a311oi_2)
                                         _026_ (net)
                  0.23    0.00    3.89 ^ _280_/A2 (sky130_fd_sc_hd__o21ai_1)
     1    0.00    0.05    0.08    3.96 v _280_/Y (sky130_fd_sc_hd__o21ai_1)
                                         _045_ (net)
                  0.05    0.00    3.96 v _282_/B (sky130_fd_sc_hd__and3_1)
     1    0.00    0.04    0.16    4.12 v _282_/X (sky130_fd_sc_hd__and3_1)
                                         _047_ (net)
                  0.04    0.00    4.12 v _289_/A2 (sky130_fd_sc_hd__o31a_1)
     1    0.00    0.04    0.27    4.39 v _289_/X (sky130_fd_sc_hd__o31a_1)
                                         net27 (net)
                  0.04    0.00    4.39 v output27/A (sky130_fd_sc_hd__buf_2)
     1    0.03    0.09    0.19    4.58 v output27/X (sky130_fd_sc_hd__buf_2)
                                         out[7] (net)
                  0.09    0.00    4.58 v out[7] (out)
                                  4.58   data arrival time

                  0.00   10.00   10.00   clock __VIRTUAL_CLK__ (rise edge)
                          0.00   10.00   clock network delay (ideal)
                         -0.25    9.75   clock uncertainty
                          0.00    9.75   clock reconvergence pessimism
                         -2.00    7.75   output external delay
                                  7.75   data required time
-----------------------------------------------------------------------------
                                  7.75   data required time
                                 -4.58   data arrival time
-----------------------------------------------------------------------------
                                  3.17   slack (MET)


Startpoint: opcode[1] (input port clocked by __VIRTUAL_CLK__)
Endpoint: out[6] (output port clocked by __VIRTUAL_CLK__)
Path Group: __VIRTUAL_CLK__
Path Type: max

Fanout     Cap    Slew   Delay    Time   Description
-----------------------------------------------------------------------------
                  0.00    0.00    0.00   clock __VIRTUAL_CLK__ (rise edge)
                          0.00    0.00   clock network delay (ideal)
                          2.00    2.00 ^ input external delay
     1    0.00    0.02    0.01    2.01 ^ opcode[1] (in)
                                         opcode[1] (net)
                  0.02    0.00    2.01 ^ input18/A (sky130_fd_sc_hd__dlymetal6s2s_1)
     5    0.02    0.18    0.18    2.19 ^ input18/X (sky130_fd_sc_hd__dlymetal6s2s_1)
                                         net18 (net)
                  0.18    0.00    2.19 ^ _222_/B (sky130_fd_sc_hd__nand3b_4)
     8    0.02    0.09    0.13    2.31 v _222_/Y (sky130_fd_sc_hd__nand3b_4)
                                         _150_ (net)
                  0.09    0.00    2.31 v _234_/C (sky130_fd_sc_hd__and3_1)
     2    0.00    0.05    0.21    2.53 v _234_/X (sky130_fd_sc_hd__and3_1)
                                         _001_ (net)
                  0.05    0.00    2.53 v _236_/A1 (sky130_fd_sc_hd__o21a_1)
     4    0.01    0.08    0.24    2.76 v _236_/X (sky130_fd_sc_hd__o21a_1)
                                         _003_ (net)
                  0.08    0.00    2.76 v _239_/B1 (sky130_fd_sc_hd__a211oi_2)
     3    0.01    0.22    0.27    3.03 ^ _239_/Y (sky130_fd_sc_hd__a211oi_2)
                                         _006_ (net)
                  0.22    0.00    3.03 ^ _241_/A2 (sky130_fd_sc_hd__o21ai_2)
     5    0.01    0.08    0.11    3.14 v _241_/Y (sky130_fd_sc_hd__o21ai_2)
                                         _008_ (net)
                  0.08    0.00    3.14 v _248_/A2 (sky130_fd_sc_hd__a311o_2)
     5    0.01    0.08    0.43    3.57 v _248_/X (sky130_fd_sc_hd__a311o_2)
                                         _015_ (net)
                  0.08    0.00    3.57 v _261_/A3 (sky130_fd_sc_hd__a31o_1)
     1    0.00    0.04    0.23    3.80 v _261_/X (sky130_fd_sc_hd__a31o_1)
                                         _027_ (net)
                  0.04    0.00    3.80 v _262_/A2 (sky130_fd_sc_hd__a21o_1)
     1    0.00    0.03    0.17    3.97 v _262_/X (sky130_fd_sc_hd__a21o_1)
                                         _028_ (net)
                  0.03    0.00    3.97 v _263_/B (sky130_fd_sc_hd__or2_1)
     1    0.00    0.05    0.20    4.17 v _263_/X (sky130_fd_sc_hd__or2_1)
                                         _029_ (net)
                  0.05    0.00    4.17 v _274_/B1 (sky130_fd_sc_hd__a22oi_1)
     1    0.00    0.13    0.12    4.29 ^ _274_/Y (sky130_fd_sc_hd__a22oi_1)
                                         net26 (net)
                  0.13    0.00    4.29 ^ output26/A (sky130_fd_sc_hd__buf_2)
     1    0.03    0.17    0.24    4.53 ^ output26/X (sky130_fd_sc_hd__buf_2)
                                         out[6] (net)
                  0.17    0.00    4.53 ^ out[6] (out)
                                  4.53   data arrival time

                  0.00   10.00   10.00   clock __VIRTUAL_CLK__ (rise edge)
                          0.00   10.00   clock network delay (ideal)
                         -0.25    9.75   clock uncertainty
                          0.00    9.75   clock reconvergence pessimism
                         -2.00    7.75   output external delay
                                  7.75   data required time
-----------------------------------------------------------------------------
                                  7.75   data required time
                                 -4.53   data arrival time
-----------------------------------------------------------------------------
                                  3.22   slack (MET)


Startpoint: opcode[1] (input port clocked by __VIRTUAL_CLK__)
Endpoint: out[5] (output port clocked by __VIRTUAL_CLK__)
Path Group: __VIRTUAL_CLK__
Path Type: max

Fanout     Cap    Slew   Delay    Time   Description
-----------------------------------------------------------------------------
                  0.00    0.00    0.00   clock __VIRTUAL_CLK__ (rise edge)
                          0.00    0.00   clock network delay (ideal)
                          2.00    2.00 ^ input external delay
     1    0.00    0.02    0.01    2.01 ^ opcode[1] (in)
                                         opcode[1] (net)
                  0.02    0.00    2.01 ^ input18/A (sky130_fd_sc_hd__dlymetal6s2s_1)
     5    0.02    0.18    0.18    2.19 ^ input18/X (sky130_fd_sc_hd__dlymetal6s2s_1)
                                         net18 (net)
                  0.18    0.00    2.19 ^ _222_/B (sky130_fd_sc_hd__nand3b_4)
     8    0.02    0.09    0.13    2.31 v _222_/Y (sky130_fd_sc_hd__nand3b_4)
                                         _150_ (net)
                  0.09    0.00    2.31 v _234_/C (sky130_fd_sc_hd__and3_1)
     2    0.00    0.05    0.21    2.53 v _234_/X (sky130_fd_sc_hd__and3_1)
                                         _001_ (net)
                  0.05    0.00    2.53 v _236_/A1 (sky130_fd_sc_hd__o21a_1)
     4    0.01    0.08    0.24    2.76 v _236_/X (sky130_fd_sc_hd__o21a_1)
                                         _003_ (net)
                  0.08    0.00    2.76 v _239_/B1 (sky130_fd_sc_hd__a211oi_2)
     3    0.01    0.22    0.27    3.03 ^ _239_/Y (sky130_fd_sc_hd__a211oi_2)
                                         _006_ (net)
                  0.22    0.00    3.03 ^ _241_/A2 (sky130_fd_sc_hd__o21ai_2)
     5    0.01    0.08    0.11    3.14 v _241_/Y (sky130_fd_sc_hd__o21ai_2)
                                         _008_ (net)
                  0.08    0.00    3.14 v _248_/A2 (sky130_fd_sc_hd__a311o_2)
     5    0.01    0.08    0.43    3.57 v _248_/X (sky130_fd_sc_hd__a311o_2)
                                         _015_ (net)
                  0.08    0.00    3.57 v _249_/C (sky130_fd_sc_hd__and3_1)
     1    0.00    0.03    0.19    3.76 v _249_/X (sky130_fd_sc_hd__and3_1)
                                         _016_ (net)
                  0.03    0.00    3.76 v _253_/A (sky130_fd_sc_hd__or3_1)
     1    0.00    0.06    0.37    4.13 v _253_/X (sky130_fd_sc_hd__or3_1)
                                         _020_ (net)
                  0.06    0.00    4.13 v _254_/B2 (sky130_fd_sc_hd__a22oi_1)
     1    0.00    0.13    0.15    4.28 ^ _254_/Y (sky130_fd_sc_hd__a22oi_1)
                                         net25 (net)
                  0.13    0.00    4.28 ^ output25/A (sky130_fd_sc_hd__buf_2)
     1    0.03    0.17    0.24    4.51 ^ output25/X (sky130_fd_sc_hd__buf_2)
                                         out[5] (net)
                  0.17    0.00    4.51 ^ out[5] (out)
                                  4.51   data arrival time

                  0.00   10.00   10.00   clock __VIRTUAL_CLK__ (rise edge)
                          0.00   10.00   clock network delay (ideal)
                         -0.25    9.75   clock uncertainty
                          0.00    9.75   clock reconvergence pessimism
                         -2.00    7.75   output external delay
                                  7.75   data required time
-----------------------------------------------------------------------------
                                  7.75   data required time
                                 -4.51   data arrival time
-----------------------------------------------------------------------------
                                  3.24   slack (MET)


Startpoint: opcode[1] (input port clocked by __VIRTUAL_CLK__)
Endpoint: out[4] (output port clocked by __VIRTUAL_CLK__)
Path Group: __VIRTUAL_CLK__
Path Type: max

Fanout     Cap    Slew   Delay    Time   Description
-----------------------------------------------------------------------------
                  0.00    0.00    0.00   clock __VIRTUAL_CLK__ (rise edge)
                          0.00    0.00   clock network delay (ideal)
                          2.00    2.00 ^ input external delay
     1    0.00    0.02    0.01    2.01 ^ opcode[1] (in)
                                         opcode[1] (net)
                  0.02    0.00    2.01 ^ input18/A (sky130_fd_sc_hd__dlymetal6s2s_1)
     5    0.02    0.18    0.18    2.19 ^ input18/X (sky130_fd_sc_hd__dlymetal6s2s_1)
                                         net18 (net)
                  0.18    0.00    2.19 ^ _222_/B (sky130_fd_sc_hd__nand3b_4)
     8    0.02    0.09    0.13    2.31 v _222_/Y (sky130_fd_sc_hd__nand3b_4)
                                         _150_ (net)
                  0.09    0.00    2.31 v _234_/C (sky130_fd_sc_hd__and3_1)
     2    0.00    0.05    0.21    2.53 v _234_/X (sky130_fd_sc_hd__and3_1)
                                         _001_ (net)
                  0.05    0.00    2.53 v _236_/A1 (sky130_fd_sc_hd__o21a_1)
     4    0.01    0.08    0.24    2.76 v _236_/X (sky130_fd_sc_hd__o21a_1)
                                         _003_ (net)
                  0.08    0.00    2.76 v _239_/B1 (sky130_fd_sc_hd__a211oi_2)
     3    0.01    0.22    0.27    3.03 ^ _239_/Y (sky130_fd_sc_hd__a211oi_2)
                                         _006_ (net)
                  0.22    0.00    3.03 ^ _241_/A2 (sky130_fd_sc_hd__o21ai_2)
     5    0.01    0.08    0.11    3.14 v _241_/Y (sky130_fd_sc_hd__o21ai_2)
                                         _008_ (net)
                  0.08    0.00    3.14 v _248_/A2 (sky130_fd_sc_hd__a311o_2)
     5    0.01    0.08    0.43    3.57 v _248_/X (sky130_fd_sc_hd__a311o_2)
                                         _015_ (net)
                  0.08    0.00    3.57 v _327_/A1 (sky130_fd_sc_hd__a31o_1)
     1    0.00    0.03    0.19    3.76 v _327_/X (sky130_fd_sc_hd__a31o_1)
                                         _087_ (net)
                  0.03    0.00    3.76 v _328_/B1 (sky130_fd_sc_hd__a21oi_1)
     1    0.00    0.10    0.11    3.87 ^ _328_/Y (sky130_fd_sc_hd__a21oi_1)
                                         _088_ (net)
                  0.10    0.00    3.87 ^ _329_/B1 (sky130_fd_sc_hd__a21oi_1)
     1    0.00    0.05    0.04    3.91 v _329_/Y (sky130_fd_sc_hd__a21oi_1)
                                         net24 (net)
                  0.05    0.00    3.91 v output24/A (sky130_fd_sc_hd__buf_2)
     1    0.03    0.09    0.19    4.10 v output24/X (sky130_fd_sc_hd__buf_2)
                                         out[4] (net)
                  0.09    0.00    4.10 v out[4] (out)
                                  4.10   data arrival time

                  0.00   10.00   10.00   clock __VIRTUAL_CLK__ (rise edge)
                          0.00   10.00   clock network delay (ideal)
                         -0.25    9.75   clock uncertainty
                          0.00    9.75   clock reconvergence pessimism
                         -2.00    7.75   output external delay
                                  7.75   data required time
-----------------------------------------------------------------------------
                                  7.75   data required time
                                 -4.10   data arrival time
-----------------------------------------------------------------------------
                                  3.65   slack (MET)


Startpoint: opcode[1] (input port clocked by __VIRTUAL_CLK__)
Endpoint: out[1] (output port clocked by __VIRTUAL_CLK__)
Path Group: __VIRTUAL_CLK__
Path Type: max

Fanout     Cap    Slew   Delay    Time   Description
-----------------------------------------------------------------------------
                  0.00    0.00    0.00   clock __VIRTUAL_CLK__ (rise edge)
                          0.00    0.00   clock network delay (ideal)
                          2.00    2.00 ^ input external delay
     1    0.00    0.02    0.01    2.01 ^ opcode[1] (in)
                                         opcode[1] (net)
                  0.02    0.00    2.01 ^ input18/A (sky130_fd_sc_hd__dlymetal6s2s_1)
     5    0.02    0.18    0.18    2.19 ^ input18/X (sky130_fd_sc_hd__dlymetal6s2s_1)
                                         net18 (net)
                  0.18    0.00    2.19 ^ _222_/B (sky130_fd_sc_hd__nand3b_4)
     8    0.02    0.09    0.13    2.31 v _222_/Y (sky130_fd_sc_hd__nand3b_4)
                                         _150_ (net)
                  0.09    0.00    2.31 v _234_/C (sky130_fd_sc_hd__and3_1)
     2    0.00    0.05    0.21    2.53 v _234_/X (sky130_fd_sc_hd__and3_1)
                                         _001_ (net)
                  0.05    0.00    2.53 v _236_/A1 (sky130_fd_sc_hd__o21a_1)
     4    0.01    0.08    0.24    2.76 v _236_/X (sky130_fd_sc_hd__o21a_1)
                                         _003_ (net)
                  0.08    0.00    2.76 v _239_/B1 (sky130_fd_sc_hd__a211oi_2)
     3    0.01    0.22    0.27    3.03 ^ _239_/Y (sky130_fd_sc_hd__a211oi_2)
                                         _006_ (net)
                  0.22    0.00    3.03 ^ _300_/A (sky130_fd_sc_hd__or3_1)
     1    0.00    0.03    0.14    3.17 ^ _300_/X (sky130_fd_sc_hd__or3_1)
                                         _063_ (net)
                  0.03    0.00    3.17 ^ _301_/C_N (sky130_fd_sc_hd__or3b_1)
     1    0.00    0.06    0.33    3.51 v _301_/X (sky130_fd_sc_hd__or3b_1)
                                         _064_ (net)
                  0.06    0.00    3.51 v _302_/B2 (sky130_fd_sc_hd__o2bb2a_1)
     1    0.00    0.05    0.28    3.79 v _302_/X (sky130_fd_sc_hd__o2bb2a_1)
                                         net21 (net)
                  0.05    0.00    3.79 v output21/A (sky130_fd_sc_hd__buf_2)
     1    0.03    0.09    0.19    3.98 v output21/X (sky130_fd_sc_hd__buf_2)
                                         out[1] (net)
                  0.09    0.00    3.98 v out[1] (out)
                                  3.98   data arrival time

                  0.00   10.00   10.00   clock __VIRTUAL_CLK__ (rise edge)
                          0.00   10.00   clock network delay (ideal)
                         -0.25    9.75   clock uncertainty
                          0.00    9.75   clock reconvergence pessimism
                         -2.00    7.75   output external delay
                                  7.75   data required time
-----------------------------------------------------------------------------
                                  7.75   data required time
                                 -3.98   data arrival time
-----------------------------------------------------------------------------
                                  3.77   slack (MET)


Startpoint: opcode[1] (input port clocked by __VIRTUAL_CLK__)
Endpoint: out[3] (output port clocked by __VIRTUAL_CLK__)
Path Group: __VIRTUAL_CLK__
Path Type: max

Fanout     Cap    Slew   Delay    Time   Description
-----------------------------------------------------------------------------
                  0.00    0.00    0.00   clock __VIRTUAL_CLK__ (rise edge)
                          0.00    0.00   clock network delay (ideal)
                          2.00    2.00 ^ input external delay
     1    0.00    0.02    0.01    2.01 ^ opcode[1] (in)
                                         opcode[1] (net)
                  0.02    0.00    2.01 ^ input18/A (sky130_fd_sc_hd__dlymetal6s2s_1)
     5    0.02    0.18    0.18    2.19 ^ input18/X (sky130_fd_sc_hd__dlymetal6s2s_1)
                                         net18 (net)
                  0.18    0.00    2.19 ^ _222_/B (sky130_fd_sc_hd__nand3b_4)
     8    0.02    0.09    0.13    2.31 v _222_/Y (sky130_fd_sc_hd__nand3b_4)
                                         _150_ (net)
                  0.09    0.00    2.31 v _234_/C (sky130_fd_sc_hd__and3_1)
     2    0.00    0.05    0.21    2.53 v _234_/X (sky130_fd_sc_hd__and3_1)
                                         _001_ (net)
                  0.05    0.00    2.53 v _236_/A1 (sky130_fd_sc_hd__o21a_1)
     4    0.01    0.08    0.24    2.76 v _236_/X (sky130_fd_sc_hd__o21a_1)
                                         _003_ (net)
                  0.08    0.00    2.76 v _239_/B1 (sky130_fd_sc_hd__a211oi_2)
     3    0.01    0.22    0.27    3.03 ^ _239_/Y (sky130_fd_sc_hd__a211oi_2)
                                         _006_ (net)
                  0.22    0.00    3.03 ^ _241_/A2 (sky130_fd_sc_hd__o21ai_2)
     5    0.01    0.08    0.11    3.14 v _241_/Y (sky130_fd_sc_hd__o21ai_2)
                                         _008_ (net)
                  0.08    0.00    3.14 v _314_/A2 (sky130_fd_sc_hd__a31o_1)
     1    0.00    0.03    0.22    3.36 v _314_/X (sky130_fd_sc_hd__a31o_1)
                                         _075_ (net)
                  0.03    0.00    3.36 v _318_/A2 (sky130_fd_sc_hd__o21bai_1)
     1    0.00    0.08    0.10    3.45 ^ _318_/Y (sky130_fd_sc_hd__o21bai_1)
                                         _079_ (net)
                  0.08    0.00    3.45 ^ _319_/B1_N (sky130_fd_sc_hd__o21ba_1)
     1    0.00    0.03    0.15    3.60 v _319_/X (sky130_fd_sc_hd__o21ba_1)
                                         _080_ (net)
                  0.03    0.00    3.60 v _320_/B1 (sky130_fd_sc_hd__a21oi_1)
     1    0.00    0.10    0.10    3.71 ^ _320_/Y (sky130_fd_sc_hd__a21oi_1)
                                         net23 (net)
                  0.10    0.00    3.71 ^ output23/A (sky130_fd_sc_hd__clkbuf_4)
     1    0.03    0.11    0.21    3.92 ^ output23/X (sky130_fd_sc_hd__clkbuf_4)
                                         out[3] (net)
                  0.11    0.00    3.92 ^ out[3] (out)
                                  3.92   data arrival time

                  0.00   10.00   10.00   clock __VIRTUAL_CLK__ (rise edge)
                          0.00   10.00   clock network delay (ideal)
                         -0.25    9.75   clock uncertainty
                          0.00    9.75   clock reconvergence pessimism
                         -2.00    7.75   output external delay
                                  7.75   data required time
-----------------------------------------------------------------------------
                                  7.75   data required time
                                 -3.92   data arrival time
-----------------------------------------------------------------------------
                                  3.83   slack (MET)


Startpoint: opcode[1] (input port clocked by __VIRTUAL_CLK__)
Endpoint: out[2] (output port clocked by __VIRTUAL_CLK__)
Path Group: __VIRTUAL_CLK__
Path Type: max

Fanout     Cap    Slew   Delay    Time   Description
-----------------------------------------------------------------------------
                  0.00    0.00    0.00   clock __VIRTUAL_CLK__ (rise edge)
                          0.00    0.00   clock network delay (ideal)
                          2.00    2.00 ^ input external delay
     1    0.00    0.02    0.01    2.01 ^ opcode[1] (in)
                                         opcode[1] (net)
                  0.02    0.00    2.01 ^ input18/A (sky130_fd_sc_hd__dlymetal6s2s_1)
     5    0.02    0.18    0.18    2.19 ^ input18/X (sky130_fd_sc_hd__dlymetal6s2s_1)
                                         net18 (net)
                  0.18    0.00    2.19 ^ _222_/B (sky130_fd_sc_hd__nand3b_4)
     8    0.02    0.09    0.13    2.31 v _222_/Y (sky130_fd_sc_hd__nand3b_4)
                                         _150_ (net)
                  0.09    0.00    2.31 v _234_/C (sky130_fd_sc_hd__and3_1)
     2    0.00    0.05    0.21    2.53 v _234_/X (sky130_fd_sc_hd__and3_1)
                                         _001_ (net)
                  0.05    0.00    2.53 v _238_/B (sky130_fd_sc_hd__nor3_1)
     2    0.01    0.27    0.26    2.79 ^ _238_/Y (sky130_fd_sc_hd__nor3_1)
                                         _005_ (net)
                  0.27    0.00    2.79 ^ _239_/C1 (sky130_fd_sc_hd__a211oi_2)
     3    0.01    0.08    0.08    2.87 v _239_/Y (sky130_fd_sc_hd__a211oi_2)
                                         _006_ (net)
                  0.08    0.00    2.87 v _305_/C (sky130_fd_sc_hd__or3_1)
     1    0.00    0.06    0.32    3.19 v _305_/X (sky130_fd_sc_hd__or3_1)
                                         _067_ (net)
                  0.06    0.00    3.19 v _309_/A3 (sky130_fd_sc_hd__a31o_1)
     1    0.00    0.03    0.22    3.41 v _309_/X (sky130_fd_sc_hd__a31o_1)
                                         _071_ (net)
                  0.03    0.00    3.41 v _310_/B2 (sky130_fd_sc_hd__o2bb2a_1)
     1    0.00    0.05    0.27    3.68 v _310_/X (sky130_fd_sc_hd__o2bb2a_1)
                                         net22 (net)
                  0.05    0.00    3.68 v output22/A (sky130_fd_sc_hd__buf_2)
     1    0.03    0.09    0.19    3.87 v output22/X (sky130_fd_sc_hd__buf_2)
                                         out[2] (net)
                  0.09    0.00    3.87 v out[2] (out)
                                  3.87   data arrival time

                  0.00   10.00   10.00   clock __VIRTUAL_CLK__ (rise edge)
                          0.00   10.00   clock network delay (ideal)
                         -0.25    9.75   clock uncertainty
                          0.00    9.75   clock reconvergence pessimism
                         -2.00    7.75   output external delay
                                  7.75   data required time
-----------------------------------------------------------------------------
                                  7.75   data required time
                                 -3.87   data arrival time
-----------------------------------------------------------------------------
                                  3.88   slack (MET)


Startpoint: opcode[1] (input port clocked by __VIRTUAL_CLK__)
Endpoint: out[0] (output port clocked by __VIRTUAL_CLK__)
Path Group: __VIRTUAL_CLK__
Path Type: max

Fanout     Cap    Slew   Delay    Time   Description
-----------------------------------------------------------------------------
                  0.00    0.00    0.00   clock __VIRTUAL_CLK__ (rise edge)
                          0.00    0.00   clock network delay (ideal)
                          2.00    2.00 v input external delay
     1    0.00    0.01    0.00    2.00 v opcode[1] (in)
                                         opcode[1] (net)
                  0.01    0.00    2.00 v input18/A (sky130_fd_sc_hd__dlymetal6s2s_1)
     5    0.01    0.09    0.17    2.18 v input18/X (sky130_fd_sc_hd__dlymetal6s2s_1)
                                         net18 (net)
                  0.09    0.00    2.18 v _161_/B (sky130_fd_sc_hd__or2_1)
     3    0.01    0.08    0.27    2.45 v _161_/X (sky130_fd_sc_hd__or2_1)
                                         _089_ (net)
                  0.08    0.00    2.45 v _250_/C (sky130_fd_sc_hd__and3_1)
     4    0.01    0.07    0.24    2.69 v _250_/X (sky130_fd_sc_hd__and3_1)
                                         _017_ (net)
                  0.07    0.00    2.69 v _251_/A (sky130_fd_sc_hd__inv_2)
     5    0.01    0.06    0.08    2.77 ^ _251_/Y (sky130_fd_sc_hd__inv_2)
                                         _018_ (net)
                  0.06    0.00    2.77 ^ _290_/B1 (sky130_fd_sc_hd__a22oi_1)
     1    0.00    0.06    0.06    2.83 v _290_/Y (sky130_fd_sc_hd__a22oi_1)
                                         _054_ (net)
                  0.06    0.00    2.83 v _292_/A2 (sky130_fd_sc_hd__o32a_1)
     1    0.00    0.05    0.34    3.16 v _292_/X (sky130_fd_sc_hd__o32a_1)
                                         _056_ (net)
                  0.05    0.00    3.16 v _293_/B1 (sky130_fd_sc_hd__a21o_1)
     1    0.00    0.03    0.15    3.31 v _293_/X (sky130_fd_sc_hd__a21o_1)
                                         net20 (net)
                  0.03    0.00    3.31 v output20/A (sky130_fd_sc_hd__buf_2)
     1    0.03    0.09    0.18    3.49 v output20/X (sky130_fd_sc_hd__buf_2)
                                         out[0] (net)
                  0.09    0.00    3.49 v out[0] (out)
                                  3.49   data arrival time

                  0.00   10.00   10.00   clock __VIRTUAL_CLK__ (rise edge)
                          0.00   10.00   clock network delay (ideal)
                         -0.25    9.75   clock uncertainty
                          0.00    9.75   clock reconvergence pessimism
                         -2.00    7.75   output external delay
                                  7.75   data required time
-----------------------------------------------------------------------------
                                  7.75   data required time
                                 -3.49   data arrival time
-----------------------------------------------------------------------------
                                  4.26   slack (MET)



worst slack corner Typical: 3.1706
max_report_end
checks_report

===========================================================================
report_checks -unconstrained
===========================================================================
======================= Typical Corner ===================================

Startpoint: opcode[1] (input port clocked by __VIRTUAL_CLK__)
Endpoint: out[7] (output port clocked by __VIRTUAL_CLK__)
Path Group: __VIRTUAL_CLK__
Path Type: max

Fanout     Cap    Slew   Delay    Time   Description
-----------------------------------------------------------------------------
                  0.00    0.00    0.00   clock __VIRTUAL_CLK__ (rise edge)
                          0.00    0.00   clock network delay (ideal)
                          2.00    2.00 ^ input external delay
     1    0.00    0.02    0.01    2.01 ^ opcode[1] (in)
                                         opcode[1] (net)
                  0.02    0.00    2.01 ^ input18/A (sky130_fd_sc_hd__dlymetal6s2s_1)
     5    0.02    0.18    0.18    2.19 ^ input18/X (sky130_fd_sc_hd__dlymetal6s2s_1)
                                         net18 (net)
                  0.18    0.00    2.19 ^ _222_/B (sky130_fd_sc_hd__nand3b_4)
     8    0.02    0.09    0.13    2.31 v _222_/Y (sky130_fd_sc_hd__nand3b_4)
                                         _150_ (net)
                  0.09    0.00    2.31 v _234_/C (sky130_fd_sc_hd__and3_1)
     2    0.00    0.05    0.21    2.53 v _234_/X (sky130_fd_sc_hd__and3_1)
                                         _001_ (net)
                  0.05    0.00    2.53 v _236_/A1 (sky130_fd_sc_hd__o21a_1)
     4    0.01    0.08    0.24    2.76 v _236_/X (sky130_fd_sc_hd__o21a_1)
                                         _003_ (net)
                  0.08    0.00    2.76 v _239_/B1 (sky130_fd_sc_hd__a211oi_2)
     3    0.01    0.22    0.27    3.03 ^ _239_/Y (sky130_fd_sc_hd__a211oi_2)
                                         _006_ (net)
                  0.22    0.00    3.03 ^ _241_/A2 (sky130_fd_sc_hd__o21ai_2)
     5    0.01    0.08    0.11    3.14 v _241_/Y (sky130_fd_sc_hd__o21ai_2)
                                         _008_ (net)
                  0.08    0.00    3.14 v _248_/A2 (sky130_fd_sc_hd__a311o_2)
     5    0.01    0.08    0.43    3.57 v _248_/X (sky130_fd_sc_hd__a311o_2)
                                         _015_ (net)
                  0.08    0.00    3.57 v _260_/A3 (sky130_fd_sc_hd__a311oi_2)
     3    0.01    0.23    0.32    3.89 ^ _260_/Y (sky130_fd_sc_hd__a311oi_2)
                                         _026_ (net)
                  0.23    0.00    3.89 ^ _280_/A2 (sky130_fd_sc_hd__o21ai_1)
     1    0.00    0.05    0.08    3.96 v _280_/Y (sky130_fd_sc_hd__o21ai_1)
                                         _045_ (net)
                  0.05    0.00    3.96 v _282_/B (sky130_fd_sc_hd__and3_1)
     1    0.00    0.04    0.16    4.12 v _282_/X (sky130_fd_sc_hd__and3_1)
                                         _047_ (net)
                  0.04    0.00    4.12 v _289_/A2 (sky130_fd_sc_hd__o31a_1)
     1    0.00    0.04    0.27    4.39 v _289_/X (sky130_fd_sc_hd__o31a_1)
                                         net27 (net)
                  0.04    0.00    4.39 v output27/A (sky130_fd_sc_hd__buf_2)
     1    0.03    0.09    0.19    4.58 v output27/X (sky130_fd_sc_hd__buf_2)
                                         out[7] (net)
                  0.09    0.00    4.58 v out[7] (out)
                                  4.58   data arrival time

                  0.00   10.00   10.00   clock __VIRTUAL_CLK__ (rise edge)
                          0.00   10.00   clock network delay (ideal)
                         -0.25    9.75   clock uncertainty
                          0.00    9.75   clock reconvergence pessimism
                         -2.00    7.75   output external delay
                                  7.75   data required time
-----------------------------------------------------------------------------
                                  7.75   data required time
                                 -4.58   data arrival time
-----------------------------------------------------------------------------
                                  3.17   slack (MET)




===========================================================================
report_checks --slack_max -0.01
============================================================================
======================= Typical Corner ===================================

No paths found.


===========================================================================
 report_check_types -max_slew -max_cap -max_fanout -violators
============================================================================
======================= Typical Corner ===================================


max slew violations count Typical: 0
max fanout violations count Typical: 0
max cap violations count Typical: 0

===========================================================================
report_parasitic_annotation -report_unannotated
============================================================================
Found 215 unannotated drivers.
 A[0]
 A[1]
 A[2]
 A[3]
 A[4]
 A[5]
 A[6]
 A[7]
 B[0]
 B[1]
 B[2]
 B[3]
 B[4]
 B[5]
 B[6]
 B[7]
 opcode[0]
 opcode[1]
 opcode[2]
 _161_/X
 _162_/Y
 _163_/X
 _164_/Y
 _165_/Y
 _166_/X
 _167_/Y
 _168_/X
 _169_/X
 _170_/Y
 _171_/X
 _172_/X
 _173_/X
 _174_/Y
 _175_/X
 _176_/Y
 _177_/X
 _178_/X
 _179_/X
 _180_/Y
 _181_/Y
 _182_/Y
 _183_/X
 _184_/X
 _185_/Y
 _186_/X
 _187_/X
 _188_/X
 _189_/X
 _190_/Y
 _191_/Y
 _192_/X
 _193_/X
 _194_/X
 _195_/Y
 _196_/X
 _197_/Y
 _198_/X
 _199_/Y
 _200_/Y
 _201_/X
 _202_/Y
 _203_/Y
 _204_/X
 _205_/X
 _206_/Y
 _207_/Y
 _208_/Y
 _209_/Y
 _210_/X
 _211_/Y
 _212_/Y
 _213_/Y
 _214_/X
 _215_/X
 _216_/X
 _217_/X
 _218_/Y
 _219_/X
 _220_/X
 _221_/Y
 _222_/Y
 _223_/X
 _224_/X
 _225_/Y
 _226_/X
 _227_/Y
 _228_/Y
 _229_/Y
 _230_/Y
 _231_/Y
 _232_/Y
 _233_/X
 _234_/X
 _235_/Y
 _236_/X
 _237_/Y
 _238_/Y
 _239_/Y
 _240_/Y
 _241_/Y
 _242_/X
 _243_/Y
 _244_/Y
 _245_/Y
 _246_/X
 _247_/Y
 _248_/X
 _249_/X
 _250_/X
 _251_/Y
 _252_/Y
 _253_/X
 _254_/Y
 _255_/X
 _256_/Y
 _257_/X
 _258_/Y
 _259_/Y
 _260_/Y
 _261_/X
 _262_/X
 _263_/X
 _264_/Y
 _265_/X
 _266_/Y
 _267_/Y
 _268_/X
 _269_/Y
 _270_/Y
 _271_/X
 _272_/X
 _273_/Y
 _274_/Y
 _275_/Y
 _276_/Y
 _277_/Y
 _278_/X
 _279_/X
 _280_/Y
 _281_/X
 _282_/X
 _283_/Y
 _284_/X
 _285_/Y
 _286_/X
 _287_/X
 _288_/Y
 _289_/X
 _290_/Y
 _291_/X
 _292_/X
 _293_/X
 _294_/Y
 _295_/X
 _296_/Y
 _297_/X
 _298_/X
 _299_/X
 _300_/X
 _301_/X
 _302_/X
 _303_/X
 _304_/X
 _305_/X
 _306_/Y
 _307_/X
 _308_/X
 _309_/X
 _310_/X
 _311_/Y
 _312_/X
 _313_/Y
 _314_/X
 _315_/Y
 _316_/X
 _317_/X
 _318_/Y
 _319_/X
 _320_/Y
 _321_/X
 _322_/X
 _323_/Y
 _324_/Y
 _325_/X
 _326_/X
 _327_/X
 _328_/Y
 _329_/Y
 input1/X
 input10/X
 input11/X
 input12/X
 input13/X
 input14/X
 input15/X
 input16/X
 input17/X
 input18/X
 input19/X
 input2/X
 input3/X
 input4/X
 input5/X
 input6/X
 input7/X
 input8/X
 input9/X
 output20/X
 output21/X
 output22/X
 output23/X
 output24/X
 output25/X
 output26/X
 output27/X
Found 0 partially unannotated drivers.

===========================================================================
max slew violation count 0
max fanout violation count 0
max cap violation count 0
============================================================================

===========================================================================
check_setup -verbose -unconstrained_endpoints -multiple_clock -no_clock -no_input_delay -loops -generated_clocks
===========================================================================
checks_report_end
power_report

===========================================================================
 report_power
============================================================================
======================= Typical Corner ===================================

Group                  Internal  Switching    Leakage      Total
                          Power      Power      Power      Power (Watts)
----------------------------------------------------------------
Sequential             0.00e+00   0.00e+00   0.00e+00   0.00e+00   0.0%
Combinational          3.83e-05   4.35e-05   6.87e-10   8.18e-05 100.0%
Clock                 -3.57e-12   0.00e+00   1.68e-10   1.65e-10   0.0%
Macro                  0.00e+00   0.00e+00   0.00e+00   0.00e+00   0.0%
Pad                    0.00e+00   0.00e+00   0.00e+00   0.00e+00   0.0%
----------------------------------------------------------------
Total                  3.83e-05   4.35e-05   8.55e-10   8.18e-05 100.0%
                          46.8%      53.2%       0.0%

power_report_end
summary_report

===========================================================================
report_tns
============================================================================
tns 0.00

===========================================================================
report_wns
============================================================================
wns 0.00

===========================================================================
report_worst_slack -max (Setup)
============================================================================
worst slack 3.17

===========================================================================
report_worst_slack -min (Hold)
============================================================================
worst slack 4.13
summary_report_end
area_report

===========================================================================
report_design_area
============================================================================
Design area 1441 u^2 28% utilization.
area_report_end
check_nonpropagated_clocks
__VIRTUAL_CLK__
check_nonpropagated_clocks_end
[WARNING] Did not save OpenROAD database!
