OpenSTA 2.5.0 GITDIR-NOT Copyright (c) 2024, Parallax Software, Inc.
License GPLv3: GNU GPL version 3 <http://gnu.org/licenses/gpl.html>

This is free software, and you are free to change and redistribute it
under certain conditions; type `show_copying' for details. 
This program comes with ABSOLUTELY NO WARRANTY; for details type `show_warranty'.
define_corners Typical
read_liberty -corner Typical /root/.volare/sky130A/libs.ref/sky130_fd_sc_hd/lib/sky130_fd_sc_hd__tt_025C_1v80.lib
Using 1e-12 for capacitance...
Using 1e+03 for resistance...
Using 1e-09 for time...
Using 1e+00 for voltage...
Using 1e-03 for current...
Using 1e-09 for power...
Using 1e-06 for distance...
Reading netlist '/openlane/designs/twos_complement/runs/RUN_2025.04.27_19.58.19/results/synthesis/twos_complement.v'…
Reading design constraints file at '/openlane/scripts/base.sdc'…
[INFO]: Setting output delay to: 2.0
[INFO]: Setting input delay to: 2.0
Warning: base.sdc line 18, port '__VIRTUAL_CLK__' not found.
[INFO]: Setting load to: 0.033442
[INFO]: Setting clock uncertainty to: 0.25
[INFO]: Setting clock transition to: 0.15
Warning: base.sdc line 52, transition time can not be specified for virtual clocks.
[INFO]: Setting timing derate to: 5.0 %
min_report

===========================================================================
report_checks -path_delay min (Hold)
============================================================================
======================= Typical Corner ===================================

Startpoint: a[3] (input port clocked by __VIRTUAL_CLK__)
Endpoint: result[3] (output port clocked by __VIRTUAL_CLK__)
Path Group: __VIRTUAL_CLK__
Path Type: min

Fanout     Cap    Slew   Delay    Time   Description
-----------------------------------------------------------------------------
                  0.00    0.00    0.00   clock __VIRTUAL_CLK__ (rise edge)
                          0.00    0.00   clock network delay (ideal)
                          2.00    2.00 ^ input external delay
     1    0.01    0.05    0.03    2.03 ^ a[3] (in)
                                         a[3] (net)
                  0.05    0.00    2.03 ^ _8_/A (sky130_fd_sc_hd__xor2_2)
     1    0.03    0.10    0.14    2.17 v _8_/X (sky130_fd_sc_hd__xor2_2)
                                         result[3] (net)
                  0.10    0.00    2.17 v result[3] (out)
                                  2.17   data arrival time

                  0.00    0.00    0.00   clock __VIRTUAL_CLK__ (rise edge)
                          0.00    0.00   clock network delay (ideal)
                          0.25    0.25   clock uncertainty
                          0.00    0.25   clock reconvergence pessimism
                         -2.00   -1.75   output external delay
                                 -1.75   data required time
-----------------------------------------------------------------------------
                                 -1.75   data required time
                                 -2.17   data arrival time
-----------------------------------------------------------------------------
                                  3.92   slack (MET)


Startpoint: a[0] (input port clocked by __VIRTUAL_CLK__)
Endpoint: result[0] (output port clocked by __VIRTUAL_CLK__)
Path Group: __VIRTUAL_CLK__
Path Type: min

Fanout     Cap    Slew   Delay    Time   Description
-----------------------------------------------------------------------------
                  0.00    0.00    0.00   clock __VIRTUAL_CLK__ (rise edge)
                          0.00    0.00   clock network delay (ideal)
                          2.00    2.00 v input external delay
     4    0.02    0.04    0.02    2.02 v a[0] (in)
                                         a[0] (net)
                  0.04    0.00    2.02 v _9_/A (sky130_fd_sc_hd__buf_2)
     1    0.03    0.09    0.17    2.19 v _9_/X (sky130_fd_sc_hd__buf_2)
                                         result[0] (net)
                  0.09    0.00    2.19 v result[0] (out)
                                  2.19   data arrival time

                  0.00    0.00    0.00   clock __VIRTUAL_CLK__ (rise edge)
                          0.00    0.00   clock network delay (ideal)
                          0.25    0.25   clock uncertainty
                          0.00    0.25   clock reconvergence pessimism
                         -2.00   -1.75   output external delay
                                 -1.75   data required time
-----------------------------------------------------------------------------
                                 -1.75   data required time
                                 -2.19   data arrival time
-----------------------------------------------------------------------------
                                  3.94   slack (MET)


Startpoint: a[0] (input port clocked by __VIRTUAL_CLK__)
Endpoint: result[1] (output port clocked by __VIRTUAL_CLK__)
Path Group: __VIRTUAL_CLK__
Path Type: min

Fanout     Cap    Slew   Delay    Time   Description
-----------------------------------------------------------------------------
                  0.00    0.00    0.00   clock __VIRTUAL_CLK__ (rise edge)
                          0.00    0.00   clock network delay (ideal)
                          2.00    2.00 ^ input external delay
     4    0.02    0.08    0.05    2.05 ^ a[0] (in)
                                         a[0] (net)
                  0.08    0.00    2.05 ^ _3_/B (sky130_fd_sc_hd__xor2_2)
     1    0.03    0.10    0.15    2.20 v _3_/X (sky130_fd_sc_hd__xor2_2)
                                         result[1] (net)
                  0.10    0.00    2.20 v result[1] (out)
                                  2.20   data arrival time

                  0.00    0.00    0.00   clock __VIRTUAL_CLK__ (rise edge)
                          0.00    0.00   clock network delay (ideal)
                          0.25    0.25   clock uncertainty
                          0.00    0.25   clock reconvergence pessimism
                         -2.00   -1.75   output external delay
                                 -1.75   data required time
-----------------------------------------------------------------------------
                                 -1.75   data required time
                                 -2.20   data arrival time
-----------------------------------------------------------------------------
                                  3.95   slack (MET)


Startpoint: a[2] (input port clocked by __VIRTUAL_CLK__)
Endpoint: result[2] (output port clocked by __VIRTUAL_CLK__)
Path Group: __VIRTUAL_CLK__
Path Type: min

Fanout     Cap    Slew   Delay    Time   Description
-----------------------------------------------------------------------------
                  0.00    0.00    0.00   clock __VIRTUAL_CLK__ (rise edge)
                          0.00    0.00   clock network delay (ideal)
                          2.00    2.00 ^ input external delay
     2    0.01    0.03    0.02    2.02 ^ a[2] (in)
                                         a[2] (net)
                  0.03    0.00    2.02 ^ _5_/B1 (sky130_fd_sc_hd__o21ai_2)
     1    0.00    0.02    0.03    2.05 v _5_/Y (sky130_fd_sc_hd__o21ai_2)
                                         _0_ (net)
                  0.02    0.00    2.05 v _6_/B (sky130_fd_sc_hd__and2_2)
     1    0.00    0.03    0.16    2.21 v _6_/X (sky130_fd_sc_hd__and2_2)
                                         _1_ (net)
                  0.03    0.00    2.21 v _7_/A (sky130_fd_sc_hd__buf_1)
     1    0.03    0.19    0.20    2.42 v _7_/X (sky130_fd_sc_hd__buf_1)
                                         result[2] (net)
                  0.19    0.00    2.42 v result[2] (out)
                                  2.42   data arrival time

                  0.00    0.00    0.00   clock __VIRTUAL_CLK__ (rise edge)
                          0.00    0.00   clock network delay (ideal)
                          0.25    0.25   clock uncertainty
                          0.00    0.25   clock reconvergence pessimism
                         -2.00   -1.75   output external delay
                                 -1.75   data required time
-----------------------------------------------------------------------------
                                 -1.75   data required time
                                 -2.42   data arrival time
-----------------------------------------------------------------------------
                                  4.17   slack (MET)



worst slack corner Typical: 3.9218
min_report_end
max_report

===========================================================================
report_checks -path_delay max (Setup)
============================================================================
======================= Typical Corner ===================================

Startpoint: a[1] (input port clocked by __VIRTUAL_CLK__)
Endpoint: result[2] (output port clocked by __VIRTUAL_CLK__)
Path Group: __VIRTUAL_CLK__
Path Type: max

Fanout     Cap    Slew   Delay    Time   Description
-----------------------------------------------------------------------------
                  0.00    0.00    0.00   clock __VIRTUAL_CLK__ (rise edge)
                          0.00    0.00   clock network delay (ideal)
                          2.00    2.00 v input external delay
     3    0.01    0.03    0.02    2.02 v a[1] (in)
                                         a[1] (net)
                  0.03    0.00    2.02 v _4_/A (sky130_fd_sc_hd__or3_2)
     2    0.01    0.10    0.53    2.55 v _4_/X (sky130_fd_sc_hd__or3_2)
                                         _2_ (net)
                  0.10    0.00    2.55 v _6_/A (sky130_fd_sc_hd__and2_2)
     1    0.00    0.03    0.19    2.74 v _6_/X (sky130_fd_sc_hd__and2_2)
                                         _1_ (net)
                  0.03    0.00    2.74 v _7_/A (sky130_fd_sc_hd__buf_1)
     1    0.03    0.19    0.22    2.97 v _7_/X (sky130_fd_sc_hd__buf_1)
                                         result[2] (net)
                  0.19    0.00    2.97 v result[2] (out)
                                  2.97   data arrival time

                  0.00   10.00   10.00   clock __VIRTUAL_CLK__ (rise edge)
                          0.00   10.00   clock network delay (ideal)
                         -0.25    9.75   clock uncertainty
                          0.00    9.75   clock reconvergence pessimism
                         -2.00    7.75   output external delay
                                  7.75   data required time
-----------------------------------------------------------------------------
                                  7.75   data required time
                                 -2.97   data arrival time
-----------------------------------------------------------------------------
                                  4.78   slack (MET)


Startpoint: a[1] (input port clocked by __VIRTUAL_CLK__)
Endpoint: result[3] (output port clocked by __VIRTUAL_CLK__)
Path Group: __VIRTUAL_CLK__
Path Type: max

Fanout     Cap    Slew   Delay    Time   Description
-----------------------------------------------------------------------------
                  0.00    0.00    0.00   clock __VIRTUAL_CLK__ (rise edge)
                          0.00    0.00   clock network delay (ideal)
                          2.00    2.00 v input external delay
     3    0.01    0.03    0.02    2.02 v a[1] (in)
                                         a[1] (net)
                  0.03    0.00    2.02 v _4_/A (sky130_fd_sc_hd__or3_2)
     2    0.01    0.10    0.53    2.55 v _4_/X (sky130_fd_sc_hd__or3_2)
                                         _2_ (net)
                  0.10    0.00    2.55 v _8_/B (sky130_fd_sc_hd__xor2_2)
     1    0.03    0.43    0.39    2.94 ^ _8_/X (sky130_fd_sc_hd__xor2_2)
                                         result[3] (net)
                  0.43    0.00    2.94 ^ result[3] (out)
                                  2.94   data arrival time

                  0.00   10.00   10.00   clock __VIRTUAL_CLK__ (rise edge)
                          0.00   10.00   clock network delay (ideal)
                         -0.25    9.75   clock uncertainty
                          0.00    9.75   clock reconvergence pessimism
                         -2.00    7.75   output external delay
                                  7.75   data required time
-----------------------------------------------------------------------------
                                  7.75   data required time
                                 -2.94   data arrival time
-----------------------------------------------------------------------------
                                  4.81   slack (MET)


Startpoint: a[0] (input port clocked by __VIRTUAL_CLK__)
Endpoint: result[1] (output port clocked by __VIRTUAL_CLK__)
Path Group: __VIRTUAL_CLK__
Path Type: max

Fanout     Cap    Slew   Delay    Time   Description
-----------------------------------------------------------------------------
                  0.00    0.00    0.00   clock __VIRTUAL_CLK__ (rise edge)
                          0.00    0.00   clock network delay (ideal)
                          2.00    2.00 ^ input external delay
     4    0.02    0.08    0.06    2.06 ^ a[0] (in)
                                         a[0] (net)
                  0.08    0.00    2.06 ^ _3_/B (sky130_fd_sc_hd__xor2_2)
     1    0.03    0.43    0.39    2.44 ^ _3_/X (sky130_fd_sc_hd__xor2_2)
                                         result[1] (net)
                  0.43    0.00    2.44 ^ result[1] (out)
                                  2.44   data arrival time

                  0.00   10.00   10.00   clock __VIRTUAL_CLK__ (rise edge)
                          0.00   10.00   clock network delay (ideal)
                         -0.25    9.75   clock uncertainty
                          0.00    9.75   clock reconvergence pessimism
                         -2.00    7.75   output external delay
                                  7.75   data required time
-----------------------------------------------------------------------------
                                  7.75   data required time
                                 -2.44   data arrival time
-----------------------------------------------------------------------------
                                  5.31   slack (MET)


Startpoint: a[0] (input port clocked by __VIRTUAL_CLK__)
Endpoint: result[0] (output port clocked by __VIRTUAL_CLK__)
Path Group: __VIRTUAL_CLK__
Path Type: max

Fanout     Cap    Slew   Delay    Time   Description
-----------------------------------------------------------------------------
                  0.00    0.00    0.00   clock __VIRTUAL_CLK__ (rise edge)
                          0.00    0.00   clock network delay (ideal)
                          2.00    2.00 ^ input external delay
     4    0.02    0.08    0.06    2.06 ^ a[0] (in)
                                         a[0] (net)
                  0.08    0.00    2.06 ^ _9_/A (sky130_fd_sc_hd__buf_2)
     1    0.03    0.17    0.22    2.28 ^ _9_/X (sky130_fd_sc_hd__buf_2)
                                         result[0] (net)
                  0.17    0.00    2.28 ^ result[0] (out)
                                  2.28   data arrival time

                  0.00   10.00   10.00   clock __VIRTUAL_CLK__ (rise edge)
                          0.00   10.00   clock network delay (ideal)
                         -0.25    9.75   clock uncertainty
                          0.00    9.75   clock reconvergence pessimism
                         -2.00    7.75   output external delay
                                  7.75   data required time
-----------------------------------------------------------------------------
                                  7.75   data required time
                                 -2.28   data arrival time
-----------------------------------------------------------------------------
                                  5.47   slack (MET)



worst slack corner Typical: 4.7816
max_report_end
checks_report

===========================================================================
report_checks -unconstrained
===========================================================================
======================= Typical Corner ===================================

Startpoint: a[1] (input port clocked by __VIRTUAL_CLK__)
Endpoint: result[2] (output port clocked by __VIRTUAL_CLK__)
Path Group: __VIRTUAL_CLK__
Path Type: max

Fanout     Cap    Slew   Delay    Time   Description
-----------------------------------------------------------------------------
                  0.00    0.00    0.00   clock __VIRTUAL_CLK__ (rise edge)
                          0.00    0.00   clock network delay (ideal)
                          2.00    2.00 v input external delay
     3    0.01    0.03    0.02    2.02 v a[1] (in)
                                         a[1] (net)
                  0.03    0.00    2.02 v _4_/A (sky130_fd_sc_hd__or3_2)
     2    0.01    0.10    0.53    2.55 v _4_/X (sky130_fd_sc_hd__or3_2)
                                         _2_ (net)
                  0.10    0.00    2.55 v _6_/A (sky130_fd_sc_hd__and2_2)
     1    0.00    0.03    0.19    2.74 v _6_/X (sky130_fd_sc_hd__and2_2)
                                         _1_ (net)
                  0.03    0.00    2.74 v _7_/A (sky130_fd_sc_hd__buf_1)
     1    0.03    0.19    0.22    2.97 v _7_/X (sky130_fd_sc_hd__buf_1)
                                         result[2] (net)
                  0.19    0.00    2.97 v result[2] (out)
                                  2.97   data arrival time

                  0.00   10.00   10.00   clock __VIRTUAL_CLK__ (rise edge)
                          0.00   10.00   clock network delay (ideal)
                         -0.25    9.75   clock uncertainty
                          0.00    9.75   clock reconvergence pessimism
                         -2.00    7.75   output external delay
                                  7.75   data required time
-----------------------------------------------------------------------------
                                  7.75   data required time
                                 -2.97   data arrival time
-----------------------------------------------------------------------------
                                  4.78   slack (MET)




===========================================================================
report_checks --slack_max -0.01
============================================================================
======================= Typical Corner ===================================

No paths found.


===========================================================================
 report_check_types -max_slew -max_cap -max_fanout -violators
============================================================================
======================= Typical Corner ===================================


max slew violations count Typical: 0
max fanout violations count Typical: 0
max cap violations count Typical: 0

===========================================================================
report_parasitic_annotation -report_unannotated
============================================================================
Found 11 unannotated drivers.
 a[0]
 a[1]
 a[2]
 a[3]
 _3_/X
 _4_/X
 _5_/Y
 _6_/X
 _7_/X
 _8_/X
 _9_/X
Found 0 partially unannotated drivers.

===========================================================================
max slew violation count 0
max fanout violation count 0
max cap violation count 0
============================================================================

===========================================================================
check_setup -verbose -unconstrained_endpoints -multiple_clock -no_clock -no_input_delay -loops -generated_clocks
===========================================================================
checks_report_end
power_report

===========================================================================
 report_power
============================================================================
======================= Typical Corner ===================================

Group                  Internal  Switching    Leakage      Total
                          Power      Power      Power      Power (Watts)
----------------------------------------------------------------
Sequential             0.00e+00   0.00e+00   0.00e+00   0.00e+00   0.0%
Combinational          1.18e-06   3.20e-06   2.22e-11   4.37e-06 100.0%
Clock                  0.00e+00   0.00e+00   0.00e+00   0.00e+00   0.0%
Macro                  0.00e+00   0.00e+00   0.00e+00   0.00e+00   0.0%
Pad                    0.00e+00   0.00e+00   0.00e+00   0.00e+00   0.0%
----------------------------------------------------------------
Total                  1.18e-06   3.20e-06   2.22e-11   4.37e-06 100.0%
                          26.9%      73.1%       0.0%

power_report_end
summary_report

===========================================================================
report_tns
============================================================================
tns 0.00

===========================================================================
report_wns
============================================================================
wns 0.00

===========================================================================
report_worst_slack -max (Setup)
============================================================================
worst slack 4.78

===========================================================================
report_worst_slack -min (Hold)
============================================================================
worst slack 3.92
summary_report_end
check_nonpropagated_clocks
__VIRTUAL_CLK__
check_nonpropagated_clocks_end
[WARNING] Did not save OpenROAD database!
Writing SDF to '/openlane/designs/twos_complement/runs/RUN_2025.04.27_19.58.19/results/synthesis/twos_complement.sdf'…
