
===========================================================================
report_checks -unconstrained
===========================================================================
======================= Typical Corner ===================================

Startpoint: _2815_ (rising edge-triggered flip-flop clocked by core_clock)
Endpoint: _2812_ (rising edge-triggered flip-flop clocked by core_clock)
Path Group: core_clock
Path Type: max

Fanout     Cap    Slew   Delay    Time   Description
-----------------------------------------------------------------------------
                          0.00    0.00   clock core_clock (rise edge)
                          0.00    0.00   clock source latency
     2    0.01    0.00    0.00    0.00 ^ clk (in)
                                         clk (net)
                  0.00    0.00    0.00 ^ clkbuf_0_clk/A (sky130_fd_sc_hd__clkbuf_16)
    32    0.08    0.10    0.16    0.16 ^ clkbuf_0_clk/X (sky130_fd_sc_hd__clkbuf_16)
                                         clknet_0_clk (net)
                  0.10    0.00    0.16 ^ clkbuf_4_10_0_clk/A (sky130_fd_sc_hd__clkbuf_8)
    22    0.04    0.08    0.18    0.33 ^ clkbuf_4_10_0_clk/X (sky130_fd_sc_hd__clkbuf_8)
                                         clknet_4_10_0_clk (net)
                  0.08    0.00    0.33 ^ _2815_/CLK (sky130_fd_sc_hd__dfrtp_4)
     7    0.02    0.08    0.51    0.85 v _2815_/Q (sky130_fd_sc_hd__dfrtp_4)
                                         imem.pc[2] (net)
                  0.08    0.00    0.85 v _1412_/B (sky130_fd_sc_hd__or3_4)
     5    0.02    0.09    0.41    1.26 v _1412_/X (sky130_fd_sc_hd__or3_4)
                                         _0219_ (net)
                  0.09    0.00    1.26 v _1413_/B (sky130_fd_sc_hd__or2_4)
     6    0.02    0.07    0.28    1.53 v _1413_/X (sky130_fd_sc_hd__or2_4)
                                         _0220_ (net)
                  0.07    0.00    1.53 v _1427_/A (sky130_fd_sc_hd__buf_8)
    10    0.02    0.03    0.13    1.67 v _1427_/X (sky130_fd_sc_hd__buf_8)
                                         _0234_ (net)
                  0.03    0.00    1.67 v _1465_/A2 (sky130_fd_sc_hd__a21o_1)
     1    0.00    0.03    0.16    1.83 v _1465_/X (sky130_fd_sc_hd__a21o_1)
                                         _0272_ (net)
                  0.03    0.00    1.83 v _1468_/A1 (sky130_fd_sc_hd__a31o_1)
     3    0.01    0.05    0.18    2.00 v _1468_/X (sky130_fd_sc_hd__a31o_1)
                                         _0275_ (net)
                  0.05    0.00    2.00 v _1469_/A (sky130_fd_sc_hd__or4_4)
     2    0.00    0.08    0.52    2.53 v _1469_/X (sky130_fd_sc_hd__or4_4)
                                         _0276_ (net)
                  0.08    0.00    2.53 v _1932_/A (sky130_fd_sc_hd__or4_4)
     1    0.00    0.08    0.54    3.06 v _1932_/X (sky130_fd_sc_hd__or4_4)
                                         _0698_ (net)
                  0.08    0.00    3.06 v _1933_/A (sky130_fd_sc_hd__buf_6)
     8    0.02    0.03    0.14    3.21 v _1933_/X (sky130_fd_sc_hd__buf_6)
                                         _0699_ (net)
                  0.03    0.00    3.21 v _1968_/A2 (sky130_fd_sc_hd__a211o_1)
     2    0.00    0.05    0.29    3.49 v _1968_/X (sky130_fd_sc_hd__a211o_1)
                                         _0734_ (net)
                  0.05    0.00    3.49 v _1969_/A (sky130_fd_sc_hd__and3_1)
     3    0.01    0.05    0.16    3.65 v _1969_/X (sky130_fd_sc_hd__and3_1)
                                         _0735_ (net)
                  0.05    0.00    3.65 v _2017_/C (sky130_fd_sc_hd__or4b_4)
     2    0.00    0.08    0.47    4.12 v _2017_/X (sky130_fd_sc_hd__or4b_4)
                                         _0783_ (net)
                  0.08    0.00    4.12 v _2019_/C (sky130_fd_sc_hd__or4b_4)
     1    0.00    0.08    0.49    4.61 v _2019_/X (sky130_fd_sc_hd__or4b_4)
                                         _0785_ (net)
                  0.08    0.00    4.61 v _2020_/C1 (sky130_fd_sc_hd__a211o_4)
     4    0.01    0.06    0.28    4.89 v _2020_/X (sky130_fd_sc_hd__a211o_4)
                                         _0786_ (net)
                  0.06    0.00    4.89 v _2265_/A1 (sky130_fd_sc_hd__a2111o_1)
     4    0.01    0.08    0.39    5.28 v _2265_/X (sky130_fd_sc_hd__a2111o_1)
                                         _1031_ (net)
                  0.08    0.00    5.28 v _2300_/A1 (sky130_fd_sc_hd__a211o_4)
     5    0.01    0.06    0.34    5.63 v _2300_/X (sky130_fd_sc_hd__a211o_4)
                                         _1066_ (net)
                  0.06    0.00    5.63 v _2357_/A1 (sky130_fd_sc_hd__a311o_1)
     3    0.01    0.09    0.30    5.93 v _2357_/X (sky130_fd_sc_hd__a311o_1)
                                         _1123_ (net)
                  0.09    0.00    5.93 v _2372_/A1 (sky130_fd_sc_hd__a21oi_2)
     3    0.01    0.13    0.16    6.09 ^ _2372_/Y (sky130_fd_sc_hd__a21oi_2)
                                         _1138_ (net)
                  0.13    0.00    6.09 ^ _2384_/A2 (sky130_fd_sc_hd__o21ai_1)
     1    0.00    0.06    0.07    6.16 v _2384_/Y (sky130_fd_sc_hd__o21ai_1)
                                         _1150_ (net)
                  0.06    0.00    6.16 v _2391_/A1 (sky130_fd_sc_hd__a21bo_1)
     1    0.00    0.03    0.16    6.32 v _2391_/X (sky130_fd_sc_hd__a21bo_1)
                                         _1157_ (net)
                  0.03    0.00    6.32 v _2650_/A0 (sky130_fd_sc_hd__mux2_4)
     1    0.00    0.05    0.25    6.57 v _2650_/X (sky130_fd_sc_hd__mux2_4)
                                         _1289_ (net)
                  0.05    0.00    6.57 v _1322_/A (sky130_fd_sc_hd__clkbuf_1)
     1    0.00    0.02    0.08    6.65 v _1322_/X (sky130_fd_sc_hd__clkbuf_1)
                                         _0166_ (net)
                  0.02    0.00    6.65 v _2812_/D (sky130_fd_sc_hd__dfxtp_1)
                                  6.65   data arrival time

                         10.00   10.00   clock core_clock (rise edge)
                          0.00   10.00   clock source latency
     2    0.01    0.00    0.00   10.00 ^ clk (in)
                                         clk (net)
                  0.00    0.00   10.00 ^ clkbuf_0_clk/A (sky130_fd_sc_hd__clkbuf_16)
    32    0.08    0.10    0.16   10.16 ^ clkbuf_0_clk/X (sky130_fd_sc_hd__clkbuf_16)
                                         clknet_0_clk (net)
                  0.10    0.00   10.16 ^ clkbuf_4_0_0_clk/A (sky130_fd_sc_hd__clkbuf_8)
    22    0.04    0.08    0.18   10.33 ^ clkbuf_4_0_0_clk/X (sky130_fd_sc_hd__clkbuf_8)
                                         clknet_4_0_0_clk (net)
                  0.08    0.00   10.33 ^ _2812_/CLK (sky130_fd_sc_hd__dfxtp_1)
                          0.00   10.33   clock reconvergence pessimism
                         -0.09   10.24   library setup time
                                 10.24   data required time
-----------------------------------------------------------------------------
                                 10.24   data required time
                                 -6.65   data arrival time
-----------------------------------------------------------------------------
                                  3.59   slack (MET)




===========================================================================
report_checks --slack_max -0.01
============================================================================
======================= Typical Corner ===================================

No paths found.


===========================================================================
 report_check_types -max_slew -max_cap -max_fanout -violators
============================================================================
======================= Typical Corner ===================================


max slew violations count Typical: 0
max fanout violations count Typical: 0
max cap violations count Typical: 0

===========================================================================
report_parasitic_annotation -report_unannotated
============================================================================
Found 1615 unannotated drivers.
 clk
 control
 reset
 TopCPU_10/HI
 TopCPU_10/LO
 TopCPU_11/HI
 TopCPU_11/LO
 TopCPU_12/HI
 TopCPU_12/LO
 TopCPU_13/HI
 TopCPU_13/LO
 _1322_/X
 _1323_/Y
 _1324_/Y
 _1325_/Y
 _1326_/Y
 _1327_/Y
 _1328_/X
 _1329_/X
 _1330_/X
 _1331_/X
 _1332_/X
 _1333_/X
 _1334_/X
 _1335_/X
 _1336_/X
 _1337_/X
 _1338_/X
 _1339_/X
 _1340_/X
 _1341_/X
 _1342_/X
 _1343_/X
 _1344_/X
 _1345_/X
 _1346_/X
 _1347_/X
 _1348_/X
 _1349_/X
 _1350_/X
 _1351_/X
 _1352_/X
 _1353_/X
 _1354_/X
 _1355_/X
 _1356_/X
 _1357_/X
 _1358_/X
 _1359_/X
 _1360_/X
 _1361_/X
 _1362_/X
 _1363_/X
 _1364_/X
 _1365_/X
 _1366_/X
 _1367_/X
 _1368_/X
 _1369_/X
 _1370_/X
 _1371_/X
 _1372_/X
 _1373_/X
 _1374_/X
 _1375_/X
 _1376_/X
 _1377_/X
 _1378_/X
 _1379_/X
 _1380_/X
 _1381_/X
 _1382_/X
 _1383_/X
 _1384_/X
 _1385_/X
 _1386_/X
 _1387_/X
 _1388_/X
 _1389_/X
 _1390_/X
 _1391_/X
 _1392_/X
 _1393_/X
 _1394_/Y
 _1395_/Y
 _1396_/X
 _1397_/X
 _1398_/X
 _1399_/Y
 _1400_/Y
 _1401_/Y
 _1402_/Y
 _1403_/X
 _1404_/Y
 _1405_/X
 _1406_/X
 _1407_/Y
 _1408_/Y
 _1409_/X
 _1410_/Y
 _1411_/Y
 _1412_/X
 _1413_/X
 _1414_/X
 _1415_/X
 _1416_/Y
 _1417_/X
 _1418_/X
 _1419_/X
 _1420_/X
 _1421_/X
 _1422_/X
 _1423_/X
 _1424_/X
 _1425_/X
 _1426_/X
 _1427_/X
 _1428_/X
 _1429_/X
 _1430_/X
 _1431_/X
 _1432_/Y
 _1433_/X
 _1434_/X
 _1435_/Y
 _1436_/X
 _1437_/X
 _1438_/X
 _1439_/Y
 _1440_/X
 _1441_/X
 _1442_/X
 _1443_/X
 _1444_/X
 _1445_/X
 _1446_/X
 _1447_/Y
 _1448_/X
 _1449_/X
 _1450_/X
 _1451_/X
 _1452_/X
 _1453_/X
 _1454_/X
 _1455_/X
 _1456_/X
 _1457_/X
 _1458_/X
 _1459_/X
 _1460_/X
 _1461_/X
 _1462_/X
 _1463_/X
 _1464_/X
 _1465_/X
 _1466_/X
 _1467_/X
 _1468_/X
 _1469_/X
 _1470_/X
 _1471_/X
 _1472_/X
 _1473_/Y
 _1474_/Y
 _1475_/X
 _1476_/Y
 _1477_/Y
 _1478_/X
 _1479_/X
 _1480_/X
 _1481_/X
 _1482_/X
 _1483_/Y
 _1484_/X
 _1485_/X
 _1486_/X
 _1487_/X
 _1488_/Y
 _1489_/X
 _1490_/Y
 _1491_/X
 _1492_/X
 _1493_/Y
 _1494_/X
 _1495_/X
 _1496_/X
 _1497_/X
 _1498_/X
 _1499_/X
 _1500_/X
 _1501_/X
 _1502_/X
 _1503_/X
 _1504_/X
 _1505_/X
 _1506_/Y
 _1507_/X
 _1508_/X
 _1509_/X
 _1510_/Y
 _1511_/X
 _1512_/X
 _1513_/X
 _1514_/Y
 _1515_/X
 _1516_/X
 _1517_/X
 _1518_/X
 _1519_/X
 _1520_/X
 _1521_/X
 _1522_/X
 _1523_/X
 _1524_/X
 _1525_/X
 _1526_/X
 _1527_/X
 _1528_/X
 _1529_/X
 _1530_/X
 _1531_/X
 _1532_/Y
 _1533_/X
 _1534_/X
 _1535_/X
 _1536_/X
 _1537_/X
 _1538_/X
 _1539_/X
 _1540_/Y
 _1541_/X
 _1542_/X
 _1543_/X
 _1544_/X
 _1545_/X
 _1546_/X
 _1547_/X
 _1548_/X
 _1549_/X
 _1550_/X
 _1551_/X
 _1552_/X
 _1553_/X
 _1554_/X
 _1555_/X
 _1556_/X
 _1557_/X
 _1558_/X
 _1559_/X
 _1560_/X
 _1561_/X
 _1562_/X
 _1563_/X
 _1564_/X
 _1565_/X
 _1566_/X
 _1567_/X
 _1568_/X
 _1569_/X
 _1570_/X
 _1571_/X
 _1572_/Y
 _1573_/X
 _1574_/X
 _1575_/X
 _1576_/X
 _1577_/X
 _1578_/X
 _1579_/X
 _1580_/X
 _1581_/X
 _1582_/X
 _1583_/X
 _1584_/X
 _1585_/X
 _1586_/X
 _1587_/Y
 _1588_/X
 _1589_/X
 _1590_/X
 _1591_/X
 _1592_/X
 _1593_/X
 _1594_/X
 _1595_/Y
 _1596_/X
 _1597_/X
 _1598_/X
 _1599_/X
 _1600_/X
 _1601_/X
 _1602_/X
 _1603_/Y
 _1604_/X
 _1605_/X
 _1606_/X
 _1607_/Y
 _1608_/X
 _1609_/X
 _1610_/X
 _1611_/X
 _1612_/X
 _1613_/Y
 _1614_/X
 _1615_/X
 _1616_/X
 _1617_/X
 _1618_/X
 _1619_/Y
 _1620_/Y
 _1621_/X
 _1622_/Y
 _1623_/X
 _1624_/X
 _1625_/X
 _1626_/X
 _1627_/X
 _1628_/X
 _1629_/X
 _1630_/Y
 _1631_/Y
 _1632_/X
 _1633_/Y
 _1634_/X
 _1635_/X
 _1636_/Y
 _1637_/X
 _1638_/X
 _1639_/Y
 _1640_/Y
 _1641_/X
 _1642_/X
 _1643_/X
 _1644_/X
 _1645_/X
 _1646_/Y
 _1647_/X
 _1648_/X
 _1649_/X
 _1650_/X
 _1651_/X
 _1652_/X
 _1653_/X
 _1654_/X
 _1655_/X
 _1656_/Y
 _1657_/X
 _1658_/Y
 _1659_/Y
 _1660_/X
 _1661_/Y
 _1662_/X
 _1663_/X
 _1664_/X
 _1665_/X
 _1666_/X
 _1667_/X
 _1668_/X
 _1669_/X
 _1670_/X
 _1671_/Y
 _1672_/Y
 _1673_/X
 _1674_/X
 _1675_/X
 _1676_/Y
 _1677_/X
 _1678_/X
 _1679_/X
 _1680_/X
 _1681_/Y
 _1682_/X
 _1683_/X
 _1684_/X
 _1685_/X
 _1686_/Y
 _1687_/X
 _1688_/Y
 _1689_/X
 _1690_/X
 _1691_/X
 _1692_/X
 _1693_/X
 _1694_/X
 _1695_/X
 _1696_/Y
 _1697_/X
 _1698_/X
 _1699_/X
 _1700_/Y
 _1701_/Y
 _1702_/X
 _1703_/Y
 _1704_/Y
 _1705_/X
 _1706_/Y
 _1707_/X
 _1708_/Y
 _1709_/X
 _1710_/X
 _1711_/X
 _1712_/X
 _1713_/X
 _1714_/X
 _1715_/X
 _1716_/Y
 _1717_/Y
 _1718_/Y
 _1719_/Y
 _1720_/X
 _1721_/Y
 _1722_/X
 _1723_/X
 _1724_/Y
 _1725_/Y
 _1726_/X
 _1727_/Y
 _1728_/X
 _1729_/X
 _1730_/X
 _1731_/X
 _1732_/Y
 _1733_/X
 _1734_/Y
 _1735_/X
 _1736_/X
 _1737_/X
 _1738_/Y
 _1739_/Y
 _1740_/X
 _1741_/X
 _1742_/X
 _1743_/Y
 _1744_/X
 _1745_/X
 _1746_/X
 _1747_/Y
 _1748_/Y
 _1749_/Y
 _1750_/Y
 _1751_/Y
 _1752_/Y
 _1753_/Y
 _1754_/Y
 _1755_/X
 _1756_/X
 _1757_/X
 _1758_/X
 _1759_/X
 _1760_/X
 _1761_/X
 _1762_/X
 _1763_/X
 _1764_/X
 _1765_/X
 _1766_/X
 _1767_/X
 _1768_/X
 _1769_/X
 _1770_/X
 _1771_/X
 _1772_/X
 _1773_/X
 _1774_/X
 _1775_/X
 _1776_/X
 _1777_/X
 _1778_/X
 _1779_/X
 _1780_/X
 _1781_/X
 _1782_/X
 _1783_/X
 _1784_/X
 _1785_/X
 _1786_/X
 _1787_/X
 _1788_/X
 _1789_/X
 _1790_/X
 _1791_/X
 _1792_/X
 _1793_/X
 _1794_/X
 _1795_/X
 _1796_/X
 _1797_/X
 _1798_/X
 _1799_/X
 _1800_/X
 _1801_/X
 _1802_/X
 _1803_/X
 _1804_/X
 _1805_/X
 _1806_/X
 _1807_/X
 _1808_/X
 _1809_/X
 _1810_/X
 _1811_/X
 _1812_/X
 _1813_/X
 _1814_/X
 _1815_/X
 _1816_/X
 _1817_/X
 _1818_/X
 _1819_/X
 _1820_/X
 _1821_/X
 _1822_/X
 _1823_/X
 _1824_/X
 _1825_/X
 _1826_/X
 _1827_/X
 _1828_/X
 _1829_/X
 _1830_/X
 _1831_/Y
 _1832_/X
 _1833_/X
 _1834_/X
 _1835_/X
 _1836_/Y
 _1837_/X
 _1838_/X
 _1839_/Y
 _1840_/X
 _1841_/Y
 _1842_/Y
 _1843_/Y
 _1844_/X
 _1845_/Y
 _1846_/X
 _1847_/Y
 _1848_/X
 _1849_/X
 _1850_/X
 _1851_/X
 _1852_/X
 _1853_/Y
 _1854_/X
 _1855_/X
 _1856_/X
 _1857_/X
 _1858_/X
 _1859_/X
 _1860_/X
 _1861_/Y
 _1862_/X
 _1863_/Y
 _1864_/X
 _1865_/Y
 _1866_/Y
 _1867_/Y
 _1868_/Y
 _1869_/X
 _1870_/X
 _1871_/X
 _1872_/X
 _1873_/X
 _1874_/Y
 _1875_/X
 _1876_/X
 _1877_/X
 _1878_/X
 _1879_/X
 _1880_/X
 _1881_/Y
 _1882_/X
 _1883_/X
 _1884_/Y
 _1885_/X
 _1886_/X
 _1887_/X
 _1888_/X
 _1889_/X
 _1890_/X
 _1891_/X
 _1892_/X
 _1893_/X
 _1894_/Y
 _1895_/X
 _1896_/X
 _1897_/Y
 _1898_/Y
 _1899_/Y
 _1900_/Y
 _1901_/X
 _1902_/Y
 _1903_/X
 _1904_/X
 _1905_/X
 _1906_/X
 _1907_/Y
 _1908_/X
 _1909_/Y
 _1910_/X
 _1911_/X
 _1912_/X
 _1913_/X
 _1914_/Y
 _1915_/X
 _1916_/Y
 _1917_/X
 _1918_/X
 _1919_/X
 _1920_/X
 _1921_/Y
 _1922_/X
 _1923_/Y
 _1924_/Y
 _1925_/Y
 _1926_/X
 _1927_/Y
 _1928_/X
 _1929_/X
 _1930_/Y
 _1931_/X
 _1932_/X
 _1933_/X
 _1934_/X
 _1935_/X
 _1936_/X
 _1937_/X
 _1938_/X
 _1939_/Y
 _1940_/X
 _1941_/Y
 _1942_/X
 _1943_/X
 _1944_/X
 _1945_/X
 _1946_/Y
 _1947_/X
 _1948_/X
 _1949_/X
 _1950_/Y
 _1951_/X
 _1952_/X
 _1953_/X
 _1954_/X
 _1955_/Y
 _1956_/X
 _1957_/X
 _1958_/X
 _1959_/X
 _1960_/Y
 _1961_/X
 _1962_/X
 _1963_/X
 _1964_/X
 _1965_/X
 _1966_/Y
 _1967_/X
 _1968_/X
 _1969_/X
 _1970_/X
 _1971_/X
 _1972_/X
 _1973_/X
 _1974_/X
 _1975_/Y
 _1976_/X
 _1977_/X
 _1978_/X
 _1979_/Y
 _1980_/Y
 _1981_/Y
 _1982_/X
 _1983_/X
 _1984_/Y
 _1985_/Y
 _1986_/X
 _1987_/X
 _1988_/X
 _1989_/X
 _1990_/Y
 _1991_/X
 _1992_/X
 _1993_/X
 _1994_/X
 _1995_/Y
 _1996_/X
 _1997_/X
 _1998_/X
 _1999_/X
 _2000_/X
 _2001_/X
 _2002_/X
 _2003_/Y
 _2004_/X
 _2005_/X
 _2006_/X
 _2007_/X
 _2008_/Y
 _2009_/X
 _2010_/Y
 _2011_/X
 _2012_/X
 _2013_/X
 _2014_/X
 _2015_/Y
 _2016_/X
 _2017_/X
 _2018_/Y
 _2019_/X
 _2020_/X
 _2021_/X
 _2022_/X
 _2023_/X
 _2024_/X
 _2025_/Y
 _2026_/X
 _2027_/X
 _2028_/X
 _2029_/X
 _2030_/X
 _2031_/Y
 _2032_/Y
 _2033_/Y
 _2034_/X
 _2035_/Y
 _2036_/Y
 _2037_/Y
 _2038_/X
 _2039_/X
 _2040_/X
 _2041_/Y
 _2042_/X
 _2043_/X
 _2044_/X
 _2045_/Y
 _2046_/X
 _2047_/X
 _2048_/X
 _2049_/X
 _2050_/X
 _2051_/X
 _2052_/X
 _2053_/X
 _2054_/X
 _2055_/X
 _2056_/X
 _2057_/Y
 _2058_/X
 _2059_/X
 _2060_/Y
 _2061_/Y
 _2062_/Y
 _2063_/X
 _2064_/X
 _2065_/Y
 _2066_/X
 _2067_/Y
 _2068_/X
 _2069_/Y
 _2070_/Y
 _2071_/X
 _2072_/Y
 _2073_/X
 _2074_/X
 _2075_/X
 _2076_/X
 _2077_/Y
 _2078_/X
 _2079_/Y
 _2080_/Y
 _2081_/Y
 _2082_/X
 _2083_/Y
 _2084_/X
 _2085_/Y
 _2086_/X
 _2087_/X
 _2088_/X
 _2089_/X
 _2090_/X
 _2091_/X
 _2092_/Y
 _2093_/Y
 _2094_/X
 _2095_/X
 _2096_/X
 _2097_/Y
 _2098_/Y
 _2099_/Y
 _2100_/X
 _2101_/X
 _2102_/X
 _2103_/Y
 _2104_/Y
 _2105_/X
 _2106_/X
 _2107_/X
 _2108_/Y
 _2109_/Y
 _2110_/Y
 _2111_/X
 _2112_/X
 _2113_/X
 _2114_/X
 _2115_/X
 _2116_/X
 _2117_/X
 _2118_/X
 _2119_/Y
 _2120_/Y
 _2121_/Y
 _2122_/X
 _2123_/X
 _2124_/X
 _2125_/Y
 _2126_/X
 _2127_/X
 _2128_/X
 _2129_/X
 _2130_/Y
 _2131_/X
 _2132_/X
 _2133_/X
 _2134_/Y
 _2135_/X
 _2136_/X
 _2137_/X
 _2138_/X
 _2139_/Y
 _2140_/Y
 _2141_/X
 _2142_/Y
 _2143_/X
 _2144_/X
 _2145_/X
 _2146_/Y
 _2147_/Y
 _2148_/X
 _2149_/X
 _2150_/X
 _2151_/Y
 _2152_/Y
 _2153_/Y
 _2154_/X
 _2155_/X
 _2156_/X
 _2157_/X
 _2158_/Y
 _2159_/X
 _2160_/X
 _2161_/X
 _2162_/Y
 _2163_/X
 _2164_/X
 _2165_/X
 _2166_/Y
 _2167_/X
 _2168_/X
 _2169_/Y
 _2170_/Y
 _2171_/X
 _2172_/X
 _2173_/Y
 _2174_/X
 _2175_/X
 _2176_/Y
 _2177_/X
 _2178_/X
 _2179_/X
 _2180_/X
 _2181_/X
 _2182_/X
 _2183_/Y
 _2184_/Y
 _2185_/Y
 _2186_/Y
 _2187_/X
 _2188_/X
 _2189_/Y
 _2190_/Y
 _2191_/X
 _2192_/Y
 _2193_/X
 _2194_/Y
 _2195_/Y
 _2196_/Y
 _2197_/X
 _2198_/Y
 _2199_/X
 _2200_/Y
 _2201_/X
 _2202_/X
 _2203_/Y
 _2204_/X
 _2205_/X
 _2206_/X
 _2207_/X
 _2208_/X
 _2209_/X
 _2210_/X
 _2211_/Y
 _2212_/X
 _2213_/X
 _2214_/Y
 _2215_/Y
 _2216_/X
 _2217_/Y
 _2218_/X
 _2219_/X
 _2220_/X
 _2221_/Y
 _2222_/X
 _2223_/X
 _2224_/Y
 _2225_/Y
 _2226_/X
 _2227_/X
 _2228_/X
 _2229_/X
 _2230_/X
 _2231_/X
 _2232_/X
 _2233_/Y
 _2234_/Y
 _2235_/X
 _2236_/X
 _2237_/X
 _2238_/Y
 _2239_/X
 _2240_/Y
 _2241_/Y
 _2242_/X
 _2243_/Y
 _2244_/Y
 _2245_/X
 _2246_/Y
 _2247_/X
 _2248_/Y
 _2249_/Y
 _2250_/Y
 _2251_/X
 _2252_/X
 _2253_/X
 _2254_/Y
 _2255_/Y
 _2256_/X
 _2257_/X
 _2258_/X
 _2259_/X
 _2260_/Y
 _2261_/Y
 _2262_/X
 _2263_/Y
 _2264_/X
 _2265_/X
 _2266_/X
 _2267_/X
 _2268_/X
 _2269_/X
 _2270_/X
 _2271_/X
 _2272_/X
 _2273_/X
 _2274_/X
 _2275_/Y
 _2276_/X
 _2277_/Y
 _2278_/X
 _2279_/X
 _2280_/Y
 _2281_/X
 _2282_/X
 _2283_/X
 _2284_/X
 _2285_/Y
 _2286_/X
 _2287_/X
 _2288_/X
 _2289_/X
 _2290_/X
 _2291_/Y
 _2292_/Y
 _2293_/X
 _2294_/Y
 _2295_/Y
 _2296_/X
 _2297_/Y
 _2298_/X
 _2299_/Y
 _2300_/X
 _2301_/X
 _2302_/X
 _2303_/Y
 _2304_/X
 _2305_/X
 _2306_/Y
 _2307_/Y
 _2308_/X
 _2309_/Y
 _2310_/Y
 _2311_/X
 _2312_/X
 _2313_/X
 _2314_/Y
 _2315_/X
 _2316_/X
 _2317_/X
 _2318_/X
 _2319_/Y
 _2320_/X
 _2321_/X
 _2322_/X
 _2323_/Y
 _2324_/X
 _2325_/Y
 _2326_/X
 _2327_/X
 _2328_/Y
 _2329_/X
 _2330_/Y
 _2331_/X
 _2332_/X
 _2333_/X
 _2334_/Y
 _2335_/X
 _2336_/X
 _2337_/X
 _2338_/X
 _2339_/X
 _2340_/Y
 _2341_/X
 _2342_/Y
 _2343_/X
 _2344_/X
 _2345_/X
 _2346_/X
 _2347_/Y
 _2348_/X
 _2349_/Y
 _2350_/X
 _2351_/X
 _2352_/X
 _2353_/Y
 _2354_/X
 _2355_/Y
 _2356_/X
 _2357_/X
 _2358_/X
 _2359_/X
 _2360_/X
 _2361_/X
 _2362_/X
 _2363_/X
 _2364_/X
 _2365_/Y
 _2366_/Y
 _2367_/Y
 _2368_/Y
 _2369_/X
 _2370_/Y
 _2371_/X
 _2372_/Y
 _2373_/X
 _2374_/X
 _2375_/X
 _2376_/X
 _2377_/X
 _2378_/Y
 _2379_/X
 _2380_/Y
 _2381_/X
 _2382_/X
 _2383_/Y
 _2384_/Y
 _2385_/X
 _2386_/X
 _2387_/X
 _2388_/X
 _2389_/X
 _2390_/X
 _2391_/X
 _2392_/X
 _2393_/X
 _2394_/X
 _2395_/X
 _2396_/X
 _2397_/X
 _2398_/X
 _2399_/X
 _2400_/X
 _2401_/X
 _2402_/X
 _2403_/X
 _2404_/X
 _2405_/X
 _2406_/X
 _2407_/X
 _2408_/X
 _2409_/X
 _2410_/X
 _2411_/X
 _2412_/X
 _2413_/X
 _2414_/X
 _2415_/X
 _2416_/X
 _2417_/X
 _2418_/X
 _2419_/X
 _2420_/X
 _2421_/X
 _2422_/X
 _2423_/X
 _2424_/X
 _2425_/X
 _2426_/X
 _2427_/X
 _2428_/X
 _2429_/X
 _2430_/X
 _2431_/X
 _2432_/X
 _2433_/X
 _2434_/X
 _2435_/X
 _2436_/X
 _2437_/X
 _2438_/X
 _2439_/X
 _2440_/X
 _2441_/X
 _2442_/X
 _2443_/X
 _2444_/X
 _2445_/X
 _2446_/X
 _2447_/X
 _2448_/X
 _2449_/X
 _2450_/X
 _2451_/X
 _2452_/X
 _2453_/X
 _2454_/X
 _2455_/X
 _2456_/X
 _2457_/X
 _2458_/X
 _2459_/X
 _2460_/X
 _2461_/X
 _2462_/X
 _2463_/X
 _2464_/X
 _2465_/X
 _2466_/X
 _2467_/X
 _2468_/X
 _2469_/X
 _2470_/X
 _2471_/X
 _2472_/X
 _2473_/X
 _2474_/X
 _2475_/X
 _2476_/X
 _2477_/X
 _2478_/X
 _2479_/X
 _2480_/X
 _2481_/X
 _2482_/X
 _2483_/X
 _2484_/X
 _2485_/X
 _2486_/X
 _2487_/X
 _2488_/X
 _2489_/X
 _2490_/X
 _2491_/X
 _2492_/X
 _2493_/X
 _2494_/X
 _2495_/X
 _2496_/X
 _2497_/X
 _2498_/X
 _2499_/X
 _2500_/X
 _2501_/X
 _2502_/X
 _2503_/X
 _2504_/X
 _2505_/X
 _2506_/X
 _2507_/X
 _2508_/X
 _2509_/X
 _2510_/X
 _2511_/X
 _2512_/X
 _2513_/X
 _2514_/X
 _2515_/X
 _2516_/X
 _2517_/X
 _2518_/X
 _2519_/X
 _2520_/X
 _2521_/X
 _2522_/X
 _2523_/X
 _2524_/X
 _2525_/X
 _2526_/X
 _2527_/X
 _2528_/X
 _2529_/X
 _2530_/X
 _2531_/X
 _2532_/X
 _2533_/X
 _2534_/X
 _2535_/X
 _2536_/X
 _2537_/X
 _2538_/X
 _2539_/X
 _2540_/X
 _2541_/X
 _2542_/X
 _2543_/X
 _2544_/X
 _2545_/X
 _2546_/X
 _2547_/X
 _2548_/X
 _2549_/X
 _2550_/X
 _2551_/X
 _2552_/X
 _2553_/X
 _2554_/X
 _2555_/X
 _2556_/X
 _2557_/X
 _2558_/X
 _2559_/X
 _2560_/X
 _2561_/X
 _2562_/X
 _2563_/X
 _2564_/X
 _2565_/X
 _2566_/X
 _2567_/X
 _2568_/X
 _2569_/X
 _2570_/X
 _2571_/X
 _2572_/X
 _2573_/X
 _2574_/X
 _2575_/X
 _2576_/X
 _2577_/X
 _2578_/X
 _2579_/X
 _2580_/X
 _2581_/X
 _2582_/X
 _2583_/X
 _2584_/X
 _2585_/X
 _2586_/X
 _2587_/X
 _2588_/X
 _2589_/X
 _2590_/X
 _2591_/X
 _2592_/X
 _2593_/X
 _2594_/X
 _2595_/X
 _2596_/X
 _2597_/X
 _2598_/X
 _2599_/X
 _2600_/X
 _2601_/X
 _2602_/X
 _2603_/X
 _2604_/X
 _2605_/X
 _2606_/X
 _2607_/X
 _2608_/X
 _2609_/X
 _2610_/X
 _2611_/X
 _2612_/X
 _2613_/X
 _2614_/X
 _2615_/X
 _2616_/X
 _2617_/X
 _2618_/X
 _2619_/X
 _2620_/X
 _2621_/X
 _2622_/X
 _2623_/X
 _2624_/X
 _2625_/X
 _2626_/X
 _2627_/X
 _2628_/X
 _2629_/X
 _2630_/X
 _2631_/X
 _2632_/X
 _2633_/X
 _2634_/X
 _2635_/X
 _2636_/X
 _2637_/X
 _2638_/X
 _2639_/X
 _2640_/X
 _2641_/X
 _2642_/X
 _2643_/X
 _2644_/X
 _2645_/X
 _2646_/X
 _2647_/X
 _2648_/X
 _2649_/X
 _2650_/X
 _2651_/Q
 _2652_/Q
 _2653_/Q
 _2654_/Q
 _2655_/Q
 _2656_/Q
 _2657_/Q
 _2658_/Q
 _2659_/Q
 _2660_/Q
 _2661_/Q
 _2662_/Q
 _2663_/Q
 _2664_/Q
 _2665_/Q
 _2666_/Q
 _2667_/Q
 _2668_/Q
 _2669_/Q
 _2670_/Q
 _2671_/Q
 _2672_/Q
 _2673_/Q
 _2674_/Q
 _2675_/Q
 _2676_/Q
 _2677_/Q
 _2678_/Q
 _2679_/Q
 _2680_/Q
 _2681_/Q
 _2682_/Q
 _2683_/Q
 _2684_/Q
 _2685_/Q
 _2686_/Q
 _2687_/Q
 _2688_/Q
 _2689_/Q
 _2690_/Q
 _2691_/Q
 _2692_/Q
 _2693_/Q
 _2694_/Q
 _2695_/Q
 _2696_/Q
 _2697_/Q
 _2698_/Q
 _2699_/Q
 _2700_/Q
 _2701_/Q
 _2702_/Q
 _2703_/Q
 _2704_/Q
 _2705_/Q
 _2706_/Q
 _2707_/Q
 _2708_/Q
 _2709_/Q
 _2710_/Q
 _2711_/Q
 _2712_/Q
 _2713_/Q
 _2714_/Q
 _2715_/Q
 _2716_/Q
 _2717_/Q
 _2718_/Q
 _2719_/Q
 _2720_/Q
 _2721_/Q
 _2722_/Q
 _2723_/Q
 _2724_/Q
 _2725_/Q
 _2726_/Q
 _2727_/Q
 _2728_/Q
 _2729_/Q
 _2730_/Q
 _2731_/Q
 _2732_/Q
 _2733_/Q
 _2734_/Q
 _2735_/Q
 _2736_/Q
 _2737_/Q
 _2738_/Q
 _2739_/Q
 _2740_/Q
 _2741_/Q
 _2742_/Q
 _2743_/Q
 _2744_/Q
 _2745_/Q
 _2746_/Q
 _2747_/Q
 _2748_/Q
 _2749_/Q
 _2750_/Q
 _2751_/Q
 _2752_/Q
 _2753_/Q
 _2754_/Q
 _2755_/Q
 _2756_/Q
 _2757_/Q
 _2758_/Q
 _2759_/Q
 _2760_/Q
 _2761_/Q
 _2762_/Q
 _2763_/Q
 _2764_/Q
 _2765_/Q
 _2766_/Q
 _2767_/Q
 _2768_/Q
 _2769_/Q
 _2770_/Q
 _2771_/Q
 _2772_/Q
 _2773_/Q
 _2774_/Q
 _2775_/Q
 _2776_/Q
 _2777_/Q
 _2778_/Q
 _2779_/Q
 _2780_/Q
 _2781_/Q
 _2782_/Q
 _2783_/Q
 _2784_/Q
 _2785_/Q
 _2786_/Q
 _2787_/Q
 _2788_/Q
 _2789_/Q
 _2790_/Q
 _2791_/Q
 _2792_/Q
 _2793_/Q
 _2794_/Q
 _2795_/Q
 _2796_/Q
 _2797_/Q
 _2798_/Q
 _2799_/Q
 _2800_/Q
 _2801_/Q
 _2802_/Q
 _2803_/Q
 _2804_/Q
 _2805_/Q
 _2806_/Q
 _2807_/Q
 _2808_/Q
 _2809_/Q
 _2810_/Q
 _2811_/Q
 _2812_/Q
 _2813_/Q
 _2814_/Q
 _2815_/Q
 _2816_/Q
 _2817_/Q
 _2818_/Q
 _2819_/Q
 _2820_/Q
 _2821_/Q
 _2822_/Q
 _2823_/Q
 _2824_/Q
 _2825_/Q
 _2826_/Q
 _2827_/Q
 _2828_/Q
 _2829_/Q
 _2830_/Q
 _2831_/Q
 _2832_/Q
 _2833_/Q
 _2834_/Q
 _2835_/Q
 _2836_/Q
 _2837_/Q
 _2838_/Q
 _2839_/Q
 _2840_/Q
 _2841_/Q
 _2842_/Q
 _2843_/Q
 _2844_/Q
 _2845_/Q
 _2846_/Q
 _2847_/Q
 _2848_/Q
 _2849_/Q
 _2854_/X
 _2855_/X
 _2856_/X
 _2857_/X
 _2858_/X
 _2859_/X
 _2860_/X
 clkbuf_0_clk/X
 clkbuf_4_0_0_clk/X
 clkbuf_4_10_0_clk/X
 clkbuf_4_11_0_clk/X
 clkbuf_4_12_0_clk/X
 clkbuf_4_13_0_clk/X
 clkbuf_4_14_0_clk/X
 clkbuf_4_15_0_clk/X
 clkbuf_4_1_0_clk/X
 clkbuf_4_2_0_clk/X
 clkbuf_4_3_0_clk/X
 clkbuf_4_4_0_clk/X
 clkbuf_4_5_0_clk/X
 clkbuf_4_6_0_clk/X
 clkbuf_4_7_0_clk/X
 clkbuf_4_8_0_clk/X
 clkbuf_4_9_0_clk/X
 clkload0/Y
 clkload1/Y
 clkload10/Y
 clkload11/Y
 clkload12/Y
 clkload13/Y
 clkload14/Y
 clkload2/X
 clkload3/Y
 clkload4/Y
 clkload5/Y
 clkload6/Y
 clkload7/Y
 clkload8/Y
 clkload9/Y
 clone20/X
 input1/X
 input2/X
 output3/X
 output4/X
 output5/X
 output6/X
 output7/X
 output8/X
 output9/X
 rebuffer1/X
 rebuffer10/X
 rebuffer11/X
 rebuffer12/X
 rebuffer13/X
 rebuffer14/X
 rebuffer15/X
 rebuffer16/X
 rebuffer17/X
 rebuffer18/X
 rebuffer19/X
 rebuffer2/X
 rebuffer20/X
 rebuffer21/X
 rebuffer22/X
 rebuffer23/X
 rebuffer24/X
 rebuffer25/X
 rebuffer26/X
 rebuffer3/X
 rebuffer4/X
 rebuffer5/X
 rebuffer6/X
 rebuffer7/X
 rebuffer8/X
 rebuffer9/X
 split10/X
Found 0 partially unannotated drivers.

===========================================================================
max slew violation count 0
max fanout violation count 0
max cap violation count 0
============================================================================

===========================================================================
check_setup -verbose -unconstrained_endpoints -multiple_clock -no_clock -no_input_delay -loops -generated_clocks
===========================================================================
Warning: There are 2 input ports missing set_input_delay.
  control
  reset
Warning: There are 11 unconstrained endpoints.
  an[0]
  an[1]
  an[2]
  an[3]
  seg[0]
  seg[1]
  seg[2]
  seg[3]
  seg[4]
  seg[5]
  seg[6]
