OpenROAD b16bda7e82721d10566ff7e2b68f1ff0be9f9e38 
Features included (+) or not (-): +Charts +GPU +GUI +Python
This program is licensed under the BSD-3 license. See the LICENSE file for details.
Components of this program may be licensed under more restrictive licenses which must be honored.
define_corners Typical
read_liberty -corner Typical /root/.volare/sky130A/libs.ref/sky130_fd_sc_hd/lib/sky130_fd_sc_hd__tt_025C_1v80.lib
Using 1e-12 for capacitance...
Using 1e+03 for resistance...
Using 1e-09 for time...
Using 1e+00 for voltage...
Using 1e-03 for current...
Using 1e-09 for power...
Using 1e-06 for distance...
[INFO]: Reading ODB at '/openlane/designs/alu/runs/RUN_2025.05.25_10.15.59/tmp/placement/10-global.odb'…
Reading design constraints file at '/openlane/scripts/base.sdc'…
[INFO]: Setting output delay to: 2.0
[INFO]: Setting input delay to: 2.0
[WARNING STA-0366] port '__VIRTUAL_CLK__' not found.
[INFO]: Setting load to: 0.033442
[INFO]: Setting clock uncertainty to: 0.25
[INFO]: Setting clock transition to: 0.15
[WARNING STA-0419] transition time can not be specified for virtual clocks.
[INFO]: Setting timing derate to: 5.0 %
[INFO]: Setting RC values...
min_report

===========================================================================
report_checks -path_delay min (Hold)
============================================================================
======================= Typical Corner ===================================

Startpoint: A[4] (input port clocked by __VIRTUAL_CLK__)
Endpoint: out[4] (output port clocked by __VIRTUAL_CLK__)
Path Group: __VIRTUAL_CLK__
Path Type: min

Fanout     Cap    Slew   Delay    Time   Description
-----------------------------------------------------------------------------
                  0.00    0.00    0.00   clock __VIRTUAL_CLK__ (rise edge)
                          0.00    0.00   clock network delay (ideal)
                          2.00    2.00 ^ input external delay
     6    0.02    0.11    0.07    2.07 ^ A[4] (in)
                                         A[4] (net)
                  0.11    0.00    2.07 ^ _329_/A1 (sky130_fd_sc_hd__a21oi_2)
     1    0.04    0.09    0.14    2.21 v _329_/Y (sky130_fd_sc_hd__a21oi_2)
                                         out[4] (net)
                  0.09    0.00    2.21 v out[4] (out)
                                  2.21   data arrival time

                  0.00    0.00    0.00   clock __VIRTUAL_CLK__ (rise edge)
                          0.00    0.00   clock network delay (ideal)
                          0.25    0.25   clock uncertainty
                          0.00    0.25   clock reconvergence pessimism
                         -2.00   -1.75   output external delay
                                 -1.75   data required time
-----------------------------------------------------------------------------
                                 -1.75   data required time
                                 -2.21   data arrival time
-----------------------------------------------------------------------------
                                  3.96   slack (MET)


Startpoint: A[5] (input port clocked by __VIRTUAL_CLK__)
Endpoint: out[5] (output port clocked by __VIRTUAL_CLK__)
Path Group: __VIRTUAL_CLK__
Path Type: min

Fanout     Cap    Slew   Delay    Time   Description
-----------------------------------------------------------------------------
                  0.00    0.00    0.00   clock __VIRTUAL_CLK__ (rise edge)
                          0.00    0.00   clock network delay (ideal)
                          2.00    2.00 ^ input external delay
     6    0.02    0.11    0.07    2.07 ^ A[5] (in)
                                         A[5] (net)
                  0.11    0.00    2.07 ^ _254_/A1 (sky130_fd_sc_hd__a22oi_2)
     1    0.04    0.15    0.17    2.24 v _254_/Y (sky130_fd_sc_hd__a22oi_2)
                                         out[5] (net)
                  0.15    0.00    2.24 v out[5] (out)
                                  2.24   data arrival time

                  0.00    0.00    0.00   clock __VIRTUAL_CLK__ (rise edge)
                          0.00    0.00   clock network delay (ideal)
                          0.25    0.25   clock uncertainty
                          0.00    0.25   clock reconvergence pessimism
                         -2.00   -1.75   output external delay
                                 -1.75   data required time
-----------------------------------------------------------------------------
                                 -1.75   data required time
                                 -2.24   data arrival time
-----------------------------------------------------------------------------
                                  3.99   slack (MET)


Startpoint: A[6] (input port clocked by __VIRTUAL_CLK__)
Endpoint: out[6] (output port clocked by __VIRTUAL_CLK__)
Path Group: __VIRTUAL_CLK__
Path Type: min

Fanout     Cap    Slew   Delay    Time   Description
-----------------------------------------------------------------------------
                  0.00    0.00    0.00   clock __VIRTUAL_CLK__ (rise edge)
                          0.00    0.00   clock network delay (ideal)
                          2.00    2.00 ^ input external delay
     6    0.03    0.14    0.09    2.09 ^ A[6] (in)
                                         A[6] (net)
                  0.14    0.00    2.09 ^ _274_/A1 (sky130_fd_sc_hd__a22oi_2)
     1    0.04    0.15    0.18    2.27 v _274_/Y (sky130_fd_sc_hd__a22oi_2)
                                         out[6] (net)
                  0.15    0.00    2.27 v out[6] (out)
                                  2.27   data arrival time

                  0.00    0.00    0.00   clock __VIRTUAL_CLK__ (rise edge)
                          0.00    0.00   clock network delay (ideal)
                          0.25    0.25   clock uncertainty
                          0.00    0.25   clock reconvergence pessimism
                         -2.00   -1.75   output external delay
                                 -1.75   data required time
-----------------------------------------------------------------------------
                                 -1.75   data required time
                                 -2.27   data arrival time
-----------------------------------------------------------------------------
                                  4.02   slack (MET)


Startpoint: A[7] (input port clocked by __VIRTUAL_CLK__)
Endpoint: out[7] (output port clocked by __VIRTUAL_CLK__)
Path Group: __VIRTUAL_CLK__
Path Type: min

Fanout     Cap    Slew   Delay    Time   Description
-----------------------------------------------------------------------------
                  0.00    0.00    0.00   clock __VIRTUAL_CLK__ (rise edge)
                          0.00    0.00   clock network delay (ideal)
                          2.00    2.00 ^ input external delay
     4    0.02    0.10    0.06    2.06 ^ A[7] (in)
                                         A[7] (net)
                  0.10    0.00    2.06 ^ _288_/A (sky130_fd_sc_hd__nand2_2)
     1    0.00    0.03    0.04    2.11 v _288_/Y (sky130_fd_sc_hd__nand2_2)
                                         _053_ (net)
                  0.03    0.00    2.11 v _289_/B1 (sky130_fd_sc_hd__o31a_2)
     1    0.04    0.09    0.17    2.27 v _289_/X (sky130_fd_sc_hd__o31a_2)
                                         out[7] (net)
                  0.09    0.00    2.27 v out[7] (out)
                                  2.27   data arrival time

                  0.00    0.00    0.00   clock __VIRTUAL_CLK__ (rise edge)
                          0.00    0.00   clock network delay (ideal)
                          0.25    0.25   clock uncertainty
                          0.00    0.25   clock reconvergence pessimism
                         -2.00   -1.75   output external delay
                                 -1.75   data required time
-----------------------------------------------------------------------------
                                 -1.75   data required time
                                 -2.27   data arrival time
-----------------------------------------------------------------------------
                                  4.02   slack (MET)


Startpoint: A[0] (input port clocked by __VIRTUAL_CLK__)
Endpoint: out[0] (output port clocked by __VIRTUAL_CLK__)
Path Group: __VIRTUAL_CLK__
Path Type: min

Fanout     Cap    Slew   Delay    Time   Description
-----------------------------------------------------------------------------
                  0.00    0.00    0.00   clock __VIRTUAL_CLK__ (rise edge)
                          0.00    0.00   clock network delay (ideal)
                          2.00    2.00 v input external delay
     2    0.01    0.02    0.01    2.01 v A[0] (in)
                                         A[0] (net)
                  0.02    0.00    2.01 v _237_/A (sky130_fd_sc_hd__inv_2)
     3    0.01    0.05    0.05    2.06 ^ _237_/Y (sky130_fd_sc_hd__inv_2)
                                         _004_ (net)
                  0.05    0.00    2.06 ^ _293_/A1 (sky130_fd_sc_hd__a21o_2)
     1    0.03    0.17    0.21    2.27 ^ _293_/X (sky130_fd_sc_hd__a21o_2)
                                         out[0] (net)
                  0.17    0.00    2.27 ^ out[0] (out)
                                  2.27   data arrival time

                  0.00    0.00    0.00   clock __VIRTUAL_CLK__ (rise edge)
                          0.00    0.00   clock network delay (ideal)
                          0.25    0.25   clock uncertainty
                          0.00    0.25   clock reconvergence pessimism
                         -2.00   -1.75   output external delay
                                 -1.75   data required time
-----------------------------------------------------------------------------
                                 -1.75   data required time
                                 -2.27   data arrival time
-----------------------------------------------------------------------------
                                  4.02   slack (MET)


Startpoint: A[1] (input port clocked by __VIRTUAL_CLK__)
Endpoint: out[1] (output port clocked by __VIRTUAL_CLK__)
Path Group: __VIRTUAL_CLK__
Path Type: min

Fanout     Cap    Slew   Delay    Time   Description
-----------------------------------------------------------------------------
                  0.00    0.00    0.00   clock __VIRTUAL_CLK__ (rise edge)
                          0.00    0.00   clock network delay (ideal)
                          2.00    2.00 ^ input external delay
    10    0.03    0.15    0.10    2.10 ^ A[1] (in)
                                         A[1] (net)
                  0.15    0.00    2.10 ^ _302_/A1_N (sky130_fd_sc_hd__o2bb2a_2)
     1    0.03    0.10    0.29    2.39 v _302_/X (sky130_fd_sc_hd__o2bb2a_2)
                                         out[1] (net)
                  0.10    0.00    2.39 v out[1] (out)
                                  2.39   data arrival time

                  0.00    0.00    0.00   clock __VIRTUAL_CLK__ (rise edge)
                          0.00    0.00   clock network delay (ideal)
                          0.25    0.25   clock uncertainty
                          0.00    0.25   clock reconvergence pessimism
                         -2.00   -1.75   output external delay
                                 -1.75   data required time
-----------------------------------------------------------------------------
                                 -1.75   data required time
                                 -2.39   data arrival time
-----------------------------------------------------------------------------
                                  4.14   slack (MET)


Startpoint: opcode[2] (input port clocked by __VIRTUAL_CLK__)
Endpoint: out[3] (output port clocked by __VIRTUAL_CLK__)
Path Group: __VIRTUAL_CLK__
Path Type: min

Fanout     Cap    Slew   Delay    Time   Description
-----------------------------------------------------------------------------
                  0.00    0.00    0.00   clock __VIRTUAL_CLK__ (rise edge)
                          0.00    0.00   clock network delay (ideal)
                          2.00    2.00 v input external delay
     6    0.02    0.05    0.03    2.03 v opcode[2] (in)
                                         opcode[2] (net)
                  0.05    0.00    2.03 v _164_/A (sky130_fd_sc_hd__inv_2)
     2    0.01    0.04    0.05    2.08 ^ _164_/Y (sky130_fd_sc_hd__inv_2)
                                         _092_ (net)
                  0.04    0.00    2.08 ^ _165_/A (sky130_fd_sc_hd__nor2_2)
     8    0.03    0.08    0.08    2.16 v _165_/Y (sky130_fd_sc_hd__nor2_2)
                                         _093_ (net)
                  0.08    0.00    2.16 v _311_/B1 (sky130_fd_sc_hd__o21ai_2)
     1    0.00    0.05    0.06    2.23 ^ _311_/Y (sky130_fd_sc_hd__o21ai_2)
                                         _072_ (net)
                  0.05    0.00    2.23 ^ _319_/A2 (sky130_fd_sc_hd__o21ba_2)
     1    0.00    0.04    0.12    2.34 ^ _319_/X (sky130_fd_sc_hd__o21ba_2)
                                         _080_ (net)
                  0.04    0.00    2.34 ^ _320_/B1 (sky130_fd_sc_hd__a21oi_2)
     1    0.04    0.08    0.08    2.42 v _320_/Y (sky130_fd_sc_hd__a21oi_2)
                                         out[3] (net)
                  0.08    0.00    2.42 v out[3] (out)
                                  2.42   data arrival time

                  0.00    0.00    0.00   clock __VIRTUAL_CLK__ (rise edge)
                          0.00    0.00   clock network delay (ideal)
                          0.25    0.25   clock uncertainty
                          0.00    0.25   clock reconvergence pessimism
                         -2.00   -1.75   output external delay
                                 -1.75   data required time
-----------------------------------------------------------------------------
                                 -1.75   data required time
                                 -2.42   data arrival time
-----------------------------------------------------------------------------
                                  4.17   slack (MET)


Startpoint: A[2] (input port clocked by __VIRTUAL_CLK__)
Endpoint: out[2] (output port clocked by __VIRTUAL_CLK__)
Path Group: __VIRTUAL_CLK__
Path Type: min

Fanout     Cap    Slew   Delay    Time   Description
-----------------------------------------------------------------------------
                  0.00    0.00    0.00   clock __VIRTUAL_CLK__ (rise edge)
                          0.00    0.00   clock network delay (ideal)
                          2.00    2.00 v input external delay
     4    0.01    0.03    0.02    2.02 v A[2] (in)
                                         A[2] (net)
                  0.03    0.00    2.02 v _173_/A (sky130_fd_sc_hd__buf_1)
    10    0.04    0.22    0.22    2.24 v _173_/X (sky130_fd_sc_hd__buf_1)
                                         _101_ (net)
                  0.22    0.00    2.24 v _310_/A1_N (sky130_fd_sc_hd__o2bb2a_2)
     1    0.03    0.19    0.42    2.66 ^ _310_/X (sky130_fd_sc_hd__o2bb2a_2)
                                         out[2] (net)
                  0.19    0.00    2.66 ^ out[2] (out)
                                  2.66   data arrival time

                  0.00    0.00    0.00   clock __VIRTUAL_CLK__ (rise edge)
                          0.00    0.00   clock network delay (ideal)
                          0.25    0.25   clock uncertainty
                          0.00    0.25   clock reconvergence pessimism
                         -2.00   -1.75   output external delay
                                 -1.75   data required time
-----------------------------------------------------------------------------
                                 -1.75   data required time
                                 -2.66   data arrival time
-----------------------------------------------------------------------------
                                  4.41   slack (MET)



worst slack corner Typical: 3.9584
min_report_end
max_report

===========================================================================
report_checks -path_delay max (Setup)
============================================================================
======================= Typical Corner ===================================

Startpoint: opcode[0] (input port clocked by __VIRTUAL_CLK__)
Endpoint: out[5] (output port clocked by __VIRTUAL_CLK__)
Path Group: __VIRTUAL_CLK__
Path Type: max

Fanout     Cap    Slew   Delay    Time   Description
-----------------------------------------------------------------------------
                  0.00    0.00    0.00   clock __VIRTUAL_CLK__ (rise edge)
                          0.00    0.00   clock network delay (ideal)
                          2.00    2.00 v input external delay
     5    0.01    0.03    0.02    2.02 v opcode[0] (in)
                                         opcode[0] (net)
                  0.03    0.00    2.02 v _222_/A_N (sky130_fd_sc_hd__nand3b_2)
     8    0.03    0.19    0.31    2.33 v _222_/Y (sky130_fd_sc_hd__nand3b_2)
                                         _150_ (net)
                  0.19    0.00    2.33 v _234_/C (sky130_fd_sc_hd__and3_2)
     2    0.01    0.05    0.30    2.63 v _234_/X (sky130_fd_sc_hd__and3_2)
                                         _001_ (net)
                  0.05    0.00    2.63 v _236_/A1 (sky130_fd_sc_hd__o21a_2)
     4    0.01    0.06    0.25    2.88 v _236_/X (sky130_fd_sc_hd__o21a_2)
                                         _003_ (net)
                  0.06    0.00    2.88 v _239_/B1 (sky130_fd_sc_hd__a211oi_2)
     3    0.01    0.24    0.27    3.15 ^ _239_/Y (sky130_fd_sc_hd__a211oi_2)
                                         _006_ (net)
                  0.24    0.00    3.15 ^ _241_/A2 (sky130_fd_sc_hd__o21ai_2)
     5    0.02    0.09    0.13    3.28 v _241_/Y (sky130_fd_sc_hd__o21ai_2)
                                         _008_ (net)
                  0.09    0.00    3.28 v _248_/A2 (sky130_fd_sc_hd__a311o_2)
     5    0.02    0.09    0.45    3.73 v _248_/X (sky130_fd_sc_hd__a311o_2)
                                         _015_ (net)
                  0.09    0.00    3.73 v _249_/C (sky130_fd_sc_hd__and3_2)
     1    0.00    0.03    0.23    3.96 v _249_/X (sky130_fd_sc_hd__and3_2)
                                         _016_ (net)
                  0.03    0.00    3.96 v _253_/A (sky130_fd_sc_hd__or3_2)
     1    0.00    0.08    0.50    4.45 v _253_/X (sky130_fd_sc_hd__or3_2)
                                         _020_ (net)
                  0.08    0.00    4.45 v _254_/B2 (sky130_fd_sc_hd__a22oi_2)
     1    0.04    0.46    0.43    4.88 ^ _254_/Y (sky130_fd_sc_hd__a22oi_2)
                                         out[5] (net)
                  0.46    0.00    4.88 ^ out[5] (out)
                                  4.88   data arrival time

                  0.00   10.00   10.00   clock __VIRTUAL_CLK__ (rise edge)
                          0.00   10.00   clock network delay (ideal)
                         -0.25    9.75   clock uncertainty
                          0.00    9.75   clock reconvergence pessimism
                         -2.00    7.75   output external delay
                                  7.75   data required time
-----------------------------------------------------------------------------
                                  7.75   data required time
                                 -4.88   data arrival time
-----------------------------------------------------------------------------
                                  2.87   slack (MET)


Startpoint: opcode[0] (input port clocked by __VIRTUAL_CLK__)
Endpoint: out[6] (output port clocked by __VIRTUAL_CLK__)
Path Group: __VIRTUAL_CLK__
Path Type: max

Fanout     Cap    Slew   Delay    Time   Description
-----------------------------------------------------------------------------
                  0.00    0.00    0.00   clock __VIRTUAL_CLK__ (rise edge)
                          0.00    0.00   clock network delay (ideal)
                          2.00    2.00 v input external delay
     5    0.01    0.03    0.02    2.02 v opcode[0] (in)
                                         opcode[0] (net)
                  0.03    0.00    2.02 v _222_/A_N (sky130_fd_sc_hd__nand3b_2)
     8    0.03    0.19    0.31    2.33 v _222_/Y (sky130_fd_sc_hd__nand3b_2)
                                         _150_ (net)
                  0.19    0.00    2.33 v _234_/C (sky130_fd_sc_hd__and3_2)
     2    0.01    0.05    0.30    2.63 v _234_/X (sky130_fd_sc_hd__and3_2)
                                         _001_ (net)
                  0.05    0.00    2.63 v _236_/A1 (sky130_fd_sc_hd__o21a_2)
     4    0.01    0.06    0.25    2.88 v _236_/X (sky130_fd_sc_hd__o21a_2)
                                         _003_ (net)
                  0.06    0.00    2.88 v _239_/B1 (sky130_fd_sc_hd__a211oi_2)
     3    0.01    0.24    0.27    3.15 ^ _239_/Y (sky130_fd_sc_hd__a211oi_2)
                                         _006_ (net)
                  0.24    0.00    3.15 ^ _241_/A2 (sky130_fd_sc_hd__o21ai_2)
     5    0.02    0.09    0.13    3.28 v _241_/Y (sky130_fd_sc_hd__o21ai_2)
                                         _008_ (net)
                  0.09    0.00    3.28 v _248_/A2 (sky130_fd_sc_hd__a311o_2)
     5    0.02    0.09    0.45    3.73 v _248_/X (sky130_fd_sc_hd__a311o_2)
                                         _015_ (net)
                  0.09    0.00    3.73 v _261_/A3 (sky130_fd_sc_hd__a31o_2)
     1    0.00    0.04    0.27    4.00 v _261_/X (sky130_fd_sc_hd__a31o_2)
                                         _027_ (net)
                  0.04    0.00    4.00 v _262_/A2 (sky130_fd_sc_hd__a21o_2)
     1    0.00    0.03    0.20    4.20 v _262_/X (sky130_fd_sc_hd__a21o_2)
                                         _028_ (net)
                  0.03    0.00    4.20 v _263_/B (sky130_fd_sc_hd__or2_2)
     1    0.00    0.06    0.29    4.49 v _263_/X (sky130_fd_sc_hd__or2_2)
                                         _029_ (net)
                  0.06    0.00    4.49 v _274_/B1 (sky130_fd_sc_hd__a22oi_2)
     1    0.04    0.46    0.39    4.88 ^ _274_/Y (sky130_fd_sc_hd__a22oi_2)
                                         out[6] (net)
                  0.46    0.00    4.88 ^ out[6] (out)
                                  4.88   data arrival time

                  0.00   10.00   10.00   clock __VIRTUAL_CLK__ (rise edge)
                          0.00   10.00   clock network delay (ideal)
                         -0.25    9.75   clock uncertainty
                          0.00    9.75   clock reconvergence pessimism
                         -2.00    7.75   output external delay
                                  7.75   data required time
-----------------------------------------------------------------------------
                                  7.75   data required time
                                 -4.88   data arrival time
-----------------------------------------------------------------------------
                                  2.87   slack (MET)


Startpoint: B[1] (input port clocked by __VIRTUAL_CLK__)
Endpoint: out[7] (output port clocked by __VIRTUAL_CLK__)
Path Group: __VIRTUAL_CLK__
Path Type: max

Fanout     Cap    Slew   Delay    Time   Description
-----------------------------------------------------------------------------
                  0.00    0.00    0.00   clock __VIRTUAL_CLK__ (rise edge)
                          0.00    0.00   clock network delay (ideal)
                          2.00    2.00 v input external delay
     3    0.01    0.02    0.01    2.01 v B[1] (in)
                                         B[1] (net)
                  0.02    0.00    2.01 v _169_/A (sky130_fd_sc_hd__buf_1)
    10    0.03    0.20    0.22    2.24 v _169_/X (sky130_fd_sc_hd__buf_1)
                                         _097_ (net)
                  0.20    0.00    2.24 v _223_/A2 (sky130_fd_sc_hd__o41a_2)
     3    0.02    0.10    0.60    2.84 v _223_/X (sky130_fd_sc_hd__o41a_2)
                                         _151_ (net)
                  0.10    0.00    2.84 v _229_/B (sky130_fd_sc_hd__xnor2_2)
     2    0.01    0.05    0.16    3.00 v _229_/Y (sky130_fd_sc_hd__xnor2_2)
                                         _157_ (net)
                  0.05    0.00    3.00 v _246_/B (sky130_fd_sc_hd__or2_2)
     1    0.00    0.06    0.29    3.29 v _246_/X (sky130_fd_sc_hd__or2_2)
                                         _013_ (net)
                  0.06    0.00    3.29 v _247_/B (sky130_fd_sc_hd__nand2_2)
     2    0.01    0.06    0.08    3.38 ^ _247_/Y (sky130_fd_sc_hd__nand2_2)
                                         _014_ (net)
                  0.06    0.00    3.38 ^ _248_/C1 (sky130_fd_sc_hd__a311o_2)
     5    0.02    0.11    0.17    3.54 ^ _248_/X (sky130_fd_sc_hd__a311o_2)
                                         _015_ (net)
                  0.11    0.00    3.54 ^ _260_/A3 (sky130_fd_sc_hd__a311oi_2)
     3    0.01    0.10    0.14    3.68 v _260_/Y (sky130_fd_sc_hd__a311oi_2)
                                         _026_ (net)
                  0.10    0.00    3.68 v _281_/B (sky130_fd_sc_hd__or3_2)
     1    0.00    0.07    0.47    4.15 v _281_/X (sky130_fd_sc_hd__or3_2)
                                         _046_ (net)
                  0.07    0.00    4.15 v _282_/C (sky130_fd_sc_hd__and3_2)
     1    0.00    0.04    0.22    4.38 v _282_/X (sky130_fd_sc_hd__and3_2)
                                         _047_ (net)
                  0.04    0.00    4.38 v _289_/A2 (sky130_fd_sc_hd__o31a_2)
     1    0.04    0.12    0.43    4.81 v _289_/X (sky130_fd_sc_hd__o31a_2)
                                         out[7] (net)
                  0.12    0.00    4.81 v out[7] (out)
                                  4.81   data arrival time

                  0.00   10.00   10.00   clock __VIRTUAL_CLK__ (rise edge)
                          0.00   10.00   clock network delay (ideal)
                         -0.25    9.75   clock uncertainty
                          0.00    9.75   clock reconvergence pessimism
                         -2.00    7.75   output external delay
                                  7.75   data required time
-----------------------------------------------------------------------------
                                  7.75   data required time
                                 -4.81   data arrival time
-----------------------------------------------------------------------------
                                  2.94   slack (MET)


Startpoint: B[1] (input port clocked by __VIRTUAL_CLK__)
Endpoint: out[4] (output port clocked by __VIRTUAL_CLK__)
Path Group: __VIRTUAL_CLK__
Path Type: max

Fanout     Cap    Slew   Delay    Time   Description
-----------------------------------------------------------------------------
                  0.00    0.00    0.00   clock __VIRTUAL_CLK__ (rise edge)
                          0.00    0.00   clock network delay (ideal)
                          2.00    2.00 ^ input external delay
     3    0.01    0.04    0.03    2.03 ^ B[1] (in)
                                         B[1] (net)
                  0.04    0.00    2.03 ^ _169_/A (sky130_fd_sc_hd__buf_1)
    10    0.04    0.44    0.38    2.40 ^ _169_/X (sky130_fd_sc_hd__buf_1)
                                         _097_ (net)
                  0.44    0.00    2.40 ^ _170_/A1 (sky130_fd_sc_hd__a22oi_2)
     2    0.00    0.10    0.15    2.56 v _170_/Y (sky130_fd_sc_hd__a22oi_2)
                                         _098_ (net)
                  0.10    0.00    2.56 v _172_/B_N (sky130_fd_sc_hd__and4bb_2)
     3    0.01    0.10    0.38    2.93 ^ _172_/X (sky130_fd_sc_hd__and4bb_2)
                                         _100_ (net)
                  0.10    0.00    2.93 ^ _185_/A (sky130_fd_sc_hd__nor2_2)
     2    0.01    0.04    0.07    3.00 v _185_/Y (sky130_fd_sc_hd__nor2_2)
                                         _113_ (net)
                  0.04    0.00    3.00 v _191_/A (sky130_fd_sc_hd__xnor2_2)
     2    0.01    0.20    0.21    3.22 ^ _191_/Y (sky130_fd_sc_hd__xnor2_2)
                                         _119_ (net)
                  0.20    0.00    3.22 ^ _193_/A3 (sky130_fd_sc_hd__a31o_2)
     2    0.01    0.10    0.24    3.46 ^ _193_/X (sky130_fd_sc_hd__a31o_2)
                                         _121_ (net)
                  0.10    0.00    3.46 ^ _194_/B (sky130_fd_sc_hd__xor2_2)
     2    0.01    0.22    0.23    3.69 ^ _194_/X (sky130_fd_sc_hd__xor2_2)
                                         _122_ (net)
                  0.22    0.00    3.69 ^ _321_/A (sky130_fd_sc_hd__xor2_2)
     1    0.01    0.15    0.20    3.89 ^ _321_/X (sky130_fd_sc_hd__xor2_2)
                                         _081_ (net)
                  0.15    0.00    3.89 ^ _328_/A2 (sky130_fd_sc_hd__a21oi_2)
     1    0.00    0.09    0.08    3.97 v _328_/Y (sky130_fd_sc_hd__a21oi_2)
                                         _088_ (net)
                  0.09    0.00    3.97 v _329_/B1 (sky130_fd_sc_hd__a21oi_2)
     1    0.04    0.43    0.38    4.35 ^ _329_/Y (sky130_fd_sc_hd__a21oi_2)
                                         out[4] (net)
                  0.43    0.00    4.35 ^ out[4] (out)
                                  4.35   data arrival time

                  0.00   10.00   10.00   clock __VIRTUAL_CLK__ (rise edge)
                          0.00   10.00   clock network delay (ideal)
                         -0.25    9.75   clock uncertainty
                          0.00    9.75   clock reconvergence pessimism
                         -2.00    7.75   output external delay
                                  7.75   data required time
-----------------------------------------------------------------------------
                                  7.75   data required time
                                 -4.35   data arrival time
-----------------------------------------------------------------------------
                                  3.40   slack (MET)


Startpoint: A[2] (input port clocked by __VIRTUAL_CLK__)
Endpoint: out[3] (output port clocked by __VIRTUAL_CLK__)
Path Group: __VIRTUAL_CLK__
Path Type: max

Fanout     Cap    Slew   Delay    Time   Description
-----------------------------------------------------------------------------
                  0.00    0.00    0.00   clock __VIRTUAL_CLK__ (rise edge)
                          0.00    0.00   clock network delay (ideal)
                          2.00    2.00 ^ input external delay
     4    0.01    0.07    0.05    2.05 ^ A[2] (in)
                                         A[2] (net)
                  0.07    0.00    2.05 ^ _173_/A (sky130_fd_sc_hd__buf_1)
    10    0.04    0.48    0.41    2.46 ^ _173_/X (sky130_fd_sc_hd__buf_1)
                                         _101_ (net)
                  0.48    0.00    2.46 ^ _189_/B (sky130_fd_sc_hd__and3_2)
     2    0.01    0.07    0.30    2.76 ^ _189_/X (sky130_fd_sc_hd__and3_2)
                                         _117_ (net)
                  0.07    0.00    2.76 ^ _196_/A_N (sky130_fd_sc_hd__and2b_2)
     1    0.01    0.05    0.24    3.00 v _196_/X (sky130_fd_sc_hd__and2b_2)
                                         _124_ (net)
                  0.05    0.00    3.00 v _197_/B (sky130_fd_sc_hd__xnor2_2)
     2    0.00    0.05    0.13    3.13 v _197_/Y (sky130_fd_sc_hd__xnor2_2)
                                         _125_ (net)
                  0.05    0.00    3.13 v _198_/D (sky130_fd_sc_hd__and4_2)
     3    0.01    0.06    0.26    3.39 v _198_/X (sky130_fd_sc_hd__and4_2)
                                         _126_ (net)
                  0.06    0.00    3.39 v _201_/A (sky130_fd_sc_hd__and2_2)
     3    0.02    0.07    0.22    3.61 v _201_/X (sky130_fd_sc_hd__and2_2)
                                         _129_ (net)
                  0.07    0.00    3.61 v _319_/A1 (sky130_fd_sc_hd__o21ba_2)
     1    0.00    0.04    0.23    3.84 v _319_/X (sky130_fd_sc_hd__o21ba_2)
                                         _080_ (net)
                  0.04    0.00    3.84 v _320_/B1 (sky130_fd_sc_hd__a21oi_2)
     1    0.04    0.45    0.37    4.21 ^ _320_/Y (sky130_fd_sc_hd__a21oi_2)
                                         out[3] (net)
                  0.45    0.00    4.21 ^ out[3] (out)
                                  4.21   data arrival time

                  0.00   10.00   10.00   clock __VIRTUAL_CLK__ (rise edge)
                          0.00   10.00   clock network delay (ideal)
                         -0.25    9.75   clock uncertainty
                          0.00    9.75   clock reconvergence pessimism
                         -2.00    7.75   output external delay
                                  7.75   data required time
-----------------------------------------------------------------------------
                                  7.75   data required time
                                 -4.21   data arrival time
-----------------------------------------------------------------------------
                                  3.54   slack (MET)


Startpoint: opcode[0] (input port clocked by __VIRTUAL_CLK__)
Endpoint: out[1] (output port clocked by __VIRTUAL_CLK__)
Path Group: __VIRTUAL_CLK__
Path Type: max

Fanout     Cap    Slew   Delay    Time   Description
-----------------------------------------------------------------------------
                  0.00    0.00    0.00   clock __VIRTUAL_CLK__ (rise edge)
                          0.00    0.00   clock network delay (ideal)
                          2.00    2.00 v input external delay
     5    0.01    0.03    0.02    2.02 v opcode[0] (in)
                                         opcode[0] (net)
                  0.03    0.00    2.02 v _222_/A_N (sky130_fd_sc_hd__nand3b_2)
     8    0.03    0.19    0.31    2.33 v _222_/Y (sky130_fd_sc_hd__nand3b_2)
                                         _150_ (net)
                  0.19    0.00    2.33 v _234_/C (sky130_fd_sc_hd__and3_2)
     2    0.01    0.05    0.30    2.63 v _234_/X (sky130_fd_sc_hd__and3_2)
                                         _001_ (net)
                  0.05    0.00    2.63 v _236_/A1 (sky130_fd_sc_hd__o21a_2)
     4    0.01    0.06    0.25    2.88 v _236_/X (sky130_fd_sc_hd__o21a_2)
                                         _003_ (net)
                  0.06    0.00    2.88 v _239_/B1 (sky130_fd_sc_hd__a211oi_2)
     3    0.01    0.24    0.27    3.15 ^ _239_/Y (sky130_fd_sc_hd__a211oi_2)
                                         _006_ (net)
                  0.24    0.00    3.15 ^ _300_/A (sky130_fd_sc_hd__or3_2)
     1    0.00    0.03    0.17    3.32 ^ _300_/X (sky130_fd_sc_hd__or3_2)
                                         _063_ (net)
                  0.03    0.00    3.32 ^ _301_/C_N (sky130_fd_sc_hd__or3b_2)
     1    0.00    0.07    0.44    3.76 v _301_/X (sky130_fd_sc_hd__or3b_2)
                                         _064_ (net)
                  0.07    0.00    3.76 v _302_/B2 (sky130_fd_sc_hd__o2bb2a_2)
     1    0.03    0.12    0.36    4.12 v _302_/X (sky130_fd_sc_hd__o2bb2a_2)
                                         out[1] (net)
                  0.12    0.00    4.12 v out[1] (out)
                                  4.12   data arrival time

                  0.00   10.00   10.00   clock __VIRTUAL_CLK__ (rise edge)
                          0.00   10.00   clock network delay (ideal)
                         -0.25    9.75   clock uncertainty
                          0.00    9.75   clock reconvergence pessimism
                         -2.00    7.75   output external delay
                                  7.75   data required time
-----------------------------------------------------------------------------
                                  7.75   data required time
                                 -4.12   data arrival time
-----------------------------------------------------------------------------
                                  3.63   slack (MET)


Startpoint: A[2] (input port clocked by __VIRTUAL_CLK__)
Endpoint: out[2] (output port clocked by __VIRTUAL_CLK__)
Path Group: __VIRTUAL_CLK__
Path Type: max

Fanout     Cap    Slew   Delay    Time   Description
-----------------------------------------------------------------------------
                  0.00    0.00    0.00   clock __VIRTUAL_CLK__ (rise edge)
                          0.00    0.00   clock network delay (ideal)
                          2.00    2.00 ^ input external delay
     4    0.01    0.07    0.05    2.05 ^ A[2] (in)
                                         A[2] (net)
                  0.07    0.00    2.05 ^ _173_/A (sky130_fd_sc_hd__buf_1)
    10    0.04    0.48    0.41    2.46 ^ _173_/X (sky130_fd_sc_hd__buf_1)
                                         _101_ (net)
                  0.48    0.00    2.46 ^ _189_/B (sky130_fd_sc_hd__and3_2)
     2    0.01    0.07    0.30    2.76 ^ _189_/X (sky130_fd_sc_hd__and3_2)
                                         _117_ (net)
                  0.07    0.00    2.76 ^ _196_/A_N (sky130_fd_sc_hd__and2b_2)
     1    0.01    0.05    0.24    3.00 v _196_/X (sky130_fd_sc_hd__and2b_2)
                                         _124_ (net)
                  0.05    0.00    3.00 v _197_/B (sky130_fd_sc_hd__xnor2_2)
     2    0.00    0.05    0.13    3.13 v _197_/Y (sky130_fd_sc_hd__xnor2_2)
                                         _125_ (net)
                  0.05    0.00    3.13 v _303_/A (sky130_fd_sc_hd__or2b_2)
     1    0.00    0.05    0.29    3.42 v _303_/X (sky130_fd_sc_hd__or2b_2)
                                         _065_ (net)
                  0.05    0.00    3.42 v _304_/C (sky130_fd_sc_hd__and3b_2)
     1    0.00    0.04    0.22    3.64 v _304_/X (sky130_fd_sc_hd__and3b_2)
                                         _066_ (net)
                  0.04    0.00    3.64 v _310_/B1 (sky130_fd_sc_hd__o2bb2a_2)
     1    0.03    0.11    0.36    4.00 v _310_/X (sky130_fd_sc_hd__o2bb2a_2)
                                         out[2] (net)
                  0.11    0.00    4.00 v out[2] (out)
                                  4.00   data arrival time

                  0.00   10.00   10.00   clock __VIRTUAL_CLK__ (rise edge)
                          0.00   10.00   clock network delay (ideal)
                         -0.25    9.75   clock uncertainty
                          0.00    9.75   clock reconvergence pessimism
                         -2.00    7.75   output external delay
                                  7.75   data required time
-----------------------------------------------------------------------------
                                  7.75   data required time
                                 -4.00   data arrival time
-----------------------------------------------------------------------------
                                  3.75   slack (MET)


Startpoint: opcode[0] (input port clocked by __VIRTUAL_CLK__)
Endpoint: out[0] (output port clocked by __VIRTUAL_CLK__)
Path Group: __VIRTUAL_CLK__
Path Type: max

Fanout     Cap    Slew   Delay    Time   Description
-----------------------------------------------------------------------------
                  0.00    0.00    0.00   clock __VIRTUAL_CLK__ (rise edge)
                          0.00    0.00   clock network delay (ideal)
                          2.00    2.00 v input external delay
     5    0.01    0.03    0.02    2.02 v opcode[0] (in)
                                         opcode[0] (net)
                  0.03    0.00    2.02 v _161_/A (sky130_fd_sc_hd__or2_2)
     3    0.01    0.08    0.33    2.35 v _161_/X (sky130_fd_sc_hd__or2_2)
                                         _089_ (net)
                  0.08    0.00    2.35 v _250_/C (sky130_fd_sc_hd__and3_2)
     4    0.02    0.07    0.27    2.62 v _250_/X (sky130_fd_sc_hd__and3_2)
                                         _017_ (net)
                  0.07    0.00    2.62 v _251_/A (sky130_fd_sc_hd__inv_2)
     5    0.02    0.09    0.10    2.72 ^ _251_/Y (sky130_fd_sc_hd__inv_2)
                                         _018_ (net)
                  0.09    0.00    2.72 ^ _290_/B1 (sky130_fd_sc_hd__a22oi_2)
     1    0.00    0.10    0.05    2.78 v _290_/Y (sky130_fd_sc_hd__a22oi_2)
                                         _054_ (net)
                  0.10    0.00    2.78 v _292_/A2 (sky130_fd_sc_hd__o32a_2)
     1    0.00    0.05    0.39    3.17 v _292_/X (sky130_fd_sc_hd__o32a_2)
                                         _056_ (net)
                  0.05    0.00    3.17 v _293_/B1 (sky130_fd_sc_hd__a21o_2)
     1    0.03    0.11    0.28    3.45 v _293_/X (sky130_fd_sc_hd__a21o_2)
                                         out[0] (net)
                  0.11    0.00    3.45 v out[0] (out)
                                  3.45   data arrival time

                  0.00   10.00   10.00   clock __VIRTUAL_CLK__ (rise edge)
                          0.00   10.00   clock network delay (ideal)
                         -0.25    9.75   clock uncertainty
                          0.00    9.75   clock reconvergence pessimism
                         -2.00    7.75   output external delay
                                  7.75   data required time
-----------------------------------------------------------------------------
                                  7.75   data required time
                                 -3.45   data arrival time
-----------------------------------------------------------------------------
                                  4.30   slack (MET)



worst slack corner Typical: 2.8682
max_report_end
checks_report

===========================================================================
report_checks -unconstrained
===========================================================================
======================= Typical Corner ===================================

Startpoint: opcode[0] (input port clocked by __VIRTUAL_CLK__)
Endpoint: out[5] (output port clocked by __VIRTUAL_CLK__)
Path Group: __VIRTUAL_CLK__
Path Type: max

Fanout     Cap    Slew   Delay    Time   Description
-----------------------------------------------------------------------------
                  0.00    0.00    0.00   clock __VIRTUAL_CLK__ (rise edge)
                          0.00    0.00   clock network delay (ideal)
                          2.00    2.00 v input external delay
     5    0.01    0.03    0.02    2.02 v opcode[0] (in)
                                         opcode[0] (net)
                  0.03    0.00    2.02 v _222_/A_N (sky130_fd_sc_hd__nand3b_2)
     8    0.03    0.19    0.31    2.33 v _222_/Y (sky130_fd_sc_hd__nand3b_2)
                                         _150_ (net)
                  0.19    0.00    2.33 v _234_/C (sky130_fd_sc_hd__and3_2)
     2    0.01    0.05    0.30    2.63 v _234_/X (sky130_fd_sc_hd__and3_2)
                                         _001_ (net)
                  0.05    0.00    2.63 v _236_/A1 (sky130_fd_sc_hd__o21a_2)
     4    0.01    0.06    0.25    2.88 v _236_/X (sky130_fd_sc_hd__o21a_2)
                                         _003_ (net)
                  0.06    0.00    2.88 v _239_/B1 (sky130_fd_sc_hd__a211oi_2)
     3    0.01    0.24    0.27    3.15 ^ _239_/Y (sky130_fd_sc_hd__a211oi_2)
                                         _006_ (net)
                  0.24    0.00    3.15 ^ _241_/A2 (sky130_fd_sc_hd__o21ai_2)
     5    0.02    0.09    0.13    3.28 v _241_/Y (sky130_fd_sc_hd__o21ai_2)
                                         _008_ (net)
                  0.09    0.00    3.28 v _248_/A2 (sky130_fd_sc_hd__a311o_2)
     5    0.02    0.09    0.45    3.73 v _248_/X (sky130_fd_sc_hd__a311o_2)
                                         _015_ (net)
                  0.09    0.00    3.73 v _249_/C (sky130_fd_sc_hd__and3_2)
     1    0.00    0.03    0.23    3.96 v _249_/X (sky130_fd_sc_hd__and3_2)
                                         _016_ (net)
                  0.03    0.00    3.96 v _253_/A (sky130_fd_sc_hd__or3_2)
     1    0.00    0.08    0.50    4.45 v _253_/X (sky130_fd_sc_hd__or3_2)
                                         _020_ (net)
                  0.08    0.00    4.45 v _254_/B2 (sky130_fd_sc_hd__a22oi_2)
     1    0.04    0.46    0.43    4.88 ^ _254_/Y (sky130_fd_sc_hd__a22oi_2)
                                         out[5] (net)
                  0.46    0.00    4.88 ^ out[5] (out)
                                  4.88   data arrival time

                  0.00   10.00   10.00   clock __VIRTUAL_CLK__ (rise edge)
                          0.00   10.00   clock network delay (ideal)
                         -0.25    9.75   clock uncertainty
                          0.00    9.75   clock reconvergence pessimism
                         -2.00    7.75   output external delay
                                  7.75   data required time
-----------------------------------------------------------------------------
                                  7.75   data required time
                                 -4.88   data arrival time
-----------------------------------------------------------------------------
                                  2.87   slack (MET)




===========================================================================
report_checks --slack_max -0.01
============================================================================
======================= Typical Corner ===================================

No paths found.


===========================================================================
 report_check_types -max_slew -max_cap -max_fanout -violators
============================================================================
======================= Typical Corner ===================================


max slew violations count Typical: 0
max fanout violations count Typical: 0
max cap violations count Typical: 0

===========================================================================
report_parasitic_annotation -report_unannotated
============================================================================
Found 0 unannotated drivers.
Found 0 partially unannotated drivers.

===========================================================================
max slew violation count 0
max fanout violation count 0
max cap violation count 0
============================================================================

===========================================================================
check_setup -verbose -unconstrained_endpoints -multiple_clock -no_clock -no_input_delay -loops -generated_clocks
===========================================================================
checks_report_end
power_report

===========================================================================
 report_power
============================================================================
======================= Typical Corner ===================================

Group                  Internal  Switching    Leakage      Total
                          Power      Power      Power      Power (Watts)
----------------------------------------------------------------
Sequential             0.00e+00   0.00e+00   0.00e+00   0.00e+00   0.0%
Combinational          4.44e-05   5.24e-05   6.09e-10   9.68e-05 100.0%
Clock                  0.00e+00   0.00e+00   1.68e-10   1.68e-10   0.0%
Macro                  0.00e+00   0.00e+00   0.00e+00   0.00e+00   0.0%
Pad                    0.00e+00   0.00e+00   0.00e+00   0.00e+00   0.0%
----------------------------------------------------------------
Total                  4.44e-05   5.24e-05   7.78e-10   9.68e-05 100.0%
                          45.9%      54.1%       0.0%

power_report_end
summary_report

===========================================================================
report_tns
============================================================================
tns 0.00

===========================================================================
report_wns
============================================================================
wns 0.00

===========================================================================
report_worst_slack -max (Setup)
============================================================================
worst slack 2.87

===========================================================================
report_worst_slack -min (Hold)
============================================================================
worst slack 3.96
summary_report_end
area_report

===========================================================================
report_design_area
============================================================================
Design area 1635 u^2 32% utilization.
area_report_end
check_nonpropagated_clocks
__VIRTUAL_CLK__
check_nonpropagated_clocks_end
[WARNING] Did not save OpenROAD database!
Writing SDF to '/openlane/designs/alu/runs/RUN_2025.05.25_10.15.59/results/signoff/alu.sdf'…
