
65. Printing statistics.

=== Top ===

   Number of wires:                 20
   Number of wire bits:             26
   Number of public wires:           7
   Number of public wire bits:      13
   Number of memories:               0
   Number of memory bits:            0
   Number of processes:              0
   Number of cells:                 24
     sky130_fd_sc_hd__and2_2         1
     sky130_fd_sc_hd__buf_1          2
     sky130_fd_sc_hd__buf_2          1
     sky130_fd_sc_hd__dfrtp_2        4
     sky130_fd_sc_hd__inv_2          5
     sky130_fd_sc_hd__nand3_2        1
     sky130_fd_sc_hd__o2111a_2       1
     sky130_fd_sc_hd__o21a_2         3
     sky130_fd_sc_hd__o21bai_2       1
     sky130_fd_sc_hd__or2_2          1
     sky130_fd_sc_hd__or4b_2         1
     sky130_fd_sc_hd__xnor2_2        2
     sky130_fd_sc_hd__xor2_2         1

   Chip area for module '\Top': 269.008000

